0	3	quiet
0	3	loop	music	255	freds-theme
0	3	quiet
0	0	play	sound	128	gui/beep/zoom
0	3	quiet
0	3	loop	music	215	technobee
81	0	play	sound	255	sfx/warp/charge/1
105	1	play	sound	255	sfx/warp/charge/2
129	2	play	sound	255	sfx/warp/charge/3
156	0	play	sound	255	sfx/warp/charge/4
180	1	play	sound	255	sfx/warp/in
540	2	play	sound	130	dev/magno
578	0	play	sound	128	gui/beep/zoom
600	0	play	sound	255	sfx/warp/out
666	2	play	sound	241	dev/magno
767	1	play	sound	128	gui/beep/zoom
810	1	play	sound	255	sfx/warp/charge/1
834	2	play	sound	255	sfx/warp/charge/2
858	0	play	sound	255	sfx/warp/charge/3
885	1	play	sound	255	sfx/warp/charge/4
909	2	play	sound	255	sfx/warp/in
923	0	play	sound	128	gui/beep/zoom
938	0	play	sound	128	gui/beep/zoom
957	0	play	sound	141	dev/magno
987	1	play	sound	128	gui/beep/zoom
1038	0	play	sound	255	sfx/warp/out
1065	1	play	sound	128	gui/beep/zoom
1083	1	play	sound	137	dev/magno
1091	2	play	sound	128	gui/beep/zoom
1128	2	play	sound	128	gui/beep/zoom
1179	1	play	sound	255	sfx/warp/charge/1
1203	2	play	sound	255	sfx/warp/charge/2
1227	0	play	sound	255	sfx/warp/charge/3
1254	1	play	sound	255	sfx/warp/charge/4
1278	2	play	sound	255	sfx/warp/in
1707	0	play	sound	255	sfx/warp/out
1782	1	play	sound	255	dev/onas
1797	1	play	sound	255	dev/onas
1896	1	play	sound	255	dev/onas
1911	1	play	sound	255	dev/onas
1926	1	play	sound	255	dev/onas
1941	1	play	sound	255	dev/onas
1944	0	play	sound	226	sfx/explosion/gas
1956	1	play	sound	255	dev/onas
1956	0	play	sound	231	sfx/explosion/gas
1971	1	play	sound	255	dev/onas
1971	0	play	sound	232	sfx/explosion/gas
1983	0	play	sound	239	sfx/explosion/gas
1985	2	play	sound	128	gui/beep/zoom
1998	2	play	sound	238	sfx/explosion/gas
2010	0	play	sound	245	sfx/explosion/gas
2022	1	play	sound	255	dev/onas
2037	1	play	sound	255	dev/onas
2133	1	play	sound	255	dev/onas
2148	1	play	sound	255	dev/onas
2160	0	play	sound	255	sfx/explosion/gas
2163	1	play	sound	255	dev/onas
2178	1	play	sound	255	dev/onas
2187	0	play	sound	255	sfx/explosion/gas
2193	1	play	sound	255	dev/onas
2202	0	play	sound	255	sfx/explosion/gas
2217	0	play	sound	255	sfx/explosion/gas
2256	1	play	sound	255	dev/onas
2271	1	play	sound	255	dev/onas
2280	0	play	sound	255	sfx/explosion/gas
2295	0	play	sound	255	sfx/explosion/gas
2494	2	play	sound	128	gui/beep/zoom
2682	1	play	sound	128	gui/beep/button
2691	1	play	sound	128	gui/beep/button
2775	1	play	sound	128	gui/beep/button
2787	1	play	sound	128	gui/beep/button
2985	1	play	sound	255	dev/onas
3000	1	play	sound	255	dev/onas
3015	1	play	sound	255	dev/onas
3030	1	play	sound	255	dev/onas
3045	1	play	sound	255	dev/onas
3060	1	play	sound	255	dev/onas
3075	1	play	sound	255	dev/onas
3090	1	play	sound	255	dev/onas
3105	1	play	sound	255	dev/onas
3120	1	play	sound	255	dev/onas
3135	1	play	sound	255	dev/onas
3147	2	play	sound	250	sfx/explosion/gas
3150	1	play	sound	255	dev/onas
3151	0	play	sound	128	gui/beep/zoom
3159	2	play	sound	255	sfx/explosion/gas
3165	1	play	sound	255	dev/onas
3171	2	play	sound	255	sfx/explosion/gas
3180	1	play	sound	255	dev/onas
3195	1	play	sound	255	dev/onas
3210	1	play	sound	255	dev/onas
3225	1	play	sound	255	dev/onas
3231	2	play	sound	255	sfx/explosion/gas
3240	1	play	sound	255	dev/onas
3246	2	play	sound	255	sfx/explosion/gas
3255	1	play	sound	255	dev/onas
3258	2	play	sound	255	sfx/explosion/gas
3276	2	play	sound	255	sfx/explosion/gas
3348	1	play	sound	255	dev/onas
3363	1	play	sound	255	dev/onas
3369	2	play	sound	255	sfx/explosion/gas
3378	1	play	sound	255	dev/onas
3384	2	play	sound	255	sfx/explosion/gas
3393	1	play	sound	255	dev/onas
3408	1	play	sound	255	dev/onas
3414	2	play	sound	255	sfx/explosion/gas
3423	1	play	sound	255	dev/onas
3429	2	play	sound	255	sfx/explosion/gas
3438	1	play	sound	255	dev/onas
3444	2	play	sound	255	sfx/explosion/gas
3459	2	play	sound	255	sfx/explosion/gas
3465	1	play	sound	255	dev/onas
3480	1	play	sound	255	dev/onas
3486	2	play	sound	255	sfx/explosion/gas
3504	2	play	sound	255	sfx/explosion/gas
3717	0	play	sound	128	gui/beep/zoom
3753	0	play	sound	255	sfx/warp/charge/1
3768	1	play	sound	128	gui/beep/button
3774	1	play	sound	128	gui/beep/button
3777	1	play	sound	255	sfx/warp/charge/2
3801	2	play	sound	255	sfx/warp/charge/3
3828	0	play	sound	255	sfx/warp/charge/4
3852	1	play	sound	255	sfx/warp/in
3981	2	play	sound	255	sfx/warp/out
4203	0	play	sound	128	gui/beep/button
4215	0	play	sound	128	gui/beep/button
4381	1	play	sound	128	gui/beep/zoom
4386	0	play	sound	255	dev/onas
4401	0	play	sound	255	dev/onas
4416	0	play	sound	255	dev/onas
4422	1	play	sound	255	sfx/explosion/gas
4566	0	play	sound	255	dev/onas
4581	0	play	sound	255	dev/onas
4605	0	play	sound	255	dev/onas
4626	0	play	sound	255	dev/onas
4641	0	play	sound	255	dev/onas
4683	0	play	sound	255	dev/onas
4707	1	play	sound	255	sfx/explosion/gas
4710	0	play	sound	255	dev/onas
4734	1	play	sound	255	sfx/explosion/gas
4908	2	play	sound	128	gui/beep/button
4946	0	play	sound	128	gui/beep/zoom
4998	2	play	sound	128	gui/beep/button
5004	2	play	sound	128	gui/beep/button
5028	2	play	sound	128	gui/beep/button
5340	2	play	sound	128	gui/beep/button
5470	0	play	sound	128	gui/beep/zoom
5481	0	play	sound	255	dev/onas
5496	0	play	sound	255	dev/onas
5511	0	play	sound	255	dev/onas
5526	0	play	sound	255	dev/onas
5541	0	play	sound	255	dev/onas
5556	0	play	sound	255	dev/onas
5571	0	play	sound	255	dev/onas
5583	1	play	sound	255	sfx/explosion/gas
5598	1	play	sound	255	sfx/explosion/gas
5679	2	play	sound	128	gui/beep/button
5709	2	play	sound	128	gui/beep/button
5727	2	play	sound	128	gui/beep/button
5739	2	play	sound	128	gui/beep/button
5745	2	play	sound	128	gui/beep/button
5793	0	play	sound	128	gui/beep/zoom
5856	2	play	sound	128	gui/beep/button
5865	2	play	sound	128	gui/beep/button
5910	2	play	sound	128	gui/beep/button
5911	0	play	sound	128	gui/beep/zoom
5919	2	play	sound	128	gui/beep/button
5926	0	play	sound	128	gui/beep/zoom
6006	2	play	sound	128	gui/beep/button
6015	2	play	sound	128	gui/beep/button
6081	0	play	sound	255	dev/onas
6096	0	play	sound	255	dev/onas
6111	0	play	sound	255	dev/onas
6126	0	play	sound	255	dev/onas
6141	0	play	sound	255	dev/onas
6156	0	play	sound	255	dev/onas
6171	0	play	sound	255	dev/onas
6186	0	play	sound	255	dev/onas
6201	0	play	sound	255	dev/onas
6216	0	play	sound	255	dev/onas
6231	0	play	sound	255	dev/onas
6246	0	play	sound	255	dev/onas
6258	2	play	sound	233	sfx/explosion/gas
6261	0	play	sound	255	dev/onas
6268	1	play	sound	128	gui/beep/zoom
6276	0	play	sound	255	dev/onas
6396	0	play	sound	255	dev/onas
6441	0	play	sound	255	dev/onas
6453	1	play	sound	126	dev/magno
6459	2	play	sound	255	sfx/explosion/gas
6567	2	play	sound	255	sfx/explosion/gas
6579	1	play	sound	165	dev/magno
6696	2	play	sound	255	sfx/explosion/gas
6705	1	play	sound	205	dev/magno
6753	1	play	sound	246	sfx/explosion/gas
6822	0	play	sound	193	sfx/explosion/large
6831	0	play	sound	198	dev/magno
6842	2	play	sound	64	gui/beep/message
6845	2	play	sound	64	gui/beep/message
6845	2	play	sound	128	gui/beep/zoom
6848	1	play	sound	64	gui/beep/message
6851	1	play	sound	64	gui/beep/message
6854	1	play	sound	64	gui/beep/message
6857	1	play	sound	64	gui/beep/message
6860	1	play	sound	64	gui/beep/message
6863	1	play	sound	64	gui/beep/message
6864	1	play	sound	169	sfx/explosion/gas
6866	0	play	sound	64	gui/beep/message
6869	0	play	sound	64	gui/beep/message
6872	0	play	sound	64	gui/beep/message
6875	0	play	sound	64	gui/beep/message
6878	0	play	sound	64	gui/beep/message
6881	0	play	sound	64	gui/beep/message
6884	0	play	sound	64	gui/beep/message
6887	0	play	sound	64	gui/beep/message
6890	0	play	sound	64	gui/beep/message
6893	0	play	sound	64	gui/beep/message
6896	0	play	sound	64	gui/beep/message
6899	0	play	sound	64	gui/beep/message
6902	0	play	sound	64	gui/beep/message
6905	0	play	sound	64	gui/beep/message
6908	0	play	sound	64	gui/beep/message
6911	0	play	sound	64	gui/beep/message
6914	0	play	sound	64	gui/beep/message
6915	0	play	sound	199	sfx/energy
6917	2	play	sound	64	gui/beep/message
6918	0	play	sound	201	sfx/energy
6920	2	play	sound	64	gui/beep/message
6923	2	play	sound	64	gui/beep/message
6926	2	play	sound	64	gui/beep/message
6927	0	play	sound	206	sfx/energy
6928	2	play	sound	128	gui/beep/zoom
6929	1	play	sound	64	gui/beep/message
6932	1	play	sound	64	gui/beep/message
6935	1	play	sound	64	gui/beep/message
6938	1	play	sound	64	gui/beep/message
6941	1	play	sound	64	gui/beep/message
6944	1	play	sound	64	gui/beep/message
6947	1	play	sound	64	gui/beep/message
6950	1	play	sound	64	gui/beep/message
6953	1	play	sound	64	gui/beep/message
6956	1	play	sound	64	gui/beep/message
6959	1	play	sound	64	gui/beep/message
6962	1	play	sound	64	gui/beep/message
6963	0	play	sound	255	dev/onas
6965	1	play	sound	64	gui/beep/message
6966	1	play	sound	215	sfx/energy
6968	2	play	sound	64	gui/beep/message
6971	2	play	sound	64	gui/beep/message
6974	2	play	sound	64	gui/beep/message
6977	2	play	sound	64	gui/beep/message
6978	2	play	sound	213	dev/magno
6978	0	play	sound	255	dev/onas
6980	1	play	sound	64	gui/beep/message
6983	1	play	sound	64	gui/beep/message
6986	1	play	sound	64	gui/beep/message
6989	1	play	sound	64	gui/beep/message
6992	1	play	sound	64	gui/beep/message
6993	0	play	sound	255	dev/onas
6995	1	play	sound	64	gui/beep/message
6998	1	play	sound	64	gui/beep/message
7001	1	play	sound	64	gui/beep/message
7004	1	play	sound	64	gui/beep/message
7007	1	play	sound	64	gui/beep/message
7008	0	play	sound	255	dev/onas
7010	1	play	sound	64	gui/beep/message
7013	1	play	sound	64	gui/beep/message
7016	1	play	sound	64	gui/beep/message
7019	1	play	sound	64	gui/beep/message
7022	1	play	sound	64	gui/beep/message
7023	0	play	sound	255	dev/onas
7025	1	play	sound	64	gui/beep/message
7028	1	play	sound	64	gui/beep/message
7031	1	play	sound	64	gui/beep/message
7032	1	play	sound	255	sfx/explosion/gas
7034	2	play	sound	64	gui/beep/message
7037	2	play	sound	64	gui/beep/message
7038	0	play	sound	255	dev/onas
7040	2	play	sound	64	gui/beep/message
7043	2	play	sound	64	gui/beep/message
7046	2	play	sound	64	gui/beep/message
7047	1	play	sound	255	sfx/explosion/gas
7049	2	play	sound	64	gui/beep/message
7052	2	play	sound	64	gui/beep/message
7053	0	play	sound	255	dev/onas
7055	2	play	sound	64	gui/beep/message
7058	2	play	sound	64	gui/beep/message
7061	2	play	sound	64	gui/beep/message
7062	1	play	sound	255	sfx/explosion/gas
7064	2	play	sound	64	gui/beep/message
7065	2	play	sound	149	sfx/explosion/energy
7067	0	play	sound	64	gui/beep/message
7068	0	play	sound	255	dev/onas
7077	1	play	sound	255	sfx/explosion/gas
7077	1	play	sound	255	sfx/explosion/gas
7079	0	play	sound	64	gui/beep/message
7082	0	play	sound	64	gui/beep/message
7085	0	play	sound	64	gui/beep/message
7088	0	play	sound	64	gui/beep/message
7091	0	play	sound	64	gui/beep/message
7094	0	play	sound	64	gui/beep/message
7097	0	play	sound	64	gui/beep/message
7100	0	play	sound	64	gui/beep/message
7103	0	play	sound	64	gui/beep/message
7104	0	play	sound	163	dev/magno
7106	2	play	sound	64	gui/beep/message
7109	2	play	sound	64	gui/beep/message
7112	2	play	sound	64	gui/beep/message
7115	2	play	sound	64	gui/beep/message
7118	2	play	sound	64	gui/beep/message
7121	2	play	sound	64	gui/beep/message
7124	2	play	sound	64	gui/beep/message
7127	2	play	sound	64	gui/beep/message
7130	2	play	sound	64	gui/beep/message
7133	2	play	sound	64	gui/beep/message
7136	2	play	sound	64	gui/beep/message
7139	2	play	sound	64	gui/beep/message
7142	2	play	sound	64	gui/beep/message
7145	2	play	sound	64	gui/beep/message
7148	2	play	sound	64	gui/beep/message
7151	2	play	sound	64	gui/beep/message
7154	2	play	sound	64	gui/beep/message
7157	2	play	sound	64	gui/beep/message
7160	2	play	sound	64	gui/beep/message
7163	2	play	sound	64	gui/beep/message
7173	2	play	sound	128	gui/beep/button
7182	2	play	sound	128	gui/beep/button
7203	0	play	sound	255	dev/pk/sal
7206	1	play	sound	255	sfx/explosion/gas
7212	2	play	sound	255	dev/onas
7221	0	play	sound	255	sfx/explosion/energy
7227	2	play	sound	255	dev/onas
7233	1	play	sound	255	sfx/explosion/gas
7242	2	play	sound	255	dev/onas
7245	0	play	sound	128	gui/beep/zoom
7248	1	play	sound	255	sfx/explosion/gas
7257	2	play	sound	255	dev/onas
7263	1	play	sound	255	sfx/explosion/gas
7272	2	play	sound	255	dev/onas
7281	1	play	sound	255	sfx/explosion/gas
7341	1	play	sound	255	sfx/explosion/gas
7356	0	play	sound	131	dev/magno
7410	2	play	sound	255	dev/onas
7425	2	play	sound	255	dev/onas
7437	1	play	sound	255	sfx/explosion/gas
7440	2	play	sound	255	dev/onas
7452	1	play	sound	255	sfx/explosion/gas
7464	1	play	sound	255	sfx/explosion/gas
7467	1	play	sound	255	sfx/explosion/gas
7482	0	play	sound	134	dev/magno
7488	2	play	sound	255	dev/onas
7503	2	play	sound	255	dev/onas
7518	2	play	sound	255	dev/onas
7518	1	play	sound	255	sfx/explosion/gas
7533	1	play	sound	255	sfx/explosion/gas
7548	1	play	sound	255	sfx/explosion/gas
7581	0	play	sound	252	sfx/explosion/gas
7608	2	play	sound	159	dev/magno
7677	0	play	sound	255	dev/onas
7683	1	play	sound	255	sfx/explosion/gas
7692	0	play	sound	255	dev/onas
7704	1	play	sound	255	sfx/explosion/gas
7719	1	play	sound	255	sfx/explosion/gas
7734	2	play	sound	177	dev/magno
7818	0	play	sound	255	dev/onas
7833	0	play	sound	255	dev/onas
7845	1	play	sound	255	sfx/explosion/gas
7848	0	play	sound	255	dev/onas
7857	1	play	sound	255	sfx/explosion/gas
7860	2	play	sound	176	dev/magno
7863	0	play	sound	255	dev/onas
7875	1	play	sound	255	sfx/explosion/gas
7878	0	play	sound	255	dev/onas
7887	1	play	sound	255	sfx/explosion/gas
7893	0	play	sound	255	dev/onas
7902	1	play	sound	255	sfx/explosion/gas
7908	0	play	sound	255	dev/onas
7920	1	play	sound	255	sfx/explosion/gas
7923	0	play	sound	255	dev/onas
7938	0	play	sound	255	dev/onas
7938	1	play	sound	255	sfx/explosion/gas
7953	0	play	sound	255	dev/onas
7953	1	play	sound	255	sfx/explosion/gas
7965	2	play	sound	249	sfx/explosion/gas
7968	0	play	sound	255	dev/onas
7986	0	play	sound	146	dev/magno
8022	0	play	sound	255	dev/onas
8037	0	play	sound	255	dev/onas
8055	2	play	sound	254	sfx/explosion/gas
8091	0	play	sound	242	sfx/explosion/gas
8112	1	play	sound	111	dev/magno
8115	0	play	sound	255	dev/onas
8148	2	play	sound	255	sfx/explosion/gas
8163	0	play	sound	255	dev/onas
8199	1	play	sound	248	sfx/explosion/gas
8205	0	play	sound	255	dev/onas
8229	0	play	sound	243	sfx/explosion/gas
8238	2	play	sound	93	dev/magno
8241	0	play	sound	248	sfx/explosion/gas
8301	2	play	sound	128	gui/beep/button
8301	1	play	sound	128	gui/beep/zoom
8358	0	play	sound	255	sfx/explosion/gas
8364	1	play	sound	109	dev/magno
8478	1	play	sound	252	sfx/explosion/gas
8490	2	play	sound	121	dev/magno
8586	0	play	sound	255	sfx/explosion/gas
8616	2	play	sound	176	dev/magno
8658	1	play	sound	128	gui/beep/button
8682	0	play	sound	255	sfx/explosion/gas
8721	2	play	sound	128	gui/beep/zoom
8742	1	play	sound	238	dev/magno
8763	0	play	sound	255	sfx/explosion/gas
8766	1	play	sound	255	sfx/explosion/large
8880	2	play	sound	255	sfx/explosion/small
8901	1	play	sound	255	sfx/explosion/energy
8901	1	play	sound	255	sfx/explosion/energy
8901	1	play	sound	255	sfx/explosion/energy
8922	1	play	sound	255	sfx/explosion/large
8943	2	play	sound	255	sfx/explosion/small
8961	1	play	sound	255	sfx/explosion/large
8973	0	play	sound	255	sfx/energy
8976	0	play	sound	255	sfx/energy
8976	0	play	sound	255	sfx/energy
8976	0	play	sound	255	sfx/energy
8976	0	play	sound	255	sfx/energy
8979	0	play	sound	255	sfx/energy
8979	0	play	sound	255	sfx/energy
8982	0	play	sound	255	sfx/energy
8985	0	play	sound	255	sfx/energy
9003	0	play	sound	255	sfx/energy
9006	0	play	sound	255	sfx/energy
9006	0	play	sound	255	sfx/energy
9012	1	play	sound	255	sfx/explosion/large
9012	1	play	sound	255	sfx/explosion/large
9015	0	play	sound	255	sfx/energy
9054	2	play	sound	255	sfx/explosion/small
9054	2	play	sound	255	sfx/explosion/small
9054	2	play	sound	255	sfx/explosion/small
9099	1	play	sound	255	sfx/explosion/large
9141	0	play	sound	245	sfx/explosion/small
9159	0	play	sound	254	sfx/explosion/large
9159	2	play	sound	234	sfx/explosion/large
9180	2	play	sound	251	sfx/explosion/large
9201	1	play	sound	221	sfx/explosion/small
9249	1	play	sound	244	sfx/explosion/large
9291	2	play	sound	229	sfx/explosion/small
9291	0	play	sound	227	sfx/explosion/small
9321	1	play	sound	250	sfx/explosion/large
9321	0	play	sound	247	sfx/explosion/large
9363	2	play	sound	255	sfx/explosion/small
9363	2	play	sound	255	sfx/explosion/small
9363	0	play	sound	252	sfx/explosion/small
9384	0	play	sound	255	sfx/explosion/energy
9384	0	play	sound	255	sfx/explosion/energy
9384	0	play	sound	255	sfx/explosion/energy
9390	1	play	sound	59	sfx/warp/out
9408	1	play	sound	255	sfx/explosion/large
9408	1	play	sound	255	sfx/explosion/large
9414	2	play	sound	55	sfx/warp/out
9429	1	play	sound	255	sfx/explosion/large
9450	2	play	sound	255	sfx/explosion/small
9450	2	play	sound	255	sfx/explosion/small
9465	1	play	sound	255	sfx/explosion/large
9465	1	play	sound	255	sfx/explosion/large
9471	0	play	sound	255	sfx/explosion/energy
9471	0	play	sound	255	sfx/explosion/energy
9471	0	play	sound	255	sfx/explosion/energy
9489	1	play	sound	255	sfx/explosion/large
9534	2	play	sound	65	sfx/warp/out
9543	0	play	sound	60	sfx/warp/out
9552	0	play	sound	75	sfx/warp/out
9573	1	play	sound	62	sfx/warp/out
9723	0	play	sound	129	dev/cm
9753	1	play	sound	128	dev/cm
9795	0	play	sound	155	dev/cm
9801	1	play	sound	129	dev/cm
9825	1	play	sound	146	dev/cm
9828	2	play	sound	129	dev/cm
9867	0	play	sound	161	dev/cm
9873	1	play	sound	155	dev/cm
9894	0	play	sound	255	dev/onas
9897	2	play	sound	154	dev/cm
9897	1	play	sound	255	dev/pk/sal
9909	0	play	sound	255	dev/onas
9915	1	play	sound	255	dev/pk/sal
9924	0	play	sound	130	dev/cm
9924	0	play	sound	255	dev/onas
9933	1	play	sound	255	dev/pk/sal
9939	2	play	sound	128	dev/cm
9939	2	play	sound	169	dev/cm
9939	0	play	sound	255	dev/onas
9945	2	play	sound	184	dev/cm
9951	1	play	sound	255	dev/pk/sal
9954	0	play	sound	255	dev/onas
9954	2	play	sound	255	sfx/explosion/energy
9966	2	play	sound	255	sfx/explosion/energy
9966	0	play	sound	255	sfx/explosion/gas
9969	1	play	sound	177	dev/cm
9969	1	play	sound	255	dev/onas
9969	1	play	sound	235	sfx/explosion/gas
9984	1	play	sound	255	dev/onas
9987	2	play	sound	255	dev/pk/sal
9996	1	play	sound	163	dev/cm
9999	1	play	sound	255	dev/onas
10005	2	play	sound	255	dev/pk/sal
10011	0	play	sound	159	dev/cm
10011	0	play	sound	183	dev/cm
10014	1	play	sound	255	dev/onas
10017	0	play	sound	212	dev/cm
10017	0	play	sound	230	sfx/explosion/energy
10017	2	play	sound	223	sfx/explosion/energy
10023	0	play	sound	255	dev/pk/sal
10029	1	play	sound	255	dev/onas
10035	0	play	sound	219	sfx/explosion/gas
10041	2	play	sound	191	dev/cm
10041	0	play	sound	255	dev/pk/sal
10041	2	play	sound	255	sfx/explosion/energy
10041	0	play	sound	255	sfx/explosion/gas
10044	1	play	sound	212	dev/cm
10044	1	play	sound	255	dev/onas
10050	1	play	sound	220	sfx/explosion/gas
10059	1	play	sound	255	dev/onas
10068	2	play	sound	190	dev/cm
10074	1	play	sound	255	dev/onas
10077	2	play	sound	255	dev/pk/sal
10083	0	play	sound	188	dev/cm
10083	0	play	sound	195	dev/cm
10089	0	play	sound	224	dev/cm
10089	1	play	sound	255	dev/onas
10092	0	play	sound	255	sfx/explosion/energy
10092	0	play	sound	255	sfx/explosion/gas
10095	2	play	sound	255	dev/pk/sal
10101	1	play	sound	255	sfx/explosion/energy
10101	0	play	sound	255	sfx/explosion/gas
10110	1	play	sound	255	sfx/explosion/energy
10110	1	play	sound	255	sfx/explosion/energy
10113	2	play	sound	215	dev/cm
10113	2	play	sound	255	dev/pk/sal
10131	2	play	sound	255	dev/pk/sal
10134	1	play	sound	255	dev/onas
10134	0	play	sound	255	sfx/explosion/energy
10134	0	play	sound	255	sfx/explosion/energy
10149	1	play	sound	255	dev/onas
10149	2	play	sound	255	dev/pk/sal
10149	0	play	sound	255	sfx/explosion/energy
10149	0	play	sound	249	sfx/explosion/gas
10161	0	play	sound	255	dev/cm
10161	0	play	sound	255	sfx/explosion/gas
10161	1	play	sound	255	sfx/explosion/energy
10161	0	play	sound	255	sfx/explosion/gas
10161	0	play	sound	255	sfx/explosion/gas
10161	1	play	sound	255	sfx/explosion/energy
10164	2	play	sound	255	dev/stealth/on
10185	1	play	sound	255	dev/pk/sal
10188	2	play	sound	255	dev/cm
10194	0	play	sound	255	dev/onas
10203	1	play	sound	255	dev/bay
10206	0	play	sound	255	sfx/explosion/gas
10212	2	play	sound	255	dev/cm
10218	1	play	sound	255	dev/cluster
10221	1	play	sound	255	dev/pk/sal
10230	0	play	sound	255	sfx/explosion/gas
10233	1	play	sound	255	dev/cluster
10233	2	play	sound	255	dev/cm
10236	1	play	sound	255	sfx/explosion/energy
10251	1	play	sound	255	sfx/explosion/energy
10251	0	play	sound	255	sfx/explosion/gas
10257	0	play	sound	255	sfx/explosion/gas
10266	1	play	sound	255	sfx/explosion/energy
10269	2	play	sound	255	dev/onas
10272	0	play	sound	255	sfx/explosion/gas
10284	2	play	sound	255	dev/onas
10284	1	play	sound	255	sfx/explosion/energy
10287	0	play	sound	255	sfx/explosion/gas
10299	2	play	sound	255	dev/onas
10302	0	play	sound	255	sfx/explosion/gas
10308	1	play	sound	255	dev/pk/can
10311	2	play	sound	255	dev/pk/sal
10320	0	play	sound	255	sfx/explosion/gas
10323	1	play	sound	255	dev/cluster
10329	1	play	sound	255	dev/onas
10329	2	play	sound	255	dev/pk/sal
10338	0	play	sound	255	sfx/explosion/gas
10344	1	play	sound	255	dev/onas
10344	2	play	sound	94	sfx/explosion/energy
10347	2	play	sound	255	dev/pk/sal
10353	0	play	sound	255	sfx/explosion/gas
10359	1	play	sound	255	dev/onas
10365	2	play	sound	255	dev/pk/sal
10368	0	play	sound	255	sfx/explosion/gas
10374	1	play	sound	255	dev/onas
10380	2	play	sound	255	dev/cm
10383	0	play	sound	255	sfx/explosion/gas
10386	1	play	sound	255	sfx/explosion/energy
10401	0	play	sound	255	sfx/explosion/gas
10410	1	play	sound	95	sfx/explosion/energy
10413	1	play	sound	255	sfx/explosion/energy
10419	2	play	sound	255	dev/onas
10419	0	play	sound	255	sfx/explosion/gas
10431	2	play	sound	255	dev/cm
10431	1	play	sound	255	sfx/explosion/energy
10434	2	play	sound	255	dev/cm
10434	0	play	sound	255	sfx/explosion/gas
10446	1	play	sound	255	sfx/explosion/energy
10449	0	play	sound	255	sfx/explosion/gas
10461	1	play	sound	255	sfx/explosion/energy
10467	0	play	sound	255	sfx/explosion/gas
10473	2	play	sound	255	dev/pk/sal
10476	0	play	sound	255	sfx/explosion/gas
10476	1	play	sound	255	sfx/explosion/energy
10485	2	play	sound	86	sfx/explosion/energy
10491	2	play	sound	255	dev/pk/sal
10491	0	play	sound	255	sfx/explosion/gas
10494	1	play	sound	255	sfx/explosion/energy
10503	2	play	sound	255	dev/pk/can
10506	0	play	sound	255	sfx/explosion/gas
10512	1	play	sound	255	sfx/explosion/energy
10518	2	play	sound	224	sfx/explosion/energy
10521	0	play	sound	255	sfx/explosion/gas
10521	1	play	sound	255	sfx/explosion/energy
10524	2	play	sound	255	dev/pk/can
10530	1	play	sound	255	sfx/explosion/energy
10539	2	play	sound	255	dev/onas
10542	0	play	sound	255	sfx/explosion/gas
10551	1	play	sound	255	sfx/explosion/energy
10554	2	play	sound	255	dev/onas
10554	0	play	sound	255	sfx/explosion/gas
10566	2	play	sound	255	dev/pk/can
10569	0	play	sound	255	sfx/explosion/gas
10572	1	play	sound	255	sfx/explosion/energy
10578	2	play	sound	255	dev/cm
10587	0	play	sound	255	sfx/explosion/gas
10599	1	play	sound	255	dev/pk/sal
10605	1	play	sound	254	sfx/explosion/gas
10620	2	play	sound	252	dev/cm
10641	0	play	sound	230	dev/cm
10647	0	play	sound	237	dev/cm
10650	0	play	sound	249	dev/cm
10674	0	play	sound	255	dev/onas
10689	0	play	sound	255	dev/onas
10692	1	play	sound	250	dev/cm
10692	1	play	sound	255	sfx/explosion/small
10692	2	play	sound	255	sfx/explosion/gas
10704	0	play	sound	255	dev/onas
10713	1	play	sound	250	dev/cm
10719	0	play	sound	232	dev/cm
10719	0	play	sound	255	dev/onas
10734	0	play	sound	255	dev/onas
10734	2	play	sound	255	sfx/explosion/gas
10734	1	play	sound	255	sfx/explosion/energy
10749	0	play	sound	255	dev/onas
10755	0	play	sound	252	sfx/explosion/gas
10761	1	play	sound	247	sfx/explosion/energy
10761	0	play	sound	255	sfx/explosion/gas
10764	1	play	sound	255	dev/onas
10779	1	play	sound	255	dev/onas
10782	2	play	sound	255	sfx/explosion/energy
10782	0	play	sound	255	sfx/explosion/gas
10794	1	play	sound	255	dev/onas
10806	0	play	sound	255	sfx/explosion/gas
10809	1	play	sound	255	dev/onas
10821	0	play	sound	255	sfx/explosion/gas
10824	1	play	sound	255	dev/onas
10836	2	play	sound	249	dev/cm
10839	1	play	sound	255	dev/onas
10839	0	play	sound	255	sfx/explosion/gas
10854	1	play	sound	255	dev/onas
10854	0	play	sound	255	sfx/explosion/gas
10869	1	play	sound	205	dev/cm
10869	1	play	sound	255	dev/onas
10872	0	play	sound	255	sfx/explosion/gas
10884	1	play	sound	255	dev/onas
10899	1	play	sound	255	dev/onas
10914	1	play	sound	255	dev/onas
10929	2	play	sound	224	dev/cm
10929	1	play	sound	255	dev/onas
10941	0	play	sound	166	dev/cm
10944	1	play	sound	255	dev/onas
10947	0	play	sound	255	sfx/explosion/gas
10959	1	play	sound	255	dev/onas
10962	0	play	sound	255	sfx/explosion/gas
10965	2	play	sound	253	dev/cm
10968	0	play	sound	255	sfx/explosion/gas
10971	2	play	sound	255	dev/bay
10974	1	play	sound	255	dev/onas
10989	1	play	sound	255	dev/onas
11001	2	play	sound	218	dev/cm
11001	0	play	sound	255	sfx/explosion/gas
11004	1	play	sound	255	dev/onas
11019	1	play	sound	255	dev/onas
11025	2	play	sound	255	sfx/explosion/energy
11025	0	play	sound	255	sfx/explosion/gas
11034	1	play	sound	255	dev/onas
11046	1	play	sound	255	dev/cm
11049	2	play	sound	255	dev/onas
11052	1	play	sound	252	sfx/explosion/gas
11064	2	play	sound	255	dev/onas
11070	2	play	sound	243	sfx/explosion/gas
11073	0	play	sound	201	dev/cm
11079	0	play	sound	255	dev/onas
11088	0	play	sound	235	sfx/explosion/gas
11091	0	play	sound	236	dev/cm
11094	0	play	sound	255	dev/onas
11109	0	play	sound	255	dev/onas
11118	1	play	sound	225	dev/cm
11124	0	play	sound	255	dev/onas
11136	2	play	sound	252	sfx/explosion/gas
11139	0	play	sound	255	dev/onas
11142	1	play	sound	248	dev/cm
11154	0	play	sound	255	dev/onas
11163	1	play	sound	255	dev/cm
11169	0	play	sound	255	dev/onas
11169	2	play	sound	255	sfx/explosion/gas
11184	0	play	sound	255	dev/onas
11199	0	play	sound	255	dev/onas
11214	1	play	sound	255	dev/cm
11214	0	play	sound	255	dev/onas
11214	2	play	sound	255	sfx/explosion/gas
11229	0	play	sound	255	dev/onas
11238	1	play	sound	255	dev/cm
11244	0	play	sound	255	dev/onas
11247	0	play	sound	210	sfx/explosion/gas
11259	0	play	sound	255	dev/cluster
11259	0	play	sound	255	dev/onas
11265	2	play	sound	209	dev/cm
11265	2	play	sound	243	sfx/explosion/gas
11265	0	play	sound	202	sfx/explosion/gas
11274	0	play	sound	255	dev/cluster
11274	2	play	sound	255	dev/onas
11274	0	play	sound	255	sfx/explosion/energy
11274	0	play	sound	255	sfx/explosion/gas
11280	1	play	sound	244	sfx/explosion/gas
11286	2	play	sound	232	dev/cm
11289	1	play	sound	255	dev/cluster
11289	2	play	sound	255	dev/onas
11295	0	play	sound	255	sfx/explosion/gas
11304	1	play	sound	255	dev/cluster
11304	2	play	sound	255	dev/onas
11310	1	play	sound	255	dev/cm
11310	0	play	sound	255	sfx/explosion/gas
11319	2	play	sound	255	dev/cluster
11319	2	play	sound	255	dev/onas
11328	0	play	sound	255	sfx/explosion/gas
11331	2	play	sound	255	sfx/explosion/energy
11349	1	play	sound	255	dev/onas
11358	2	play	sound	200	dev/cm
11361	0	play	sound	255	sfx/explosion/gas
11364	1	play	sound	255	dev/onas
11367	2	play	sound	202	sfx/explosion/gas
11379	1	play	sound	255	dev/onas
11382	2	play	sound	241	dev/cm
11382	2	play	sound	255	sfx/explosion/energy
11382	0	play	sound	255	sfx/explosion/gas
11385	1	play	sound	238	sfx/explosion/gas
11394	1	play	sound	255	dev/onas
11409	1	play	sound	255	dev/onas
11424	1	play	sound	255	dev/onas
11433	2	play	sound	255	sfx/explosion/energy
11433	0	play	sound	255	sfx/explosion/gas
11439	1	play	sound	195	dev/bay
11439	1	play	sound	255	dev/onas
11454	1	play	sound	255	dev/onas
11463	2	play	sound	129	dev/cm
11469	2	play	sound	255	dev/anti
11469	1	play	sound	255	dev/onas
11481	0	play	sound	255	dev/pk/can
11484	1	play	sound	255	dev/onas
11487	0	play	sound	255	sfx/explosion/gas
11499	1	play	sound	255	dev/onas
11514	1	play	sound	255	dev/onas
11529	1	play	sound	255	dev/onas
11544	1	play	sound	255	dev/onas
11553	2	play	sound	143	dev/cm
11559	1	play	sound	255	dev/onas
11574	1	play	sound	255	dev/onas
11589	1	play	sound	255	dev/onas
11604	1	play	sound	255	dev/onas
11619	1	play	sound	255	dev/onas
11625	2	play	sound	192	dev/cm
11628	2	play	sound	250	sfx/explosion/energy
11628	2	play	sound	252	sfx/explosion/gas
11634	1	play	sound	255	dev/onas
11649	1	play	sound	255	dev/onas
11658	2	play	sound	253	sfx/explosion/small
11658	1	play	sound	252	sfx/explosion/gas
11664	1	play	sound	255	dev/onas
11679	1	play	sound	255	dev/onas
11685	1	play	sound	228	sfx/explosion/gas
11694	1	play	sound	255	dev/onas
11709	1	play	sound	255	dev/onas
11724	1	play	sound	255	dev/onas
11739	1	play	sound	255	dev/onas
11754	1	play	sound	255	dev/onas
11769	1	play	sound	255	dev/onas
11772	0	play	sound	255	sfx/explosion/gas
11784	1	play	sound	255	dev/onas
11787	0	play	sound	255	sfx/explosion/gas
11799	1	play	sound	255	dev/onas
11802	2	play	sound	214	sfx/energy
11814	1	play	sound	255	dev/onas
11817	0	play	sound	255	sfx/explosion/gas
11829	1	play	sound	255	dev/onas
11832	0	play	sound	255	sfx/explosion/gas
11835	2	play	sound	255	dev/bay
11844	1	play	sound	255	dev/onas
11859	1	play	sound	255	dev/onas
11859	0	play	sound	255	sfx/explosion/gas
11865	2	play	sound	255	dev/pk/sal
11874	1	play	sound	255	dev/onas
11877	0	play	sound	255	sfx/explosion/gas
11883	2	play	sound	255	dev/pk/sal
11889	1	play	sound	255	dev/onas
11901	2	play	sound	255	dev/pk/sal
11904	1	play	sound	255	dev/onas
11910	1	play	sound	253	sfx/explosion/large
11910	0	play	sound	255	sfx/explosion/gas
11919	1	play	sound	255	dev/onas
11919	2	play	sound	255	dev/pk/sal
11934	1	play	sound	255	dev/onas
11937	2	play	sound	255	dev/pk/sal
11937	0	play	sound	255	sfx/explosion/gas
11949	1	play	sound	255	dev/onas
11955	2	play	sound	255	dev/pk/sal
11973	2	play	sound	255	dev/pk/sal
11976	1	play	sound	255	dev/onas
11976	0	play	sound	255	sfx/explosion/gas
11985	2	play	sound	255	sfx/energy
11985	2	play	sound	255	sfx/energy
11985	2	play	sound	255	sfx/energy
11991	1	play	sound	255	dev/onas
11991	2	play	sound	255	sfx/energy
12000	2	play	sound	255	sfx/energy
12006	1	play	sound	255	dev/onas
12012	0	play	sound	241	sfx/explosion/energy
12021	1	play	sound	255	dev/onas
12021	0	play	sound	255	dev/pk/sal
12030	0	play	sound	250	sfx/explosion/gas
12036	1	play	sound	255	dev/onas
12039	0	play	sound	255	dev/pk/sal
12051	1	play	sound	255	dev/onas
12057	0	play	sound	255	dev/pk/sal
12057	2	play	sound	249	sfx/explosion/energy
12066	1	play	sound	255	dev/onas
12072	2	play	sound	253	sfx/explosion/energy
12075	0	play	sound	255	dev/pk/sal
12081	1	play	sound	255	dev/onas
12087	2	play	sound	255	sfx/explosion/gas
12093	0	play	sound	255	dev/pk/sal
12096	1	play	sound	255	dev/onas
12105	0	play	sound	255	sfx/explosion/energy
12111	1	play	sound	255	dev/onas
12126	1	play	sound	255	dev/onas
12129	2	play	sound	255	dev/pk/sal
12141	1	play	sound	255	dev/onas
12147	2	play	sound	255	dev/pk/sal
12150	0	play	sound	255	sfx/explosion/energy
12156	1	play	sound	255	dev/onas
12165	2	play	sound	255	dev/pk/sal
12165	0	play	sound	255	sfx/explosion/energy
12168	1	play	sound	223	sfx/energy
12171	1	play	sound	255	dev/onas
12177	2	play	sound	255	dev/bay
12177	0	play	sound	255	sfx/explosion/gas
12183	1	play	sound	255	dev/pk/sal
12198	2	play	sound	255	sfx/explosion/energy
12198	1	play	sound	255	sfx/explosion/small
12198	0	play	sound	255	sfx/explosion/gas
12219	1	play	sound	255	dev/pk/sal
12231	2	play	sound	255	dev/cluster
12231	2	play	sound	255	dev/onas
12237	1	play	sound	255	dev/pk/sal
12246	2	play	sound	255	dev/onas
12255	1	play	sound	255	dev/pk/sal
12258	0	play	sound	255	sfx/explosion/energy
12261	2	play	sound	255	dev/onas
12273	1	play	sound	255	dev/pk/sal
12273	0	play	sound	255	sfx/explosion/gas
12276	2	play	sound	255	dev/onas
12288	1	play	sound	253	sfx/explosion/energy
12291	2	play	sound	255	dev/onas
12291	1	play	sound	255	dev/pk/sal
12291	0	play	sound	255	sfx/explosion/gas
12306	2	play	sound	255	dev/onas
12309	1	play	sound	255	dev/pk/sal
12318	2	play	sound	255	dev/bay
12321	1	play	sound	255	dev/onas
12327	0	play	sound	255	dev/pk/sal
12327	0	play	sound	255	sfx/explosion/gas
12336	2	play	sound	224	dev/cm
12336	1	play	sound	255	dev/onas
12345	2	play	sound	255	dev/pk/sal
12345	0	play	sound	255	sfx/explosion/gas
12351	1	play	sound	255	dev/onas
12360	0	play	sound	255	sfx/explosion/gas
12363	2	play	sound	255	dev/pk/sal
12363	1	play	sound	213	sfx/energy
12366	1	play	sound	255	dev/onas
12372	0	play	sound	255	sfx/explosion/gas
12381	1	play	sound	255	dev/onas
12381	2	play	sound	255	dev/pk/sal
12390	0	play	sound	255	sfx/explosion/gas
12396	1	play	sound	255	dev/onas
12399	2	play	sound	255	dev/pk/sal
12405	0	play	sound	255	sfx/explosion/gas
12408	1	play	sound	179	dev/cm
12411	1	play	sound	255	dev/onas
12417	2	play	sound	255	dev/pk/sal
12423	1	play	sound	255	dev/cm
12435	2	play	sound	255	dev/pk/sal
12435	0	play	sound	255	sfx/explosion/gas
12447	2	play	sound	218	dev/cm
12453	2	play	sound	255	dev/pk/sal
12456	1	play	sound	255	dev/onas
12468	2	play	sound	255	sfx/explosion/energy
12468	0	play	sound	255	sfx/explosion/gas
12471	1	play	sound	255	dev/cluster
12471	1	play	sound	255	dev/onas
12471	2	play	sound	255	sfx/explosion/energy
12486	1	play	sound	255	dev/cluster
12486	1	play	sound	255	dev/onas
12489	2	play	sound	255	sfx/explosion/energy
12492	0	play	sound	255	sfx/explosion/gas
12501	1	play	sound	255	dev/cluster
12501	1	play	sound	255	dev/onas
12507	2	play	sound	255	sfx/explosion/energy
12510	0	play	sound	255	sfx/explosion/gas
12516	1	play	sound	255	dev/cluster
12516	1	play	sound	255	dev/onas
12528	2	play	sound	255	sfx/explosion/energy
12531	1	play	sound	255	dev/onas
12543	0	play	sound	255	dev/pk/sal
12543	2	play	sound	255	sfx/explosion/energy
12546	1	play	sound	255	dev/onas
12552	0	play	sound	255	sfx/explosion/gas
12555	0	play	sound	255	sfx/explosion/gas
12558	1	play	sound	213	dev/cm
12561	1	play	sound	255	dev/onas
12561	2	play	sound	255	sfx/explosion/energy
12576	1	play	sound	255	dev/onas
12579	2	play	sound	255	sfx/explosion/energy
12591	1	play	sound	255	dev/onas
12597	0	play	sound	255	dev/pk/sal
12606	1	play	sound	255	dev/onas
12615	0	play	sound	255	dev/pk/sal
12618	2	play	sound	255	sfx/explosion/energy
12621	1	play	sound	255	dev/onas
12633	0	play	sound	255	dev/pk/sal
12636	1	play	sound	255	dev/onas
12636	2	play	sound	255	sfx/explosion/energy
12648	0	play	sound	255	sfx/explosion/gas
12651	1	play	sound	255	dev/onas
12654	2	play	sound	255	sfx/explosion/energy
12660	0	play	sound	255	sfx/explosion/gas
12663	1	play	sound	255	dev/cm
12678	0	play	sound	255	sfx/explosion/gas
12681	2	play	sound	255	dev/onas
12696	2	play	sound	185	dev/cm
12696	2	play	sound	255	dev/onas
12705	1	play	sound	255	dev/stealth/off
12711	2	play	sound	141	dev/cm
12711	2	play	sound	255	dev/onas
12723	0	play	sound	255	dev/anti
12723	2	play	sound	255	dev/pk/sal
12723	0	play	sound	255	sfx/explosion/gas
12726	1	play	sound	131	dev/cm
12726	1	play	sound	255	dev/onas
12735	2	play	sound	255	dev/cm
12741	1	play	sound	255	dev/anti
12756	1	play	sound	255	dev/onas
12759	0	play	sound	255	dev/pk/sal
12768	2	play	sound	226	dev/cm
12771	1	play	sound	255	dev/onas
12777	0	play	sound	255	dev/pk/sal
12783	2	play	sound	255	sfx/explosion/gas
12783	1	play	sound	255	sfx/explosion/energy
12795	0	play	sound	255	dev/pk/sal
12798	2	play	sound	255	sfx/explosion/gas
12807	1	play	sound	255	dev/cm
12813	0	play	sound	255	dev/pk/sal
12816	2	play	sound	255	sfx/explosion/gas
12831	0	play	sound	255	dev/onas
12840	1	play	sound	255	dev/cm
12843	0	play	sound	255	dev/anti
12849	2	play	sound	255	dev/pk/sal
12861	0	play	sound	255	dev/anti
12861	2	play	sound	255	dev/cluster
12861	2	play	sound	255	dev/bay
12864	0	play	sound	255	sfx/explosion/gas
12873	1	play	sound	255	dev/pk/can
12873	2	play	sound	255	sfx/explosion/energy
12879	0	play	sound	255	sfx/explosion/gas
12885	1	play	sound	255	dev/pk/sal
12891	0	play	sound	255	sfx/explosion/gas
12894	2	play	sound	255	sfx/explosion/energy
12900	1	play	sound	255	dev/anti
12909	0	play	sound	255	sfx/explosion/gas
12918	1	play	sound	255	dev/anti
12921	2	play	sound	255	dev/cluster
12921	2	play	sound	255	dev/onas
12930	1	play	sound	233	dev/cm
12933	1	play	sound	255	sfx/explosion/energy
12936	2	play	sound	255	dev/cluster
12936	2	play	sound	255	dev/onas
12939	0	play	sound	255	sfx/explosion/gas
12948	1	play	sound	232	sfx/explosion/gas
12951	1	play	sound	255	dev/cluster
12951	2	play	sound	255	dev/onas
12954	1	play	sound	230	dev/bay
12954	1	play	sound	255	sfx/explosion/energy
12957	0	play	sound	255	sfx/explosion/gas
12966	2	play	sound	255	dev/anti
12972	0	play	sound	255	sfx/explosion/gas
12975	1	play	sound	255	dev/pk/sal
12981	2	play	sound	255	dev/cluster
12981	2	play	sound	255	dev/onas
12987	1	play	sound	255	dev/pk/can
12993	2	play	sound	255	dev/pk/sal
13002	0	play	sound	255	sfx/explosion/gas
13011	1	play	sound	255	dev/cm
13011	2	play	sound	255	dev/cluster
13011	2	play	sound	255	dev/onas
13017	0	play	sound	255	sfx/explosion/gas
13026	2	play	sound	255	dev/cluster
13026	2	play	sound	255	dev/onas
13041	2	play	sound	255	dev/onas
13047	1	play	sound	255	dev/anti
13050	0	play	sound	255	dev/pk/can
13050	0	play	sound	255	sfx/explosion/gas
13056	2	play	sound	255	dev/onas
13065	1	play	sound	255	dev/pk/sal
13065	0	play	sound	255	sfx/explosion/gas
13071	2	play	sound	255	dev/onas
13083	1	play	sound	255	dev/pk/sal
13083	0	play	sound	255	sfx/explosion/gas
13086	2	play	sound	255	dev/onas
13101	2	play	sound	255	dev/onas
13101	1	play	sound	255	dev/pk/sal
13113	0	play	sound	255	sfx/explosion/gas
13116	2	play	sound	255	dev/onas
13119	1	play	sound	255	dev/pk/sal
13128	2	play	sound	255	dev/anti
13131	1	play	sound	255	dev/onas
13146	1	play	sound	255	dev/onas
13155	2	play	sound	255	dev/pk/sal
13161	1	play	sound	255	dev/onas
13173	2	play	sound	255	dev/pk/sal
13176	1	play	sound	255	dev/onas
13191	1	play	sound	255	dev/onas
13191	2	play	sound	255	dev/pk/sal
13206	0	play	sound	255	dev/bay
13206	1	play	sound	255	dev/onas
13209	2	play	sound	255	dev/pk/sal
13221	1	play	sound	255	dev/onas
13227	2	play	sound	255	dev/pk/sal
13236	1	play	sound	255	dev/onas
13245	2	play	sound	255	dev/pk/sal
13245	0	play	sound	255	sfx/explosion/large
13245	1	play	sound	255	sfx/explosion/gas
13248	2	play	sound	243	sfx/explosion/gas
13251	2	play	sound	255	dev/onas
13263	2	play	sound	255	dev/pk/sal
13266	0	play	sound	255	dev/onas
13275	1	play	sound	255	sfx/explosion/gas
13281	0	play	sound	255	dev/onas
13281	2	play	sound	255	dev/pk/sal
13290	1	play	sound	255	sfx/explosion/gas
13296	0	play	sound	255	dev/onas
13299	2	play	sound	255	dev/pk/sal
13308	1	play	sound	255	sfx/explosion/gas
13308	0	play	sound	255	sfx/explosion/energy
13311	2	play	sound	255	dev/onas
13326	2	play	sound	255	dev/onas
13335	0	play	sound	255	dev/pk/sal
13341	2	play	sound	255	dev/onas
13350	1	play	sound	255	sfx/energy
13353	0	play	sound	255	dev/pk/sal
13356	2	play	sound	255	dev/onas
13362	1	play	sound	255	sfx/energy
13365	0	play	sound	249	sfx/explosion/gas
13365	1	play	sound	255	sfx/energy
13368	1	play	sound	255	sfx/energy
13371	2	play	sound	255	dev/onas
13371	0	play	sound	255	dev/pk/sal
13374	1	play	sound	255	sfx/energy
13377	1	play	sound	255	sfx/energy
13377	1	play	sound	255	sfx/energy
13386	2	play	sound	255	dev/onas
13389	0	play	sound	255	dev/pk/sal
13401	2	play	sound	255	dev/onas
13401	0	play	sound	221	sfx/explosion/large
13401	0	play	sound	223	sfx/explosion/energy
13407	0	play	sound	255	dev/pk/sal
13416	2	play	sound	255	dev/onas
13416	0	play	sound	255	sfx/explosion/large
13416	1	play	sound	255	sfx/explosion/energy
13416	1	play	sound	255	sfx/explosion/energy
13425	1	play	sound	255	sfx/explosion/gas
13431	2	play	sound	255	dev/onas
13443	0	play	sound	255	dev/pk/sal
13446	2	play	sound	255	dev/onas
13461	2	play	sound	255	dev/onas
13461	0	play	sound	255	dev/pk/sal
13461	1	play	sound	251	sfx/energy
13464	1	play	sound	255	sfx/explosion/energy
13470	0	play	sound	255	sfx/explosion/gas
13476	2	play	sound	255	dev/onas
13509	0	play	sound	255	sfx/explosion/gas
13539	1	play	sound	255	sfx/explosion/energy
13539	1	play	sound	255	sfx/explosion/energy
13548	2	play	sound	187	sfx/energy
13632	2	play	sound	255	dev/pk/sal
13635	0	play	sound	255	dev/onas
13650	0	play	sound	255	dev/onas
13650	2	play	sound	255	dev/pk/sal
13665	0	play	sound	255	dev/onas
13665	1	play	sound	168	sfx/energy
13668	2	play	sound	255	dev/pk/sal
13671	1	play	sound	172	sfx/energy
13671	1	play	sound	172	sfx/energy
13680	0	play	sound	255	dev/onas
13686	2	play	sound	255	dev/pk/sal
13695	0	play	sound	255	dev/onas
13698	1	play	sound	178	sfx/energy
13704	2	play	sound	255	dev/pk/sal
13710	0	play	sound	255	dev/onas
13722	2	play	sound	255	dev/pk/sal
13722	1	play	sound	255	sfx/explosion/energy
13725	0	play	sound	255	dev/onas
13740	0	play	sound	255	dev/onas
13740	2	play	sound	255	dev/pk/sal
13743	1	play	sound	212	sfx/energy
13743	1	play	sound	212	sfx/energy
13752	1	play	sound	215	sfx/energy
13755	0	play	sound	255	dev/onas
13758	2	play	sound	255	dev/pk/sal
13758	1	play	sound	255	sfx/explosion/small
13758	0	play	sound	255	sfx/explosion/gas
13770	2	play	sound	255	dev/onas
13785	2	play	sound	255	dev/onas
13794	1	play	sound	255	dev/pk/sal
13836	2	play	sound	255	dev/onas
13836	1	play	sound	255	dev/pk/sal
13851	2	play	sound	255	dev/onas
13854	1	play	sound	255	dev/pk/sal
13866	2	play	sound	255	dev/onas
13872	1	play	sound	255	dev/pk/sal
13881	2	play	sound	255	dev/onas
13890	1	play	sound	255	dev/pk/sal
13896	2	play	sound	255	dev/onas
13899	0	play	sound	255	sfx/energy
13899	0	play	sound	255	sfx/energy
13899	0	play	sound	255	sfx/energy
13899	0	play	sound	255	sfx/energy
13899	0	play	sound	255	sfx/energy
13899	0	play	sound	255	sfx/energy
13899	0	play	sound	255	sfx/energy
13899	0	play	sound	255	sfx/energy
13899	0	play	sound	255	sfx/energy
13899	0	play	sound	255	sfx/energy
13902	1	play	sound	255	sfx/explosion/small
13902	0	play	sound	255	sfx/explosion/gas
13908	2	play	sound	255	dev/pk/sal
13926	2	play	sound	255	dev/onas
13926	1	play	sound	255	dev/pk/sal
13941	2	play	sound	255	dev/onas
13944	1	play	sound	255	dev/pk/sal
13956	2	play	sound	255	dev/onas
13962	1	play	sound	255	dev/pk/sal
13971	2	play	sound	255	dev/onas
13980	1	play	sound	255	dev/pk/sal
13986	2	play	sound	255	dev/onas
13998	1	play	sound	255	dev/pk/sal
14001	2	play	sound	255	dev/onas
14016	2	play	sound	255	dev/onas
14016	1	play	sound	255	dev/pk/sal
14031	2	play	sound	255	dev/onas
14034	1	play	sound	255	dev/pk/sal
14046	2	play	sound	255	dev/onas
14052	1	play	sound	255	dev/pk/sal
14061	2	play	sound	255	dev/onas
14070	1	play	sound	255	dev/pk/sal
14076	2	play	sound	255	dev/onas
14088	1	play	sound	255	dev/pk/sal
14091	2	play	sound	255	dev/onas
14100	0	play	sound	255	sfx/explosion/energy
14106	2	play	sound	255	dev/onas
14106	1	play	sound	255	dev/pk/sal
14121	2	play	sound	255	dev/onas
14124	1	play	sound	255	dev/pk/sal
14136	2	play	sound	255	dev/onas
14142	1	play	sound	255	dev/pk/sal
14160	2	play	sound	255	dev/onas
14160	1	play	sound	255	dev/pk/sal
14175	2	play	sound	255	dev/onas
14178	1	play	sound	255	dev/pk/sal
14184	0	play	sound	151	dev/cm
14190	2	play	sound	255	dev/onas
14196	1	play	sound	255	dev/pk/sal
14205	2	play	sound	255	dev/onas
14214	1	play	sound	255	dev/pk/sal
14214	0	play	sound	255	sfx/explosion/gas
14220	2	play	sound	255	dev/stealth/on
14232	1	play	sound	186	dev/cm
14232	1	play	sound	255	dev/pk/sal
14250	2	play	sound	255	dev/onas
14250	1	play	sound	255	dev/pk/sal
14256	0	play	sound	183	dev/cm
14259	0	play	sound	255	dev/pk/can
14262	1	play	sound	255	sfx/explosion/energy
14265	2	play	sound	255	dev/onas
14268	1	play	sound	255	sfx/explosion/energy
14280	2	play	sound	255	dev/onas
14286	0	play	sound	255	dev/pk/sal
14295	2	play	sound	255	dev/onas
14304	1	play	sound	185	dev/cm
14304	0	play	sound	255	dev/pk/sal
14310	2	play	sound	255	dev/onas
14316	1	play	sound	255	sfx/explosion/gas
14316	0	play	sound	255	sfx/explosion/energy
14322	2	play	sound	255	dev/pk/sal
14337	0	play	sound	255	sfx/explosion/large
14337	2	play	sound	255	sfx/explosion/energy
14343	1	play	sound	255	sfx/explosion/gas
14358	2	play	sound	255	dev/pk/sal
14370	2	play	sound	255	dev/onas
14376	1	play	sound	151	dev/cm
14376	1	play	sound	255	dev/pk/sal
14400	2	play	sound	133	dev/cm
14412	2	play	sound	255	dev/onas
14412	1	play	sound	255	dev/pk/sal
14427	2	play	sound	255	dev/onas
14430	1	play	sound	255	dev/pk/sal
14442	2	play	sound	255	dev/onas
14448	1	play	sound	255	dev/pk/sal
14454	0	play	sound	255	sfx/energy
14457	2	play	sound	255	dev/onas
14466	1	play	sound	255	dev/pk/sal
14466	0	play	sound	250	sfx/explosion/energy
14472	2	play	sound	255	dev/onas
14478	1	play	sound	240	sfx/explosion/small
14478	0	play	sound	240	sfx/explosion/gas
14484	0	play	sound	255	dev/pk/sal
14487	2	play	sound	255	dev/onas
14502	2	play	sound	255	dev/onas
14502	0	play	sound	255	dev/pk/sal
14517	2	play	sound	255	dev/onas
14520	0	play	sound	255	dev/pk/sal
14532	2	play	sound	255	dev/onas
14538	0	play	sound	255	dev/pk/sal
14547	2	play	sound	255	dev/onas
14556	0	play	sound	255	dev/pk/sal
14562	2	play	sound	255	dev/onas
14574	0	play	sound	255	dev/pk/sal
14577	2	play	sound	255	dev/onas
14592	2	play	sound	255	dev/onas
14592	0	play	sound	255	dev/pk/sal
14607	2	play	sound	255	dev/onas
14610	0	play	sound	255	dev/pk/sal
14616	1	play	sound	255	sfx/explosion/small
14616	0	play	sound	255	sfx/explosion/gas
14622	2	play	sound	255	dev/onas
14634	2	play	sound	253	sfx/energy
14637	2	play	sound	255	dev/onas
14646	1	play	sound	255	dev/pk/sal
14646	0	play	sound	255	sfx/explosion/gas
14652	2	play	sound	255	dev/onas
14658	1	play	sound	255	sfx/energy
14664	2	play	sound	255	dev/pk/sal
14682	1	play	sound	255	dev/onas
14682	2	play	sound	255	dev/pk/sal
14697	1	play	sound	255	dev/onas
14700	2	play	sound	255	dev/pk/sal
14703	0	play	sound	255	sfx/energy
14712	1	play	sound	255	dev/onas
14718	2	play	sound	255	dev/pk/sal
14727	1	play	sound	255	dev/onas
14736	2	play	sound	255	dev/pk/sal
14736	0	play	sound	246	sfx/explosion/energy
14736	0	play	sound	255	sfx/energy
14742	1	play	sound	255	dev/anti
14745	0	play	sound	227	sfx/explosion/gas
14748	0	play	sound	255	sfx/explosion/energy
14751	2	play	sound	255	dev/pk/can
14754	1	play	sound	255	dev/pk/sal
14760	0	play	sound	255	sfx/explosion/energy
14760	0	play	sound	255	sfx/explosion/energy
14763	2	play	sound	255	dev/pk/can
14769	2	play	sound	255	dev/pk/can
14769	0	play	sound	255	sfx/explosion/gas
14772	1	play	sound	255	dev/onas
14775	0	play	sound	255	gui/klaxon
14787	1	play	sound	255	dev/onas
14790	2	play	sound	255	dev/pk/sal
14802	1	play	sound	255	dev/onas
14817	2	play	sound	255	dev/pk/can
14856	1	play	sound	255	dev/onas
14859	2	play	sound	255	dev/pk/sal
14871	1	play	sound	255	dev/onas
14877	2	play	sound	255	dev/pk/sal
14886	1	play	sound	255	dev/onas
14895	2	play	sound	255	dev/pk/sal
14901	1	play	sound	255	dev/onas
14901	0	play	sound	128	gui/klaxon
14913	2	play	sound	255	dev/pk/sal
14916	1	play	sound	255	dev/onas
14931	1	play	sound	255	dev/onas
14931	2	play	sound	255	dev/pk/sal
14946	1	play	sound	255	dev/onas
14949	2	play	sound	255	dev/pk/sal
14961	1	play	sound	255	dev/onas
14961	0	play	sound	255	sfx/explosion/small
14961	0	play	sound	255	sfx/explosion/gas
14967	2	play	sound	255	dev/pk/sal
14976	1	play	sound	255	dev/onas
14985	2	play	sound	255	dev/pk/sal
14991	1	play	sound	255	dev/onas
15003	2	play	sound	255	dev/pk/sal
15006	1	play	sound	255	dev/onas
15021	1	play	sound	255	dev/onas
15021	2	play	sound	255	dev/pk/sal
15027	0	play	sound	128	gui/klaxon
15036	1	play	sound	255	dev/onas
15036	0	play	sound	242	sfx/explosion/gas
15039	2	play	sound	255	dev/pk/sal
15048	0	play	sound	249	sfx/explosion/gas
15051	1	play	sound	255	dev/onas
15057	2	play	sound	255	dev/pk/sal
15057	0	play	sound	255	sfx/energy
15063	1	play	sound	251	dev/cm
15066	1	play	sound	255	dev/onas
15072	0	play	sound	236	sfx/explosion/gas
15075	2	play	sound	255	dev/pk/sal
15075	0	play	sound	255	sfx/explosion/gas
15081	1	play	sound	255	dev/onas
15087	2	play	sound	255	sfx/explosion/energy
15093	1	play	sound	255	dev/pk/sal
15102	2	play	sound	255	sfx/explosion/energy
15105	2	play	sound	255	sfx/explosion/energy
15105	0	play	sound	255	sfx/explosion/gas
15111	1	play	sound	255	dev/onas
15126	1	play	sound	255	dev/onas
15126	0	play	sound	255	sfx/explosion/gas
15126	2	play	sound	253	sfx/explosion/energy
15129	2	play	sound	255	dev/pk/sal
15138	1	play	sound	255	sfx/explosion/energy
15141	2	play	sound	255	dev/onas
15153	2	play	sound	128	gui/klaxon
15156	2	play	sound	255	dev/onas
15156	1	play	sound	255	sfx/explosion/energy
15165	0	play	sound	255	dev/pk/sal
15171	2	play	sound	255	dev/onas
15171	1	play	sound	255	sfx/explosion/energy
15183	0	play	sound	255	dev/pk/sal
15183	0	play	sound	255	sfx/explosion/gas
15186	2	play	sound	255	dev/onas
15198	0	play	sound	255	sfx/explosion/gas
15201	2	play	sound	255	dev/onas
15201	1	play	sound	255	dev/pk/sal
15216	1	play	sound	255	dev/cm
15216	2	play	sound	255	dev/onas
15231	2	play	sound	255	dev/onas
15237	0	play	sound	255	dev/pk/sal
15246	2	play	sound	255	dev/onas
15252	0	play	sound	244	sfx/explosion/gas
15255	0	play	sound	255	dev/pk/sal
15261	2	play	sound	255	dev/onas
15264	0	play	sound	255	sfx/explosion/gas
15273	1	play	sound	255	dev/pk/sal
15276	2	play	sound	255	dev/onas
15279	0	play	sound	255	sfx/explosion/gas
15288	1	play	sound	246	dev/cm
15291	2	play	sound	255	dev/onas
15291	1	play	sound	255	dev/pk/sal
15300	1	play	sound	241	sfx/explosion/gas
15306	2	play	sound	255	dev/onas
15309	1	play	sound	255	dev/pk/sal
15321	2	play	sound	255	dev/onas
15327	1	play	sound	255	dev/pk/sal
15336	2	play	sound	255	dev/onas
15339	0	play	sound	237	dev/cm
15345	1	play	sound	255	dev/pk/sal
15348	0	play	sound	237	sfx/explosion/gas
15351	2	play	sound	255	dev/onas
15363	1	play	sound	255	dev/pk/sal
15363	0	play	sound	240	sfx/explosion/gas
15366	2	play	sound	255	dev/onas
15378	1	play	sound	239	sfx/explosion/gas
15381	2	play	sound	255	dev/onas
15381	0	play	sound	255	dev/pk/sal
15390	1	play	sound	247	sfx/explosion/gas
15396	2	play	sound	255	dev/onas
15399	0	play	sound	255	dev/pk/sal
15411	2	play	sound	239	dev/cm
15411	1	play	sound	255	dev/onas
15417	0	play	sound	255	dev/pk/sal
15426	1	play	sound	255	dev/onas
15435	0	play	sound	255	dev/pk/sal
15435	2	play	sound	253	sfx/explosion/energy
15435	0	play	sound	249	sfx/explosion/gas
15441	1	play	sound	255	dev/onas
15447	0	play	sound	255	sfx/explosion/gas
15450	2	play	sound	255	sfx/explosion/energy
15453	1	play	sound	255	dev/pk/sal
15459	1	play	sound	255	sfx/explosion/large
15459	0	play	sound	255	sfx/explosion/gas
15471	2	play	sound	255	dev/onas
15474	0	play	sound	255	sfx/explosion/gas
15480	1	play	sound	252	sfx/energy
15486	2	play	sound	255	dev/onas
15489	1	play	sound	255	dev/pk/sal
15492	0	play	sound	255	sfx/explosion/gas
15501	2	play	sound	255	dev/onas
15504	0	play	sound	255	sfx/explosion/gas
15507	1	play	sound	255	dev/pk/sal
15516	2	play	sound	255	dev/onas
15519	0	play	sound	255	sfx/explosion/gas
15525	1	play	sound	255	dev/pk/sal
15531	2	play	sound	255	dev/onas
15534	0	play	sound	255	sfx/explosion/gas
15543	1	play	sound	255	dev/pk/sal
15546	2	play	sound	255	dev/onas
15561	2	play	sound	255	dev/onas
15561	1	play	sound	255	dev/pk/sal
15567	1	play	sound	254	sfx/explosion/gas
15576	2	play	sound	255	dev/onas
15576	0	play	sound	175	sfx/explosion/energy
15579	0	play	sound	255	dev/pk/sal
15582	1	play	sound	255	sfx/explosion/gas
15591	2	play	sound	255	dev/onas
15591	0	play	sound	255	sfx/explosion/energy
15606	2	play	sound	255	dev/onas
15609	1	play	sound	255	sfx/explosion/gas
15615	0	play	sound	255	dev/pk/sal
15621	2	play	sound	255	dev/onas
15624	1	play	sound	255	sfx/explosion/gas
15633	0	play	sound	255	dev/pk/sal
15636	2	play	sound	255	dev/onas
15639	1	play	sound	255	sfx/explosion/gas
15651	2	play	sound	255	dev/onas
15651	0	play	sound	255	dev/pk/sal
15663	0	play	sound	255	sfx/explosion/energy
15666	2	play	sound	255	dev/onas
15681	2	play	sound	255	dev/onas
15681	0	play	sound	255	sfx/explosion/energy
15687	1	play	sound	255	dev/pk/sal
15696	2	play	sound	255	dev/onas
15705	1	play	sound	255	dev/pk/sal
15711	2	play	sound	255	dev/onas
15720	0	play	sound	253	sfx/explosion/energy
15723	1	play	sound	255	dev/pk/sal
15726	2	play	sound	255	dev/onas
15738	0	play	sound	253	sfx/explosion/energy
15741	2	play	sound	255	dev/onas
15741	1	play	sound	255	dev/pk/sal
15756	2	play	sound	255	dev/onas
15756	0	play	sound	253	sfx/explosion/energy
15759	1	play	sound	255	dev/pk/sal
15759	0	play	sound	255	sfx/explosion/gas
15771	2	play	sound	255	dev/onas
15777	1	play	sound	255	dev/pk/sal
15777	1	play	sound	251	sfx/explosion/gas
15783	2	play	sound	128	gui/klaxon
15786	1	play	sound	255	dev/onas
15792	2	play	sound	246	sfx/energy
15792	2	play	sound	246	sfx/energy
15795	2	play	sound	255	dev/pk/sal
15795	0	play	sound	247	sfx/explosion/energy
15801	1	play	sound	255	dev/onas
15810	0	play	sound	243	sfx/explosion/gas
15813	2	play	sound	255	dev/pk/sal
15816	1	play	sound	255	dev/onas
15825	0	play	sound	249	sfx/explosion/gas
15831	1	play	sound	255	dev/onas
15831	2	play	sound	255	dev/pk/sal
15840	1	play	sound	244	sfx/explosion/large
15840	0	play	sound	250	sfx/explosion/gas
15846	0	play	sound	255	dev/onas
15849	2	play	sound	255	dev/pk/sal
15861	0	play	sound	255	dev/onas
15864	1	play	sound	254	sfx/explosion/energy
15867	2	play	sound	255	dev/pk/sal
15876	0	play	sound	255	dev/onas
15879	1	play	sound	255	sfx/explosion/gas
15882	2	play	sound	255	sfx/explosion/energy
15891	0	play	sound	255	dev/onas
15891	2	play	sound	255	sfx/explosion/energy
15891	1	play	sound	255	sfx/explosion/gas
15903	0	play	sound	255	dev/pk/sal
15903	2	play	sound	255	sfx/explosion/energy
15918	0	play	sound	255	sfx/energy
15918	0	play	sound	255	sfx/energy
15927	0	play	sound	255	sfx/energy
15927	0	play	sound	255	sfx/energy
15930	0	play	sound	255	sfx/energy
15930	0	play	sound	255	sfx/energy
15936	1	play	sound	255	dev/onas
15939	2	play	sound	255	dev/pk/sal
15951	1	play	sound	255	dev/onas
15957	2	play	sound	255	dev/pk/sal
15966	1	play	sound	255	dev/onas
15966	0	play	sound	235	sfx/explosion/energy
15975	2	play	sound	255	dev/pk/sal
15981	1	play	sound	255	dev/onas
15990	0	play	sound	255	sfx/explosion/energy
15993	2	play	sound	255	dev/pk/sal
15996	1	play	sound	255	dev/onas
16011	1	play	sound	255	dev/onas
16011	2	play	sound	255	dev/pk/sal
16026	1	play	sound	255	dev/onas
16029	2	play	sound	255	dev/pk/sal
16035	0	play	sound	128	gui/klaxon
16041	1	play	sound	255	dev/onas
16047	2	play	sound	255	dev/pk/sal
16056	1	play	sound	255	dev/onas
16065	2	play	sound	255	dev/pk/sal
16071	1	play	sound	255	dev/onas
16083	2	play	sound	255	dev/pk/sal
16086	1	play	sound	255	dev/onas
16101	1	play	sound	255	dev/onas
16101	2	play	sound	255	dev/pk/sal
16116	1	play	sound	255	dev/onas
16119	2	play	sound	255	dev/pk/sal
16131	1	play	sound	255	dev/onas
16137	2	play	sound	255	dev/pk/sal
16146	1	play	sound	255	dev/onas
16158	2	play	sound	255	dev/pk/sal
16161	0	play	sound	128	gui/klaxon
16191	2	play	sound	255	dev/pk/sal
16194	1	play	sound	255	dev/onas
16209	1	play	sound	255	dev/onas
16209	2	play	sound	255	dev/pk/sal
16224	1	play	sound	255	dev/onas
16227	2	play	sound	255	dev/pk/sal
16239	1	play	sound	255	dev/onas
16245	2	play	sound	255	dev/pk/sal
16254	1	play	sound	255	dev/onas
16263	2	play	sound	255	dev/pk/sal
16269	1	play	sound	255	dev/onas
16272	0	play	sound	255	sfx/energy
16272	0	play	sound	255	sfx/energy
16275	0	play	sound	255	sfx/energy
16278	0	play	sound	255	sfx/energy
16278	0	play	sound	255	sfx/energy
16281	2	play	sound	255	dev/pk/sal
16284	1	play	sound	255	dev/onas
16299	1	play	sound	255	dev/onas
16299	2	play	sound	255	dev/pk/sal
16299	0	play	sound	255	sfx/explosion/energy
16305	0	play	sound	255	sfx/explosion/gas
16314	1	play	sound	255	dev/onas
16317	2	play	sound	255	dev/pk/sal
16329	1	play	sound	255	dev/onas
16335	2	play	sound	255	dev/pk/sal
16344	1	play	sound	255	dev/onas
16353	2	play	sound	255	dev/pk/sal
16356	0	play	sound	255	sfx/energy
16359	1	play	sound	255	dev/onas
16371	2	play	sound	255	dev/pk/sal
16446	1	play	sound	255	dev/onas
16446	2	play	sound	255	dev/pk/sal
16461	1	play	sound	255	dev/onas
16464	2	play	sound	255	dev/pk/sal
16476	1	play	sound	255	dev/onas
16482	2	play	sound	255	dev/pk/sal
16491	1	play	sound	255	dev/onas
16500	2	play	sound	255	dev/pk/sal
16506	1	play	sound	255	dev/onas
16518	2	play	sound	255	dev/pk/sal
16521	1	play	sound	255	dev/onas
16536	1	play	sound	255	dev/onas
16536	2	play	sound	255	dev/pk/sal
16551	1	play	sound	255	dev/onas
16554	2	play	sound	255	dev/pk/sal
16557	0	play	sound	255	sfx/explosion/small
16557	0	play	sound	255	sfx/explosion/gas
16566	1	play	sound	255	dev/onas
16572	2	play	sound	255	dev/pk/sal
16632	1	play	sound	255	sfx/energy
16782	2	play	sound	255	dev/onas
16785	0	play	sound	255	dev/pk/sal
16797	2	play	sound	255	dev/onas
16803	0	play	sound	255	dev/pk/sal
16812	2	play	sound	255	dev/onas
16821	0	play	sound	255	dev/pk/sal
16827	2	play	sound	255	dev/onas
16839	0	play	sound	255	dev/pk/sal
16842	2	play	sound	255	dev/onas
16857	2	play	sound	255	dev/onas
16857	0	play	sound	255	dev/pk/sal
16872	1	play	sound	255	dev/stealth/off
16872	0	play	sound	255	dev/anti
16872	2	play	sound	255	dev/onas
16887	2	play	sound	255	dev/onas
16890	0	play	sound	255	dev/anti
16893	1	play	sound	255	dev/pk/sal
16902	2	play	sound	255	dev/onas
16911	1	play	sound	255	dev/pk/sal
16917	2	play	sound	255	dev/onas
16929	1	play	sound	255	dev/pk/sal
16932	2	play	sound	255	dev/onas
16947	2	play	sound	255	dev/onas
16947	1	play	sound	255	dev/pk/sal
16962	2	play	sound	255	dev/onas
16965	1	play	sound	255	dev/pk/sal
16977	2	play	sound	255	dev/onas
16983	1	play	sound	255	dev/pk/sal
17031	2	play	sound	255	dev/onas
17034	1	play	sound	255	dev/pk/sal
17046	2	play	sound	255	dev/onas
17052	1	play	sound	255	dev/pk/sal
17061	2	play	sound	255	dev/onas
17070	1	play	sound	255	dev/pk/sal
17076	2	play	sound	255	dev/onas
17088	1	play	sound	255	dev/pk/sal
17091	2	play	sound	255	dev/onas
17106	2	play	sound	255	dev/onas
17106	1	play	sound	255	dev/pk/sal
17115	0	play	sound	251	sfx/explosion/gas
17121	2	play	sound	255	dev/onas
17124	1	play	sound	255	dev/pk/sal
17136	2	play	sound	255	dev/onas
17142	1	play	sound	255	dev/pk/sal
17151	2	play	sound	255	dev/onas
17160	1	play	sound	255	dev/pk/sal
17166	2	play	sound	255	dev/onas
17166	0	play	sound	255	sfx/explosion/energy
17178	1	play	sound	255	dev/pk/sal
17181	2	play	sound	255	dev/onas
17196	2	play	sound	255	dev/onas
17196	1	play	sound	255	dev/pk/sal
17211	2	play	sound	255	dev/onas
17214	1	play	sound	255	dev/pk/sal
17250	0	play	sound	253	sfx/explosion/energy
17280	2	play	sound	255	dev/onas
17283	1	play	sound	255	dev/pk/sal
17295	2	play	sound	255	dev/onas
17301	1	play	sound	255	dev/pk/sal
17310	2	play	sound	255	dev/onas
17319	1	play	sound	255	dev/pk/sal
17325	2	play	sound	255	dev/onas
17337	1	play	sound	255	dev/pk/sal
17340	2	play	sound	255	dev/onas
17349	0	play	sound	255	sfx/explosion/gas
17352	1	play	sound	255	dev/anti
17352	2	play	sound	255	dev/stealth/on
17364	1	play	sound	255	dev/pk/can
17373	2	play	sound	255	dev/pk/sal
17385	1	play	sound	255	dev/onas
17385	0	play	sound	255	sfx/explosion/gas
17391	2	play	sound	255	dev/pk/sal
17400	1	play	sound	255	dev/onas
17409	2	play	sound	255	dev/pk/sal
17415	1	play	sound	255	dev/onas
17427	2	play	sound	255	dev/pk/sal
17430	1	play	sound	255	dev/onas
17445	1	play	sound	255	dev/onas
17445	2	play	sound	255	dev/pk/sal
17460	1	play	sound	255	dev/onas
17463	2	play	sound	255	dev/pk/sal
17475	1	play	sound	255	dev/onas
17481	2	play	sound	255	dev/pk/sal
17490	1	play	sound	255	dev/onas
17499	2	play	sound	255	dev/pk/sal
17505	1	play	sound	255	dev/onas
17517	2	play	sound	255	dev/pk/sal
17520	1	play	sound	255	dev/onas
17535	1	play	sound	255	dev/onas
17535	2	play	sound	255	dev/pk/sal
17550	1	play	sound	255	dev/onas
17553	2	play	sound	255	dev/pk/sal
17565	0	play	sound	255	dev/pk/can
17613	1	play	sound	255	dev/onas
17616	2	play	sound	255	dev/pk/sal
17628	1	play	sound	255	dev/onas
17634	2	play	sound	255	dev/pk/sal
17643	1	play	sound	255	dev/onas
17652	2	play	sound	255	dev/pk/sal
17658	1	play	sound	255	dev/onas
17670	2	play	sound	255	dev/pk/sal
17670	0	play	sound	229	sfx/explosion/small
17670	0	play	sound	232	sfx/explosion/gas
17673	1	play	sound	255	dev/onas
17688	1	play	sound	255	dev/onas
17688	2	play	sound	255	dev/pk/sal
17823	0	play	sound	255	sfx/energy
17913	1	play	sound	255	dev/onas
17916	2	play	sound	255	dev/pk/sal
17928	1	play	sound	255	dev/onas
17934	2	play	sound	255	dev/pk/sal
17943	1	play	sound	255	dev/onas
17952	2	play	sound	255	dev/pk/sal
17958	1	play	sound	255	dev/onas
17970	2	play	sound	255	dev/pk/sal
17973	1	play	sound	255	dev/onas
17973	0	play	sound	255	sfx/explosion/energy
17985	0	play	sound	255	sfx/explosion/large
17985	1	play	sound	255	sfx/explosion/gas
18027	2	play	sound	255	sfx/explosion/energy
18030	1	play	sound	255	sfx/energy
18099	1	play	sound	128	gui/beep/button
18099	0	play	sound	128	gui/beep/zoom
18108	1	play	sound	128	gui/beep/button
18114	1	play	sound	128	gui/beep/button
18169	0	play	sound	128	gui/beep/zoom
18171	1	play	sound	128	gui/beep/button
18172	0	play	sound	128	gui/beep/zoom
18362	2	play	sound	64	gui/beep/message
18365	2	play	sound	64	gui/beep/message
18368	2	play	sound	64	gui/beep/message
18371	2	play	sound	64	gui/beep/message
18374	2	play	sound	64	gui/beep/message
18377	2	play	sound	64	gui/beep/message
18380	2	play	sound	64	gui/beep/message
18383	2	play	sound	64	gui/beep/message
18386	2	play	sound	64	gui/beep/message
18389	2	play	sound	64	gui/beep/message
18392	2	play	sound	64	gui/beep/message
18395	2	play	sound	64	gui/beep/message
18398	2	play	sound	64	gui/beep/message
18401	2	play	sound	64	gui/beep/message
18404	2	play	sound	64	gui/beep/message
18407	2	play	sound	64	gui/beep/message
18410	2	play	sound	64	gui/beep/message
18413	2	play	sound	64	gui/beep/message
18416	2	play	sound	64	gui/beep/message
18419	2	play	sound	64	gui/beep/message
18422	2	play	sound	64	gui/beep/message
18425	2	play	sound	64	gui/beep/message
18428	2	play	sound	64	gui/beep/message
18431	2	play	sound	64	gui/beep/message
18434	2	play	sound	64	gui/beep/message
18437	2	play	sound	64	gui/beep/message
18440	2	play	sound	64	gui/beep/message
18443	2	play	sound	64	gui/beep/message
18446	2	play	sound	64	gui/beep/message
18449	2	play	sound	64	gui/beep/message
18452	2	play	sound	64	gui/beep/message
18455	2	play	sound	64	gui/beep/message
18458	2	play	sound	64	gui/beep/message
18461	2	play	sound	64	gui/beep/message
18464	2	play	sound	64	gui/beep/message
18467	2	play	sound	64	gui/beep/message
18470	2	play	sound	64	gui/beep/message
18473	2	play	sound	64	gui/beep/message
18476	2	play	sound	64	gui/beep/message
18479	2	play	sound	64	gui/beep/message
18482	2	play	sound	64	gui/beep/message
18485	2	play	sound	64	gui/beep/message
18488	2	play	sound	64	gui/beep/message
18491	2	play	sound	64	gui/beep/message
18494	2	play	sound	64	gui/beep/message
18497	2	play	sound	64	gui/beep/message
18500	2	play	sound	64	gui/beep/message
18503	2	play	sound	64	gui/beep/message
18506	2	play	sound	64	gui/beep/message
18509	2	play	sound	64	gui/beep/message
18512	2	play	sound	64	gui/beep/message
18515	2	play	sound	64	gui/beep/message
18518	2	play	sound	64	gui/beep/message
18521	2	play	sound	64	gui/beep/message
18524	2	play	sound	64	gui/beep/message
18527	2	play	sound	64	gui/beep/message
18530	2	play	sound	64	gui/beep/message
18533	2	play	sound	64	gui/beep/message
18536	2	play	sound	64	gui/beep/message
18539	2	play	sound	64	gui/beep/message
18542	2	play	sound	64	gui/beep/message
18545	2	play	sound	64	gui/beep/message
18548	2	play	sound	64	gui/beep/message
18551	2	play	sound	64	gui/beep/message
18554	2	play	sound	64	gui/beep/message
18557	2	play	sound	64	gui/beep/message
18560	2	play	sound	64	gui/beep/message
18563	2	play	sound	64	gui/beep/message
18566	2	play	sound	64	gui/beep/message
18569	2	play	sound	64	gui/beep/message
18572	2	play	sound	64	gui/beep/message
18575	2	play	sound	64	gui/beep/message
18578	2	play	sound	64	gui/beep/message
18581	2	play	sound	64	gui/beep/message
18584	2	play	sound	64	gui/beep/message
18587	2	play	sound	64	gui/beep/message
18590	2	play	sound	64	gui/beep/message
18593	2	play	sound	64	gui/beep/message
18596	2	play	sound	64	gui/beep/message
18599	2	play	sound	64	gui/beep/message
18602	2	play	sound	64	gui/beep/message
18605	2	play	sound	64	gui/beep/message
18608	2	play	sound	64	gui/beep/message
18611	2	play	sound	64	gui/beep/message
18747	1	play	sound	128	gui/beep/button
18813	1	play	sound	128	gui/beep/button
18882	0	play	sound	255	sfx/warp/charge/1
18906	1	play	sound	255	sfx/warp/charge/2
18930	2	play	sound	255	sfx/warp/charge/3
18957	0	play	sound	255	sfx/warp/charge/4
18981	1	play	sound	255	sfx/warp/in
18996	2	play	sound	59	sfx/explosion/energy
19053	2	play	sound	128	gui/beep/button
19062	2	play	sound	128	gui/beep/button
19176	2	play	sound	41	sfx/warp/out
19218	2	play	sound	255	sfx/warp/out
19245	0	play	sound	128	gui/beep/button
19254	0	play	sound	128	gui/beep/button
19317	1	play	sound	128	gui/beep/zoom
19401	0	play	sound	192	gui/beep/select
19425	0	play	sound	192	gui/beep/select
19449	0	play	sound	192	gui/beep/select
19593	2	play	sound	255	sfx/warp/out
19611	2	play	sound	255	sfx/warp/out
20058	0	play	sound	192	gui/beep/select
20082	0	play	sound	192	gui/beep/select
21858	0	play	sound	255	tpl/transport/land
21885	0	play	sound	255	tpl/transport/land
21900	0	play	sound	255	tpl/transport/land
21912	0	play	sound	255	tpl/transport/land
21945	0	play	sound	255	tpl/transport/land
22044	0	play	sound	255	tpl/transport/land
22050	0	play	sound	255	tpl/transport/land
22059	0	play	sound	255	tpl/transport/land
22080	0	play	sound	255	tpl/transport/land
22113	0	play	sound	255	tpl/transport/land
22500	0	quiet
22500	1	quiet
22500	2	quiet
22500	3	quiet
