0	3	quiet
0	3	loop	music	255	freds-theme
0	3	quiet
0	3	quiet
0	3	loop	music	215	eyes-of-fire
1	0	play	sound	128	gui/beep/zoom
54	1	play	sound	128	gui/beep/button
126	1	play	sound	128	gui/beep/button
192	0	play	sound	192	gui/beep/select
231	0	play	sound	192	gui/beep/select
438	0	play	sound	192	gui/beep/select
438	0	play	sound	192	gui/beep/select
468	0	play	sound	192	gui/beep/select
600	0	play	sound	192	gui/beep/select
600	0	play	sound	192	gui/beep/select
630	0	play	sound	192	gui/beep/select
732	0	play	sound	192	gui/beep/select
732	0	play	sound	192	gui/beep/select
792	2	play	sound	128	gui/beep/build
822	1	play	sound	128	gui/beep/button
849	0	play	sound	255	sfx/warp/charge/1
873	1	play	sound	255	sfx/warp/charge/2
879	2	play	sound	128	gui/beep/button
888	2	play	sound	128	gui/beep/button
897	2	play	sound	255	sfx/warp/charge/3
924	0	play	sound	255	sfx/warp/charge/4
948	1	play	sound	255	sfx/warp/in
1262	2	play	sound	64	gui/beep/message
1265	2	play	sound	64	gui/beep/message
1268	2	play	sound	64	gui/beep/message
1271	2	play	sound	64	gui/beep/message
1274	2	play	sound	64	gui/beep/message
1277	2	play	sound	64	gui/beep/message
1280	2	play	sound	64	gui/beep/message
1283	2	play	sound	64	gui/beep/message
1286	2	play	sound	64	gui/beep/message
1289	2	play	sound	64	gui/beep/message
1292	2	play	sound	64	gui/beep/message
1295	2	play	sound	64	gui/beep/message
1298	2	play	sound	64	gui/beep/message
1301	2	play	sound	64	gui/beep/message
1304	2	play	sound	64	gui/beep/message
1307	2	play	sound	64	gui/beep/message
1310	2	play	sound	64	gui/beep/message
1313	2	play	sound	64	gui/beep/message
1316	2	play	sound	64	gui/beep/message
1319	2	play	sound	64	gui/beep/message
1322	2	play	sound	64	gui/beep/message
1325	2	play	sound	64	gui/beep/message
1328	2	play	sound	64	gui/beep/message
1331	2	play	sound	64	gui/beep/message
1334	2	play	sound	64	gui/beep/message
1337	2	play	sound	64	gui/beep/message
1340	2	play	sound	64	gui/beep/message
1343	2	play	sound	64	gui/beep/message
1346	2	play	sound	64	gui/beep/message
1349	2	play	sound	64	gui/beep/message
1352	2	play	sound	64	gui/beep/message
1355	2	play	sound	64	gui/beep/message
1358	2	play	sound	64	gui/beep/message
1361	2	play	sound	64	gui/beep/message
1364	2	play	sound	64	gui/beep/message
1367	2	play	sound	64	gui/beep/message
1370	2	play	sound	64	gui/beep/message
1373	2	play	sound	64	gui/beep/message
1376	2	play	sound	64	gui/beep/message
1379	2	play	sound	64	gui/beep/message
1382	2	play	sound	64	gui/beep/message
1385	2	play	sound	64	gui/beep/message
1388	2	play	sound	64	gui/beep/message
1391	2	play	sound	64	gui/beep/message
1394	2	play	sound	64	gui/beep/message
1397	2	play	sound	64	gui/beep/message
1400	2	play	sound	64	gui/beep/message
1403	2	play	sound	64	gui/beep/message
1406	2	play	sound	64	gui/beep/message
1409	2	play	sound	64	gui/beep/message
1412	2	play	sound	64	gui/beep/message
1415	2	play	sound	64	gui/beep/message
1418	2	play	sound	64	gui/beep/message
1421	2	play	sound	64	gui/beep/message
1424	2	play	sound	64	gui/beep/message
1427	2	play	sound	64	gui/beep/message
1430	2	play	sound	64	gui/beep/message
1431	2	play	sound	128	gui/beep/build
1433	0	play	sound	64	gui/beep/message
1436	0	play	sound	64	gui/beep/message
1439	0	play	sound	64	gui/beep/message
1442	0	play	sound	64	gui/beep/message
1445	0	play	sound	64	gui/beep/message
1448	0	play	sound	64	gui/beep/message
1451	0	play	sound	64	gui/beep/message
1454	0	play	sound	64	gui/beep/message
1457	0	play	sound	64	gui/beep/message
1460	0	play	sound	64	gui/beep/message
1463	0	play	sound	64	gui/beep/message
1466	0	play	sound	64	gui/beep/message
1469	0	play	sound	64	gui/beep/message
1472	0	play	sound	64	gui/beep/message
1475	0	play	sound	64	gui/beep/message
1478	0	play	sound	64	gui/beep/message
1481	0	play	sound	64	gui/beep/message
1484	0	play	sound	64	gui/beep/message
1491	0	play	sound	128	gui/beep/button
1503	0	play	sound	128	gui/beep/button
1573	1	play	sound	64	gui/beep/message
1576	1	play	sound	64	gui/beep/message
1579	1	play	sound	64	gui/beep/message
1582	1	play	sound	64	gui/beep/message
1585	1	play	sound	64	gui/beep/message
1588	1	play	sound	64	gui/beep/message
1591	1	play	sound	64	gui/beep/message
1594	1	play	sound	64	gui/beep/message
1597	1	play	sound	64	gui/beep/message
1600	1	play	sound	64	gui/beep/message
1603	1	play	sound	64	gui/beep/message
1606	1	play	sound	64	gui/beep/message
1609	1	play	sound	64	gui/beep/message
1612	1	play	sound	64	gui/beep/message
1615	1	play	sound	64	gui/beep/message
1618	1	play	sound	64	gui/beep/message
1621	1	play	sound	64	gui/beep/message
1624	1	play	sound	64	gui/beep/message
1627	1	play	sound	64	gui/beep/message
1630	1	play	sound	64	gui/beep/message
1633	1	play	sound	64	gui/beep/message
1636	1	play	sound	64	gui/beep/message
1639	1	play	sound	64	gui/beep/message
1642	1	play	sound	64	gui/beep/message
1645	1	play	sound	64	gui/beep/message
1648	1	play	sound	64	gui/beep/message
1651	1	play	sound	64	gui/beep/message
1654	1	play	sound	64	gui/beep/message
1656	0	play	sound	128	gui/beep/button
1657	1	play	sound	64	gui/beep/message
1660	1	play	sound	64	gui/beep/message
1663	1	play	sound	64	gui/beep/message
1666	1	play	sound	64	gui/beep/message
1669	1	play	sound	64	gui/beep/message
1672	1	play	sound	64	gui/beep/message
1675	1	play	sound	64	gui/beep/message
1678	1	play	sound	64	gui/beep/message
1681	1	play	sound	64	gui/beep/message
1684	1	play	sound	64	gui/beep/message
1687	1	play	sound	64	gui/beep/message
1690	1	play	sound	64	gui/beep/message
1693	1	play	sound	64	gui/beep/message
1696	1	play	sound	64	gui/beep/message
1699	1	play	sound	64	gui/beep/message
1702	1	play	sound	64	gui/beep/message
1705	1	play	sound	64	gui/beep/message
1708	1	play	sound	64	gui/beep/message
1711	1	play	sound	64	gui/beep/message
1714	1	play	sound	64	gui/beep/message
1717	1	play	sound	64	gui/beep/message
1720	1	play	sound	64	gui/beep/message
1723	1	play	sound	64	gui/beep/message
1726	1	play	sound	64	gui/beep/message
1729	1	play	sound	64	gui/beep/message
1732	1	play	sound	64	gui/beep/message
1735	1	play	sound	64	gui/beep/message
1738	1	play	sound	64	gui/beep/message
1741	1	play	sound	64	gui/beep/message
1744	1	play	sound	64	gui/beep/message
1747	1	play	sound	64	gui/beep/message
1750	1	play	sound	64	gui/beep/message
1839	0	play	sound	255	sfx/warp/out
2136	1	play	sound	192	gui/beep/select
2193	1	play	sound	192	gui/beep/select
2262	2	play	sound	128	gui/beep/build
2313	1	play	sound	255	sfx/warp/charge/1
2415	0	play	sound	128	gui/beep/button
2424	0	play	sound	128	gui/beep/button
2523	0	play	sound	246	sfx/warp/out
2694	2	play	sound	128	gui/beep/button
2700	2	play	sound	128	gui/beep/button
2724	0	play	sound	255	sfx/warp/out
2771	1	play	sound	128	gui/beep/zoom
2812	1	play	sound	128	gui/beep/zoom
2862	1	play	sound	42	sfx/warp/out
2913	2	play	sound	20	dev/fusion
2916	2	play	sound	24	dev/pk/ish
3192	1	play	sound	99	dev/anti
3201	1	play	sound	105	dev/pk/can
3210	1	play	sound	109	sfx/warp/out
3234	1	play	sound	128	dev/pk/can
3240	1	play	sound	131	sfx/explosion/energy
3243	1	play	sound	135	dev/anti
3249	1	play	sound	138	sfx/explosion/small
3288	1	play	sound	156	dev/pk/can
3294	1	play	sound	159	dev/anti
3387	2	play	sound	128	gui/beep/zoom
3390	1	play	sound	183	dev/fusion
3417	0	play	sound	128	gui/beep/button
3423	1	play	sound	128	gui/beep/naughty
3453	0	play	sound	255	dev/lepton
3453	1	play	sound	255	dev/pk/ish
3462	0	play	sound	255	dev/lepton
3471	2	play	sound	251	sfx/warp/out
3471	0	play	sound	255	dev/lepton
3474	1	play	sound	255	dev/pk/ish
3474	2	play	sound	255	sfx/explosion/energy
3480	0	play	sound	255	dev/lepton
3489	0	play	sound	255	dev/lepton
3492	2	play	sound	255	sfx/explosion/energy
3495	1	play	sound	255	dev/pk/ish
3495	2	play	sound	255	sfx/explosion/energy
3498	0	play	sound	255	dev/lepton
3504	2	play	sound	255	sfx/explosion/energy
3507	0	play	sound	255	dev/lepton
3516	1	play	sound	255	dev/pk/can
3516	0	play	sound	255	dev/lepton
3519	2	play	sound	255	sfx/explosion/energy
3525	0	play	sound	255	dev/lepton
3525	2	play	sound	255	sfx/explosion/energy
3528	2	play	sound	255	sfx/explosion/energy
3531	1	play	sound	255	dev/fusion
3534	0	play	sound	255	dev/lepton
3543	0	play	sound	255	dev/lepton
3552	0	play	sound	255	dev/lepton
3552	2	play	sound	255	sfx/explosion/energy
3552	2	play	sound	255	sfx/explosion/energy
3558	1	play	sound	255	dev/pk/ish
3561	0	play	sound	255	dev/lepton
3564	2	play	sound	255	sfx/explosion/energy
3570	0	play	sound	255	dev/lepton
3573	2	play	sound	255	sfx/explosion/energy
3573	2	play	sound	255	sfx/explosion/energy
3579	0	play	sound	255	dev/lepton
3579	1	play	sound	255	dev/pk/ish
3579	2	play	sound	255	sfx/explosion/energy
3588	0	play	sound	255	dev/lepton
3588	2	play	sound	255	sfx/explosion/energy
3591	2	play	sound	255	sfx/explosion/energy
3594	2	play	sound	255	sfx/explosion/energy
3597	0	play	sound	255	dev/lepton
3600	1	play	sound	255	dev/pk/ish
3603	2	play	sound	255	sfx/explosion/energy
3606	0	play	sound	255	dev/lepton
3609	2	play	sound	255	sfx/explosion/energy
3612	2	play	sound	255	sfx/explosion/energy
3615	0	play	sound	255	dev/lepton
3618	2	play	sound	255	sfx/explosion/energy
3621	1	play	sound	255	dev/pk/ish
3624	0	play	sound	255	dev/lepton
3627	1	play	sound	255	dev/pk/ish
3627	2	play	sound	255	sfx/explosion/energy
3627	2	play	sound	255	sfx/explosion/energy
3633	0	play	sound	255	dev/lepton
3633	2	play	sound	255	sfx/explosion/energy
3639	2	play	sound	255	sfx/explosion/energy
3642	0	play	sound	255	dev/lepton
3642	1	play	sound	255	dev/pk/ish
3642	2	play	sound	255	sfx/explosion/energy
3645	2	play	sound	255	sfx/explosion/energy
3648	2	play	sound	255	sfx/explosion/energy
3651	0	play	sound	255	dev/lepton
3660	0	play	sound	255	dev/lepton
3663	1	play	sound	255	dev/pk/ish
3663	1	play	sound	255	dev/pk/ish
3669	0	play	sound	255	dev/lepton
3669	2	play	sound	255	sfx/explosion/energy
3672	2	play	sound	255	sfx/explosion/energy
3678	0	play	sound	255	dev/lepton
3684	1	play	sound	255	dev/pk/ish
3687	2	play	sound	255	sfx/explosion/energy
3747	0	play	sound	255	dev/fusion
3747	1	play	sound	255	dev/pk/ish
3753	2	play	sound	255	dev/anti
3756	1	play	sound	255	dev/pk/ish
3765	0	play	sound	255	dev/lepton
3765	2	play	sound	255	sfx/explosion/energy
3768	1	play	sound	255	dev/pk/ish
3774	0	play	sound	255	dev/lepton
3777	1	play	sound	255	dev/pk/ish
3783	0	play	sound	255	dev/lepton
3786	2	play	sound	255	sfx/explosion/energy
3789	2	play	sound	255	sfx/explosion/energy
3792	0	play	sound	255	dev/lepton
3795	1	play	sound	255	dev/pk/can
3795	2	play	sound	255	sfx/explosion/energy
3795	2	play	sound	255	sfx/explosion/energy
3801	0	play	sound	255	dev/lepton
3807	2	play	sound	255	sfx/explosion/energy
3810	0	play	sound	255	dev/lepton
3813	2	play	sound	255	sfx/explosion/energy
3816	2	play	sound	255	sfx/explosion/energy
3819	0	play	sound	255	dev/lepton
3819	1	play	sound	255	dev/pk/ish
3822	2	play	sound	255	sfx/explosion/energy
3828	0	play	sound	255	dev/lepton
3834	2	play	sound	255	sfx/explosion/energy
3837	0	play	sound	255	dev/lepton
3837	2	play	sound	255	sfx/explosion/energy
3840	1	play	sound	223	dev/anti
3840	1	play	sound	255	dev/pk/ish
3840	2	play	sound	255	sfx/explosion/energy
3846	0	play	sound	255	dev/lepton
3852	1	play	sound	220	sfx/explosion/energy
3855	1	play	sound	221	sfx/warp/charge/1
3855	0	play	sound	255	dev/lepton
3855	2	play	sound	255	sfx/explosion/energy
3858	2	play	sound	255	sfx/explosion/energy
3861	1	play	sound	255	dev/pk/ish
3864	0	play	sound	255	dev/lepton
3873	0	play	sound	255	dev/lepton
3873	2	play	sound	255	sfx/explosion/energy
3873	2	play	sound	255	sfx/explosion/energy
3879	1	play	sound	214	sfx/warp/charge/2
3882	2	play	sound	255	sfx/explosion/energy
3891	0	play	sound	128	gui/beep/button
3891	2	play	sound	255	sfx/explosion/energy
3903	0	play	sound	206	sfx/warp/charge/3
3915	0	play	sound	255	dev/pk/ish
3918	1	play	sound	255	dev/lepton
3927	1	play	sound	255	dev/lepton
3930	2	play	sound	195	sfx/warp/charge/4
3936	1	play	sound	255	dev/lepton
3936	0	play	sound	255	dev/pk/ish
3945	1	play	sound	255	dev/lepton
3954	0	play	sound	183	sfx/warp/in
3954	1	play	sound	255	dev/lepton
3957	0	play	sound	255	dev/pk/ish
3963	1	play	sound	255	dev/lepton
3972	1	play	sound	255	dev/lepton
3978	0	play	sound	255	dev/pk/ish
3981	1	play	sound	255	dev/lepton
3990	1	play	sound	255	dev/lepton
3999	1	play	sound	255	dev/lepton
3999	0	play	sound	255	dev/pk/ish
4008	1	play	sound	255	dev/lepton
4017	1	play	sound	255	dev/lepton
4020	0	play	sound	255	dev/pk/ish
4026	1	play	sound	255	dev/lepton
4035	1	play	sound	255	dev/lepton
4041	0	play	sound	255	dev/pk/ish
4044	1	play	sound	255	dev/lepton
4053	1	play	sound	255	dev/lepton
4062	1	play	sound	255	dev/lepton
4062	0	play	sound	255	dev/pk/ish
4071	1	play	sound	255	dev/lepton
4080	1	play	sound	255	dev/lepton
4083	0	play	sound	255	dev/pk/ish
4089	1	play	sound	255	dev/lepton
4098	1	play	sound	255	dev/lepton
4104	0	play	sound	255	dev/pk/ish
4104	2	play	sound	255	sfx/explosion/large
4107	1	play	sound	255	dev/lepton
4116	1	play	sound	255	dev/lepton
4122	0	play	sound	255	sfx/explosion/energy
4122	0	play	sound	255	sfx/explosion/energy
4125	1	play	sound	255	dev/lepton
4125	2	play	sound	255	dev/pk/ish
4134	1	play	sound	255	dev/lepton
4134	0	play	sound	255	sfx/explosion/energy
4137	0	play	sound	255	sfx/explosion/energy
4143	0	play	sound	255	sfx/explosion/energy
4149	0	play	sound	255	sfx/explosion/energy
4161	0	play	sound	255	sfx/explosion/energy
4161	0	play	sound	255	sfx/explosion/energy
4164	0	play	sound	255	sfx/explosion/energy
4167	2	play	sound	255	sfx/energy
4167	2	play	sound	255	sfx/energy
4167	0	play	sound	255	sfx/explosion/energy
4170	2	play	sound	255	sfx/energy
4173	0	play	sound	255	sfx/explosion/energy
4176	0	play	sound	255	sfx/explosion/energy
4185	0	play	sound	255	sfx/explosion/energy
4185	0	play	sound	255	sfx/explosion/energy
4185	0	play	sound	255	sfx/explosion/energy
4185	0	play	sound	255	sfx/explosion/energy
4185	0	play	sound	255	sfx/explosion/energy
4185	0	play	sound	255	sfx/explosion/energy
4185	0	play	sound	255	sfx/explosion/energy
4185	0	play	sound	255	sfx/explosion/energy
4185	0	play	sound	255	sfx/explosion/energy
4185	0	play	sound	255	sfx/explosion/energy
4185	0	play	sound	255	sfx/explosion/energy
4185	0	play	sound	255	sfx/explosion/energy
4194	0	play	sound	255	sfx/explosion/energy
4200	1	play	sound	128	gui/beep/build
4231	2	play	sound	128	gui/beep/zoom
4290	0	play	sound	128	gui/beep/button
4299	0	play	sound	128	gui/beep/button
5304	0	play	sound	192	gui/beep/select
6057	1	play	sound	128	gui/beep/button
6384	1	play	sound	128	gui/beep/button
6390	2	play	sound	128	gui/beep/naughty
6723	0	play	sound	128	gui/beep/build
7425	0	play	sound	192	gui/beep/select
7590	0	play	sound	192	gui/beep/select
7590	0	play	sound	192	gui/beep/select
7692	0	play	sound	192	gui/beep/select
7815	0	play	sound	192	gui/beep/select
7815	0	play	sound	192	gui/beep/select
8220	1	play	sound	128	gui/beep/button
8229	1	play	sound	128	gui/beep/button
8418	1	play	sound	128	gui/beep/button
8427	1	play	sound	128	gui/beep/button
9057	1	play	sound	128	gui/beep/button
9198	0	play	sound	192	gui/beep/select
9363	2	play	sound	128	gui/beep/build
9582	1	play	sound	128	gui/beep/order
9594	0	play	sound	192	gui/beep/select
9609	1	play	sound	128	gui/beep/order
9618	0	play	sound	192	gui/beep/select
9633	1	play	sound	128	gui/beep/order
9639	0	play	sound	192	gui/beep/select
9654	1	play	sound	128	gui/beep/order
9663	0	play	sound	192	gui/beep/select
9678	1	play	sound	128	gui/beep/order
9690	0	play	sound	192	gui/beep/select
9705	1	play	sound	128	gui/beep/order
9714	0	play	sound	192	gui/beep/select
9732	1	play	sound	128	gui/beep/order
9909	0	play	sound	255	sfx/warp/out
9930	2	play	sound	128	gui/beep/button
9933	0	play	sound	255	sfx/warp/out
9936	2	play	sound	128	gui/beep/button
9957	0	play	sound	255	sfx/warp/out
10131	1	play	sound	255	sfx/warp/charge/1
10155	2	play	sound	255	sfx/warp/charge/2
10179	0	play	sound	255	sfx/warp/charge/3
10194	1	play	sound	128	gui/beep/button
10203	1	play	sound	128	gui/beep/button
10206	1	play	sound	255	sfx/warp/charge/4
10230	2	play	sound	255	sfx/warp/in
10248	0	play	sound	255	sfx/warp/charge/1
10272	1	play	sound	191	sfx/warp/charge/2
10296	2	play	sound	65	sfx/warp/charge/3
10479	2	play	sound	128	gui/beep/button
10488	2	play	sound	128	gui/beep/button
10761	0	play	sound	128	gui/beep/zoom
10770	0	play	sound	255	dev/lepton
10770	1	play	sound	255	dev/pk/ish
10779	0	play	sound	255	dev/lepton
10788	0	play	sound	255	dev/lepton
10791	1	play	sound	255	dev/pk/ish
10797	0	play	sound	255	dev/lepton
10806	0	play	sound	255	dev/lepton
10812	1	play	sound	255	dev/pk/ish
10815	0	play	sound	255	dev/lepton
10824	0	play	sound	255	dev/lepton
10833	0	play	sound	255	dev/lepton
10833	1	play	sound	255	dev/pk/ish
10842	0	play	sound	255	dev/lepton
10845	2	play	sound	255	sfx/explosion/energy
10851	0	play	sound	255	dev/lepton
10854	1	play	sound	255	dev/pk/ish
10860	0	play	sound	255	dev/lepton
10869	0	play	sound	255	dev/lepton
10875	1	play	sound	255	dev/pk/ish
10878	0	play	sound	255	dev/lepton
10887	0	play	sound	255	dev/lepton
10896	0	play	sound	255	dev/lepton
10896	1	play	sound	255	dev/pk/ish
10905	0	play	sound	255	dev/lepton
10908	2	play	sound	255	sfx/explosion/energy
10914	0	play	sound	255	dev/lepton
10917	1	play	sound	255	dev/pk/ish
10923	0	play	sound	255	dev/lepton
10929	2	play	sound	255	sfx/explosion/energy
10932	0	play	sound	255	dev/lepton
10938	1	play	sound	255	dev/pk/ish
10941	0	play	sound	255	dev/lepton
10950	0	play	sound	255	dev/lepton
10950	2	play	sound	255	sfx/explosion/energy
10959	0	play	sound	255	dev/lepton
10959	1	play	sound	255	dev/pk/ish
10968	0	play	sound	255	dev/lepton
10971	2	play	sound	255	sfx/explosion/energy
10977	0	play	sound	255	dev/lepton
10980	1	play	sound	255	dev/pk/ish
10986	0	play	sound	255	dev/lepton
10992	2	play	sound	255	sfx/explosion/energy
10995	0	play	sound	255	dev/lepton
11001	1	play	sound	255	dev/pk/ish
11004	0	play	sound	255	dev/lepton
11013	0	play	sound	255	dev/lepton
11022	0	play	sound	255	dev/lepton
11022	1	play	sound	255	dev/pk/ish
11031	0	play	sound	255	dev/lepton
11040	0	play	sound	255	dev/lepton
11043	1	play	sound	255	dev/pk/ish
11049	0	play	sound	255	dev/lepton
11058	0	play	sound	255	dev/lepton
11064	1	play	sound	255	dev/pk/ish
11067	0	play	sound	255	dev/lepton
11076	0	play	sound	255	dev/lepton
11085	0	play	sound	255	dev/lepton
11085	1	play	sound	255	dev/pk/ish
11094	0	play	sound	255	dev/lepton
11103	0	play	sound	255	dev/lepton
11106	1	play	sound	255	dev/pk/ish
11109	2	play	sound	255	sfx/explosion/energy
11109	2	play	sound	255	sfx/explosion/energy
11112	0	play	sound	255	dev/lepton
11112	2	play	sound	255	sfx/explosion/energy
11115	2	play	sound	255	sfx/explosion/energy
11121	0	play	sound	255	dev/lepton
11121	2	play	sound	255	sfx/explosion/energy
11127	1	play	sound	255	dev/pk/ish
11127	2	play	sound	255	sfx/explosion/energy
11130	0	play	sound	255	dev/lepton
11139	0	play	sound	255	dev/lepton
11148	0	play	sound	255	dev/lepton
11148	1	play	sound	255	dev/pk/ish
11157	0	play	sound	255	dev/lepton
11160	2	play	sound	123	sfx/warp/out
11166	0	play	sound	255	dev/lepton
11169	1	play	sound	255	dev/pk/ish
11175	0	play	sound	255	dev/lepton
11181	2	play	sound	255	sfx/warp/out
11184	0	play	sound	255	dev/lepton
11184	1	play	sound	255	sfx/explosion/energy
11190	1	play	sound	255	sfx/explosion/energy
11193	0	play	sound	255	dev/lepton
11196	1	play	sound	255	sfx/explosion/energy
11199	2	play	sound	255	sfx/warp/out
11211	0	play	sound	255	dev/cluster
11217	1	play	sound	255	sfx/explosion/energy
11217	1	play	sound	255	sfx/explosion/energy
11217	1	play	sound	255	sfx/explosion/energy
11226	2	play	sound	255	dev/cluster
11229	1	play	sound	255	sfx/explosion/energy
11229	1	play	sound	255	sfx/explosion/energy
11232	0	play	sound	255	dev/lepton
11235	2	play	sound	255	dev/pk/ish
11241	0	play	sound	255	dev/lepton
11247	1	play	sound	255	sfx/explosion/energy
11247	1	play	sound	255	sfx/explosion/energy
11247	1	play	sound	255	sfx/explosion/energy
11250	0	play	sound	255	dev/lepton
11256	2	play	sound	255	dev/pk/ish
11256	1	play	sound	255	sfx/explosion/energy
11256	1	play	sound	255	sfx/explosion/energy
11259	0	play	sound	255	dev/lepton
11259	1	play	sound	255	sfx/explosion/energy
11265	1	play	sound	255	sfx/explosion/energy
11265	1	play	sound	255	sfx/explosion/energy
11268	0	play	sound	255	dev/lepton
11271	2	play	sound	255	dev/cluster
11271	1	play	sound	255	sfx/explosion/energy
11274	1	play	sound	255	sfx/explosion/energy
11274	1	play	sound	255	sfx/explosion/energy
11277	0	play	sound	255	dev/lepton
11277	2	play	sound	255	dev/pk/ish
11280	1	play	sound	255	sfx/explosion/energy
11286	0	play	sound	255	dev/lepton
11286	1	play	sound	255	sfx/explosion/energy
11286	1	play	sound	255	sfx/explosion/energy
11286	1	play	sound	255	sfx/explosion/energy
11289	1	play	sound	255	sfx/explosion/energy
11295	0	play	sound	255	dev/lepton
11298	2	play	sound	255	dev/pk/ish
11298	1	play	sound	255	sfx/explosion/energy
11298	1	play	sound	255	sfx/explosion/energy
11298	1	play	sound	255	sfx/explosion/energy
11304	0	play	sound	255	dev/lepton
11304	1	play	sound	255	sfx/explosion/energy
11304	1	play	sound	255	sfx/explosion/energy
11313	0	play	sound	255	dev/lepton
11313	1	play	sound	255	sfx/explosion/energy
11313	1	play	sound	255	sfx/explosion/energy
11316	2	play	sound	255	dev/cluster
11319	2	play	sound	255	dev/pk/ish
11322	0	play	sound	255	dev/lepton
11322	1	play	sound	255	sfx/explosion/energy
11325	1	play	sound	255	sfx/explosion/energy
11328	1	play	sound	255	sfx/explosion/energy
11331	0	play	sound	255	dev/lepton
11331	2	play	sound	255	dev/cluster
11331	1	play	sound	255	sfx/explosion/energy
11340	0	play	sound	255	dev/lepton
11340	2	play	sound	255	dev/pk/ish
11340	1	play	sound	255	sfx/explosion/energy
11343	1	play	sound	255	sfx/explosion/energy
11343	1	play	sound	255	sfx/explosion/energy
11346	1	play	sound	255	sfx/explosion/energy
11349	0	play	sound	255	dev/lepton
11358	0	play	sound	255	dev/lepton
11358	1	play	sound	255	sfx/explosion/energy
11358	1	play	sound	255	sfx/explosion/energy
11361	2	play	sound	255	dev/pk/ish
11367	0	play	sound	255	dev/lepton
11367	1	play	sound	255	sfx/explosion/energy
11367	1	play	sound	255	sfx/explosion/energy
11373	1	play	sound	255	sfx/explosion/energy
11373	1	play	sound	255	sfx/explosion/energy
11373	1	play	sound	255	sfx/explosion/energy
11376	0	play	sound	255	dev/lepton
11376	2	play	sound	255	dev/cluster
11379	1	play	sound	255	sfx/explosion/energy
11382	2	play	sound	255	dev/pk/ish
11385	0	play	sound	255	dev/lepton
11385	1	play	sound	255	sfx/explosion/energy
11388	1	play	sound	255	sfx/explosion/energy
11391	1	play	sound	255	sfx/explosion/energy
11394	2	play	sound	255	dev/pk/can
11394	0	play	sound	255	dev/lepton
11397	1	play	sound	255	sfx/explosion/energy
11397	1	play	sound	255	sfx/explosion/energy
11400	1	play	sound	255	sfx/explosion/energy
11403	0	play	sound	255	dev/lepton
11403	1	play	sound	255	sfx/explosion/energy
11406	2	play	sound	255	dev/cluster
11409	1	play	sound	255	sfx/explosion/energy
11412	0	play	sound	255	dev/lepton
11415	1	play	sound	255	sfx/explosion/energy
11421	0	play	sound	255	dev/lepton
11421	2	play	sound	255	dev/cluster
11424	2	play	sound	255	dev/pk/ish
11430	0	play	sound	255	dev/lepton
11433	1	play	sound	255	sfx/explosion/energy
11436	2	play	sound	255	dev/cluster
11436	0	play	sound	255	sfx/explosion/gas
11439	2	play	sound	255	dev/lepton
11448	2	play	sound	255	dev/lepton
11463	1	play	sound	209	dev/fusion
11472	2	play	sound	160	dev/fusion
11478	2	play	sound	165	dev/pk/ish
11499	2	play	sound	178	dev/anti
11499	0	play	sound	177	dev/pk/can
11502	1	play	sound	173	sfx/explosion/energy
11502	1	play	sound	176	sfx/explosion/energy
11511	0	play	sound	132	dev/stealth/off
11511	2	play	sound	132	dev/anti
11517	0	play	sound	199	dev/pk/can
11520	1	play	sound	178	dev/pk/can
11520	1	play	sound	191	sfx/explosion/energy
11532	2	play	sound	136	dev/pk/can
11538	2	play	sound	195	dev/pk/can
11538	0	play	sound	126	sfx/explosion/energy
11544	0	play	sound	255	dev/pk/ish
11547	1	play	sound	255	dev/lepton
11550	2	play	sound	156	dev/stealth/off
11556	1	play	sound	255	dev/lepton
11559	0	play	sound	137	sfx/explosion/energy
11562	0	play	sound	144	dev/pk/can
11565	1	play	sound	255	dev/lepton
11565	0	play	sound	255	dev/pk/ish
11565	0	play	sound	136	sfx/explosion/large
11565	0	play	sound	138	sfx/explosion/energy
11574	1	play	sound	255	dev/lepton
11577	0	play	sound	251	dev/cm
11583	1	play	sound	255	dev/lepton
11586	2	play	sound	159	dev/lepton
11586	2	play	sound	161	dev/pk/ish
11586	2	play	sound	255	dev/pk/ish
11592	1	play	sound	255	dev/lepton
11601	1	play	sound	255	dev/lepton
11604	2	play	sound	150	dev/lepton
11607	0	play	sound	255	dev/pk/ish
11607	2	play	sound	159	sfx/energy
11610	1	play	sound	255	dev/lepton
11613	2	play	sound	255	dev/pk/can
11619	1	play	sound	255	dev/lepton
11622	0	play	sound	141	dev/lepton
11622	0	play	sound	255	sfx/explosion/energy
11622	0	play	sound	255	sfx/explosion/energy
11628	2	play	sound	159	dev/fusion
11628	2	play	sound	160	dev/pk/ish
11628	1	play	sound	255	dev/lepton
11628	2	play	sound	255	dev/pk/ish
11637	1	play	sound	255	dev/lepton
11640	2	play	sound	134	dev/lepton
11646	1	play	sound	255	dev/lepton
11646	0	play	sound	111	sfx/explosion/energy
11649	0	play	sound	156	dev/pk/ish
11649	0	play	sound	255	dev/pk/ish
11649	2	play	sound	255	dev/cm
11655	1	play	sound	255	dev/lepton
11664	0	play	sound	152	dev/fusion
11664	1	play	sound	255	dev/lepton
11670	0	play	sound	255	dev/pk/ish
11673	1	play	sound	255	dev/lepton
11682	1	play	sound	255	dev/lepton
11688	2	play	sound	255	sfx/explosion/energy
11691	1	play	sound	255	dev/lepton
11691	0	play	sound	255	dev/pk/ish
11691	2	play	sound	255	sfx/explosion/energy
11697	2	play	sound	255	sfx/explosion/energy
11700	1	play	sound	255	dev/lepton
11703	0	play	sound	93	dev/stealth/on
11703	2	play	sound	255	sfx/explosion/energy
11703	0	play	sound	255	sfx/explosion/gas
11709	1	play	sound	255	dev/lepton
11709	2	play	sound	255	sfx/explosion/energy
11712	2	play	sound	255	sfx/explosion/energy
11718	1	play	sound	255	dev/lepton
11721	2	play	sound	255	sfx/explosion/energy
11727	1	play	sound	255	dev/lepton
11727	2	play	sound	255	sfx/explosion/energy
11730	2	play	sound	255	sfx/explosion/energy
11736	1	play	sound	255	dev/lepton
11739	2	play	sound	255	sfx/explosion/energy
11742	0	play	sound	82	dev/pk/ish
11742	0	play	sound	255	dev/cluster
11745	1	play	sound	255	dev/lepton
11745	2	play	sound	255	sfx/explosion/energy
11745	2	play	sound	255	sfx/explosion/energy
11751	0	play	sound	75	dev/fusion
11754	1	play	sound	255	dev/lepton
11754	0	play	sound	255	dev/pk/ish
11754	2	play	sound	255	sfx/explosion/energy
11763	1	play	sound	255	dev/lepton
11766	0	play	sound	56	dev/fusion
11766	2	play	sound	255	sfx/explosion/energy
11766	2	play	sound	255	sfx/explosion/energy
11772	1	play	sound	255	dev/lepton
11772	0	play	sound	255	dev/cluster
11772	2	play	sound	255	sfx/explosion/energy
11775	0	play	sound	255	dev/pk/ish
11778	2	play	sound	255	sfx/explosion/energy
11781	1	play	sound	255	dev/lepton
11787	0	play	sound	255	dev/cluster
11787	2	play	sound	255	sfx/explosion/energy
11790	1	play	sound	255	dev/lepton
11790	2	play	sound	255	sfx/explosion/energy
11793	2	play	sound	255	sfx/explosion/energy
11793	2	play	sound	255	sfx/explosion/energy
11796	0	play	sound	255	dev/pk/ish
11796	2	play	sound	255	sfx/explosion/energy
11799	1	play	sound	255	dev/lepton
11805	2	play	sound	255	sfx/explosion/energy
11808	1	play	sound	255	dev/lepton
11808	2	play	sound	255	sfx/explosion/energy
11814	0	play	sound	133	dev/lepton
11814	2	play	sound	255	sfx/explosion/energy
11817	0	play	sound	255	dev/lepton
11823	1	play	sound	135	dev/lepton
11823	2	play	sound	255	sfx/explosion/energy
11826	0	play	sound	255	dev/lepton
11826	2	play	sound	255	sfx/explosion/energy
11832	1	play	sound	137	dev/lepton
11832	1	play	sound	255	dev/cluster
11832	2	play	sound	255	sfx/explosion/energy
11835	0	play	sound	255	dev/lepton
11838	1	play	sound	255	dev/pk/ish
11844	0	play	sound	255	dev/lepton
11847	2	play	sound	255	sfx/explosion/energy
11850	2	play	sound	255	sfx/explosion/energy
11850	2	play	sound	255	sfx/explosion/energy
11853	0	play	sound	255	dev/lepton
11859	1	play	sound	255	dev/pk/ish
11859	2	play	sound	255	sfx/explosion/energy
11862	0	play	sound	255	dev/lepton
11868	2	play	sound	255	sfx/explosion/energy
11868	2	play	sound	255	sfx/explosion/energy
11871	0	play	sound	255	dev/lepton
11874	1	play	sound	255	dev/pk/can
11877	2	play	sound	255	sfx/explosion/energy
11880	0	play	sound	255	dev/lepton
11880	2	play	sound	255	sfx/explosion/energy
11889	0	play	sound	255	dev/lepton
11892	1	play	sound	255	dev/cluster
11892	1	play	sound	28	dev/fusion
11892	1	play	sound	29	dev/pk/ish
11895	1	play	sound	255	dev/pk/can
11895	2	play	sound	255	sfx/explosion/energy
11898	0	play	sound	255	dev/lepton
11898	2	play	sound	255	sfx/explosion/energy
11907	0	play	sound	255	dev/lepton
11907	1	play	sound	255	dev/cluster
11913	2	play	sound	255	sfx/explosion/energy
11913	2	play	sound	255	sfx/explosion/energy
11916	0	play	sound	255	dev/lepton
11916	1	play	sound	255	dev/bay
11925	0	play	sound	255	dev/lepton
11925	2	play	sound	255	sfx/explosion/energy
11928	1	play	sound	7	dev/anti
11934	0	play	sound	255	dev/lepton
11934	1	play	sound	10	sfx/explosion/energy
11934	1	play	sound	15	sfx/explosion/energy
11934	1	play	sound	255	sfx/explosion/energy
11934	0	play	sound	255	sfx/explosion/large
11934	1	play	sound	255	sfx/explosion/energy
11943	1	play	sound	255	sfx/explosion/energy
11952	2	play	sound	255	dev/lepton
11952	1	play	sound	255	sfx/explosion/energy
11955	1	play	sound	255	sfx/explosion/energy
11958	1	play	sound	255	sfx/explosion/energy
11961	2	play	sound	255	dev/lepton
11964	0	play	sound	255	dev/pk/ish
11970	2	play	sound	255	dev/lepton
11976	0	play	sound	162	dev/lepton
11976	1	play	sound	255	sfx/explosion/energy
11979	0	play	sound	255	dev/pk/can
11979	2	play	sound	255	dev/lepton
11982	1	play	sound	255	sfx/explosion/energy
11991	0	play	sound	162	dev/pk/ish
11994	2	play	sound	162	dev/lepton
11994	2	play	sound	255	dev/lepton
11994	0	play	sound	255	dev/pk/ish
11994	1	play	sound	255	sfx/explosion/energy
12003	2	play	sound	255	dev/lepton
12012	0	play	sound	165	dev/lepton
12012	0	play	sound	255	dev/lepton
12012	1	play	sound	255	sfx/explosion/energy
12015	2	play	sound	255	dev/pk/ish
12021	0	play	sound	255	dev/lepton
12027	1	play	sound	255	sfx/explosion/energy
12030	2	play	sound	170	dev/fusion
12030	0	play	sound	255	dev/lepton
12030	1	play	sound	255	sfx/explosion/energy
12033	1	play	sound	255	sfx/explosion/energy
12036	2	play	sound	255	dev/pk/ish
12039	0	play	sound	255	dev/lepton
12048	2	play	sound	170	dev/lepton
12048	0	play	sound	255	dev/lepton
12048	2	play	sound	255	sfx/energy
12051	2	play	sound	255	sfx/energy
12051	2	play	sound	255	sfx/energy
12054	1	play	sound	255	dev/pk/can
12057	0	play	sound	255	dev/lepton
12060	2	play	sound	255	sfx/energy
12066	1	play	sound	171	dev/lepton
12066	0	play	sound	255	dev/lepton
12072	2	play	sound	255	sfx/energy
12075	0	play	sound	255	dev/lepton
12075	1	play	sound	255	sfx/explosion/energy
12084	0	play	sound	255	dev/lepton
12090	2	play	sound	118	dev/pk/can
12093	0	play	sound	255	dev/lepton
12099	2	play	sound	255	dev/pk/ish
12102	1	play	sound	141	dev/fusion
12102	0	play	sound	255	dev/lepton
12105	1	play	sound	255	sfx/explosion/energy
12111	2	play	sound	112	dev/pk/can
12111	0	play	sound	255	dev/lepton
12120	0	play	sound	255	dev/lepton
12120	2	play	sound	255	dev/pk/ish
12129	0	play	sound	255	dev/lepton
12132	1	play	sound	109	dev/pk/can
12132	2	play	sound	55	dev/fusion
12135	1	play	sound	255	dev/pk/can
12135	2	play	sound	106	sfx/explosion/energy
12138	2	play	sound	128	dev/fusion
12138	0	play	sound	255	dev/lepton
12141	2	play	sound	255	dev/pk/ish
12147	0	play	sound	255	dev/lepton
12156	1	play	sound	255	dev/pk/can
12156	0	play	sound	255	dev/lepton
12159	2	play	sound	255	sfx/explosion/energy
12165	0	play	sound	255	dev/lepton
12165	2	play	sound	255	sfx/explosion/energy
12174	1	play	sound	138	dev/lepton
12174	0	play	sound	255	dev/lepton
12174	2	play	sound	255	sfx/explosion/energy
12183	1	play	sound	139	dev/lepton
12183	0	play	sound	255	dev/lepton
12183	1	play	sound	255	dev/pk/ish
12186	2	play	sound	255	sfx/explosion/energy
12189	2	play	sound	255	sfx/explosion/energy
12189	2	play	sound	255	sfx/explosion/energy
12192	0	play	sound	255	dev/lepton
12198	2	play	sound	255	sfx/explosion/energy
12201	1	play	sound	133	dev/lepton
12201	0	play	sound	255	dev/lepton
12204	1	play	sound	255	dev/pk/ish
12210	0	play	sound	255	dev/lepton
12216	2	play	sound	255	sfx/explosion/energy
12216	2	play	sound	255	sfx/explosion/energy
12219	0	play	sound	255	dev/lepton
12222	1	play	sound	126	sfx/energy
12225	1	play	sound	255	dev/pk/ish
12228	0	play	sound	255	dev/lepton
12228	2	play	sound	255	sfx/explosion/energy
12240	1	play	sound	128	gui/beep/button
12252	1	play	sound	255	dev/pk/can
12252	0	play	sound	255	sfx/energy
12255	0	play	sound	255	sfx/energy
12258	2	play	sound	255	dev/lepton
12267	2	play	sound	255	dev/lepton
12270	1	play	sound	255	dev/anti
12270	0	play	sound	255	dev/pk/can
12276	2	play	sound	255	dev/lepton
12276	1	play	sound	255	dev/anti
12276	0	play	sound	255	dev/pk/can
12285	2	play	sound	255	dev/lepton
12294	2	play	sound	255	dev/lepton
12294	0	play	sound	255	sfx/explosion/energy
12297	1	play	sound	255	dev/pk/can
12300	0	play	sound	255	sfx/explosion/energy
12303	2	play	sound	255	dev/lepton
12303	0	play	sound	255	sfx/explosion/energy
12306	1	play	sound	255	dev/pk/can
12312	2	play	sound	255	dev/lepton
12312	0	play	sound	255	sfx/explosion/energy
12312	0	play	sound	255	sfx/explosion/energy
12315	1	play	sound	255	dev/pk/can
12318	1	play	sound	255	dev/pk/can
12321	2	play	sound	255	dev/lepton
12327	1	play	sound	255	dev/pk/can
12330	2	play	sound	255	dev/lepton
12336	0	play	sound	255	sfx/explosion/energy
12339	1	play	sound	96	dev/lepton
12339	1	play	sound	255	dev/lepton
12345	2	play	sound	255	dev/pk/ish
12345	0	play	sound	255	sfx/explosion/energy
12348	1	play	sound	255	dev/lepton
12357	2	play	sound	96	dev/lepton
12357	1	play	sound	255	dev/lepton
12360	2	play	sound	255	dev/pk/can
12366	1	play	sound	255	dev/lepton
12366	0	play	sound	255	dev/pk/ish
12372	2	play	sound	255	sfx/explosion/energy
12375	1	play	sound	255	dev/lepton
12381	0	play	sound	255	dev/pk/can
12384	1	play	sound	255	dev/lepton
12393	1	play	sound	255	dev/lepton
12402	1	play	sound	255	dev/lepton
12408	0	play	sound	255	dev/pk/ish
12411	1	play	sound	255	dev/lepton
12417	2	play	sound	255	dev/pk/can
12420	1	play	sound	255	dev/lepton
12429	1	play	sound	255	dev/lepton
12429	0	play	sound	255	dev/pk/ish
12432	2	play	sound	144	dev/fusion
12438	1	play	sound	255	dev/lepton
12441	0	play	sound	120	dev/anti
12447	1	play	sound	255	dev/lepton
12450	0	play	sound	255	dev/pk/ish
12456	1	play	sound	255	dev/lepton
12459	2	play	sound	137	sfx/explosion/energy
12465	1	play	sound	255	dev/lepton
12471	0	play	sound	255	dev/pk/ish
12474	1	play	sound	255	dev/lepton
12480	2	play	sound	127	dev/fusion
12480	2	play	sound	128	dev/pk/ish
12483	1	play	sound	255	dev/lepton
12489	0	play	sound	110	dev/lepton
12492	0	play	sound	255	dev/lepton
12492	2	play	sound	255	dev/pk/ish
12498	1	play	sound	114	dev/lepton
12501	0	play	sound	255	dev/lepton
12504	1	play	sound	255	dev/pk/can
12507	2	play	sound	113	dev/lepton
12507	2	play	sound	255	sfx/explosion/energy
12507	2	play	sound	255	sfx/explosion/energy
12510	0	play	sound	255	dev/lepton
12516	1	play	sound	120	dev/lepton
12519	0	play	sound	255	dev/lepton
12525	1	play	sound	138	dev/fusion
12528	2	play	sound	122	dev/lepton
12528	2	play	sound	124	dev/pk/ish
12528	0	play	sound	255	dev/lepton
12534	2	play	sound	255	dev/pk/ish
12537	1	play	sound	129	dev/lepton
12540	1	play	sound	139	sfx/explosion/energy
12543	0	play	sound	128	gui/beep/build
12546	0	play	sound	130	dev/lepton
12549	1	play	sound	143	sfx/explosion/energy
12555	0	play	sound	255	dev/stealth/off
12555	1	play	sound	255	dev/anti
12558	2	play	sound	145	sfx/explosion/energy
12561	2	play	sound	255	dev/lepton
12570	1	play	sound	144	dev/anti
12570	1	play	sound	145	dev/pk/can
12573	2	play	sound	142	sfx/explosion/energy
12573	2	play	sound	143	sfx/explosion/energy
12573	2	play	sound	255	sfx/explosion/energy
12576	0	play	sound	137	dev/fusion
12576	0	play	sound	255	dev/lepton
12576	2	play	sound	255	sfx/explosion/energy
12582	1	play	sound	148	sfx/explosion/energy
12588	0	play	sound	147	sfx/explosion/energy
12591	0	play	sound	150	dev/pk/can
12591	0	play	sound	173	dev/fusion
12591	1	play	sound	173	dev/pk/ish
12594	0	play	sound	255	dev/pk/can
12597	2	play	sound	144	sfx/explosion/energy
12606	1	play	sound	255	dev/lepton
12609	2	play	sound	154	dev/stealth/on
12621	0	play	sound	143	dev/lepton
12621	1	play	sound	142	dev/pk/ish
12627	0	play	sound	152	sfx/explosion/energy
12630	2	play	sound	139	dev/lepton
12630	1	play	sound	150	sfx/explosion/energy
12636	2	play	sound	255	dev/lepton
12645	0	play	sound	255	dev/pk/can
12645	1	play	sound	150	sfx/explosion/energy
12645	1	play	sound	153	sfx/explosion/energy
12651	2	play	sound	255	dev/lepton
12657	0	play	sound	150	dev/fusion
12657	0	play	sound	151	dev/pk/ish
12663	2	play	sound	140	sfx/explosion/energy
12666	0	play	sound	255	dev/pk/can
12669	1	play	sound	139	sfx/explosion/energy
12675	1	play	sound	255	dev/stealth/off
12675	2	play	sound	255	dev/anti
12675	0	play	sound	255	dev/pk/can
12696	0	play	sound	255	sfx/explosion/energy
12699	2	play	sound	118	dev/fusion
12699	1	play	sound	117	dev/pk/ish
12699	2	play	sound	135	dev/fusion
12699	1	play	sound	134	dev/pk/ish
12711	1	play	sound	124	dev/lepton
12711	2	play	sound	124	dev/pk/ish
12711	1	play	sound	255	dev/lepton
12714	2	play	sound	130	sfx/explosion/large
12717	2	play	sound	134	sfx/explosion/energy
12720	0	play	sound	131	sfx/explosion/energy
12726	1	play	sound	255	dev/lepton
12729	0	play	sound	255	dev/pk/can
12741	1	play	sound	116	sfx/energy
12750	0	play	sound	255	dev/pk/can
12756	1	play	sound	255	dev/lepton
12771	0	play	sound	255	dev/pk/can
12777	2	play	sound	255	sfx/explosion/energy
12786	1	play	sound	255	dev/lepton
12795	0	play	sound	255	dev/stealth/on
12801	1	play	sound	255	dev/lepton
12816	2	play	sound	255	dev/anti
12840	1	play	sound	255	dev/pk/can
12861	1	play	sound	255	dev/pk/can
12909	2	play	sound	255	dev/anti
12972	1	play	sound	255	dev/pk/can
12978	0	play	sound	165	dev/fusion
12993	2	play	sound	141	dev/lepton
13011	1	play	sound	128	dev/fusion
13011	0	play	sound	128	dev/pk/ish
13020	0	play	sound	145	dev/stealth/off
13020	1	play	sound	143	dev/anti
13020	2	play	sound	143	dev/pk/can
13041	1	play	sound	133	dev/pk/can
13047	1	play	sound	135	sfx/explosion/energy
13059	2	play	sound	128	gui/beep/button
13062	2	play	sound	126	dev/pk/can
13062	0	play	sound	255	dev/anti
13068	2	play	sound	128	gui/beep/button
13071	2	play	sound	131	sfx/explosion/energy
13077	1	play	sound	131	dev/lepton
13077	0	play	sound	129	dev/pk/ish
13080	0	play	sound	255	dev/pk/can
13086	0	play	sound	255	dev/pk/can
13092	1	play	sound	135	dev/fusion
13092	2	play	sound	255	sfx/explosion/energy
13101	0	play	sound	255	dev/pk/can
13107	0	play	sound	255	dev/pk/can
13113	1	play	sound	110	dev/stealth/on
13117	1	play	sound	128	gui/beep/zoom
13122	1	play	sound	255	dev/anti
13128	0	play	sound	255	dev/pk/can
13137	2	play	sound	255	sfx/explosion/energy
13140	1	play	sound	126	dev/lepton
13149	0	play	sound	125	dev/lepton
13149	0	play	sound	255	dev/pk/can
13158	1	play	sound	126	dev/lepton
13158	2	play	sound	255	sfx/explosion/energy
13170	0	play	sound	255	dev/pk/can
13173	1	play	sound	123	dev/lepton
13176	2	play	sound	255	sfx/explosion/energy
13182	1	play	sound	255	dev/anti
13188	2	play	sound	255	sfx/explosion/energy
13191	0	play	sound	255	dev/pk/can
13194	2	play	sound	255	sfx/explosion/energy
13218	0	play	sound	255	dev/pk/can
13239	0	play	sound	255	dev/pk/can
13248	1	play	sound	82	dev/fusion
13248	2	play	sound	82	dev/pk/ish
13257	0	play	sound	58	sfx/explosion/energy
13260	0	play	sound	63	sfx/explosion/energy
13263	0	play	sound	104	dev/lepton
13266	0	play	sound	255	dev/anti
13272	1	play	sound	104	dev/lepton
13302	2	play	sound	94	dev/fusion
13329	0	play	sound	75	dev/anti
13329	1	play	sound	75	dev/pk/can
13344	2	play	sound	71	dev/lepton
13353	1	play	sound	255	dev/pk/can
13353	2	play	sound	71	dev/lepton
13365	0	play	sound	255	sfx/explosion/energy
13371	1	play	sound	60	dev/lepton
13374	1	play	sound	255	dev/pk/can
13377	2	play	sound	52	dev/fusion
13380	2	play	sound	60	dev/lepton
13386	0	play	sound	255	sfx/explosion/energy
13389	1	play	sound	53	dev/lepton
13395	1	play	sound	255	dev/pk/can
13404	0	play	sound	255	sfx/explosion/energy
13419	2	play	sound	45	dev/lepton
13419	1	play	sound	43	dev/pk/ish
13422	1	play	sound	255	dev/pk/can
13431	0	play	sound	255	sfx/explosion/energy
13440	2	play	sound	64	dev/stealth/off
13440	1	play	sound	64	dev/anti
13443	1	play	sound	255	dev/pk/can
13452	0	play	sound	49	dev/pk/ish
13464	0	play	sound	68	sfx/explosion/energy
13488	0	play	sound	196	sfx/warp/out
13581	2	play	sound	128	gui/beep/button
13590	2	play	sound	128	gui/beep/button
13609	1	play	sound	128	gui/beep/zoom
13635	1	play	sound	20	dev/fusion
13674	0	play	sound	255	dev/pk/can
13677	1	play	sound	43	dev/anti
13686	1	play	sound	255	sfx/explosion/energy
13695	0	play	sound	255	dev/pk/can
13704	1	play	sound	255	sfx/explosion/energy
13716	0	play	sound	255	dev/pk/can
13728	2	play	sound	255	dev/pk/ish
13737	1	play	sound	51	dev/anti
13746	1	play	sound	57	dev/pk/can
13749	2	play	sound	255	dev/pk/ish
13767	1	play	sound	70	dev/pk/can
13770	2	play	sound	255	dev/pk/ish
13791	2	play	sound	255	dev/pk/ish
13806	1	play	sound	95	dev/anti
13812	2	play	sound	255	dev/pk/ish
13833	2	play	sound	255	dev/pk/ish
13845	1	play	sound	243	dev/fusion
13857	1	play	sound	248	dev/pk/ish
13866	0	play	sound	75	dev/fusion
13866	0	play	sound	76	dev/pk/ish
13887	0	play	sound	86	dev/pk/ish
13893	0	play	sound	255	dev/fusion
13893	1	play	sound	255	dev/pk/ish
13914	2	play	sound	94	dev/fusion
13914	2	play	sound	95	dev/pk/ish
13962	0	play	sound	94	dev/fusion
13965	1	play	sound	63	dev/stealth/on
13974	0	play	sound	211	dev/fusion
13974	2	play	sound	210	dev/pk/ish
13974	1	play	sound	128	gui/beep/zoom
13986	1	play	sound	96	dev/fusion
13986	1	play	sound	97	dev/pk/ish
13989	0	play	sound	90	dev/pk/ish
13995	2	play	sound	79	sfx/explosion/energy
13998	0	play	sound	92	dev/fusion
13998	2	play	sound	80	sfx/explosion/energy
14076	0	play	sound	128	gui/beep/zoom
14079	2	play	sound	94	dev/fusion
14079	0	play	sound	94	dev/pk/ish
14079	0	play	sound	128	gui/beep/button
14086	1	play	sound	128	gui/beep/zoom
14088	0	play	sound	128	gui/beep/button
14099	1	play	sound	128	gui/beep/zoom
14121	2	play	sound	96	dev/fusion
14121	0	play	sound	95	dev/pk/ish
14122	1	play	sound	128	gui/beep/zoom
14130	0	play	sound	97	sfx/explosion/energy
14142	0	play	sound	99	dev/pk/ish
14152	1	play	sound	128	gui/beep/zoom
14181	2	play	sound	107	dev/fusion
14184	0	play	sound	255	dev/pk/can
14193	1	play	sound	255	sfx/explosion/energy
14202	2	play	sound	255	dev/fusion
14205	0	play	sound	255	dev/pk/ish
14205	0	play	sound	255	dev/pk/ish
14217	2	play	sound	255	dev/lepton
14226	1	play	sound	255	dev/fusion
14226	0	play	sound	255	dev/pk/ish
14226	0	play	sound	255	dev/pk/ish
14226	2	play	sound	255	dev/lepton
14226	0	play	sound	255	dev/pk/ish
14235	2	play	sound	255	dev/lepton
14244	2	play	sound	255	dev/lepton
14247	0	play	sound	255	dev/pk/ish
14247	0	play	sound	255	dev/pk/ish
14253	1	play	sound	255	dev/fusion
14253	0	play	sound	255	dev/pk/ish
14259	2	play	sound	255	sfx/explosion/energy
14262	2	play	sound	255	sfx/explosion/energy
14274	0	play	sound	255	dev/pk/ish
14283	1	play	sound	255	sfx/energy
14286	2	play	sound	208	dev/fusion
14286	0	play	sound	207	dev/pk/ish
14298	2	play	sound	255	dev/fusion
14298	0	play	sound	255	dev/pk/ish
14307	1	play	sound	223	dev/pk/ish
14307	0	play	sound	255	dev/pk/ish
14313	1	play	sound	255	sfx/explosion/small
14313	2	play	sound	255	sfx/explosion/energy
14322	0	play	sound	230	dev/fusion
14328	0	play	sound	232	dev/pk/ish
14328	0	play	sound	255	dev/pk/ish
14349	0	play	sound	255	dev/pk/ish
14355	1	play	sound	228	dev/pk/can
14358	1	play	sound	255	dev/anti
14358	2	play	sound	255	dev/pk/can
14370	0	play	sound	255	dev/pk/ish
14379	2	play	sound	255	dev/pk/can
14382	1	play	sound	254	dev/fusion
14382	0	play	sound	254	dev/pk/ish
14391	0	play	sound	255	dev/pk/ish
14394	2	play	sound	238	sfx/explosion/energy
14400	2	play	sound	251	dev/fusion
14400	1	play	sound	251	dev/pk/ish
14421	0	play	sound	255	dev/pk/ish
14433	1	play	sound	222	dev/fusion
14433	1	play	sound	255	dev/fusion
14433	0	play	sound	255	dev/pk/ish
14436	1	play	sound	255	dev/fusion
14436	2	play	sound	253	dev/stealth/on
14451	0	play	sound	231	dev/pk/ish
14454	0	play	sound	255	dev/pk/ish
14454	1	play	sound	249	sfx/explosion/energy
14463	0	play	sound	255	dev/pk/ish
14463	1	play	sound	255	dev/stealth/off
14463	2	play	sound	255	dev/anti
14475	0	play	sound	255	sfx/explosion/energy
14478	0	play	sound	255	sfx/explosion/energy
14502	2	play	sound	255	dev/fusion
14502	1	play	sound	255	dev/pk/ish
14508	0	play	sound	255	sfx/explosion/energy
14520	0	play	sound	255	sfx/explosion/energy
14538	1	play	sound	255	dev/anti
14538	2	play	sound	255	dev/pk/can
14544	0	play	sound	255	sfx/explosion/energy
14550	1	play	sound	255	dev/fusion
14550	2	play	sound	255	dev/pk/ish
14565	0	play	sound	255	sfx/explosion/large
14565	1	play	sound	255	sfx/explosion/energy
14616	1	play	sound	255	sfx/explosion/energy
14637	2	play	sound	255	sfx/energy
14640	0	play	sound	255	dev/pk/ish
14643	1	play	sound	255	dev/pk/can
14652	2	play	sound	255	dev/lepton
14658	0	play	sound	255	dev/fusion
14658	1	play	sound	255	dev/pk/ish
14661	2	play	sound	255	dev/lepton
14661	1	play	sound	255	dev/pk/ish
14670	2	play	sound	255	dev/lepton
14676	0	play	sound	255	dev/anti
14679	1	play	sound	136	dev/fusion
14679	2	play	sound	255	dev/lepton
14679	1	play	sound	255	sfx/explosion/energy
14682	1	play	sound	255	sfx/explosion/energy
14688	2	play	sound	255	dev/lepton
14691	0	play	sound	255	dev/pk/ish
14691	1	play	sound	255	sfx/explosion/energy
14697	2	play	sound	255	dev/lepton
14697	1	play	sound	255	sfx/explosion/energy
14697	1	play	sound	255	sfx/explosion/energy
14703	0	play	sound	255	dev/pk/ish
14703	1	play	sound	255	sfx/explosion/energy
14706	2	play	sound	255	dev/lepton
14712	1	play	sound	255	sfx/explosion/energy
14712	1	play	sound	255	sfx/explosion/energy
14715	2	play	sound	255	dev/lepton
14724	2	play	sound	255	dev/lepton
14724	0	play	sound	255	dev/pk/ish
14727	1	play	sound	255	sfx/explosion/energy
14733	1	play	sound	255	sfx/explosion/energy
14742	0	play	sound	117	dev/fusion
14742	2	play	sound	116	dev/pk/ish
14763	2	play	sound	117	dev/pk/ish
14778	0	play	sound	117	dev/fusion
14790	1	play	sound	105	dev/lepton
14799	2	play	sound	99	dev/lepton
14802	0	play	sound	225	dev/pk/can
14805	1	play	sound	119	dev/pk/ish
14811	2	play	sound	101	dev/lepton
14811	0	play	sound	249	sfx/explosion/energy
14814	1	play	sound	249	dev/fusion
14814	2	play	sound	249	dev/pk/ish
14826	0	play	sound	249	sfx/explosion/energy
14829	1	play	sound	99	dev/lepton
14847	1	play	sound	126	dev/fusion
14847	2	play	sound	126	dev/pk/ish
14868	1	play	sound	239	dev/fusion
14868	2	play	sound	238	dev/pk/ish
14874	1	play	sound	247	dev/pk/can
14874	1	play	sound	255	dev/pk/can
14877	2	play	sound	248	sfx/explosion/small
14877	0	play	sound	247	sfx/explosion/energy
14880	0	play	sound	255	sfx/explosion/energy
14895	1	play	sound	255	dev/pk/can
14907	2	play	sound	89	dev/lepton
14910	2	play	sound	255	sfx/energy
14913	0	play	sound	255	dev/pk/ish
14916	1	play	sound	255	dev/pk/can
14919	0	play	sound	255	dev/pk/ish
14925	2	play	sound	80	dev/lepton
14925	2	play	sound	81	dev/pk/ish
14925	2	play	sound	255	dev/lepton
14928	1	play	sound	255	sfx/explosion/energy
14934	2	play	sound	255	dev/lepton
14934	0	play	sound	255	dev/pk/ish
14934	1	play	sound	255	sfx/explosion/energy
14940	0	play	sound	255	dev/pk/ish
14943	2	play	sound	255	dev/lepton
14946	1	play	sound	255	sfx/explosion/energy
14946	1	play	sound	255	sfx/explosion/energy
14949	1	play	sound	255	sfx/explosion/energy
14952	2	play	sound	255	dev/lepton
14952	1	play	sound	255	sfx/explosion/energy
14955	0	play	sound	255	dev/fusion
14961	2	play	sound	255	dev/lepton
14964	1	play	sound	255	sfx/explosion/energy
14970	2	play	sound	255	dev/lepton
14970	0	play	sound	255	dev/pk/ish
14976	0	play	sound	255	dev/pk/ish
14976	0	play	sound	255	dev/pk/ish
14979	2	play	sound	255	dev/lepton
14979	1	play	sound	255	sfx/explosion/energy
14982	1	play	sound	255	sfx/explosion/energy
14988	2	play	sound	255	dev/lepton
14988	1	play	sound	255	sfx/explosion/energy
14988	1	play	sound	255	sfx/explosion/energy
14991	0	play	sound	255	dev/fusion
14991	1	play	sound	255	sfx/explosion/energy
14997	2	play	sound	255	dev/lepton
14997	1	play	sound	255	sfx/explosion/energy
14997	1	play	sound	255	sfx/explosion/energy
15006	2	play	sound	255	dev/lepton
15006	1	play	sound	255	sfx/explosion/energy
15009	0	play	sound	47	dev/fusion
15009	1	play	sound	255	sfx/explosion/energy
15012	0	play	sound	255	dev/fusion
15015	2	play	sound	255	dev/lepton
15018	1	play	sound	255	sfx/explosion/energy
15024	2	play	sound	255	dev/lepton
15024	1	play	sound	255	sfx/explosion/energy
15027	0	play	sound	255	dev/fusion
15030	1	play	sound	255	sfx/explosion/energy
15033	2	play	sound	255	dev/lepton
15039	0	play	sound	255	dev/pk/ish
15042	2	play	sound	255	dev/lepton
15045	1	play	sound	255	sfx/explosion/energy
15051	2	play	sound	255	dev/lepton
15051	1	play	sound	255	sfx/explosion/energy
15057	0	play	sound	255	sfx/explosion/small
15057	1	play	sound	255	sfx/explosion/energy
15060	2	play	sound	255	dev/lepton
15060	0	play	sound	255	gui/klaxon
15066	1	play	sound	255	sfx/explosion/energy
15069	2	play	sound	255	dev/lepton
15078	2	play	sound	255	dev/lepton
15078	1	play	sound	255	sfx/explosion/energy
15087	2	play	sound	255	dev/lepton
15096	2	play	sound	255	dev/lepton
15102	1	play	sound	25	dev/lepton
15102	1	play	sound	255	dev/pk/ish
15105	2	play	sound	255	dev/lepton
15114	2	play	sound	255	dev/lepton
15120	1	play	sound	255	sfx/explosion/energy
15123	2	play	sound	255	dev/lepton
15123	0	play	sound	255	dev/pk/ish
15132	2	play	sound	255	dev/lepton
15132	1	play	sound	255	sfx/explosion/energy
15138	1	play	sound	255	sfx/explosion/energy
15141	2	play	sound	255	dev/lepton
15141	0	play	sound	240	sfx/explosion/energy
15144	0	play	sound	255	dev/pk/ish
15150	2	play	sound	255	dev/lepton
15150	1	play	sound	255	sfx/explosion/energy
15156	0	play	sound	255	dev/anti
15156	1	play	sound	255	sfx/explosion/energy
15159	2	play	sound	255	dev/lepton
15159	1	play	sound	255	sfx/explosion/energy
15168	2	play	sound	255	dev/lepton
15168	1	play	sound	255	sfx/explosion/energy
15177	0	play	sound	255	dev/pk/can
15177	2	play	sound	255	dev/lepton
15177	1	play	sound	255	sfx/explosion/energy
15180	1	play	sound	255	sfx/explosion/energy
15186	2	play	sound	255	dev/lepton
15189	0	play	sound	237	dev/fusion
15195	2	play	sound	255	dev/lepton
15195	1	play	sound	255	sfx/explosion/energy
15201	1	play	sound	255	sfx/explosion/energy
15204	2	play	sound	255	dev/lepton
15207	0	play	sound	255	dev/pk/ish
15207	1	play	sound	255	sfx/explosion/energy
15213	2	play	sound	255	dev/lepton
15222	2	play	sound	255	dev/lepton
15225	0	play	sound	237	dev/fusion
15225	1	play	sound	255	sfx/explosion/energy
15225	1	play	sound	255	sfx/explosion/energy
15228	0	play	sound	255	dev/pk/ish
15231	2	play	sound	255	dev/lepton
15240	2	play	sound	255	dev/lepton
15243	1	play	sound	255	sfx/explosion/energy
15246	0	play	sound	255	sfx/explosion/large
15246	1	play	sound	255	sfx/explosion/energy
15249	2	play	sound	255	dev/lepton
15252	1	play	sound	255	sfx/explosion/energy
15258	2	play	sound	255	dev/lepton
15261	1	play	sound	255	sfx/explosion/energy
15267	2	play	sound	255	dev/lepton
15267	1	play	sound	255	sfx/explosion/energy
15270	0	play	sound	255	dev/pk/ish
15270	1	play	sound	255	sfx/explosion/energy
15279	2	play	sound	27	dev/pk/ish
15279	1	play	sound	255	sfx/explosion/energy
15282	2	play	sound	178	dev/fusion
15288	1	play	sound	255	sfx/explosion/energy
15291	1	play	sound	255	sfx/explosion/energy
15306	2	play	sound	184	dev/pk/ish
15312	0	play	sound	128	gui/klaxon
15318	0	play	sound	189	dev/fusion
15345	0	play	sound	245	dev/fusion
15360	1	play	sound	128	gui/beep/button
15361	2	play	sound	128	gui/beep/zoom
15369	1	play	sound	128	gui/beep/button
15369	0	play	sound	255	sfx/energy
15369	0	play	sound	255	sfx/energy
15371	2	play	sound	128	gui/beep/zoom
15393	0	play	sound	255	sfx/energy
15408	1	play	sound	128	gui/beep/button
15423	1	play	sound	128	gui/beep/button
15438	1	play	sound	128	gui/klaxon
15454	2	play	sound	128	gui/beep/zoom
15486	2	play	sound	79	dev/stealth/off
15486	0	play	sound	78	dev/anti
15489	0	play	sound	212	dev/fusion
15495	0	play	sound	213	dev/pk/ish
15516	1	play	sound	210	dev/pk/ish
15549	2	play	sound	134	dev/fusion
15549	0	play	sound	134	dev/pk/ish
15552	2	play	sound	193	dev/fusion
15552	0	play	sound	192	dev/pk/ish
15564	1	play	sound	128	gui/klaxon
15591	0	play	sound	92	dev/fusion
15591	2	play	sound	91	dev/pk/ish
15612	0	play	sound	74	dev/pk/ish
15675	0	play	sound	137	dev/fusion
15675	2	play	sound	138	dev/pk/ish
15690	1	play	sound	128	gui/klaxon
15696	0	play	sound	120	dev/pk/ish
15711	2	play	sound	109	dev/fusion
15714	0	play	sound	104	sfx/explosion/small
15786	0	play	sound	192	gui/beep/select
15789	0	play	sound	9	sfx/explosion/energy
15810	0	play	sound	45	dev/fusion
15810	0	play	sound	60	sfx/energy
15816	1	play	sound	128	gui/klaxon
15825	2	play	sound	57	dev/stealth/on
15834	0	play	sound	192	gui/beep/select
15864	0	play	sound	7	dev/lepton
15873	0	play	sound	9	dev/lepton
15882	2	play	sound	5	dev/lepton
15903	0	play	sound	18	sfx/explosion/energy
15909	2	play	sound	6	dev/lepton
15918	1	play	sound	1	dev/lepton
15927	1	play	sound	4	dev/lepton
15930	0	play	sound	128	gui/beep/button
15930	1	play	sound	5	sfx/explosion/energy
15942	1	play	sound	128	gui/klaxon
15945	0	play	sound	1	dev/lepton
15954	0	play	sound	28	dev/fusion
16068	1	play	sound	128	gui/klaxon
16194	1	play	sound	128	gui/klaxon
16236	0	play	sound	128	gui/beep/build
16272	0	play	sound	183	sfx/warp/out
16320	1	play	sound	128	gui/klaxon
16446	1	play	sound	128	gui/klaxon
16572	1	play	sound	128	gui/klaxon
16698	1	play	sound	128	gui/klaxon
16824	1	play	sound	128	gui/klaxon
16890	1	play	sound	181	sfx/warp/out
16947	1	play	sound	181	sfx/warp/out
16950	2	play	sound	128	gui/klaxon
17052	0	play	sound	255	sfx/warp/charge/1
17052	0	play	sound	255	sfx/warp/charge/1
17076	1	play	sound	255	sfx/warp/charge/2
17076	1	play	sound	255	sfx/warp/charge/2
17076	2	play	sound	128	gui/klaxon
17100	2	play	sound	255	sfx/warp/charge/3
17100	2	play	sound	255	sfx/warp/charge/3
17127	0	play	sound	255	sfx/warp/charge/4
17127	0	play	sound	255	sfx/warp/charge/4
17151	1	play	sound	255	sfx/warp/in
17151	1	play	sound	255	sfx/warp/in
17202	2	play	sound	128	gui/klaxon
17286	0	play	sound	128	gui/beep/button
17295	0	play	sound	128	gui/beep/button
17328	2	play	sound	128	gui/klaxon
17454	2	play	sound	128	gui/klaxon
17580	2	play	sound	128	gui/klaxon
17583	0	play	sound	157	sfx/warp/out
17586	1	play	sound	76	sfx/warp/out
17586	0	play	sound	255	sfx/warp/out
17669	1	play	sound	128	gui/beep/zoom
17691	1	play	sound	255	dev/lepton
17694	2	play	sound	255	dev/pk/ish
17700	1	play	sound	255	dev/lepton
17706	0	play	sound	128	gui/klaxon
17709	1	play	sound	255	dev/lepton
17715	2	play	sound	255	dev/pk/ish
17715	0	play	sound	255	sfx/explosion/energy
17718	1	play	sound	255	dev/lepton
17724	0	play	sound	255	sfx/explosion/energy
17727	1	play	sound	255	dev/lepton
17727	0	play	sound	255	sfx/explosion/energy
17733	0	play	sound	255	sfx/explosion/energy
17736	1	play	sound	255	dev/lepton
17736	2	play	sound	255	dev/pk/ish
17745	1	play	sound	255	dev/lepton
17745	0	play	sound	255	sfx/explosion/energy
17748	0	play	sound	255	sfx/explosion/energy
17754	1	play	sound	255	dev/lepton
17754	2	play	sound	255	sfx/explosion/small
17754	0	play	sound	255	sfx/explosion/energy
17763	1	play	sound	255	dev/lepton
17763	0	play	sound	255	sfx/explosion/large
17772	1	play	sound	255	dev/lepton
17778	2	play	sound	255	dev/pk/ish
17781	1	play	sound	255	dev/lepton
17832	2	play	sound	128	gui/klaxon
17916	2	play	sound	255	sfx/energy
17943	1	play	sound	255	sfx/warp/charge/1
17958	0	play	sound	128	gui/klaxon
17967	0	play	sound	255	sfx/warp/charge/2
17991	2	play	sound	255	sfx/warp/charge/3
18018	1	play	sound	255	sfx/warp/charge/4
18042	0	play	sound	254	sfx/warp/in
18084	2	play	sound	128	gui/klaxon
18088	1	play	sound	128	gui/beep/zoom
18210	2	play	sound	128	gui/klaxon
18336	2	play	sound	128	gui/klaxon
18408	0	play	sound	128	gui/beep/button
18462	2	play	sound	128	gui/klaxon
18534	0	play	sound	182	sfx/warp/out
18537	1	play	sound	173	sfx/warp/out
18588	2	play	sound	128	gui/klaxon
18600	0	play	sound	128	gui/beep/button
18606	0	play	sound	128	gui/beep/button
18705	0	play	sound	128	gui/beep/button
18714	1	play	sound	128	gui/beep/build
18714	0	play	sound	128	gui/beep/button
18714	2	play	sound	128	gui/klaxon
18840	2	play	sound	128	gui/klaxon
18966	2	play	sound	128	gui/klaxon
19049	0	play	sound	128	gui/beep/zoom
19077	0	play	sound	255	dev/lepton
19080	1	play	sound	255	dev/pk/ish
19086	0	play	sound	255	dev/lepton
19092	2	play	sound	128	gui/klaxon
19095	0	play	sound	255	dev/lepton
19101	1	play	sound	255	dev/pk/ish
19104	0	play	sound	255	dev/lepton
19113	0	play	sound	255	dev/lepton
19122	0	play	sound	255	dev/lepton
19122	1	play	sound	255	dev/pk/ish
19128	2	play	sound	255	dev/stealth/off
19131	0	play	sound	255	dev/lepton
19134	1	play	sound	255	dev/pk/can
19137	0	play	sound	255	dev/lepton
19140	0	play	sound	255	dev/lepton
19146	0	play	sound	255	dev/lepton
19149	0	play	sound	255	dev/lepton
19149	1	play	sound	255	sfx/explosion/energy
19152	1	play	sound	255	sfx/explosion/energy
19158	0	play	sound	255	dev/lepton
19158	1	play	sound	255	sfx/explosion/energy
19158	1	play	sound	255	sfx/explosion/energy
19161	2	play	sound	255	dev/fusion
19167	0	play	sound	255	dev/lepton
19176	0	play	sound	255	dev/lepton
19176	1	play	sound	255	sfx/explosion/energy
19185	2	play	sound	255	dev/fusion
19185	0	play	sound	255	dev/lepton
19191	1	play	sound	255	sfx/explosion/energy
19194	0	play	sound	255	dev/lepton
19203	0	play	sound	255	dev/lepton
19206	2	play	sound	255	dev/pk/ish
19212	1	play	sound	255	dev/fusion
19212	1	play	sound	255	dev/fusion
19212	0	play	sound	255	dev/lepton
19218	2	play	sound	128	gui/klaxon
19221	2	play	sound	255	dev/pk/ish
19221	0	play	sound	255	dev/lepton
19221	1	play	sound	255	dev/fusion
19221	2	play	sound	255	dev/pk/ish
19227	2	play	sound	255	dev/pk/ish
19230	0	play	sound	255	dev/lepton
19233	1	play	sound	255	sfx/explosion/energy
19233	1	play	sound	255	sfx/explosion/energy
19239	0	play	sound	255	dev/lepton
19248	2	play	sound	255	dev/fusion
19248	0	play	sound	255	dev/lepton
19251	1	play	sound	255	sfx/explosion/energy
19257	0	play	sound	255	dev/lepton
19257	2	play	sound	255	dev/fusion
19266	0	play	sound	255	dev/lepton
19269	2	play	sound	255	dev/pk/ish
19269	2	play	sound	255	dev/pk/ish
19269	2	play	sound	255	dev/pk/ish
19272	1	play	sound	255	sfx/explosion/energy
19272	1	play	sound	255	sfx/explosion/energy
19275	0	play	sound	255	dev/lepton
19281	1	play	sound	255	sfx/explosion/energy
19284	0	play	sound	255	dev/lepton
19284	2	play	sound	255	dev/anti
19293	0	play	sound	255	dev/lepton
19302	0	play	sound	255	dev/lepton
19305	2	play	sound	255	dev/fusion
19308	1	play	sound	255	dev/stealth/on
19311	0	play	sound	255	dev/lepton
19317	2	play	sound	255	dev/fusion
19320	0	play	sound	255	dev/lepton
19329	0	play	sound	255	dev/lepton
19332	2	play	sound	255	dev/fusion
19332	1	play	sound	255	dev/pk/ish
19332	1	play	sound	255	dev/pk/ish
19335	1	play	sound	255	dev/pk/ish
19338	0	play	sound	255	dev/lepton
19338	0	play	sound	255	dev/lepton
19341	1	play	sound	255	dev/pk/ish
19344	1	play	sound	255	dev/pk/ish
19344	2	play	sound	128	gui/klaxon
19347	0	play	sound	255	dev/lepton
19347	0	play	sound	255	dev/lepton
19350	2	play	sound	255	sfx/explosion/energy
19353	1	play	sound	255	dev/pk/ish
19353	1	play	sound	255	dev/pk/ish
19353	1	play	sound	255	dev/pk/ish
19356	0	play	sound	255	dev/lepton
19356	0	play	sound	255	dev/lepton
19359	2	play	sound	255	sfx/explosion/energy
19362	1	play	sound	255	dev/pk/ish
19365	0	play	sound	255	dev/lepton
19365	0	play	sound	255	dev/lepton
19365	2	play	sound	255	sfx/explosion/energy
19371	1	play	sound	255	dev/pk/ish
19374	0	play	sound	255	dev/lepton
19374	1	play	sound	255	dev/pk/ish
19377	1	play	sound	255	dev/pk/ish
19383	0	play	sound	255	dev/lepton
19383	2	play	sound	255	sfx/explosion/energy
19386	1	play	sound	255	dev/pk/ish
19389	2	play	sound	255	sfx/explosion/energy
19392	0	play	sound	255	dev/lepton
19395	1	play	sound	255	dev/pk/ish
19398	1	play	sound	255	dev/pk/ish
19398	2	play	sound	255	sfx/explosion/energy
19401	0	play	sound	255	dev/lepton
19404	2	play	sound	255	sfx/explosion/energy
19410	1	play	sound	128	gui/beep/button
19413	1	play	sound	255	dev/fusion
19413	0	play	sound	255	dev/pk/ish
19419	0	play	sound	255	dev/pk/ish
19425	1	play	sound	255	dev/lepton
19425	2	play	sound	255	sfx/explosion/energy
19425	2	play	sound	255	sfx/explosion/energy
19440	0	play	sound	255	dev/pk/ish
19440	0	play	sound	255	dev/pk/ish
19443	1	play	sound	235	dev/fusion
19443	1	play	sound	255	dev/lepton
19449	2	play	sound	255	dev/fusion
19452	1	play	sound	255	dev/lepton
19461	0	play	sound	255	dev/pk/ish
19461	1	play	sound	255	dev/lepton
19461	0	play	sound	255	dev/pk/ish
19461	2	play	sound	255	sfx/explosion/energy
19461	2	play	sound	255	sfx/explosion/energy
19467	2	play	sound	255	sfx/explosion/energy
19470	1	play	sound	255	dev/lepton
19476	2	play	sound	255	sfx/explosion/energy
19479	1	play	sound	255	dev/lepton
19482	0	play	sound	255	dev/pk/ish
19482	0	play	sound	255	dev/pk/ish
19488	1	play	sound	255	dev/lepton
19491	2	play	sound	255	sfx/explosion/energy
19494	2	play	sound	255	sfx/explosion/energy
19497	1	play	sound	255	dev/lepton
19497	0	play	sound	236	dev/fusion
19497	2	play	sound	255	sfx/explosion/energy
19497	0	play	sound	244	sfx/explosion/energy
19503	0	play	sound	255	dev/pk/ish
19503	0	play	sound	255	dev/pk/ish
19506	1	play	sound	255	dev/lepton
19512	2	play	sound	255	sfx/explosion/energy
19515	1	play	sound	255	dev/lepton
19515	0	play	sound	243	sfx/explosion/energy
19521	0	play	sound	255	dev/fusion
19524	1	play	sound	255	dev/lepton
19530	2	play	sound	255	sfx/explosion/energy
19533	0	play	sound	255	dev/anti
19533	1	play	sound	255	dev/lepton
19533	2	play	sound	255	sfx/explosion/energy
19533	2	play	sound	255	sfx/explosion/energy
19539	2	play	sound	255	sfx/explosion/energy
19542	1	play	sound	255	dev/lepton
19545	0	play	sound	255	dev/pk/ish
19545	0	play	sound	255	dev/pk/ish
19545	2	play	sound	255	sfx/explosion/energy
19548	2	play	sound	255	sfx/explosion/energy
19551	0	play	sound	255	dev/pk/ish
19551	1	play	sound	255	dev/lepton
19557	2	play	sound	255	sfx/explosion/energy
19560	0	play	sound	255	dev/pk/ish
19560	1	play	sound	255	dev/lepton
19566	0	play	sound	255	dev/pk/ish
19566	0	play	sound	255	dev/pk/ish
19566	0	play	sound	255	sfx/explosion/large
19566	2	play	sound	255	sfx/explosion/energy
19569	1	play	sound	255	dev/lepton
19569	2	play	sound	255	sfx/explosion/energy
19578	1	play	sound	255	dev/lepton
19587	1	play	sound	255	dev/lepton
19590	2	play	sound	238	sfx/explosion/energy
19596	1	play	sound	255	dev/lepton
19605	2	play	sound	255	sfx/explosion/energy
19608	1	play	sound	255	sfx/energy
19620	1	play	sound	255	dev/pk/ish
19626	2	play	sound	255	dev/fusion
19635	0	play	sound	170	dev/lepton
19635	0	play	sound	255	dev/lepton
19641	1	play	sound	250	dev/fusion
19641	2	play	sound	249	dev/pk/ish
19650	0	play	sound	233	sfx/explosion/energy
19659	0	play	sound	234	sfx/explosion/energy
19662	1	play	sound	255	dev/fusion
19662	2	play	sound	249	dev/pk/ish
19683	1	play	sound	172	sfx/explosion/energy
19686	2	play	sound	157	dev/pk/can
19692	0	play	sound	255	dev/pk/ish
19695	1	play	sound	255	dev/lepton
19704	1	play	sound	255	dev/lepton
19707	2	play	sound	153	dev/pk/can
19713	1	play	sound	255	dev/lepton
19713	0	play	sound	255	dev/pk/ish
19722	1	play	sound	255	dev/lepton
19722	2	play	sound	128	gui/klaxon
19731	1	play	sound	255	dev/lepton
19734	2	play	sound	182	dev/lepton
19734	0	play	sound	180	dev/pk/ish
19734	0	play	sound	255	dev/pk/ish
19740	1	play	sound	255	dev/lepton
19743	2	play	sound	255	sfx/explosion/energy
19749	1	play	sound	255	dev/lepton
19752	0	play	sound	255	sfx/explosion/small
19752	2	play	sound	255	sfx/explosion/energy
19758	1	play	sound	255	dev/lepton
19767	1	play	sound	255	dev/lepton
19776	0	play	sound	255	dev/pk/ish
19776	1	play	sound	255	dev/lepton
19776	0	play	sound	255	dev/pk/ish
19779	2	play	sound	255	sfx/energy
19785	1	play	sound	255	dev/lepton
19791	0	play	sound	255	dev/fusion
19800	2	play	sound	248	dev/anti
19800	1	play	sound	248	dev/pk/can
19821	1	play	sound	250	dev/pk/can
19833	1	play	sound	255	sfx/explosion/energy
19833	1	play	sound	255	sfx/explosion/energy
19839	0	play	sound	223	dev/fusion
19845	0	play	sound	255	dev/fusion
19845	2	play	sound	255	dev/pk/ish
19857	1	play	sound	234	dev/pk/ish
19857	1	play	sound	247	sfx/explosion/energy
19863	0	play	sound	186	dev/lepton
19872	2	play	sound	182	dev/lepton
19872	2	play	sound	186	dev/stealth/off
19872	0	play	sound	187	dev/anti
19881	0	play	sound	189	dev/pk/can
19887	0	play	sound	251	dev/fusion
19887	1	play	sound	250	dev/pk/ish
19890	0	play	sound	255	sfx/explosion/energy
19893	2	play	sound	181	sfx/explosion/energy
19893	2	play	sound	192	sfx/explosion/energy
19893	0	play	sound	255	sfx/explosion/energy
19908	1	play	sound	255	dev/pk/ish
19911	0	play	sound	255	sfx/explosion/energy
19914	2	play	sound	189	dev/pk/can
19920	1	play	sound	182	sfx/explosion/energy
19923	1	play	sound	255	dev/fusion
19929	2	play	sound	255	dev/pk/ish
19929	0	play	sound	255	sfx/explosion/energy
19932	0	play	sound	255	sfx/explosion/energy
19935	1	play	sound	191	dev/stealth/on
19947	2	play	sound	187	dev/lepton
19950	1	play	sound	255	dev/pk/ish
19953	2	play	sound	195	sfx/explosion/energy
19953	0	play	sound	255	sfx/explosion/energy
19956	2	play	sound	195	sfx/explosion/energy
19959	2	play	sound	255	dev/fusion
19965	0	play	sound	255	sfx/explosion/energy
19971	1	play	sound	255	dev/pk/ish
19974	2	play	sound	128	gui/klaxon
19974	0	play	sound	255	sfx/explosion/energy
19983	2	play	sound	207	dev/anti
19983	1	play	sound	207	dev/pk/can
19986	1	play	sound	216	dev/fusion
19986	2	play	sound	216	dev/pk/ish
19986	1	play	sound	255	dev/fusion
19989	2	play	sound	255	dev/anti
19995	0	play	sound	255	dev/pk/ish
19998	1	play	sound	255	dev/lepton
20001	2	play	sound	210	sfx/explosion/energy
20001	2	play	sound	255	sfx/explosion/large
20007	0	play	sound	227	dev/pk/ish
20007	1	play	sound	255	dev/lepton
20007	0	play	sound	255	sfx/explosion/energy
20007	0	play	sound	255	sfx/explosion/energy
20013	0	play	sound	255	sfx/explosion/energy
20016	1	play	sound	255	dev/lepton
20019	0	play	sound	255	sfx/explosion/energy
20022	0	play	sound	255	sfx/explosion/energy
20025	1	play	sound	255	dev/lepton
20028	0	play	sound	255	sfx/explosion/energy
20034	1	play	sound	255	dev/lepton
20043	1	play	sound	255	dev/lepton
20049	0	play	sound	202	dev/lepton
20052	0	play	sound	255	dev/lepton
20058	1	play	sound	207	dev/lepton
20061	0	play	sound	255	dev/lepton
20067	1	play	sound	249	dev/fusion
20067	2	play	sound	249	dev/pk/ish
20070	0	play	sound	255	dev/lepton
20073	2	play	sound	255	dev/pk/ish
20073	1	play	sound	255	sfx/explosion/energy
20076	2	play	sound	255	dev/pk/ish
20079	0	play	sound	255	dev/lepton
20088	2	play	sound	254	dev/pk/ish
20088	0	play	sound	255	dev/lepton
20094	1	play	sound	217	dev/lepton
20094	2	play	sound	255	dev/pk/ish
20097	2	play	sound	255	dev/pk/ish
20097	0	play	sound	255	dev/lepton
20106	0	play	sound	255	dev/lepton
20112	1	play	sound	222	dev/lepton
20115	0	play	sound	255	dev/lepton
20115	2	play	sound	255	dev/pk/ish
20124	0	play	sound	255	dev/lepton
20130	1	play	sound	255	dev/fusion
20130	2	play	sound	255	dev/pk/ish
20133	0	play	sound	255	dev/lepton
20136	1	play	sound	255	dev/fusion
20136	2	play	sound	255	dev/pk/ish
20136	2	play	sound	255	dev/pk/ish
20142	0	play	sound	255	dev/lepton
20151	0	play	sound	255	dev/lepton
20157	2	play	sound	255	dev/pk/ish
20160	0	play	sound	255	dev/lepton
20169	1	play	sound	255	dev/pk/can
20169	0	play	sound	255	dev/lepton
20178	0	play	sound	255	dev/lepton
20178	2	play	sound	255	dev/pk/ish
20184	1	play	sound	255	dev/fusion
20184	2	play	sound	255	dev/pk/ish
20187	1	play	sound	255	dev/fusion
20187	2	play	sound	255	dev/pk/ish
20187	0	play	sound	255	dev/lepton
20196	0	play	sound	255	dev/lepton
20199	2	play	sound	255	dev/pk/ish
20205	2	play	sound	255	dev/pk/ish
20205	0	play	sound	255	dev/lepton
20208	1	play	sound	255	sfx/explosion/energy
20214	0	play	sound	255	dev/lepton
20220	2	play	sound	255	dev/fusion
20220	1	play	sound	255	sfx/explosion/energy
20223	0	play	sound	255	dev/lepton
20226	1	play	sound	255	sfx/explosion/energy
20232	0	play	sound	255	dev/lepton
20235	1	play	sound	255	sfx/explosion/energy
20235	1	play	sound	255	sfx/explosion/energy
20241	0	play	sound	255	dev/lepton
20241	2	play	sound	255	dev/pk/ish
20250	0	play	sound	255	dev/lepton
20259	0	play	sound	255	dev/lepton
20262	2	play	sound	255	dev/fusion
20262	1	play	sound	255	dev/pk/ish
20268	0	play	sound	255	dev/lepton
20274	1	play	sound	202	dev/lepton
20277	0	play	sound	255	dev/lepton
20283	2	play	sound	255	dev/fusion
20283	1	play	sound	255	dev/pk/ish
20283	1	play	sound	255	dev/pk/ish
20286	0	play	sound	255	dev/lepton
20295	0	play	sound	255	dev/lepton
20304	1	play	sound	255	dev/pk/ish
20304	2	play	sound	191	dev/fusion
20304	0	play	sound	255	dev/lepton
20304	1	play	sound	255	dev/pk/ish
20313	0	play	sound	255	dev/lepton
20319	2	play	sound	255	dev/fusion
20319	1	play	sound	255	sfx/explosion/energy
20322	0	play	sound	255	dev/lepton
20331	0	play	sound	255	dev/lepton
20331	1	play	sound	255	sfx/explosion/energy
20334	1	play	sound	255	sfx/explosion/energy
20340	2	play	sound	200	dev/fusion
20340	0	play	sound	255	dev/lepton
20346	2	play	sound	255	dev/pk/ish
20349	0	play	sound	255	dev/lepton
20358	0	play	sound	255	dev/lepton
20364	1	play	sound	255	sfx/explosion/energy
20367	0	play	sound	255	dev/lepton
20367	2	play	sound	255	dev/pk/ish
20376	0	play	sound	255	dev/lepton
20376	1	play	sound	255	sfx/explosion/energy
20382	2	play	sound	255	dev/pk/ish
20382	1	play	sound	255	sfx/explosion/energy
20385	0	play	sound	255	dev/lepton
20388	2	play	sound	255	dev/pk/ish
20391	1	play	sound	255	sfx/explosion/energy
20394	0	play	sound	255	dev/lepton
20400	1	play	sound	255	sfx/explosion/energy
20400	1	play	sound	255	sfx/explosion/energy
20403	2	play	sound	255	dev/pk/ish
20403	0	play	sound	255	dev/lepton
20409	2	play	sound	255	dev/pk/ish
20409	2	play	sound	255	dev/pk/ish
20409	1	play	sound	255	sfx/explosion/energy
20412	0	play	sound	255	dev/lepton
20421	0	play	sound	255	dev/lepton
20421	1	play	sound	255	sfx/explosion/energy
20421	1	play	sound	255	sfx/explosion/energy
20424	2	play	sound	255	dev/pk/ish
20430	2	play	sound	255	dev/pk/ish
20430	0	play	sound	255	dev/lepton
20430	2	play	sound	255	dev/pk/ish
20439	0	play	sound	255	dev/lepton
20439	1	play	sound	255	sfx/explosion/energy
20442	2	play	sound	164	dev/lepton
20442	1	play	sound	255	sfx/explosion/energy
20445	2	play	sound	255	dev/fusion
20445	0	play	sound	255	sfx/explosion/large
20445	1	play	sound	255	sfx/explosion/energy
20451	1	play	sound	255	sfx/explosion/energy
20457	2	play	sound	255	dev/lepton
20457	1	play	sound	255	sfx/explosion/energy
20457	1	play	sound	255	sfx/explosion/energy
20460	1	play	sound	255	sfx/explosion/energy
20466	2	play	sound	255	dev/lepton
20466	1	play	sound	255	sfx/explosion/energy
20466	1	play	sound	255	sfx/explosion/energy
20469	0	play	sound	169	dev/lepton
20472	0	play	sound	255	dev/pk/ish
20472	1	play	sound	255	sfx/explosion/energy
20472	1	play	sound	255	sfx/explosion/energy
20475	1	play	sound	255	sfx/explosion/energy
20475	1	play	sound	255	sfx/explosion/energy
20475	1	play	sound	255	sfx/explosion/energy
20475	1	play	sound	255	sfx/explosion/energy
20475	1	play	sound	255	sfx/explosion/energy
20475	1	play	sound	255	sfx/explosion/energy
20475	1	play	sound	255	sfx/explosion/energy
20475	1	play	sound	255	sfx/explosion/energy
20475	1	play	sound	255	sfx/explosion/energy
20478	2	play	sound	173	dev/lepton
20478	2	play	sound	255	sfx/energy
20478	2	play	sound	255	sfx/energy
20481	1	play	sound	255	sfx/explosion/energy
20484	1	play	sound	255	sfx/explosion/energy
20487	0	play	sound	175	dev/lepton
20505	0	play	sound	220	dev/stealth/on
20508	2	play	sound	201	dev/fusion
20520	2	play	sound	207	dev/pk/ish
20520	1	play	sound	189	dev/lepton
20529	1	play	sound	193	dev/lepton
20538	1	play	sound	197	dev/lepton
20541	2	play	sound	220	dev/pk/ish
20547	1	play	sound	203	dev/lepton
20547	0	play	sound	255	sfx/explosion/energy
20556	1	play	sound	207	dev/lepton
20571	2	play	sound	101	sfx/explosion/energy
20580	1	play	sound	221	dev/lepton
20580	0	play	sound	255	sfx/explosion/energy
20589	1	play	sound	221	dev/lepton
20598	1	play	sound	229	dev/lepton
20607	2	play	sound	228	dev/lepton
20616	1	play	sound	234	dev/lepton
20622	1	play	sound	253	dev/fusion
20622	1	play	sound	254	dev/pk/ish
20622	1	play	sound	255	dev/fusion
20622	2	play	sound	255	dev/pk/ish
20625	0	play	sound	233	dev/lepton
20634	0	play	sound	255	sfx/explosion/energy
20676	1	play	sound	247	dev/fusion
20676	2	play	sound	247	dev/pk/ish
20679	1	play	sound	255	dev/fusion
20679	2	play	sound	255	dev/pk/ish
20682	0	play	sound	255	dev/anti
20691	1	play	sound	255	dev/fusion
20694	2	play	sound	255	sfx/explosion/energy
20697	0	play	sound	241	dev/pk/ish
20700	0	play	sound	255	dev/pk/ish
20703	1	play	sound	255	dev/pk/can
20706	2	play	sound	255	sfx/explosion/energy
20709	0	play	sound	255	sfx/explosion/large
20709	2	play	sound	255	sfx/explosion/energy
20715	2	play	sound	255	sfx/explosion/energy
20736	1	play	sound	255	sfx/energy
20802	2	play	sound	128	gui/beep/button
20811	2	play	sound	128	gui/beep/button
20835	2	play	sound	128	gui/beep/button
20859	2	play	sound	128	gui/beep/button
20898	2	play	sound	255	dev/anti
20898	1	play	sound	255	dev/pk/ish
20916	0	play	sound	255	dev/lepton
20925	0	play	sound	255	dev/lepton
20928	1	play	sound	255	dev/pk/ish
20931	0	play	sound	255	dev/lepton
20934	0	play	sound	255	dev/lepton
20940	0	play	sound	255	dev/lepton
20943	0	play	sound	255	dev/lepton
20949	0	play	sound	255	dev/lepton
20949	1	play	sound	255	dev/pk/ish
20952	0	play	sound	255	dev/lepton
20955	1	play	sound	255	dev/pk/ish
20958	2	play	sound	255	dev/anti
20958	1	play	sound	255	dev/pk/ish
20958	0	play	sound	255	dev/lepton
20961	0	play	sound	255	dev/lepton
20964	1	play	sound	255	dev/pk/ish
20967	1	play	sound	255	dev/pk/ish
20967	0	play	sound	255	dev/lepton
20970	0	play	sound	255	dev/lepton
20970	1	play	sound	255	dev/pk/ish
20970	2	play	sound	255	sfx/explosion/energy
20973	1	play	sound	255	dev/pk/ish
20976	0	play	sound	255	dev/lepton
20979	0	play	sound	255	dev/lepton
20979	1	play	sound	255	dev/pk/ish
20982	1	play	sound	255	dev/pk/ish
20985	0	play	sound	255	dev/lepton
20985	2	play	sound	255	sfx/explosion/energy
20988	1	play	sound	255	dev/pk/ish
20988	0	play	sound	255	dev/lepton
20991	1	play	sound	255	dev/pk/ish
20994	1	play	sound	255	dev/pk/ish
20994	0	play	sound	255	dev/lepton
20997	0	play	sound	255	dev/lepton
21000	1	play	sound	255	dev/pk/ish
21000	1	play	sound	255	dev/pk/ish
21000	2	play	sound	255	sfx/explosion/energy
21003	0	play	sound	255	dev/lepton
21003	2	play	sound	255	sfx/explosion/energy
21003	2	play	sound	255	sfx/explosion/energy
21003	2	play	sound	255	sfx/explosion/energy
21006	0	play	sound	255	dev/lepton
21012	0	play	sound	255	dev/lepton
21012	1	play	sound	255	dev/pk/ish
21015	1	play	sound	255	dev/pk/ish
21015	0	play	sound	255	dev/lepton
21018	2	play	sound	255	sfx/explosion/energy
21021	1	play	sound	255	dev/pk/ish
21021	1	play	sound	255	dev/pk/ish
21021	0	play	sound	255	dev/lepton
21024	0	play	sound	255	dev/lepton
21027	2	play	sound	255	sfx/explosion/energy
21027	2	play	sound	255	sfx/explosion/energy
21027	2	play	sound	255	sfx/explosion/energy
21030	0	play	sound	255	dev/lepton
21033	0	play	sound	255	dev/lepton
21033	1	play	sound	255	dev/pk/ish
21039	0	play	sound	255	dev/lepton
21042	0	play	sound	255	dev/lepton
21042	1	play	sound	255	dev/pk/ish
21048	0	play	sound	255	dev/lepton
21051	0	play	sound	255	dev/lepton
21051	2	play	sound	255	sfx/explosion/energy
21054	1	play	sound	255	dev/pk/ish
21057	0	play	sound	255	dev/lepton
21060	0	play	sound	255	dev/lepton
21063	1	play	sound	255	dev/pk/ish
21066	0	play	sound	255	dev/lepton
21069	0	play	sound	255	dev/lepton
21075	0	play	sound	255	dev/lepton
21075	1	play	sound	255	dev/pk/ish
21075	2	play	sound	255	sfx/explosion/energy
21078	2	play	sound	255	sfx/explosion/energy
21081	1	play	sound	255	dev/pk/ish
21084	1	play	sound	255	dev/pk/ish
21084	0	play	sound	255	dev/lepton
21093	0	play	sound	255	dev/lepton
21096	1	play	sound	249	dev/lepton
21096	1	play	sound	255	dev/pk/ish
21096	2	play	sound	255	sfx/explosion/energy
21099	2	play	sound	255	sfx/explosion/energy
21099	2	play	sound	255	sfx/explosion/energy
21102	0	play	sound	255	dev/lepton
21111	0	play	sound	255	dev/lepton
21114	1	play	sound	244	dev/lepton
21117	1	play	sound	255	dev/pk/ish
21117	2	play	sound	255	sfx/explosion/energy
21120	1	play	sound	255	dev/pk/ish
21120	0	play	sound	255	dev/lepton
21123	2	play	sound	255	sfx/explosion/energy
21129	0	play	sound	255	dev/lepton
21132	1	play	sound	241	dev/lepton
21132	2	play	sound	255	sfx/explosion/energy
21138	0	play	sound	255	dev/lepton
21138	1	play	sound	255	dev/pk/ish
21141	2	play	sound	255	sfx/explosion/energy
21147	0	play	sound	255	dev/lepton
21150	1	play	sound	239	dev/lepton
21156	0	play	sound	255	dev/lepton
21156	2	play	sound	255	sfx/explosion/energy
21159	1	play	sound	255	dev/anti
21165	0	play	sound	255	dev/lepton
21171	2	play	sound	255	sfx/explosion/energy
21174	1	play	sound	255	dev/fusion
21174	0	play	sound	255	dev/lepton
21180	2	play	sound	255	sfx/explosion/energy
21180	2	play	sound	255	sfx/explosion/energy
21183	0	play	sound	255	dev/lepton
21186	1	play	sound	255	dev/pk/ish
21186	1	play	sound	255	dev/pk/ish
21189	2	play	sound	255	sfx/explosion/energy
21192	0	play	sound	255	dev/lepton
21195	1	play	sound	255	dev/pk/ish
21198	2	play	sound	255	sfx/explosion/energy
21198	2	play	sound	255	sfx/explosion/energy
21201	0	play	sound	255	dev/lepton
21201	1	play	sound	255	dev/pk/ish
21201	2	play	sound	255	sfx/explosion/energy
21204	1	play	sound	255	dev/pk/ish
21207	1	play	sound	255	dev/pk/ish
21207	2	play	sound	255	sfx/explosion/energy
21210	1	play	sound	255	dev/pk/ish
21210	0	play	sound	255	dev/lepton
21213	1	play	sound	255	dev/pk/ish
21213	2	play	sound	255	sfx/explosion/energy
21216	2	play	sound	255	sfx/explosion/energy
21216	2	play	sound	255	sfx/explosion/energy
21219	0	play	sound	255	dev/lepton
21222	1	play	sound	255	dev/pk/ish
21222	1	play	sound	255	dev/pk/ish
21225	1	play	sound	255	dev/pk/ish
21228	1	play	sound	255	dev/pk/ish
21228	0	play	sound	255	dev/lepton
21231	1	play	sound	255	dev/pk/ish
21231	0	play	sound	255	sfx/explosion/large
21231	2	play	sound	255	sfx/explosion/energy
21234	2	play	sound	255	sfx/explosion/energy
21234	2	play	sound	255	sfx/explosion/energy
21243	1	play	sound	255	dev/pk/ish
21246	1	play	sound	255	dev/pk/ish
21246	2	play	sound	255	sfx/explosion/energy
21264	1	play	sound	255	dev/lepton
21303	2	play	sound	128	gui/beep/button
21352	1	play	sound	128	gui/beep/zoom
21396	2	play	sound	128	gui/beep/button
21408	2	play	sound	128	gui/beep/button
21412	1	play	sound	128	gui/beep/zoom
21489	2	play	sound	128	gui/beep/button
21498	2	play	sound	128	gui/beep/button
21528	2	play	sound	128	gui/beep/button
21789	1	play	sound	192	gui/beep/select
22128	1	play	sound	255	dev/pk/can
22128	2	play	sound	255	dev/fusion
22128	0	play	sound	255	dev/pk/ish
22137	2	play	sound	255	dev/fusion
22137	0	play	sound	255	dev/pk/ish
22137	0	play	sound	255	dev/pk/ish
22140	1	play	sound	192	gui/beep/select
22143	1	play	sound	255	sfx/explosion/energy
22146	1	play	sound	255	sfx/explosion/energy
22149	0	play	sound	255	dev/pk/ish
22149	2	play	sound	255	sfx/explosion/small
22149	1	play	sound	255	sfx/explosion/energy
22161	0	play	sound	191	sfx/explosion/energy
22191	0	play	sound	255	sfx/energy
22296	1	play	sound	192	gui/beep/select
22317	1	play	sound	255	tpl/transport/land
22323	2	play	sound	188	sfx/explosion/energy
22332	0	play	sound	128	gui/beep/order
22428	1	play	sound	128	gui/beep/button
22437	1	play	sound	128	gui/beep/button
22950	0	quiet
22950	1	quiet
22950	2	quiet
22950	3	quiet
