0	3	quiet
0	3	loop	music	255	freds-theme
0	3	quiet
0	0	play	sound	128	gui/beep/zoom
0	3	quiet
0	3	loop	music	215	getalong
51	0	play	sound	255	sfx/warp/charge/1
75	1	play	sound	255	sfx/warp/charge/2
92	2	play	sound	64	gui/beep/message
95	2	play	sound	64	gui/beep/message
98	2	play	sound	64	gui/beep/message
99	2	play	sound	255	sfx/warp/charge/3
101	0	play	sound	64	gui/beep/message
104	0	play	sound	64	gui/beep/message
107	0	play	sound	64	gui/beep/message
110	0	play	sound	64	gui/beep/message
113	0	play	sound	64	gui/beep/message
116	0	play	sound	64	gui/beep/message
119	0	play	sound	64	gui/beep/message
122	0	play	sound	64	gui/beep/message
125	0	play	sound	64	gui/beep/message
126	0	play	sound	255	sfx/warp/charge/4
128	1	play	sound	64	gui/beep/message
131	1	play	sound	64	gui/beep/message
134	1	play	sound	64	gui/beep/message
137	1	play	sound	64	gui/beep/message
140	1	play	sound	64	gui/beep/message
143	1	play	sound	64	gui/beep/message
146	1	play	sound	64	gui/beep/message
149	1	play	sound	64	gui/beep/message
150	1	play	sound	255	sfx/warp/in
152	2	play	sound	64	gui/beep/message
155	2	play	sound	64	gui/beep/message
158	2	play	sound	64	gui/beep/message
161	2	play	sound	64	gui/beep/message
164	2	play	sound	64	gui/beep/message
167	2	play	sound	64	gui/beep/message
170	2	play	sound	64	gui/beep/message
173	2	play	sound	64	gui/beep/message
176	2	play	sound	64	gui/beep/message
179	2	play	sound	64	gui/beep/message
182	2	play	sound	64	gui/beep/message
185	2	play	sound	64	gui/beep/message
188	2	play	sound	64	gui/beep/message
191	2	play	sound	64	gui/beep/message
194	2	play	sound	64	gui/beep/message
197	2	play	sound	64	gui/beep/message
200	2	play	sound	64	gui/beep/message
203	2	play	sound	64	gui/beep/message
206	2	play	sound	64	gui/beep/message
209	2	play	sound	64	gui/beep/message
212	2	play	sound	64	gui/beep/message
215	2	play	sound	64	gui/beep/message
218	2	play	sound	64	gui/beep/message
221	2	play	sound	64	gui/beep/message
224	2	play	sound	64	gui/beep/message
227	2	play	sound	64	gui/beep/message
230	2	play	sound	64	gui/beep/message
233	2	play	sound	64	gui/beep/message
236	2	play	sound	64	gui/beep/message
239	2	play	sound	64	gui/beep/message
242	2	play	sound	64	gui/beep/message
245	2	play	sound	64	gui/beep/message
248	2	play	sound	64	gui/beep/message
251	2	play	sound	64	gui/beep/message
254	2	play	sound	64	gui/beep/message
257	2	play	sound	64	gui/beep/message
260	2	play	sound	64	gui/beep/message
263	2	play	sound	64	gui/beep/message
266	2	play	sound	64	gui/beep/message
269	2	play	sound	64	gui/beep/message
272	2	play	sound	64	gui/beep/message
275	2	play	sound	64	gui/beep/message
278	2	play	sound	64	gui/beep/message
281	2	play	sound	64	gui/beep/message
284	2	play	sound	64	gui/beep/message
287	2	play	sound	64	gui/beep/message
290	2	play	sound	64	gui/beep/message
293	2	play	sound	64	gui/beep/message
296	2	play	sound	64	gui/beep/message
299	2	play	sound	64	gui/beep/message
302	2	play	sound	64	gui/beep/message
305	2	play	sound	64	gui/beep/message
308	2	play	sound	64	gui/beep/message
311	2	play	sound	64	gui/beep/message
314	2	play	sound	64	gui/beep/message
317	2	play	sound	64	gui/beep/message
320	2	play	sound	64	gui/beep/message
323	2	play	sound	64	gui/beep/message
326	2	play	sound	64	gui/beep/message
327	2	play	sound	255	dev/onas
327	0	play	sound	255	dev/newo
329	1	play	sound	64	gui/beep/message
332	1	play	sound	64	gui/beep/message
335	1	play	sound	64	gui/beep/message
338	1	play	sound	64	gui/beep/message
341	1	play	sound	64	gui/beep/message
342	2	play	sound	255	dev/onas
344	1	play	sound	64	gui/beep/message
347	1	play	sound	64	gui/beep/message
348	0	play	sound	255	dev/newo
350	1	play	sound	64	gui/beep/message
353	1	play	sound	64	gui/beep/message
356	1	play	sound	64	gui/beep/message
357	2	play	sound	255	dev/onas
359	1	play	sound	64	gui/beep/message
360	1	play	sound	255	sfx/warp/out
362	0	play	sound	64	gui/beep/message
365	0	play	sound	64	gui/beep/message
368	0	play	sound	64	gui/beep/message
369	0	play	sound	255	dev/newo
371	2	play	sound	64	gui/beep/message
372	2	play	sound	255	dev/onas
380	0	play	sound	64	gui/beep/message
383	0	play	sound	64	gui/beep/message
386	0	play	sound	64	gui/beep/message
387	2	play	sound	255	dev/onas
389	0	play	sound	64	gui/beep/message
390	0	play	sound	255	dev/newo
392	1	play	sound	64	gui/beep/message
395	1	play	sound	64	gui/beep/message
398	1	play	sound	64	gui/beep/message
401	1	play	sound	64	gui/beep/message
402	1	play	sound	173	dev/cm
402	2	play	sound	255	dev/onas
404	0	play	sound	64	gui/beep/message
407	0	play	sound	64	gui/beep/message
410	0	play	sound	64	gui/beep/message
411	0	play	sound	255	dev/newo
413	2	play	sound	64	gui/beep/message
416	2	play	sound	64	gui/beep/message
417	1	play	sound	255	dev/onas
419	2	play	sound	64	gui/beep/message
422	2	play	sound	64	gui/beep/message
432	1	play	sound	255	dev/onas
432	0	play	sound	255	dev/newo
447	1	play	sound	255	dev/onas
453	0	play	sound	255	dev/newo
456	2	play	sound	128	gui/beep/zoom
462	1	play	sound	255	dev/onas
465	2	play	sound	239	sfx/explosion/gas
474	0	play	sound	235	dev/cm
474	0	play	sound	255	dev/newo
474	2	play	sound	246	sfx/explosion/gas
477	1	play	sound	255	dev/onas
486	2	play	sound	246	sfx/explosion/gas
492	1	play	sound	255	dev/onas
495	0	play	sound	255	dev/newo
501	0	play	sound	245	sfx/explosion/gas
507	1	play	sound	255	dev/onas
516	0	play	sound	255	dev/newo
519	0	play	sound	240	sfx/explosion/gas
522	1	play	sound	255	dev/onas
537	1	play	sound	255	dev/onas
537	0	play	sound	255	dev/newo
537	0	play	sound	234	sfx/explosion/gas
546	2	play	sound	229	dev/cm
552	1	play	sound	255	dev/onas
555	1	play	sound	227	sfx/explosion/gas
555	0	play	sound	255	sfx/explosion/gas
558	1	play	sound	255	dev/newo
567	2	play	sound	255	dev/onas
570	1	play	sound	227	sfx/explosion/gas
570	1	play	sound	255	sfx/explosion/energy
579	2	play	sound	255	dev/newo
579	0	play	sound	255	sfx/explosion/gas
594	0	play	sound	255	sfx/explosion/gas
597	2	play	sound	255	dev/onas
600	1	play	sound	255	dev/newo
600	1	play	sound	229	sfx/explosion/gas
612	2	play	sound	255	dev/onas
621	1	play	sound	255	dev/newo
621	0	play	sound	255	sfx/explosion/gas
627	2	play	sound	255	dev/onas
636	0	play	sound	255	sfx/explosion/gas
642	2	play	sound	255	dev/onas
642	1	play	sound	255	dev/newo
642	1	play	sound	246	sfx/explosion/gas
657	2	play	sound	255	dev/onas
663	1	play	sound	255	dev/newo
672	2	play	sound	255	dev/onas
672	1	play	sound	244	sfx/explosion/gas
684	1	play	sound	255	dev/newo
687	2	play	sound	255	dev/onas
702	2	play	sound	255	dev/onas
705	1	play	sound	255	dev/newo
717	2	play	sound	255	dev/onas
726	1	play	sound	255	dev/newo
732	2	play	sound	255	dev/onas
747	2	play	sound	255	dev/onas
747	1	play	sound	255	dev/newo
762	2	play	sound	255	dev/onas
765	0	play	sound	255	sfx/explosion/gas
768	1	play	sound	255	dev/newo
774	2	play	sound	255	sfx/explosion/energy
777	0	play	sound	255	sfx/explosion/gas
789	1	play	sound	255	dev/newo
792	0	play	sound	255	sfx/explosion/gas
795	2	play	sound	255	sfx/explosion/energy
807	1	play	sound	255	dev/onas
807	0	play	sound	255	sfx/explosion/gas
816	2	play	sound	255	sfx/explosion/energy
822	1	play	sound	255	dev/onas
837	1	play	sound	255	dev/onas
837	2	play	sound	255	sfx/explosion/energy
840	0	play	sound	255	sfx/explosion/gas
852	1	play	sound	255	dev/onas
852	0	play	sound	255	sfx/explosion/gas
867	1	play	sound	255	dev/onas
873	2	play	sound	255	dev/newo
882	1	play	sound	255	dev/onas
894	2	play	sound	255	dev/newo
897	1	play	sound	255	dev/onas
912	1	play	sound	255	dev/onas
912	0	play	sound	255	sfx/explosion/gas
915	2	play	sound	255	dev/newo
927	1	play	sound	255	dev/onas
936	2	play	sound	255	dev/newo
936	0	play	sound	255	sfx/explosion/gas
942	1	play	sound	255	dev/cm
948	0	play	sound	255	sfx/explosion/gas
954	2	play	sound	255	sfx/explosion/energy
966	0	play	sound	255	sfx/explosion/gas
972	1	play	sound	255	dev/onas
975	2	play	sound	255	sfx/explosion/energy
978	0	play	sound	255	sfx/explosion/gas
987	1	play	sound	255	dev/onas
990	0	play	sound	255	sfx/explosion/gas
996	2	play	sound	255	sfx/explosion/energy
999	1	play	sound	255	dev/newo
1008	0	play	sound	255	sfx/explosion/gas
1014	1	play	sound	255	dev/cm
1017	2	play	sound	255	dev/onas
1026	0	play	sound	255	sfx/explosion/gas
1032	2	play	sound	255	dev/onas
1041	1	play	sound	255	dev/newo
1047	2	play	sound	255	dev/onas
1053	1	play	sound	255	dev/asb
1053	0	play	sound	255	sfx/explosion/gas
1062	2	play	sound	255	dev/onas
1071	0	play	sound	255	sfx/explosion/gas
1077	2	play	sound	255	dev/onas
1083	1	play	sound	255	dev/newo
1086	0	play	sound	255	sfx/explosion/gas
1092	2	play	sound	255	dev/onas
1095	1	play	sound	255	dev/trazer
1104	2	play	sound	255	dev/newo
1119	0	play	sound	255	sfx/explosion/gas
1122	2	play	sound	255	dev/onas
1125	1	play	sound	255	dev/trazer
1131	0	play	sound	255	sfx/explosion/gas
1134	2	play	sound	255	sfx/explosion/energy
1137	2	play	sound	255	sfx/explosion/energy
1146	0	play	sound	255	sfx/explosion/gas
1146	2	play	sound	255	sfx/explosion/energy
1155	1	play	sound	255	dev/trazer
1158	2	play	sound	255	sfx/explosion/energy
1161	0	play	sound	255	sfx/explosion/gas
1182	2	play	sound	255	dev/asb
1185	1	play	sound	255	dev/trazer
1194	1	play	sound	255	sfx/explosion/large
1194	0	play	sound	255	sfx/explosion/gas
1197	2	play	sound	255	dev/onas
1209	2	play	sound	255	dev/newo
1224	1	play	sound	255	dev/asb
1227	2	play	sound	255	dev/onas
1230	0	play	sound	255	dev/newo
1236	1	play	sound	255	dev/asb
1239	0	play	sound	255	sfx/explosion/gas
1245	1	play	sound	255	dev/asb
1254	2	play	sound	255	sfx/explosion/energy
1257	1	play	sound	255	dev/asb
1266	1	play	sound	255	dev/asb
1278	1	play	sound	255	dev/asb
1281	0	play	sound	255	sfx/warp/charge/2
1281	2	play	sound	255	sfx/energy
1281	2	play	sound	255	sfx/energy
1281	2	play	sound	255	sfx/energy
1284	2	play	sound	255	sfx/energy
1287	2	play	sound	255	sfx/energy
1287	2	play	sound	255	sfx/energy
1287	2	play	sound	255	sfx/energy
1290	1	play	sound	255	sfx/explosion/energy
1290	2	play	sound	255	sfx/energy
1302	2	play	sound	255	dev/asb
1302	1	play	sound	255	sfx/explosion/energy
1302	1	play	sound	255	sfx/explosion/energy
1305	0	play	sound	255	sfx/warp/charge/3
1332	2	play	sound	255	sfx/warp/charge/4
1356	1	play	sound	255	sfx/warp/in
1389	0	play	sound	128	gui/beep/button
1398	0	play	sound	128	gui/beep/button
1408	2	play	sound	128	gui/beep/zoom
1473	0	play	sound	128	gui/beep/button
1482	0	play	sound	128	gui/beep/button
1494	0	play	sound	4	dev/lepton
1497	2	play	sound	4	dev/pp
1497	0	play	sound	25	dev/cm
1500	0	play	sound	49	sfx/energy
1503	0	play	sound	68	dev/lepton
1509	0	play	sound	255	dev/onas
1509	2	play	sound	255	dev/newo
1512	1	play	sound	110	dev/pp
1512	1	play	sound	129	dev/lepton
1521	1	play	sound	183	dev/lepton
1524	0	play	sound	183	dev/pp
1524	0	play	sound	255	dev/onas
1530	1	play	sound	231	dev/lepton
1530	2	play	sound	255	dev/newo
1533	1	play	sound	255	dev/asb
1536	0	play	sound	241	dev/asb
1536	0	play	sound	244	dev/pp
1539	0	play	sound	255	dev/lepton
1542	2	play	sound	255	sfx/explosion/energy
1548	1	play	sound	255	dev/pp
1548	0	play	sound	255	dev/lepton
1560	0	play	sound	175	dev/asb
1560	0	play	sound	226	dev/pp
1566	1	play	sound	192	dev/lepton
1578	2	play	sound	168	dev/pp
1578	0	play	sound	162	dev/lepton
1578	1	play	sound	162	dev/cm
1590	0	play	sound	146	dev/pp
1596	2	play	sound	140	dev/lepton
1602	0	play	sound	139	dev/pp
1614	0	play	sound	142	dev/pp
1614	2	play	sound	145	dev/lepton
1614	1	play	sound	119	sfx/explosion/energy
1620	1	play	sound	122	dev/pp
1620	1	play	sound	124	dev/lepton
1626	0	play	sound	255	sfx/warp/out
1626	2	play	sound	124	sfx/explosion/energy
1629	1	play	sound	129	dev/lepton
1632	2	play	sound	129	dev/pp
1638	1	play	sound	135	dev/lepton
1644	2	play	sound	138	dev/pp
1647	1	play	sound	144	dev/lepton
1656	2	play	sound	149	dev/pp
1656	1	play	sound	151	dev/lepton
1659	1	play	sound	255	dev/onas
1659	2	play	sound	255	dev/newo
1659	0	play	sound	149	sfx/explosion/small
1659	0	play	sound	151	sfx/explosion/energy
1674	1	play	sound	255	dev/onas
1680	2	play	sound	255	dev/newo
1689	1	play	sound	255	dev/onas
1695	0	play	sound	126	dev/asb
1698	0	play	sound	221	dev/pp
1698	0	play	sound	224	dev/lepton
1698	2	play	sound	224	dev/cm
1701	0	play	sound	255	dev/newo
1701	1	play	sound	127	sfx/explosion/energy
1701	1	play	sound	186	sfx/energy
1704	1	play	sound	255	dev/onas
1707	2	play	sound	230	dev/lepton
1716	2	play	sound	236	dev/lepton
1716	0	play	sound	197	sfx/explosion/energy
1719	0	play	sound	211	dev/lepton
1719	1	play	sound	255	dev/onas
1722	0	play	sound	237	dev/pp
1722	0	play	sound	255	dev/newo
1728	2	play	sound	203	dev/asb
1728	2	play	sound	220	dev/lepton
1734	2	play	sound	223	dev/pp
1734	1	play	sound	255	dev/onas
1737	2	play	sound	229	dev/lepton
1740	2	play	sound	246	dev/pp
1740	2	play	sound	248	dev/lepton
1740	0	play	sound	217	sfx/explosion/small
1743	0	play	sound	255	dev/newo
1746	1	play	sound	234	dev/pp
1746	1	play	sound	237	dev/lepton
1749	1	play	sound	251	dev/lepton
1749	1	play	sound	255	dev/onas
1752	2	play	sound	211	sfx/explosion/energy
1764	1	play	sound	255	dev/onas
1764	0	play	sound	255	dev/newo
1775	2	play	sound	128	gui/beep/zoom
1779	1	play	sound	255	dev/onas
1785	0	play	sound	255	dev/newo
1788	2	play	sound	212	sfx/explosion/energy
1791	2	play	sound	227	dev/asb
1791	2	play	sound	255	sfx/energy
1794	1	play	sound	255	dev/onas
1794	0	play	sound	222	sfx/explosion/gas
1806	0	play	sound	255	dev/pp
1806	2	play	sound	255	dev/cm
1806	1	play	sound	255	dev/newo
1818	0	play	sound	255	dev/pp
1824	1	play	sound	255	dev/onas
1830	0	play	sound	255	dev/pp
1830	2	play	sound	255	dev/cm
1836	0	play	sound	255	dev/pp
1836	1	play	sound	255	dev/lepton
1842	0	play	sound	255	dev/pp
1845	1	play	sound	255	dev/lepton
1848	0	play	sound	255	dev/pp
1854	0	play	sound	255	dev/pp
1854	1	play	sound	255	dev/lepton
1860	0	play	sound	255	dev/pp
1863	1	play	sound	255	dev/lepton
1866	0	play	sound	255	sfx/explosion/gas
1869	2	play	sound	255	dev/onas
1872	1	play	sound	255	dev/lepton
1884	2	play	sound	255	dev/pp
1884	1	play	sound	255	dev/onas
1896	2	play	sound	255	dev/pp
1899	1	play	sound	255	dev/onas
1911	0	play	sound	255	dev/newo
1911	2	play	sound	255	sfx/energy
1914	1	play	sound	255	dev/onas
1929	1	play	sound	255	dev/onas
1932	0	play	sound	255	dev/newo
1935	0	play	sound	255	sfx/explosion/gas
1944	1	play	sound	255	dev/onas
1950	2	play	sound	255	sfx/explosion/small
1950	0	play	sound	255	sfx/explosion/gas
1959	1	play	sound	255	dev/onas
1974	1	play	sound	255	dev/onas
1974	2	play	sound	255	dev/newo
2088	0	play	sound	255	sfx/energy
2140	1	play	sound	128	gui/beep/zoom
2432	2	play	sound	64	gui/beep/message
2435	2	play	sound	64	gui/beep/message
2438	2	play	sound	64	gui/beep/message
2441	2	play	sound	64	gui/beep/message
2444	2	play	sound	64	gui/beep/message
2447	2	play	sound	64	gui/beep/message
2450	2	play	sound	64	gui/beep/message
2453	2	play	sound	64	gui/beep/message
2456	2	play	sound	64	gui/beep/message
2459	2	play	sound	64	gui/beep/message
2462	2	play	sound	64	gui/beep/message
2465	2	play	sound	64	gui/beep/message
2468	2	play	sound	64	gui/beep/message
2471	2	play	sound	64	gui/beep/message
2474	2	play	sound	64	gui/beep/message
2477	2	play	sound	64	gui/beep/message
2480	2	play	sound	64	gui/beep/message
2483	2	play	sound	64	gui/beep/message
2486	2	play	sound	64	gui/beep/message
2489	2	play	sound	64	gui/beep/message
2492	2	play	sound	64	gui/beep/message
2495	2	play	sound	64	gui/beep/message
2498	2	play	sound	64	gui/beep/message
2501	2	play	sound	64	gui/beep/message
2504	2	play	sound	64	gui/beep/message
2507	2	play	sound	64	gui/beep/message
2510	2	play	sound	64	gui/beep/message
2513	2	play	sound	64	gui/beep/message
2516	2	play	sound	64	gui/beep/message
2517	1	play	sound	255	dev/onas
2517	2	play	sound	255	dev/newo
2519	0	play	sound	64	gui/beep/message
2522	0	play	sound	64	gui/beep/message
2525	0	play	sound	64	gui/beep/message
2528	0	play	sound	64	gui/beep/message
2531	0	play	sound	64	gui/beep/message
2532	1	play	sound	255	dev/onas
2534	0	play	sound	64	gui/beep/message
2537	0	play	sound	64	gui/beep/message
2538	2	play	sound	255	dev/newo
2540	0	play	sound	64	gui/beep/message
2543	0	play	sound	64	gui/beep/message
2546	0	play	sound	64	gui/beep/message
2547	1	play	sound	255	dev/onas
2549	0	play	sound	64	gui/beep/message
2552	0	play	sound	64	gui/beep/message
2555	0	play	sound	64	gui/beep/message
2558	0	play	sound	64	gui/beep/message
2559	2	play	sound	255	dev/newo
2561	0	play	sound	64	gui/beep/message
2562	1	play	sound	255	dev/onas
2564	0	play	sound	64	gui/beep/message
2567	0	play	sound	64	gui/beep/message
2570	0	play	sound	64	gui/beep/message
2573	0	play	sound	64	gui/beep/message
2574	0	play	sound	245	dev/asb
2576	2	play	sound	64	gui/beep/message
2577	1	play	sound	255	dev/onas
2579	2	play	sound	64	gui/beep/message
2580	0	play	sound	255	dev/newo
2582	2	play	sound	64	gui/beep/message
2583	2	play	sound	255	dev/asb
2588	1	play	sound	64	gui/beep/message
2591	1	play	sound	64	gui/beep/message
2592	1	play	sound	255	dev/onas
2594	0	play	sound	64	gui/beep/message
2597	0	play	sound	64	gui/beep/message
2598	0	play	sound	255	sfx/explosion/gas
2600	2	play	sound	64	gui/beep/message
2601	2	play	sound	255	dev/newo
2603	1	play	sound	64	gui/beep/message
2606	1	play	sound	64	gui/beep/message
2607	1	play	sound	255	dev/onas
2612	2	play	sound	64	gui/beep/message
2613	2	play	sound	255	sfx/explosion/energy
2618	1	play	sound	64	gui/beep/message
2621	1	play	sound	64	gui/beep/message
2622	1	play	sound	255	dev/onas
2630	0	play	sound	64	gui/beep/message
2633	0	play	sound	64	gui/beep/message
2636	0	play	sound	64	gui/beep/message
2637	1	play	sound	255	dev/onas
2639	0	play	sound	64	gui/beep/message
2642	0	play	sound	64	gui/beep/message
2643	0	play	sound	255	dev/newo
2645	2	play	sound	64	gui/beep/message
2648	2	play	sound	64	gui/beep/message
2651	2	play	sound	64	gui/beep/message
2654	2	play	sound	64	gui/beep/message
2657	2	play	sound	64	gui/beep/message
2660	2	play	sound	64	gui/beep/message
2663	2	play	sound	64	gui/beep/message
2666	2	play	sound	64	gui/beep/message
2669	2	play	sound	64	gui/beep/message
2672	2	play	sound	64	gui/beep/message
2675	2	play	sound	64	gui/beep/message
2678	2	play	sound	64	gui/beep/message
2679	2	play	sound	255	sfx/warp/charge/1
2679	1	play	sound	128	gui/beep/button
2681	0	play	sound	64	gui/beep/message
2684	0	play	sound	64	gui/beep/message
2687	0	play	sound	64	gui/beep/message
2688	1	play	sound	128	gui/beep/button
2690	0	play	sound	64	gui/beep/message
2693	0	play	sound	64	gui/beep/message
2694	0	play	sound	247	dev/asb
2702	2	play	sound	64	gui/beep/message
2703	0	play	sound	255	sfx/warp/charge/2
2705	2	play	sound	64	gui/beep/message
2708	2	play	sound	64	gui/beep/message
2711	2	play	sound	64	gui/beep/message
2714	2	play	sound	64	gui/beep/message
2715	1	play	sound	230	dev/asb
2717	2	play	sound	64	gui/beep/message
2720	2	play	sound	64	gui/beep/message
2721	2	play	sound	128	gui/beep/zoom
2726	0	play	sound	64	gui/beep/message
2727	0	play	sound	255	sfx/warp/charge/3
2729	1	play	sound	64	gui/beep/message
2732	1	play	sound	64	gui/beep/message
2735	1	play	sound	64	gui/beep/message
2738	1	play	sound	64	gui/beep/message
2741	1	play	sound	64	gui/beep/message
2744	1	play	sound	64	gui/beep/message
2747	1	play	sound	64	gui/beep/message
2750	1	play	sound	64	gui/beep/message
2753	1	play	sound	64	gui/beep/message
2754	1	play	sound	255	sfx/warp/charge/4
2756	2	play	sound	64	gui/beep/message
2759	2	play	sound	64	gui/beep/message
2762	2	play	sound	64	gui/beep/message
2765	2	play	sound	64	gui/beep/message
2768	2	play	sound	64	gui/beep/message
2771	2	play	sound	64	gui/beep/message
2774	2	play	sound	64	gui/beep/message
2777	2	play	sound	64	gui/beep/message
2778	2	play	sound	255	sfx/warp/in
2780	0	play	sound	64	gui/beep/message
2783	0	play	sound	64	gui/beep/message
2786	0	play	sound	64	gui/beep/message
2789	0	play	sound	64	gui/beep/message
2792	0	play	sound	64	gui/beep/message
2795	0	play	sound	64	gui/beep/message
2798	0	play	sound	64	gui/beep/message
2801	0	play	sound	64	gui/beep/message
2804	0	play	sound	64	gui/beep/message
2807	0	play	sound	64	gui/beep/message
2810	0	play	sound	64	gui/beep/message
2813	0	play	sound	64	gui/beep/message
2816	0	play	sound	64	gui/beep/message
2819	0	play	sound	64	gui/beep/message
2822	0	play	sound	64	gui/beep/message
2825	0	play	sound	64	gui/beep/message
2828	0	play	sound	64	gui/beep/message
2831	0	play	sound	64	gui/beep/message
2834	0	play	sound	64	gui/beep/message
2837	0	play	sound	64	gui/beep/message
2840	0	play	sound	64	gui/beep/message
2841	0	play	sound	128	gui/beep/button
2843	1	play	sound	64	gui/beep/message
2846	1	play	sound	64	gui/beep/message
2849	1	play	sound	64	gui/beep/message
2852	1	play	sound	64	gui/beep/message
2853	0	play	sound	128	gui/beep/button
2855	1	play	sound	64	gui/beep/message
2858	1	play	sound	64	gui/beep/message
2861	1	play	sound	64	gui/beep/message
2864	1	play	sound	64	gui/beep/message
2867	1	play	sound	64	gui/beep/message
2870	1	play	sound	64	gui/beep/message
2873	1	play	sound	64	gui/beep/message
2937	0	play	sound	255	sfx/warp/out
3030	1	play	sound	255	dev/newo
3033	2	play	sound	255	dev/onas
3045	0	play	sound	207	dev/inasa
3048	2	play	sound	255	dev/onas
3051	1	play	sound	204	dev/inasa
3051	0	play	sound	255	dev/newo
3060	1	play	sound	219	dev/inasa
3063	2	play	sound	255	dev/onas
3072	0	play	sound	255	dev/newo
3075	1	play	sound	231	dev/inasa
3075	1	play	sound	232	dev/inasa
3075	1	play	sound	243	sfx/explosion/gas
3078	2	play	sound	255	dev/onas
3084	1	play	sound	255	sfx/explosion/gas
3090	0	play	sound	252	dev/asb
3090	2	play	sound	247	dev/inasa
3093	0	play	sound	255	dev/onas
3093	2	play	sound	255	dev/newo
3096	1	play	sound	255	sfx/explosion/gas
3108	0	play	sound	255	dev/onas
3111	1	play	sound	255	sfx/explosion/gas
3114	2	play	sound	255	dev/newo
3123	0	play	sound	255	dev/inasa
3135	2	play	sound	255	dev/newo
3138	0	play	sound	255	dev/inasa
3144	1	play	sound	255	dev/asb
3153	2	play	sound	255	dev/onas
3156	0	play	sound	255	dev/newo
3168	2	play	sound	255	dev/onas
3168	0	play	sound	255	sfx/explosion/gas
3177	1	play	sound	255	dev/newo
3183	2	play	sound	255	dev/onas
3186	0	play	sound	255	sfx/explosion/gas
3192	0	play	sound	255	sfx/explosion/gas
3195	1	play	sound	255	sfx/explosion/energy
3198	2	play	sound	255	dev/onas
3201	0	play	sound	255	sfx/explosion/gas
3210	1	play	sound	255	sfx/explosion/energy
3213	2	play	sound	255	dev/onas
3213	0	play	sound	255	sfx/explosion/gas
3219	0	play	sound	255	sfx/explosion/gas
3222	1	play	sound	255	sfx/explosion/energy
3228	2	play	sound	255	dev/onas
3228	0	play	sound	255	sfx/explosion/gas
3240	2	play	sound	255	dev/newo
3240	1	play	sound	255	sfx/explosion/energy
3243	0	play	sound	255	sfx/explosion/gas
3258	2	play	sound	255	dev/onas
3261	1	play	sound	255	dev/newo
3273	2	play	sound	232	dev/inasa
3273	2	play	sound	255	dev/onas
3282	1	play	sound	255	dev/newo
3288	2	play	sound	255	dev/onas
3303	2	play	sound	255	dev/onas
3303	1	play	sound	255	dev/newo
3306	0	play	sound	228	dev/inasa
3318	2	play	sound	255	dev/onas
3324	1	play	sound	255	dev/newo
3333	2	play	sound	255	dev/onas
3339	0	play	sound	234	sfx/explosion/gas
3345	1	play	sound	255	dev/newo
3348	2	play	sound	255	dev/onas
3363	2	play	sound	255	dev/onas
3363	1	play	sound	201	sfx/explosion/gas
3366	0	play	sound	255	dev/newo
3378	2	play	sound	255	dev/onas
3381	1	play	sound	213	dev/inasa
3387	0	play	sound	255	dev/newo
3393	2	play	sound	255	dev/onas
3396	1	play	sound	128	gui/beep/zoom
3405	1	play	sound	214	dev/inasa
3408	2	play	sound	255	dev/onas
3408	0	play	sound	255	dev/newo
3423	2	play	sound	255	dev/onas
3429	1	play	sound	225	dev/inasa
3429	0	play	sound	255	dev/newo
3438	2	play	sound	255	dev/onas
3445	0	play	sound	128	gui/beep/zoom
3450	0	play	sound	244	dev/asb
3450	0	play	sound	255	dev/newo
3453	1	play	sound	247	dev/inasa
3453	2	play	sound	255	dev/onas
3468	2	play	sound	255	dev/onas
3471	1	play	sound	255	dev/asb
3471	0	play	sound	255	dev/newo
3477	0	play	sound	255	sfx/explosion/gas
3483	2	play	sound	255	dev/onas
3486	1	play	sound	255	sfx/explosion/energy
3489	1	play	sound	255	sfx/explosion/energy
3498	2	play	sound	255	dev/onas
3513	2	play	sound	255	dev/onas
3513	0	play	sound	255	dev/newo
3528	2	play	sound	255	dev/onas
3534	0	play	sound	255	dev/newo
3543	2	play	sound	255	dev/onas
3555	0	play	sound	255	dev/newo
3558	1	play	sound	209	dev/inasa
3558	2	play	sound	255	dev/onas
3564	1	play	sound	241	sfx/explosion/gas
3573	0	play	sound	232	dev/inasa
3573	2	play	sound	255	dev/onas
3576	0	play	sound	255	dev/asb
3576	1	play	sound	255	dev/newo
3585	0	play	sound	255	sfx/explosion/gas
3588	2	play	sound	255	dev/inasa
3588	1	play	sound	255	dev/onas
3591	0	play	sound	255	sfx/explosion/gas
3600	1	play	sound	255	dev/asb
3600	0	play	sound	255	sfx/explosion/gas
3600	2	play	sound	255	sfx/explosion/energy
3606	2	play	sound	255	sfx/explosion/energy
3609	0	play	sound	255	sfx/explosion/gas
3615	2	play	sound	255	sfx/explosion/energy
3618	1	play	sound	255	dev/onas
3621	0	play	sound	255	sfx/explosion/gas
3630	2	play	sound	255	sfx/explosion/energy
3633	1	play	sound	255	dev/onas
3633	0	play	sound	255	sfx/explosion/gas
3645	0	play	sound	255	sfx/explosion/gas
3645	2	play	sound	255	sfx/explosion/energy
3648	1	play	sound	255	dev/onas
3660	1	play	sound	255	dev/newo
3663	0	play	sound	255	sfx/explosion/gas
3678	2	play	sound	255	dev/onas
3681	1	play	sound	255	dev/newo
3687	0	play	sound	255	sfx/explosion/gas
3693	2	play	sound	255	dev/onas
3699	0	play	sound	255	sfx/explosion/gas
3699	1	play	sound	255	sfx/explosion/energy
3708	2	play	sound	255	dev/onas
3714	0	play	sound	255	sfx/explosion/gas
3720	1	play	sound	255	sfx/explosion/energy
3723	2	play	sound	255	dev/onas
3729	0	play	sound	255	sfx/explosion/gas
3735	2	play	sound	255	dev/inasa
3738	1	play	sound	255	sfx/explosion/energy
3741	0	play	sound	255	sfx/explosion/gas
3750	2	play	sound	255	dev/inasa
3750	0	play	sound	255	sfx/explosion/gas
3753	1	play	sound	255	sfx/explosion/energy
3756	2	play	sound	255	dev/inasa
3759	0	play	sound	255	sfx/explosion/gas
3762	1	play	sound	255	sfx/explosion/energy
3765	2	play	sound	255	dev/inasa
3765	1	play	sound	255	sfx/explosion/energy
3768	0	play	sound	255	sfx/explosion/gas
3777	2	play	sound	255	dev/asb
3783	1	play	sound	255	sfx/explosion/energy
3786	2	play	sound	255	dev/asb
3786	0	play	sound	255	gui/klaxon
3786	1	play	sound	255	sfx/explosion/gas
3798	2	play	sound	255	dev/asb
3798	1	play	sound	255	sfx/explosion/gas
3810	2	play	sound	255	dev/inasa
3813	1	play	sound	255	sfx/explosion/gas
3825	2	play	sound	255	dev/inasa
3828	1	play	sound	255	sfx/explosion/gas
3843	2	play	sound	255	dev/onas
3849	0	play	sound	255	dev/newo
3858	2	play	sound	255	dev/onas
3867	1	play	sound	255	dev/inasa
3873	0	play	sound	255	dev/asb
3882	2	play	sound	253	dev/inasa
3891	1	play	sound	243	dev/inasa
3891	0	play	sound	243	dev/asb
3894	0	play	sound	246	dev/asb
3897	1	play	sound	244	dev/inasa
3912	2	play	sound	239	dev/inasa
3912	0	play	sound	128	gui/klaxon
3915	0	play	sound	227	dev/inasa
3915	0	play	sound	238	dev/asb
3927	1	play	sound	235	dev/inasa
3939	2	play	sound	220	dev/inasa
3942	2	play	sound	232	dev/inasa
3954	0	play	sound	136	sfx/warp/out
3954	1	play	sound	131	sfx/warp/out
3960	0	play	sound	255	dev/onas
3960	1	play	sound	255	dev/newo
3975	0	play	sound	255	dev/onas
3981	1	play	sound	255	dev/newo
3990	0	play	sound	255	dev/onas
4002	2	play	sound	242	dev/asb
4002	1	play	sound	213	dev/inasa
4002	0	play	sound	199	dev/pp
4002	0	play	sound	203	dev/lepton
4002	0	play	sound	255	dev/newo
4005	1	play	sound	255	dev/onas
4014	0	play	sound	215	dev/pp
4017	2	play	sound	209	dev/inasa
4020	0	play	sound	227	dev/lepton
4020	1	play	sound	255	dev/onas
4020	0	play	sound	255	sfx/explosion/energy
4023	2	play	sound	255	dev/newo
4029	0	play	sound	224	sfx/explosion/gas
4032	0	play	sound	225	dev/inasa
4035	1	play	sound	255	dev/onas
4038	0	play	sound	245	dev/pp
4038	0	play	sound	248	dev/lepton
4038	2	play	sound	128	gui/klaxon
4041	2	play	sound	203	dev/inasa
4047	2	play	sound	214	sfx/explosion/gas
4056	1	play	sound	208	dev/inasa
4056	0	play	sound	199	dev/inasa
4062	0	play	sound	255	dev/asb
4071	1	play	sound	199	dev/inasa
4092	0	play	sound	197	dev/inasa
4092	2	play	sound	197	dev/asb
4125	0	play	sound	255	dev/pp
4125	1	play	sound	255	dev/cm
4131	2	play	sound	209	sfx/explosion/gas
4137	2	play	sound	248	dev/asb
4137	0	play	sound	255	dev/pp
4158	0	play	sound	229	dev/asb
4164	2	play	sound	128	gui/klaxon
4173	1	play	sound	128	gui/beep/zoom
4209	0	play	sound	128	gui/beep/button
4269	0	play	sound	255	dev/onas
4269	1	play	sound	255	dev/newo
4272	2	play	sound	243	dev/asb
4281	0	play	sound	191	sfx/explosion/gas
4284	0	play	sound	255	dev/onas
4290	1	play	sound	255	dev/newo
4290	2	play	sound	128	gui/klaxon
4293	2	play	sound	244	dev/asb
4299	0	play	sound	255	dev/onas
4305	2	play	sound	255	sfx/explosion/energy
4311	1	play	sound	255	dev/newo
4311	0	play	sound	255	sfx/explosion/gas
4320	0	play	sound	255	sfx/explosion/gas
4329	1	play	sound	255	dev/onas
4329	0	play	sound	255	sfx/explosion/gas
4332	2	play	sound	255	dev/newo
4338	0	play	sound	255	sfx/explosion/gas
4344	1	play	sound	255	dev/onas
4350	2	play	sound	179	dev/inasa
4350	0	play	sound	255	sfx/explosion/gas
4350	2	play	sound	255	sfx/explosion/energy
4359	1	play	sound	255	dev/onas
4359	0	play	sound	255	sfx/explosion/gas
4362	2	play	sound	255	sfx/explosion/energy
4371	1	play	sound	255	dev/inasa
4371	2	play	sound	255	sfx/explosion/energy
4371	0	play	sound	255	sfx/explosion/gas
4377	2	play	sound	255	sfx/explosion/energy
4380	2	play	sound	255	sfx/explosion/energy
4380	0	play	sound	255	sfx/explosion/gas
4380	2	play	sound	255	sfx/explosion/energy
4386	1	play	sound	247	sfx/explosion/energy
4386	1	play	sound	249	sfx/explosion/energy
4389	1	play	sound	255	dev/pp
4389	0	play	sound	255	sfx/explosion/gas
4395	2	play	sound	255	sfx/explosion/energy
4401	1	play	sound	190	dev/asb
4404	1	play	sound	255	dev/onas
4404	0	play	sound	255	sfx/explosion/gas
4416	1	play	sound	255	dev/newo
4416	2	play	sound	128	gui/klaxon
4416	2	play	sound	234	sfx/explosion/energy
4419	2	play	sound	255	dev/onas
4431	1	play	sound	225	sfx/explosion/energy
4431	2	play	sound	222	sfx/explosion/energy
4431	0	play	sound	255	sfx/explosion/gas
4434	1	play	sound	255	dev/onas
4437	2	play	sound	255	dev/newo
4446	1	play	sound	162	dev/asb
4446	1	play	sound	255	sfx/explosion/energy
4449	2	play	sound	220	dev/pp
4449	2	play	sound	255	dev/onas
4449	0	play	sound	255	sfx/explosion/gas
4461	2	play	sound	217	dev/pp
4464	2	play	sound	225	dev/asb
4464	2	play	sound	255	dev/onas
4464	0	play	sound	255	sfx/explosion/gas
4467	1	play	sound	166	dev/asb
4473	1	play	sound	255	sfx/explosion/energy
4479	2	play	sound	255	dev/onas
4485	0	play	sound	255	sfx/explosion/gas
4491	2	play	sound	208	dev/inasa
4494	2	play	sound	255	dev/onas
4494	1	play	sound	255	sfx/explosion/energy
4497	0	play	sound	255	sfx/explosion/gas
4506	2	play	sound	206	dev/inasa
4509	2	play	sound	255	dev/onas
4512	0	play	sound	255	sfx/explosion/gas
4515	1	play	sound	228	sfx/explosion/energy
4515	1	play	sound	255	sfx/explosion/energy
4521	2	play	sound	206	dev/inasa
4521	2	play	sound	255	dev/newo
4524	1	play	sound	236	sfx/explosion/large
4524	0	play	sound	255	sfx/explosion/gas
4530	1	play	sound	255	sfx/explosion/energy
4533	2	play	sound	236	sfx/explosion/energy
4536	0	play	sound	255	sfx/explosion/gas
4539	2	play	sound	255	dev/onas
4548	0	play	sound	255	sfx/explosion/gas
4551	1	play	sound	255	sfx/explosion/energy
4554	2	play	sound	255	dev/onas
4563	0	play	sound	255	sfx/explosion/gas
4566	2	play	sound	236	sfx/explosion/energy
4566	2	play	sound	236	sfx/explosion/energy
4566	2	play	sound	236	sfx/explosion/energy
4566	2	play	sound	236	sfx/explosion/energy
4566	2	play	sound	236	sfx/explosion/energy
4566	2	play	sound	236	sfx/explosion/energy
4566	2	play	sound	236	sfx/explosion/energy
4566	2	play	sound	236	sfx/explosion/energy
4566	2	play	sound	236	sfx/explosion/energy
4566	2	play	sound	236	sfx/explosion/energy
4566	2	play	sound	236	sfx/explosion/energy
4566	2	play	sound	236	sfx/explosion/energy
4566	2	play	sound	236	sfx/explosion/energy
4566	2	play	sound	236	sfx/explosion/energy
4569	2	play	sound	255	dev/onas
4569	1	play	sound	255	sfx/explosion/energy
4575	0	play	sound	255	sfx/explosion/gas
4584	2	play	sound	255	dev/onas
4587	0	play	sound	255	sfx/explosion/gas
4587	1	play	sound	255	sfx/explosion/energy
4596	2	play	sound	251	sfx/explosion/energy
4599	2	play	sound	255	dev/onas
4602	0	play	sound	255	sfx/explosion/gas
4608	1	play	sound	255	sfx/explosion/energy
4614	2	play	sound	192	dev/pp
4614	2	play	sound	255	dev/onas
4617	0	play	sound	255	sfx/explosion/gas
4626	2	play	sound	255	dev/newo
4629	1	play	sound	255	dev/onas
4632	0	play	sound	255	sfx/explosion/gas
4644	1	play	sound	255	dev/onas
4647	2	play	sound	234	dev/inasa
4647	2	play	sound	255	dev/newo
4647	0	play	sound	255	sfx/explosion/gas
4659	1	play	sound	255	dev/onas
4662	2	play	sound	238	dev/inasa
4662	0	play	sound	255	sfx/explosion/gas
4668	2	play	sound	255	dev/newo
4671	1	play	sound	255	sfx/explosion/energy
4677	0	play	sound	255	sfx/explosion/gas
4683	2	play	sound	188	dev/pp
4683	2	play	sound	189	dev/cm
4689	2	play	sound	255	dev/onas
4692	1	play	sound	255	sfx/explosion/large
4692	0	play	sound	255	sfx/explosion/gas
4704	2	play	sound	255	dev/onas
4716	0	play	sound	255	sfx/explosion/gas
4719	2	play	sound	199	dev/pp
4719	2	play	sound	255	dev/onas
4731	2	play	sound	229	dev/inasa
4731	2	play	sound	255	dev/newo
4746	2	play	sound	231	dev/inasa
4752	2	play	sound	233	dev/asb
4758	2	play	sound	255	dev/asb
4758	0	play	sound	118	dev/inasa
4761	0	play	sound	236	dev/inasa
4770	0	play	sound	255	dev/onas
4770	1	play	sound	255	dev/newo
4770	2	play	sound	255	sfx/explosion/small
4785	0	play	sound	255	dev/onas
4791	1	play	sound	255	dev/newo
4794	2	play	sound	128	gui/klaxon
4800	0	play	sound	255	dev/onas
4809	2	play	sound	158	dev/inasa
4812	1	play	sound	255	dev/newo
4812	2	play	sound	253	sfx/explosion/gas
4815	0	play	sound	255	dev/onas
4830	0	play	sound	255	dev/onas
4833	1	play	sound	255	dev/newo
4845	0	play	sound	255	dev/onas
4848	2	play	sound	255	dev/pp
4848	1	play	sound	255	dev/lepton
4857	1	play	sound	255	dev/lepton
4860	2	play	sound	255	dev/pp
4860	0	play	sound	255	dev/onas
4866	1	play	sound	255	dev/lepton
4872	0	play	sound	255	sfx/explosion/energy
4875	2	play	sound	255	dev/inasa
4890	2	play	sound	255	dev/inasa
4890	1	play	sound	255	dev/onas
4893	0	play	sound	255	sfx/explosion/gas
4902	1	play	sound	255	sfx/explosion/energy
4905	2	play	sound	255	dev/inasa
4914	1	play	sound	255	sfx/explosion/energy
4917	2	play	sound	255	dev/asb
4929	1	play	sound	255	sfx/explosion/energy
4932	0	play	sound	255	sfx/explosion/gas
4935	2	play	sound	255	dev/inasa
4950	2	play	sound	255	dev/onas
4950	1	play	sound	255	sfx/explosion/energy
4965	2	play	sound	255	dev/onas
4965	1	play	sound	255	sfx/explosion/energy
4965	1	play	sound	255	sfx/explosion/large
4965	0	play	sound	255	sfx/explosion/gas
4980	2	play	sound	255	dev/onas
4995	2	play	sound	255	dev/onas
5001	0	play	sound	255	dev/newo
5010	2	play	sound	255	dev/onas
5022	0	play	sound	255	dev/newo
5025	2	play	sound	255	dev/onas
5028	0	play	sound	255	sfx/explosion/gas
5040	2	play	sound	255	dev/onas
5043	1	play	sound	255	dev/newo
5046	0	play	sound	255	sfx/explosion/gas
5055	2	play	sound	255	dev/onas
5064	1	play	sound	255	dev/newo
5070	2	play	sound	255	dev/onas
5082	0	play	sound	255	sfx/explosion/gas
5085	2	play	sound	255	dev/onas
5085	1	play	sound	255	dev/newo
5100	2	play	sound	255	dev/onas
5100	0	play	sound	255	sfx/explosion/gas
5103	0	play	sound	255	sfx/explosion/gas
5106	1	play	sound	255	dev/newo
5115	2	play	sound	255	dev/onas
5127	1	play	sound	255	dev/newo
5130	2	play	sound	255	dev/onas
5134	0	play	sound	64	gui/beep/message
5137	0	play	sound	64	gui/beep/message
5140	0	play	sound	64	gui/beep/message
5143	0	play	sound	64	gui/beep/message
5145	2	play	sound	255	dev/onas
5146	0	play	sound	64	gui/beep/message
5148	1	play	sound	255	dev/newo
5149	0	play	sound	64	gui/beep/message
5152	0	play	sound	64	gui/beep/message
5155	0	play	sound	64	gui/beep/message
5158	0	play	sound	64	gui/beep/message
5160	2	play	sound	255	dev/onas
5161	0	play	sound	64	gui/beep/message
5163	0	play	sound	255	sfx/explosion/gas
5164	1	play	sound	64	gui/beep/message
5167	1	play	sound	64	gui/beep/message
5169	1	play	sound	255	dev/newo
5172	2	play	sound	128	gui/klaxon
5175	2	play	sound	255	dev/onas
5182	1	play	sound	64	gui/beep/message
5185	1	play	sound	64	gui/beep/message
5188	1	play	sound	64	gui/beep/message
5190	2	play	sound	255	dev/onas
5190	1	play	sound	255	dev/newo
5194	0	play	sound	64	gui/beep/message
5197	0	play	sound	64	gui/beep/message
5199	0	play	sound	255	dev/asb
5203	1	play	sound	64	gui/beep/message
5205	2	play	sound	255	dev/onas
5206	1	play	sound	64	gui/beep/message
5209	1	play	sound	64	gui/beep/message
5211	1	play	sound	255	dev/newo
5212	0	play	sound	64	gui/beep/message
5214	0	play	sound	255	sfx/explosion/energy
5218	2	play	sound	64	gui/beep/message
5220	2	play	sound	255	dev/onas
5224	1	play	sound	64	gui/beep/message
5227	1	play	sound	64	gui/beep/message
5230	1	play	sound	64	gui/beep/message
5232	1	play	sound	255	dev/newo
5233	2	play	sound	64	gui/beep/message
5235	2	play	sound	255	dev/onas
5236	0	play	sound	64	gui/beep/message
5239	0	play	sound	64	gui/beep/message
5242	0	play	sound	64	gui/beep/message
5245	0	play	sound	64	gui/beep/message
5248	0	play	sound	64	gui/beep/message
5250	2	play	sound	255	dev/onas
5251	0	play	sound	64	gui/beep/message
5253	0	play	sound	255	dev/asb
5253	1	play	sound	255	dev/newo
5263	2	play	sound	64	gui/beep/message
5265	2	play	sound	255	dev/onas
5265	0	play	sound	255	sfx/explosion/energy
5266	1	play	sound	64	gui/beep/message
5268	1	play	sound	255	sfx/explosion/gas
5278	2	play	sound	64	gui/beep/message
5280	2	play	sound	255	dev/onas
5287	0	play	sound	64	gui/beep/message
5290	0	play	sound	64	gui/beep/message
5293	0	play	sound	64	gui/beep/message
5295	2	play	sound	255	dev/onas
5295	0	play	sound	255	dev/newo
5299	1	play	sound	64	gui/beep/message
5301	1	play	sound	255	dev/pp
5301	0	play	sound	255	sfx/explosion/gas
5308	2	play	sound	64	gui/beep/message
5310	2	play	sound	255	dev/onas
5314	1	play	sound	64	gui/beep/message
5316	1	play	sound	255	dev/newo
5323	2	play	sound	64	gui/beep/message
5325	2	play	sound	255	dev/onas
5329	1	play	sound	64	gui/beep/message
5332	1	play	sound	64	gui/beep/message
5335	1	play	sound	64	gui/beep/message
5337	1	play	sound	255	dev/pp
5337	0	play	sound	255	dev/lepton
5337	2	play	sound	255	dev/newo
5346	0	play	sound	255	dev/lepton
5349	1	play	sound	255	dev/pp
5349	2	play	sound	255	sfx/explosion/energy
5355	0	play	sound	255	dev/lepton
5361	1	play	sound	255	dev/pp
5364	0	play	sound	255	dev/lepton
5370	2	play	sound	255	dev/onas
5373	1	play	sound	255	dev/pp
5373	0	play	sound	255	dev/lepton
5379	0	play	sound	255	sfx/explosion/gas
5382	2	play	sound	255	sfx/explosion/energy
5385	1	play	sound	255	dev/onas
5400	1	play	sound	255	dev/onas
5409	2	play	sound	255	sfx/explosion/small
5409	0	play	sound	255	sfx/explosion/gas
5415	1	play	sound	255	dev/onas
5430	1	play	sound	255	dev/onas
5442	2	play	sound	255	dev/newo
5442	0	play	sound	255	sfx/explosion/gas
5445	1	play	sound	255	dev/onas
5460	1	play	sound	255	dev/onas
5463	2	play	sound	255	dev/newo
5469	1	play	sound	255	sfx/explosion/large
5469	0	play	sound	255	sfx/explosion/gas
5475	2	play	sound	255	dev/onas
5490	2	play	sound	255	dev/onas
5505	2	play	sound	255	dev/onas
5505	0	play	sound	255	dev/newo
5550	0	play	sound	128	gui/klaxon
5577	2	play	sound	128	gui/beep/button
5577	1	play	sound	128	gui/beep/zoom
5586	2	play	sound	128	gui/beep/button
5586	0	play	sound	255	sfx/energy
5587	1	play	sound	128	gui/beep/zoom
5593	1	play	sound	128	gui/beep/zoom
5676	1	play	sound	128	gui/klaxon
5697	1	play	sound	247	sfx/explosion/energy
5766	2	play	sound	192	gui/beep/select
5802	2	play	sound	128	gui/klaxon
5856	2	play	sound	192	gui/beep/select
5928	2	play	sound	128	gui/klaxon
5940	0	play	sound	128	gui/beep/order
5973	0	play	sound	3	sfx/explosion/energy
5982	0	play	sound	192	gui/beep/select
6009	1	play	sound	128	gui/beep/order
6012	0	play	sound	192	gui/beep/select
6021	1	play	sound	128	gui/beep/order
6024	0	play	sound	192	gui/beep/select
6033	1	play	sound	128	gui/beep/order
6036	0	play	sound	192	gui/beep/select
6042	1	play	sound	128	gui/beep/order
6045	0	play	sound	192	gui/beep/select
6054	1	play	sound	128	gui/beep/order
6054	2	play	sound	128	gui/klaxon
6057	0	play	sound	192	gui/beep/select
6063	1	play	sound	128	gui/beep/order
6069	0	play	sound	192	gui/beep/select
6072	0	play	sound	211	sfx/warp/out
6075	1	play	sound	128	gui/beep/order
6081	1	play	sound	192	gui/beep/select
6093	1	play	sound	192	gui/beep/select
6102	0	play	sound	128	gui/beep/order
6105	1	play	sound	192	gui/beep/select
6111	0	play	sound	128	gui/beep/order
6131	2	play	sound	128	gui/beep/zoom
6162	0	play	sound	255	dev/onas
6162	1	play	sound	255	dev/newo
6177	0	play	sound	255	dev/onas
6180	2	play	sound	128	gui/klaxon
6183	1	play	sound	255	dev/newo
6192	0	play	sound	255	dev/onas
6204	1	play	sound	255	dev/newo
6207	0	play	sound	255	dev/onas
6219	2	play	sound	236	sfx/explosion/gas
6222	0	play	sound	255	dev/onas
6225	1	play	sound	255	dev/newo
6237	0	play	sound	255	dev/onas
6246	1	play	sound	255	dev/newo
6252	0	play	sound	255	dev/onas
6267	0	play	sound	255	dev/onas
6267	1	play	sound	255	dev/newo
6282	0	play	sound	255	dev/onas
6282	0	play	sound	233	sfx/explosion/gas
6288	1	play	sound	255	dev/newo
6297	0	play	sound	255	dev/onas
6306	2	play	sound	128	gui/klaxon
6309	1	play	sound	255	dev/newo
6312	0	play	sound	255	dev/onas
6327	0	play	sound	255	dev/onas
6330	1	play	sound	255	dev/newo
6342	0	play	sound	255	dev/onas
6342	2	play	sound	233	sfx/explosion/gas
6351	1	play	sound	255	dev/newo
6357	0	play	sound	255	dev/onas
6357	2	play	sound	233	sfx/explosion/gas
6372	1	play	sound	225	dev/cm
6372	0	play	sound	255	dev/onas
6372	1	play	sound	255	dev/newo
6372	2	play	sound	233	sfx/explosion/gas
6387	0	play	sound	255	dev/onas
6387	2	play	sound	233	sfx/explosion/gas
6393	1	play	sound	255	dev/newo
6402	0	play	sound	255	dev/onas
6405	0	play	sound	226	sfx/explosion/gas
6414	1	play	sound	255	dev/newo
6417	0	play	sound	255	dev/onas
6432	0	play	sound	255	dev/onas
6432	2	play	sound	128	gui/klaxon
6435	1	play	sound	255	dev/newo
6444	2	play	sound	222	dev/cm
6447	0	play	sound	255	dev/onas
6456	1	play	sound	255	dev/newo
6462	0	play	sound	255	dev/onas
6477	0	play	sound	255	dev/onas
6477	1	play	sound	255	dev/newo
6492	0	play	sound	255	dev/onas
6492	2	play	sound	238	sfx/explosion/gas
6498	1	play	sound	255	dev/newo
6507	0	play	sound	255	dev/onas
6510	0	play	sound	232	sfx/explosion/gas
6516	0	play	sound	234	dev/cm
6516	0	play	sound	255	sfx/explosion/energy
6519	1	play	sound	255	dev/newo
6522	2	play	sound	255	dev/onas
6525	0	play	sound	232	sfx/explosion/gas
6537	2	play	sound	255	dev/onas
6537	0	play	sound	238	sfx/explosion/gas
6540	1	play	sound	255	dev/newo
6552	2	play	sound	255	dev/onas
6552	0	play	sound	238	sfx/explosion/gas
6558	1	play	sound	128	gui/klaxon
6561	0	play	sound	255	dev/newo
6567	2	play	sound	255	dev/onas
6582	2	play	sound	255	dev/onas
6582	0	play	sound	255	dev/newo
6594	0	play	sound	78	sfx/warp/out
6597	2	play	sound	255	dev/onas
6597	0	play	sound	238	sfx/explosion/gas
6603	0	play	sound	255	dev/newo
6606	1	play	sound	239	dev/cm
6609	2	play	sound	94	dev/cm
6612	1	play	sound	255	dev/onas
6612	2	play	sound	255	sfx/explosion/gas
6624	0	play	sound	255	dev/newo
6627	1	play	sound	163	dev/pp
6627	1	play	sound	164	dev/cm
6627	1	play	sound	255	dev/onas
6627	0	play	sound	238	sfx/explosion/gas
6639	1	play	sound	167	dev/pp
6642	0	play	sound	255	dev/onas
6645	1	play	sound	255	dev/newo
6648	2	play	sound	76	dev/cm
6648	2	play	sound	205	dev/inasa
6657	0	play	sound	255	dev/onas
6666	1	play	sound	81	dev/cm
6666	1	play	sound	255	dev/newo
6666	2	play	sound	233	sfx/explosion/energy
6672	0	play	sound	218	dev/inasa
6672	0	play	sound	255	dev/onas
6672	2	play	sound	237	sfx/explosion/gas
6675	2	play	sound	239	sfx/explosion/energy
6681	1	play	sound	149	dev/cm
6681	1	play	sound	243	dev/trazer
6681	2	play	sound	243	dev/bay
6684	0	play	sound	128	gui/klaxon
6684	0	play	sound	222	sfx/explosion/energy
6687	0	play	sound	255	dev/onas
6687	1	play	sound	255	dev/newo
6687	0	play	sound	236	sfx/explosion/gas
6696	0	play	sound	249	sfx/explosion/gas
6699	1	play	sound	208	dev/cm
6699	0	play	sound	255	sfx/explosion/large
6699	1	play	sound	255	sfx/explosion/energy
6702	2	play	sound	210	dev/lepton
6702	2	play	sound	232	sfx/explosion/energy
6705	2	play	sound	255	sfx/explosion/gas
6711	1	play	sound	250	sfx/explosion/gas
6717	1	play	sound	255	sfx/explosion/energy
6729	1	play	sound	255	sfx/explosion/energy
6738	2	play	sound	146	dev/cm
6741	2	play	sound	244	dev/trazer
6744	2	play	sound	247	sfx/explosion/energy
6747	2	play	sound	247	sfx/explosion/energy
6750	1	play	sound	222	dev/asb
6759	1	play	sound	242	sfx/explosion/gas
6765	0	play	sound	219	sfx/explosion/energy
6771	2	play	sound	172	dev/pp
6774	2	play	sound	205	dev/pp
6774	2	play	sound	205	dev/pp
6783	0	play	sound	243	dev/trazer
6783	1	play	sound	243	dev/bay
6783	0	play	sound	255	sfx/energy
6786	2	play	sound	224	sfx/explosion/energy
6789	1	play	sound	255	dev/inasa
6789	2	play	sound	255	dev/asb
6792	0	play	sound	237	sfx/explosion/gas
6801	1	play	sound	194	dev/pp
6801	1	play	sound	215	dev/pp
6801	1	play	sound	215	dev/pp
6801	2	play	sound	192	gui/beep/select
6807	2	play	sound	202	dev/lepton
6807	1	play	sound	236	sfx/explosion/energy
6810	1	play	sound	238	sfx/explosion/energy
6813	2	play	sound	204	dev/pp
6813	0	play	sound	239	dev/trazer
6813	2	play	sound	238	sfx/explosion/gas
6816	1	play	sound	239	dev/asb
6822	0	play	sound	255	sfx/explosion/energy
6822	0	play	sound	255	sfx/explosion/energy
6825	1	play	sound	255	dev/pp
6825	2	play	sound	255	dev/lepton
6825	0	play	sound	255	sfx/explosion/gas
6828	1	play	sound	255	dev/pp
6828	1	play	sound	255	dev/pp
6834	2	play	sound	255	dev/lepton
6837	1	play	sound	255	dev/pp
6846	2	play	sound	255	sfx/explosion/energy
6849	1	play	sound	255	dev/pp
6849	2	play	sound	255	sfx/explosion/energy
6855	1	play	sound	255	dev/pp
6855	1	play	sound	255	dev/pp
6855	2	play	sound	255	sfx/explosion/energy
6858	0	play	sound	255	dev/lepton
6861	1	play	sound	255	dev/pp
6861	2	play	sound	255	sfx/explosion/energy
6867	0	play	sound	255	dev/lepton
6867	0	play	sound	255	sfx/explosion/large
6867	2	play	sound	255	sfx/explosion/energy
6870	2	play	sound	255	sfx/explosion/energy
6873	1	play	sound	255	dev/pp
6882	1	play	sound	255	dev/pp
6882	1	play	sound	255	dev/pp
6888	1	play	sound	255	sfx/explosion/gas
6897	0	play	sound	255	sfx/energy
6897	0	play	sound	255	sfx/energy
6897	0	play	sound	255	sfx/energy
6897	0	play	sound	255	sfx/energy
6897	0	play	sound	255	sfx/energy
6900	0	play	sound	255	sfx/energy
6900	0	play	sound	255	sfx/energy
6900	0	play	sound	255	sfx/energy
6900	0	play	sound	255	sfx/energy
6900	0	play	sound	255	sfx/energy
6903	1	play	sound	255	sfx/explosion/gas
6903	0	play	sound	255	sfx/energy
6909	2	play	sound	255	dev/pp
6909	2	play	sound	255	dev/pp
6918	0	play	sound	224	dev/pp
6918	0	play	sound	224	dev/pp
6930	0	play	sound	255	dev/inasa
6930	2	play	sound	255	dev/asb
6936	1	play	sound	255	dev/pp
6936	1	play	sound	255	dev/pp
6942	2	play	sound	255	dev/asb
6945	0	play	sound	211	dev/pp
6945	0	play	sound	211	dev/pp
6948	1	play	sound	211	dev/bay
6951	0	play	sound	255	sfx/explosion/gas
6954	1	play	sound	255	dev/pp
6954	2	play	sound	255	dev/lepton
6954	0	play	sound	255	sfx/explosion/gas
6963	1	play	sound	255	dev/pp
6963	1	play	sound	255	dev/pp
6963	2	play	sound	255	dev/lepton
6966	1	play	sound	255	dev/pp
6972	2	play	sound	255	dev/lepton
6978	1	play	sound	255	dev/pp
6981	2	play	sound	255	dev/lepton
6987	0	play	sound	255	sfx/explosion/energy
6990	1	play	sound	255	dev/pp
6990	2	play	sound	255	dev/lepton
6999	2	play	sound	255	dev/lepton
7002	1	play	sound	255	dev/pp
7005	0	play	sound	255	sfx/explosion/energy
7008	2	play	sound	255	dev/lepton
7014	1	play	sound	255	dev/pp
7017	2	play	sound	255	dev/lepton
7026	1	play	sound	255	dev/pp
7026	2	play	sound	255	dev/lepton
7026	1	play	sound	255	dev/pp
7026	1	play	sound	255	dev/pp
7029	0	play	sound	128	gui/beep/zoom
7032	0	play	sound	236	dev/inasa
7035	2	play	sound	255	dev/lepton
7038	1	play	sound	191	dev/asb
7038	0	play	sound	255	dev/pp
7044	2	play	sound	255	dev/lepton
7044	1	play	sound	245	sfx/explosion/energy
7050	0	play	sound	255	dev/pp
7050	1	play	sound	250	dev/cm
7053	2	play	sound	255	dev/lepton
7062	0	play	sound	255	dev/pp
7062	2	play	sound	255	dev/lepton
7062	1	play	sound	255	dev/cm
7074	0	play	sound	221	dev/asb
7077	2	play	sound	194	sfx/energy
7077	0	play	sound	225	sfx/explosion/energy
7077	2	play	sound	221	sfx/explosion/energy
7080	0	play	sound	252	dev/pp
7080	0	play	sound	252	dev/pp
7083	2	play	sound	226	sfx/explosion/large
7095	0	play	sound	179	dev/asb
7101	0	play	sound	218	sfx/energy
7104	0	play	sound	255	dev/pp
7104	2	play	sound	255	dev/lepton
7104	1	play	sound	218	sfx/energy
7104	1	play	sound	218	sfx/energy
7107	0	play	sound	255	dev/pp
7107	0	play	sound	255	dev/pp
7107	1	play	sound	220	sfx/explosion/energy
7110	0	play	sound	175	sfx/explosion/gas
7110	1	play	sound	221	sfx/explosion/energy
7113	2	play	sound	255	dev/lepton
7116	0	play	sound	176	dev/asb
7116	0	play	sound	255	dev/pp
7116	0	play	sound	214	sfx/explosion/gas
7116	0	play	sound	219	sfx/explosion/energy
7122	2	play	sound	255	dev/lepton
7122	0	play	sound	220	sfx/explosion/energy
7128	0	play	sound	255	dev/pp
7131	2	play	sound	255	dev/lepton
7134	0	play	sound	255	dev/pp
7134	0	play	sound	255	dev/pp
7134	1	play	sound	193	dev/bay
7137	1	play	sound	218	dev/inasa
7140	0	play	sound	255	dev/pp
7140	2	play	sound	255	dev/lepton
7143	1	play	sound	224	sfx/explosion/energy
7149	2	play	sound	255	dev/lepton
7152	0	play	sound	255	dev/pp
7152	2	play	sound	255	dev/lepton
7152	1	play	sound	255	dev/cm
7152	0	play	sound	255	dev/pp
7158	2	play	sound	255	dev/lepton
7158	0	play	sound	223	sfx/explosion/gas
7161	2	play	sound	255	dev/lepton
7161	0	play	sound	255	dev/pp
7161	0	play	sound	255	dev/pp
7161	0	play	sound	169	sfx/explosion/gas
7164	0	play	sound	255	dev/pp
7164	0	play	sound	255	dev/pp
7167	2	play	sound	255	dev/lepton
7170	2	play	sound	255	dev/lepton
7170	1	play	sound	255	dev/cm
7176	0	play	sound	232	dev/asb
7176	0	play	sound	255	dev/pp
7176	2	play	sound	255	dev/lepton
7185	2	play	sound	255	dev/lepton
7188	0	play	sound	255	dev/pp
7188	0	play	sound	255	dev/pp
7188	0	play	sound	255	dev/pp
7194	2	play	sound	255	dev/lepton
7200	0	play	sound	255	dev/pp
7203	2	play	sound	255	dev/lepton
7206	1	play	sound	203	dev/pp
7206	1	play	sound	203	dev/pp
7206	1	play	sound	249	sfx/explosion/energy
7206	1	play	sound	255	sfx/explosion/energy
7209	0	play	sound	157	sfx/explosion/gas
7212	0	play	sound	255	dev/asb
7212	2	play	sound	255	dev/lepton
7215	1	play	sound	255	sfx/explosion/energy
7221	2	play	sound	255	dev/lepton
7224	0	play	sound	255	dev/pp
7227	0	play	sound	255	dev/pp
7227	2	play	sound	255	dev/lepton
7227	1	play	sound	255	sfx/explosion/energy
7230	2	play	sound	255	dev/lepton
7233	1	play	sound	255	sfx/explosion/energy
7236	2	play	sound	255	dev/lepton
7236	0	play	sound	255	dev/pp
7239	0	play	sound	255	dev/pp
7239	2	play	sound	255	dev/lepton
7239	1	play	sound	255	sfx/explosion/energy
7242	0	play	sound	255	dev/pp
7242	0	play	sound	255	dev/pp
7245	1	play	sound	255	sfx/explosion/energy
7245	1	play	sound	255	sfx/explosion/energy
7245	1	play	sound	255	sfx/explosion/energy
7248	0	play	sound	255	dev/pp
7248	2	play	sound	255	dev/lepton
7248	0	play	sound	227	sfx/explosion/gas
7254	0	play	sound	255	dev/asb
7254	1	play	sound	255	sfx/explosion/energy
7257	2	play	sound	255	dev/lepton
7260	1	play	sound	255	sfx/explosion/energy
7266	2	play	sound	255	dev/lepton
7266	0	play	sound	115	dev/pp
7266	0	play	sound	115	dev/pp
7269	0	play	sound	255	dev/pp
7269	0	play	sound	255	dev/pp
7272	0	play	sound	255	dev/pp
7275	2	play	sound	255	dev/lepton
7281	1	play	sound	255	sfx/explosion/energy
7284	0	play	sound	255	dev/pp
7284	2	play	sound	255	dev/lepton
7293	0	play	sound	255	dev/pp
7293	2	play	sound	255	dev/lepton
7293	2	play	sound	255	dev/lepton
7296	0	play	sound	255	dev/pp
7296	0	play	sound	255	dev/pp
7296	0	play	sound	255	dev/pp
7299	1	play	sound	255	sfx/explosion/energy
7302	2	play	sound	255	dev/lepton
7308	0	play	sound	255	dev/pp
7311	2	play	sound	255	dev/lepton
7311	1	play	sound	255	sfx/explosion/energy
7320	0	play	sound	255	dev/pp
7320	2	play	sound	255	dev/lepton
7323	0	play	sound	255	dev/pp
7323	0	play	sound	255	dev/pp
7323	1	play	sound	255	sfx/explosion/energy
7329	2	play	sound	255	dev/lepton
7332	0	play	sound	255	dev/pp
7335	1	play	sound	255	sfx/explosion/energy
7338	2	play	sound	255	dev/lepton
7344	0	play	sound	255	dev/pp
7347	2	play	sound	255	dev/lepton
7347	1	play	sound	255	sfx/explosion/energy
7350	0	play	sound	255	dev/pp
7350	0	play	sound	255	dev/pp
7356	0	play	sound	255	dev/pp
7356	2	play	sound	255	dev/lepton
7356	1	play	sound	255	sfx/explosion/energy
7359	1	play	sound	255	sfx/explosion/energy
7359	1	play	sound	255	sfx/explosion/energy
7362	1	play	sound	255	sfx/explosion/energy
7365	2	play	sound	255	dev/lepton
7365	1	play	sound	255	sfx/explosion/energy
7368	0	play	sound	255	dev/pp
7368	1	play	sound	255	sfx/explosion/energy
7371	1	play	sound	255	sfx/explosion/energy
7374	2	play	sound	255	dev/lepton
7377	0	play	sound	255	dev/pp
7377	0	play	sound	255	dev/pp
7380	0	play	sound	255	dev/pp
7383	2	play	sound	255	dev/lepton
7392	0	play	sound	211	dev/pp
7392	0	play	sound	212	dev/lepton
7392	1	play	sound	212	dev/cm
7392	0	play	sound	255	dev/pp
7392	2	play	sound	255	dev/lepton
7395	0	play	sound	255	dev/pp
7395	0	play	sound	255	dev/pp
7401	1	play	sound	215	dev/lepton
7401	1	play	sound	255	dev/lepton
7404	2	play	sound	215	dev/pp
7404	0	play	sound	255	dev/pp
7404	0	play	sound	255	dev/pp
7404	0	play	sound	255	dev/pp
7404	2	play	sound	255	dev/inasa
7404	0	play	sound	143	sfx/explosion/large
7410	0	play	sound	255	dev/pp
7410	1	play	sound	255	dev/lepton
7410	1	play	sound	255	dev/lepton
7416	2	play	sound	219	dev/pp
7416	0	play	sound	255	dev/pp
7419	1	play	sound	255	dev/lepton
7419	1	play	sound	255	dev/lepton
7419	2	play	sound	251	sfx/explosion/energy
7422	0	play	sound	255	dev/pp
7422	0	play	sound	255	dev/pp
7422	0	play	sound	255	dev/pp
7422	0	play	sound	135	sfx/explosion/large
7425	0	play	sound	255	dev/cm
7428	1	play	sound	255	dev/lepton
7428	2	play	sound	255	dev/pp
7428	1	play	sound	255	dev/lepton
7428	0	play	sound	255	sfx/explosion/gas
7431	2	play	sound	255	dev/pp
7431	2	play	sound	255	dev/pp
7437	1	play	sound	255	dev/lepton
7440	2	play	sound	255	dev/pp
7446	1	play	sound	255	dev/lepton
7449	2	play	sound	255	dev/pp
7449	2	play	sound	255	dev/pp
7452	2	play	sound	255	dev/pp
7455	1	play	sound	255	dev/lepton
7458	2	play	sound	255	dev/pp
7458	1	play	sound	255	dev/lepton
7458	2	play	sound	255	dev/pp
7458	2	play	sound	255	dev/pp
7461	0	play	sound	239	sfx/explosion/energy
7464	0	play	sound	247	dev/asb
7464	2	play	sound	255	dev/pp
7464	1	play	sound	255	dev/lepton
7464	0	play	sound	255	sfx/explosion/energy
7467	1	play	sound	255	dev/lepton
7470	2	play	sound	255	dev/pp
7470	0	play	sound	255	sfx/explosion/energy
7473	1	play	sound	255	dev/lepton
7476	2	play	sound	255	dev/pp
7482	1	play	sound	255	dev/lepton
7482	0	play	sound	255	sfx/explosion/energy
7485	2	play	sound	255	dev/pp
7485	2	play	sound	255	dev/pp
7488	2	play	sound	255	dev/pp
7491	1	play	sound	255	dev/lepton
7500	2	play	sound	255	dev/pp
7500	1	play	sound	255	dev/lepton
7503	0	play	sound	241	dev/trazer
7509	1	play	sound	255	dev/lepton
7509	0	play	sound	252	sfx/explosion/energy
7509	0	play	sound	253	sfx/explosion/energy
7512	2	play	sound	255	dev/pp
7512	2	play	sound	255	dev/pp
7512	2	play	sound	255	dev/pp
7515	0	play	sound	255	dev/asb
7518	1	play	sound	255	dev/lepton
7524	2	play	sound	236	dev/lepton
7524	2	play	sound	255	dev/pp
7527	1	play	sound	255	dev/lepton
7533	0	play	sound	234	dev/pp
7533	0	play	sound	248	dev/trazer
7536	0	play	sound	255	dev/asb
7536	2	play	sound	255	dev/pp
7536	1	play	sound	255	dev/lepton
7545	1	play	sound	255	dev/lepton
7548	2	play	sound	255	dev/pp
7551	0	play	sound	225	dev/lepton
7554	0	play	sound	255	dev/lepton
7557	1	play	sound	255	dev/asb
7560	2	play	sound	255	dev/pp
7563	0	play	sound	255	dev/lepton
7569	1	play	sound	180	sfx/explosion/energy
7572	2	play	sound	255	dev/pp
7572	0	play	sound	255	dev/lepton
7578	1	play	sound	255	dev/asb
7581	0	play	sound	255	dev/lepton
7584	2	play	sound	149	dev/asb
7584	2	play	sound	255	dev/pp
7590	0	play	sound	255	dev/lepton
7590	1	play	sound	168	dev/pp
7590	1	play	sound	168	dev/pp
7590	1	play	sound	255	dev/inasa
7596	2	play	sound	255	dev/pp
7599	0	play	sound	255	dev/lepton
7605	1	play	sound	159	dev/asb
7605	1	play	sound	255	dev/inasa
7608	2	play	sound	255	dev/pp
7608	0	play	sound	255	dev/lepton
7608	1	play	sound	255	dev/inasa
7617	0	play	sound	255	dev/lepton
7620	2	play	sound	255	dev/pp
7620	1	play	sound	222	dev/pp
7620	1	play	sound	222	dev/pp
7620	1	play	sound	255	sfx/explosion/energy
7623	1	play	sound	255	sfx/explosion/energy
7626	0	play	sound	255	dev/lepton
7632	2	play	sound	255	dev/pp
7632	1	play	sound	255	sfx/explosion/energy
7632	1	play	sound	255	sfx/explosion/energy
7635	0	play	sound	255	dev/lepton
7641	1	play	sound	255	sfx/explosion/energy
7644	2	play	sound	200	dev/pk/ish
7644	2	play	sound	255	dev/pp
7644	0	play	sound	255	dev/lepton
7653	0	play	sound	255	dev/lepton
7653	1	play	sound	255	sfx/explosion/energy
7656	2	play	sound	252	dev/asb
7656	2	play	sound	255	dev/pp
7659	1	play	sound	255	sfx/explosion/energy
7662	0	play	sound	255	dev/lepton
7662	1	play	sound	255	sfx/explosion/energy
7668	2	play	sound	132	dev/pk/ish
7668	2	play	sound	255	dev/pp
7668	1	play	sound	255	sfx/explosion/energy
7671	0	play	sound	255	dev/lepton
7674	1	play	sound	255	sfx/explosion/energy
7674	1	play	sound	255	sfx/explosion/energy
7677	0	play	sound	213	sfx/explosion/gas
7680	2	play	sound	255	dev/pp
7680	0	play	sound	255	dev/lepton
7683	1	play	sound	255	sfx/explosion/energy
7689	0	play	sound	255	dev/lepton
7692	2	play	sound	226	dev/lepton
7692	2	play	sound	255	dev/pp
7698	0	play	sound	255	dev/lepton
7698	1	play	sound	255	sfx/explosion/energy
7701	1	play	sound	255	sfx/explosion/energy
7704	2	play	sound	255	dev/pp
7704	1	play	sound	255	sfx/explosion/energy
7707	0	play	sound	255	dev/lepton
7713	1	play	sound	255	sfx/explosion/energy
7716	2	play	sound	206	dev/asb
7716	2	play	sound	255	dev/pp
7716	0	play	sound	255	dev/lepton
7719	1	play	sound	255	sfx/explosion/energy
7719	1	play	sound	255	sfx/explosion/energy
7725	0	play	sound	255	dev/lepton
7728	2	play	sound	255	dev/pp
7728	1	play	sound	255	sfx/explosion/energy
7734	0	play	sound	255	dev/lepton
7734	1	play	sound	255	sfx/explosion/energy
7737	1	play	sound	255	sfx/explosion/energy
7740	2	play	sound	255	dev/pp
7740	1	play	sound	255	sfx/explosion/energy
7743	0	play	sound	255	dev/lepton
7749	1	play	sound	255	sfx/explosion/energy
7749	1	play	sound	255	sfx/explosion/energy
7752	2	play	sound	255	dev/pp
7752	0	play	sound	255	dev/lepton
7752	1	play	sound	255	sfx/explosion/energy
7758	1	play	sound	255	sfx/explosion/energy
7761	0	play	sound	255	dev/lepton
7764	2	play	sound	255	dev/pp
7764	1	play	sound	255	sfx/explosion/energy
7764	1	play	sound	255	sfx/explosion/energy
7767	1	play	sound	255	sfx/explosion/energy
7770	0	play	sound	255	dev/lepton
7773	1	play	sound	255	sfx/explosion/energy
7776	2	play	sound	255	dev/pp
7776	1	play	sound	255	sfx/explosion/energy
7779	0	play	sound	255	dev/lepton
7779	1	play	sound	255	sfx/explosion/energy
7788	2	play	sound	206	dev/pk/ish
7788	2	play	sound	255	dev/pp
7788	0	play	sound	255	dev/lepton
7788	1	play	sound	255	sfx/explosion/energy
7788	1	play	sound	255	sfx/explosion/energy
7794	1	play	sound	255	sfx/explosion/energy
7794	1	play	sound	255	sfx/explosion/energy
7797	0	play	sound	255	dev/lepton
7797	1	play	sound	255	sfx/explosion/energy
7800	2	play	sound	255	dev/pp
7803	1	play	sound	255	sfx/explosion/energy
7806	0	play	sound	255	dev/lepton
7806	1	play	sound	255	sfx/explosion/energy
7809	1	play	sound	255	sfx/explosion/energy
7812	2	play	sound	64	dev/pk/ish
7812	2	play	sound	255	dev/pp
7812	1	play	sound	255	sfx/explosion/energy
7815	0	play	sound	255	dev/lepton
7824	2	play	sound	255	dev/asb
7824	0	play	sound	255	dev/lepton
7827	2	play	sound	255	dev/asb
7833	0	play	sound	255	dev/lepton
7836	1	play	sound	255	dev/pp
7839	2	play	sound	244	dev/asb
7839	2	play	sound	255	sfx/explosion/energy
7842	0	play	sound	255	dev/lepton
7848	1	play	sound	255	dev/pp
7851	0	play	sound	255	dev/lepton
7860	1	play	sound	255	dev/pp
7860	0	play	sound	255	dev/lepton
7869	2	play	sound	193	dev/asb
7869	0	play	sound	255	dev/lepton
7872	1	play	sound	255	dev/pp
7872	2	play	sound	255	sfx/explosion/energy
7872	0	play	sound	103	sfx/explosion/gas
7878	0	play	sound	204	dev/pk/ish
7878	0	play	sound	255	dev/lepton
7884	1	play	sound	255	dev/pp
7887	0	play	sound	255	sfx/explosion/large
7887	2	play	sound	255	sfx/explosion/energy
7899	1	play	sound	210	dev/pk/ish
7902	1	play	sound	212	sfx/explosion/energy
7908	2	play	sound	99	dev/pp
7908	2	play	sound	99	dev/pp
7908	1	play	sound	255	sfx/explosion/energy
7914	2	play	sound	200	dev/trazer
7920	2	play	sound	211	dev/pk/ish
7923	2	play	sound	255	dev/lepton
7932	2	play	sound	255	dev/lepton
7932	1	play	sound	94	dev/bay
7932	1	play	sound	193	sfx/explosion/energy
7932	1	play	sound	89	sfx/explosion/gas
7935	1	play	sound	93	dev/pp
7935	1	play	sound	93	dev/pp
7938	1	play	sound	255	dev/pp
7941	2	play	sound	255	dev/lepton
7950	1	play	sound	255	dev/pp
7950	2	play	sound	255	dev/lepton
7950	0	play	sound	127	dev/pp
7950	0	play	sound	127	dev/pp
7956	0	play	sound	255	dev/asb
7959	2	play	sound	255	dev/lepton
7962	1	play	sound	213	dev/asb
7962	1	play	sound	252	dev/asb
7971	0	play	sound	134	dev/asb
7971	0	play	sound	156	sfx/explosion/energy
7974	0	play	sound	186	dev/pp
7974	2	play	sound	155	sfx/explosion/energy
7977	1	play	sound	123	dev/pp
7977	1	play	sound	123	dev/pp
7977	1	play	sound	154	sfx/explosion/energy
7977	1	play	sound	169	sfx/explosion/energy
7980	0	play	sound	255	dev/pp
7980	1	play	sound	255	dev/lepton
7980	2	play	sound	157	sfx/explosion/small
7989	1	play	sound	255	dev/lepton
7989	2	play	sound	169	dev/trazer
7992	0	play	sound	255	dev/pp
7998	1	play	sound	255	dev/lepton
7998	0	play	sound	165	sfx/explosion/large
7998	1	play	sound	157	sfx/explosion/gas
8004	0	play	sound	255	dev/pp
8007	1	play	sound	255	dev/lepton
8016	0	play	sound	255	dev/pp
8016	1	play	sound	255	dev/lepton
8022	2	play	sound	255	dev/asb
8028	0	play	sound	215	dev/pk/ish
8031	1	play	sound	120	dev/pp
8031	1	play	sound	120	dev/pp
8034	1	play	sound	131	dev/asb
8046	1	play	sound	215	dev/asb
8046	2	play	sound	61	sfx/energy
8052	0	play	sound	58	dev/pp
8052	0	play	sound	58	dev/pp
8055	0	play	sound	136	dev/asb
8058	0	play	sound	255	dev/asb
8058	2	play	sound	118	dev/pp
8058	2	play	sound	118	dev/pp
8058	1	play	sound	217	sfx/explosion/energy
8070	0	play	sound	91	dev/asb
8070	0	play	sound	98	sfx/explosion/energy
8076	2	play	sound	96	dev/asb
8076	2	play	sound	143	dev/asb
8079	0	play	sound	154	dev/pp
8079	2	play	sound	152	dev/cm
8079	1	play	sound	50	dev/pp
8079	1	play	sound	50	dev/pp
8079	1	play	sound	91	sfx/explosion/energy
8082	0	play	sound	216	dev/asb
8085	1	play	sound	119	dev/pp
8085	1	play	sound	119	dev/pp
8091	1	play	sound	148	dev/pp
8097	0	play	sound	65	sfx/explosion/energy
8103	0	play	sound	140	dev/pp
8106	1	play	sound	42	dev/pp
8106	1	play	sound	42	dev/pp
8106	1	play	sound	80	sfx/explosion/energy
8115	0	play	sound	232	dev/pk/ish
8115	1	play	sound	130	dev/pp
8127	2	play	sound	119	dev/pp
8133	1	play	sound	210	dev/asb
8133	0	play	sound	31	dev/pp
8133	0	play	sound	31	dev/pp
8133	0	play	sound	32	dev/bay
8136	0	play	sound	229	dev/pk/ish
8139	2	play	sound	108	dev/pp
8139	2	play	sound	255	dev/pp
8139	0	play	sound	255	dev/lepton
8145	1	play	sound	231	dev/asb
8148	0	play	sound	255	dev/lepton
8151	2	play	sound	96	dev/pp
8151	2	play	sound	255	dev/pp
8157	0	play	sound	255	dev/lepton
8160	1	play	sound	16	dev/pp
8160	1	play	sound	16	dev/pp
8163	1	play	sound	85	dev/pp
8163	1	play	sound	255	dev/pp
8166	2	play	sound	223	dev/asb
8166	0	play	sound	255	dev/lepton
8175	1	play	sound	75	dev/pp
8175	1	play	sound	255	dev/pp
8175	0	play	sound	255	dev/lepton
8178	2	play	sound	20	sfx/explosion/small
8178	2	play	sound	22	sfx/explosion/gas
8184	2	play	sound	47	dev/asb
8184	0	play	sound	255	dev/lepton
8187	2	play	sound	214	dev/asb
8187	1	play	sound	64	dev/pp
8187	1	play	sound	255	dev/pp
8193	0	play	sound	255	dev/lepton
8199	1	play	sound	53	dev/pp
8199	1	play	sound	255	dev/pp
8202	2	play	sound	10	dev/pk/ish
8202	2	play	sound	49	dev/lepton
8202	0	play	sound	255	dev/lepton
8208	2	play	sound	204	dev/asb
8208	2	play	sound	236	sfx/explosion/energy
8211	1	play	sound	44	dev/pp
8211	1	play	sound	255	dev/pp
8211	0	play	sound	255	dev/lepton
8220	0	play	sound	255	dev/lepton
8223	1	play	sound	255	dev/pp
8229	2	play	sound	140	dev/asb
8229	0	play	sound	255	dev/lepton
8229	2	play	sound	236	sfx/explosion/energy
8235	1	play	sound	15	dev/pk/ish
8235	1	play	sound	255	dev/pp
8238	0	play	sound	255	dev/lepton
8247	1	play	sound	255	dev/pp
8247	0	play	sound	255	dev/lepton
8250	2	play	sound	119	dev/asb
8256	0	play	sound	255	dev/lepton
8259	2	play	sound	159	dev/asb
8259	1	play	sound	5	dev/pp
8259	1	play	sound	255	dev/pp
8265	2	play	sound	168	dev/asb
8265	0	play	sound	255	dev/lepton
8271	1	play	sound	255	dev/pp
8274	0	play	sound	255	dev/lepton
8277	2	play	sound	232	sfx/explosion/large
8277	2	play	sound	235	sfx/explosion/energy
8283	1	play	sound	255	dev/pp
8283	0	play	sound	255	dev/lepton
8295	0	play	sound	105	dev/pk/ish
8298	1	play	sound	36	dev/cm
8316	0	play	sound	125	sfx/energy
8322	1	play	sound	90	dev/pk/ish
8325	2	play	sound	78	dev/asb
8328	2	play	sound	119	dev/asb
8334	0	play	sound	52	dev/lepton
8337	1	play	sound	52	dev/pp
8340	0	play	sound	111	dev/asb
8343	2	play	sound	47	dev/lepton
8352	1	play	sound	69	sfx/explosion/energy
8358	0	play	sound	42	dev/pp
8358	2	play	sound	41	dev/lepton
8358	0	play	sound	255	sfx/warp/charge/1
8370	2	play	sound	38	dev/pp
8373	1	play	sound	90	dev/asb
8382	0	play	sound	33	dev/pp
8382	0	play	sound	255	sfx/warp/charge/2
8382	2	play	sound	80	sfx/explosion/energy
8385	1	play	sound	31	dev/lepton
8388	1	play	sound	62	sfx/explosion/energy
8406	1	play	sound	255	sfx/warp/charge/3
8406	2	play	sound	255	sfx/energy
8412	0	play	sound	59	dev/pk/ish
8424	0	play	sound	69	dev/asb
8430	2	play	sound	52	dev/asb
8433	0	play	sound	255	sfx/warp/charge/4
8436	2	play	sound	56	sfx/explosion/small
8436	1	play	sound	56	sfx/explosion/energy
8454	0	play	sound	55	sfx/energy
8457	0	play	sound	255	sfx/warp/in
8460	1	play	sound	35	sfx/explosion/energy
8481	1	play	sound	104	dev/asb
8484	2	play	sound	97	dev/pp
8484	2	play	sound	97	dev/pp
8484	0	play	sound	82	dev/bay
8487	0	play	sound	159	sfx/explosion/energy
8505	1	play	sound	137	sfx/explosion/energy
8505	0	play	sound	204	sfx/explosion/energy
8511	2	play	sound	231	dev/pp
8511	2	play	sound	231	dev/pp
8517	1	play	sound	146	dev/pp
8523	0	play	sound	255	sfx/explosion/energy
8526	1	play	sound	188	dev/cm
8529	1	play	sound	255	dev/asb
8529	2	play	sound	188	dev/pp
8538	2	play	sound	255	dev/pp
8538	2	play	sound	255	dev/pp
8538	2	play	sound	255	dev/pp
8541	1	play	sound	227	dev/pp
8547	1	play	sound	239	dev/lepton
8550	0	play	sound	239	dev/pp
8550	2	play	sound	232	dev/cm
8553	0	play	sound	255	dev/pp
8553	1	play	sound	244	sfx/explosion/energy
8565	0	play	sound	255	dev/pp
8571	2	play	sound	234	dev/asb
8574	1	play	sound	255	dev/lepton
8577	0	play	sound	255	dev/pp
8583	2	play	sound	65	dev/asb
8583	1	play	sound	255	dev/lepton
8592	2	play	sound	196	dev/pp
8592	2	play	sound	196	dev/pp
8592	2	play	sound	218	sfx/explosion/small
8592	2	play	sound	220	sfx/explosion/energy
8595	2	play	sound	255	sfx/explosion/energy
8595	0	play	sound	184	sfx/explosion/small
8595	0	play	sound	183	sfx/explosion/gas
8601	0	play	sound	255	sfx/warp/out
8607	1	play	sound	128	gui/beep/button
8616	1	play	sound	128	gui/beep/button
8622	1	play	sound	181	sfx/energy
8625	2	play	sound	61	dev/asb
8625	2	play	sound	128	gui/beep/button
8627	0	play	sound	128	gui/beep/zoom
8655	2	play	sound	128	gui/beep/button
8667	0	play	sound	155	sfx/energy
8706	2	play	sound	143	sfx/energy
8707	1	play	sound	128	gui/beep/zoom
8724	1	play	sound	65	dev/asb
8730	1	play	sound	132	dev/pp
8730	1	play	sound	132	dev/pp
8742	0	play	sound	199	dev/cm
8745	2	play	sound	68	dev/asb
8751	2	play	sound	89	dev/pk/ish
8754	0	play	sound	255	dev/cm
8757	2	play	sound	120	dev/pp
8757	2	play	sound	120	dev/pp
8766	1	play	sound	69	dev/asb
8772	1	play	sound	78	dev/pk/ish
8784	1	play	sound	114	dev/pp
8784	1	play	sound	114	dev/pp
8784	2	play	sound	73	sfx/explosion/energy
8790	2	play	sound	113	dev/bay
8793	2	play	sound	73	dev/pk/ish
8802	2	play	sound	113	dev/cm
8811	1	play	sound	114	dev/pp
8811	1	play	sound	114	dev/pp
8814	2	play	sound	160	dev/cm
8826	2	play	sound	235	dev/cm
8838	1	play	sound	121	dev/pp
8838	1	play	sound	121	dev/pp
8841	0	play	sound	93	dev/asb
8844	0	play	sound	94	sfx/explosion/energy
8844	0	play	sound	94	sfx/explosion/energy
8853	0	play	sound	107	dev/pp
8853	1	play	sound	107	dev/lepton
8856	0	play	sound	98	sfx/explosion/gas
8856	0	play	sound	102	sfx/explosion/energy
8859	2	play	sound	77	dev/pp
8862	1	play	sound	109	dev/lepton
8865	2	play	sound	109	dev/pp
8865	2	play	sound	135	dev/pp
8865	2	play	sound	135	dev/pp
8865	2	play	sound	163	dev/pp
8865	2	play	sound	163	dev/pp
8868	0	play	sound	112	dev/pk/ish
8871	1	play	sound	113	dev/lepton
8874	0	play	sound	140	dev/cm
8874	0	play	sound	246	dev/bay
8904	1	play	sound	129	sfx/energy
9090	0	quiet
9090	1	quiet
9090	2	quiet
9090	3	quiet
