0	3	quiet
0	3	loop	music	255	freds-theme
0	3	quiet
0	3	quiet
0	3	loop	music	215	targetron
1	0	play	sound	128	gui/beep/zoom
207	1	play	sound	128	gui/beep/button
737	0	play	sound	128	gui/beep/zoom
747	0	play	sound	255	dev/lepton
750	1	play	sound	255	dev/pp
756	0	play	sound	255	dev/lepton
762	1	play	sound	255	dev/pp
765	0	play	sound	255	dev/lepton
774	2	play	sound	255	sfx/warp/out
774	1	play	sound	255	dev/pp
774	0	play	sound	255	dev/lepton
783	0	play	sound	255	dev/lepton
786	1	play	sound	255	dev/pp
792	0	play	sound	255	dev/lepton
798	1	play	sound	255	dev/pp
801	0	play	sound	255	dev/lepton
801	2	play	sound	255	sfx/explosion/energy
804	2	play	sound	255	sfx/explosion/energy
810	1	play	sound	255	dev/pp
810	0	play	sound	255	dev/lepton
813	2	play	sound	255	sfx/explosion/energy
813	0	play	sound	255	sfx/explosion/large
813	2	play	sound	255	sfx/explosion/energy
822	1	play	sound	255	dev/pp
864	1	play	sound	255	sfx/warp/out
879	2	play	sound	255	sfx/energy
957	0	play	sound	224	sfx/warp/out
984	1	play	sound	97	sfx/warp/out
1053	1	play	sound	130	dev/cm
1125	1	play	sound	175	dev/cm
1182	0	play	sound	255	sfx/explosion/gas
1197	1	play	sound	243	dev/cm
1278	2	play	sound	128	gui/beep/button
1284	2	play	sound	128	gui/beep/button
1299	2	play	sound	128	gui/beep/button
1329	1	play	sound	251	dev/cm
1341	1	play	sound	255	dev/lepton
1344	2	play	sound	255	dev/pp
1350	1	play	sound	255	dev/lepton
1356	2	play	sound	255	dev/pp
1359	1	play	sound	255	dev/lepton
1368	2	play	sound	255	dev/pp
1368	1	play	sound	255	dev/lepton
1377	1	play	sound	255	dev/lepton
1380	2	play	sound	255	dev/pp
1383	0	play	sound	255	sfx/explosion/energy
1383	0	play	sound	255	sfx/explosion/energy
1386	1	play	sound	255	dev/lepton
1392	2	play	sound	255	dev/pp
1395	1	play	sound	255	dev/lepton
1404	2	play	sound	255	dev/pp
1404	1	play	sound	255	dev/lepton
1413	1	play	sound	255	dev/lepton
1416	2	play	sound	255	dev/pp
1419	0	play	sound	224	sfx/explosion/energy
1434	1	play	sound	223	sfx/explosion/energy
1446	2	play	sound	221	sfx/explosion/energy
1458	0	play	sound	219	sfx/explosion/energy
1467	0	play	sound	224	sfx/explosion/energy
1548	0	play	sound	246	dev/cm
1575	0	play	sound	255	dev/lepton
1578	1	play	sound	255	dev/pp
1584	0	play	sound	255	dev/lepton
1590	1	play	sound	255	dev/pp
1593	0	play	sound	255	dev/lepton
1596	2	play	sound	255	sfx/explosion/energy
1602	1	play	sound	255	dev/pp
1602	0	play	sound	255	dev/lepton
1605	2	play	sound	255	sfx/explosion/energy
1605	2	play	sound	255	sfx/explosion/energy
1611	0	play	sound	255	dev/lepton
1614	1	play	sound	255	dev/pp
1614	2	play	sound	255	sfx/explosion/energy
1614	2	play	sound	255	sfx/explosion/energy
1620	0	play	sound	255	dev/lepton
1620	2	play	sound	255	sfx/explosion/energy
1626	1	play	sound	255	dev/pp
1626	2	play	sound	255	sfx/explosion/energy
1626	2	play	sound	255	sfx/explosion/energy
1629	0	play	sound	255	dev/lepton
1635	2	play	sound	255	sfx/explosion/energy
1635	2	play	sound	255	sfx/explosion/energy
1638	1	play	sound	255	dev/conc
1638	1	play	sound	255	dev/pp
1638	0	play	sound	255	dev/lepton
1641	2	play	sound	255	sfx/explosion/energy
1644	2	play	sound	255	sfx/explosion/energy
1644	2	play	sound	255	sfx/explosion/energy
1647	0	play	sound	255	dev/lepton
1647	2	play	sound	255	sfx/explosion/energy
1650	1	play	sound	255	dev/conc
1650	1	play	sound	255	dev/pp
1653	2	play	sound	255	sfx/explosion/energy
1653	2	play	sound	255	sfx/explosion/energy
1656	0	play	sound	255	dev/lepton
1662	1	play	sound	255	dev/conc
1662	1	play	sound	255	dev/pp
1665	0	play	sound	255	dev/lepton
1668	2	play	sound	255	sfx/explosion/energy
1668	2	play	sound	255	sfx/explosion/energy
1674	1	play	sound	255	dev/conc
1674	1	play	sound	255	dev/pp
1674	0	play	sound	255	dev/lepton
1680	2	play	sound	255	sfx/explosion/energy
1683	0	play	sound	255	dev/lepton
1686	1	play	sound	255	dev/pp
1686	2	play	sound	255	sfx/explosion/energy
1692	0	play	sound	255	dev/lepton
1692	2	play	sound	255	sfx/explosion/energy
1698	1	play	sound	255	dev/pp
1701	0	play	sound	255	dev/lepton
1701	2	play	sound	255	sfx/explosion/energy
1704	2	play	sound	255	sfx/explosion/energy
1710	1	play	sound	255	dev/pp
1710	0	play	sound	255	dev/lepton
1716	2	play	sound	255	sfx/explosion/energy
1716	2	play	sound	255	sfx/explosion/energy
1719	0	play	sound	255	dev/lepton
1722	1	play	sound	255	dev/pp
1725	2	play	sound	255	sfx/explosion/energy
1728	0	play	sound	255	dev/lepton
1728	2	play	sound	255	sfx/explosion/energy
1728	2	play	sound	255	sfx/explosion/energy
1734	1	play	sound	255	dev/pp
1737	0	play	sound	255	dev/lepton
1746	1	play	sound	255	dev/pp
1746	0	play	sound	255	dev/lepton
1749	2	play	sound	255	sfx/explosion/energy
1755	0	play	sound	255	dev/lepton
1758	1	play	sound	255	dev/pp
1764	0	play	sound	255	dev/lepton
1764	2	play	sound	255	sfx/explosion/energy
1770	1	play	sound	255	dev/pp
1773	0	play	sound	255	dev/lepton
1779	0	play	sound	244	sfx/explosion/large
1779	0	play	sound	253	sfx/explosion/energy
1782	1	play	sound	255	dev/pp
1782	0	play	sound	255	dev/lepton
1797	2	play	sound	242	sfx/explosion/energy
1827	0	play	sound	238	sfx/explosion/energy
1857	0	play	sound	248	sfx/energy
1866	0	play	sound	250	sfx/energy
1869	0	play	sound	252	sfx/energy
1872	1	play	sound	13	sfx/explosion/energy
1875	0	play	sound	254	sfx/energy
1911	0	play	sound	255	dev/pp
1911	1	play	sound	255	dev/lepton
1920	1	play	sound	255	dev/lepton
1923	0	play	sound	255	dev/pp
1929	1	play	sound	255	dev/lepton
1935	0	play	sound	255	dev/pp
1938	1	play	sound	255	dev/lepton
1938	2	play	sound	235	sfx/energy
1938	2	play	sound	235	sfx/energy
1938	2	play	sound	235	sfx/energy
1941	2	play	sound	237	sfx/energy
1941	2	play	sound	237	sfx/energy
1947	0	play	sound	255	dev/pp
1947	1	play	sound	255	dev/lepton
1947	2	play	sound	246	sfx/explosion/small
1947	2	play	sound	247	sfx/explosion/energy
1950	2	play	sound	255	sfx/explosion/energy
1956	1	play	sound	255	dev/lepton
1959	0	play	sound	255	dev/pp
1974	1	play	sound	255	dev/lepton
1977	2	play	sound	255	sfx/explosion/energy
1983	1	play	sound	255	dev/lepton
1986	2	play	sound	255	sfx/explosion/energy
1992	1	play	sound	255	dev/lepton
2001	1	play	sound	255	dev/lepton
2010	1	play	sound	255	dev/lepton
2013	0	play	sound	255	sfx/energy
2019	1	play	sound	255	dev/lepton
2028	1	play	sound	255	dev/lepton
2037	1	play	sound	255	dev/lepton
2046	1	play	sound	255	dev/lepton
2055	1	play	sound	255	dev/lepton
2064	1	play	sound	255	dev/lepton
2073	1	play	sound	255	dev/lepton
2082	1	play	sound	255	dev/lepton
2091	2	play	sound	255	dev/conc
2091	1	play	sound	255	dev/lepton
2097	0	play	sound	255	dev/conc
2100	1	play	sound	255	dev/lepton
2103	2	play	sound	255	dev/conc
2103	0	play	sound	255	dev/conc/ricochet/2
2109	1	play	sound	255	dev/lepton
2115	2	play	sound	255	dev/conc
2118	1	play	sound	255	dev/lepton
2121	0	play	sound	255	dev/conc
2127	2	play	sound	255	dev/conc
2127	1	play	sound	255	dev/lepton
2136	1	play	sound	255	dev/lepton
2145	1	play	sound	255	dev/lepton
2154	1	play	sound	255	dev/lepton
2163	1	play	sound	255	dev/lepton
2172	1	play	sound	255	dev/lepton
2181	1	play	sound	255	dev/lepton
2190	1	play	sound	255	dev/lepton
2199	1	play	sound	255	dev/lepton
2208	1	play	sound	255	dev/lepton
2217	1	play	sound	255	dev/lepton
2226	1	play	sound	255	dev/lepton
2235	1	play	sound	255	dev/lepton
2241	0	play	sound	255	sfx/explosion/energy
2244	1	play	sound	255	dev/lepton
2253	1	play	sound	255	dev/lepton
2262	1	play	sound	255	dev/lepton
2271	1	play	sound	255	dev/lepton
2280	1	play	sound	255	dev/lepton
2289	1	play	sound	255	dev/lepton
2298	1	play	sound	255	dev/lepton
2307	1	play	sound	255	dev/lepton
2316	1	play	sound	255	dev/lepton
2325	1	play	sound	255	dev/lepton
2334	1	play	sound	255	dev/lepton
2340	0	play	sound	255	sfx/explosion/energy
2343	1	play	sound	255	dev/lepton
2352	1	play	sound	255	dev/lepton
2361	1	play	sound	255	dev/lepton
2370	1	play	sound	255	dev/lepton
2379	1	play	sound	255	dev/lepton
2388	1	play	sound	255	dev/lepton
2397	1	play	sound	255	dev/lepton
2406	1	play	sound	255	dev/lepton
2415	1	play	sound	255	dev/lepton
2424	1	play	sound	255	dev/lepton
2460	1	play	sound	255	dev/lepton
2469	1	play	sound	255	dev/lepton
2478	1	play	sound	255	dev/lepton
2487	1	play	sound	255	dev/lepton
2496	1	play	sound	255	dev/lepton
2505	1	play	sound	255	dev/lepton
2514	1	play	sound	255	dev/lepton
2523	1	play	sound	255	dev/lepton
2532	1	play	sound	255	dev/lepton
2541	1	play	sound	255	dev/lepton
2550	1	play	sound	255	dev/lepton
2559	1	play	sound	255	dev/lepton
2568	1	play	sound	255	dev/lepton
2577	1	play	sound	255	dev/lepton
2586	1	play	sound	255	dev/lepton
2595	1	play	sound	255	dev/lepton
2604	1	play	sound	255	dev/lepton
2613	1	play	sound	255	dev/lepton
2622	1	play	sound	255	dev/lepton
2628	0	play	sound	255	sfx/explosion/energy
2631	1	play	sound	255	dev/lepton
2640	1	play	sound	255	dev/lepton
2649	1	play	sound	255	dev/lepton
2658	1	play	sound	255	dev/lepton
2667	1	play	sound	255	dev/lepton
2676	1	play	sound	255	dev/lepton
2685	1	play	sound	255	dev/lepton
2694	1	play	sound	255	dev/lepton
2700	0	play	sound	255	sfx/explosion/energy
2703	1	play	sound	255	dev/lepton
2712	1	play	sound	255	dev/lepton
2721	1	play	sound	255	dev/lepton
2730	1	play	sound	255	dev/lepton
2739	1	play	sound	255	dev/lepton
2748	1	play	sound	255	dev/lepton
2751	0	play	sound	255	sfx/explosion/energy
2757	1	play	sound	255	dev/lepton
2760	0	play	sound	255	sfx/explosion/energy
2766	1	play	sound	255	dev/lepton
2775	1	play	sound	255	dev/lepton
2775	0	play	sound	255	sfx/explosion/energy
2784	1	play	sound	255	dev/lepton
2793	1	play	sound	255	dev/lepton
2802	1	play	sound	255	dev/lepton
2811	1	play	sound	255	dev/lepton
2820	1	play	sound	255	dev/lepton
2829	1	play	sound	255	dev/lepton
2838	1	play	sound	255	dev/lepton
2847	1	play	sound	255	dev/lepton
2847	0	play	sound	255	sfx/explosion/energy
2856	1	play	sound	255	dev/lepton
2865	1	play	sound	255	dev/lepton
2874	1	play	sound	255	dev/lepton
2883	1	play	sound	255	dev/lepton
2892	1	play	sound	255	dev/lepton
2901	1	play	sound	255	dev/lepton
2904	0	play	sound	255	sfx/explosion/energy
2910	1	play	sound	255	dev/lepton
2919	1	play	sound	255	dev/lepton
2928	1	play	sound	255	dev/lepton
2937	1	play	sound	255	dev/lepton
2946	1	play	sound	255	dev/lepton
2955	1	play	sound	255	dev/lepton
2964	1	play	sound	255	dev/lepton
2973	1	play	sound	255	dev/lepton
2982	1	play	sound	255	dev/lepton
2991	1	play	sound	255	dev/lepton
3000	1	play	sound	255	dev/lepton
3009	1	play	sound	255	dev/lepton
3018	1	play	sound	255	dev/lepton
3027	1	play	sound	255	dev/lepton
3036	1	play	sound	255	dev/lepton
3045	1	play	sound	255	dev/lepton
3054	1	play	sound	255	dev/lepton
3060	0	play	sound	255	sfx/explosion/energy
3063	1	play	sound	255	dev/lepton
3072	1	play	sound	255	dev/lepton
3081	1	play	sound	255	dev/lepton
3090	1	play	sound	255	dev/lepton
3099	1	play	sound	255	dev/lepton
3108	1	play	sound	255	dev/lepton
3111	0	play	sound	255	sfx/explosion/large
3111	2	play	sound	255	sfx/explosion/energy
3117	1	play	sound	255	dev/lepton
3126	1	play	sound	255	dev/lepton
3135	1	play	sound	255	dev/lepton
3144	1	play	sound	255	dev/lepton
3150	2	play	sound	255	sfx/energy
3237	1	play	sound	255	dev/lepton
3246	1	play	sound	255	dev/lepton
3255	1	play	sound	255	dev/lepton
3264	1	play	sound	255	dev/lepton
3273	1	play	sound	255	dev/lepton
3282	1	play	sound	255	dev/lepton
3291	1	play	sound	255	dev/lepton
3300	1	play	sound	255	dev/lepton
3309	1	play	sound	255	dev/lepton
3318	1	play	sound	255	dev/lepton
3327	1	play	sound	255	dev/lepton
3336	1	play	sound	255	dev/lepton
3345	1	play	sound	255	dev/lepton
3354	1	play	sound	255	dev/lepton
3363	1	play	sound	255	dev/lepton
3372	1	play	sound	255	dev/lepton
3381	1	play	sound	255	dev/lepton
3390	1	play	sound	255	dev/lepton
3399	1	play	sound	255	dev/lepton
3408	1	play	sound	255	dev/lepton
3417	1	play	sound	255	dev/lepton
3426	1	play	sound	255	dev/lepton
3435	1	play	sound	255	dev/lepton
3444	1	play	sound	255	dev/lepton
3453	1	play	sound	255	dev/lepton
3462	1	play	sound	255	dev/lepton
3471	1	play	sound	255	dev/lepton
3480	1	play	sound	255	dev/lepton
3489	1	play	sound	255	dev/lepton
3498	1	play	sound	255	dev/lepton
3507	1	play	sound	255	dev/lepton
3507	2	play	sound	255	sfx/explosion/energy
3516	1	play	sound	255	dev/lepton
3516	2	play	sound	255	sfx/explosion/energy
3525	1	play	sound	255	dev/lepton
3534	1	play	sound	255	dev/lepton
3543	1	play	sound	255	dev/lepton
3552	1	play	sound	255	dev/lepton
3558	0	play	sound	255	sfx/explosion/large
3558	2	play	sound	255	sfx/explosion/energy
3561	1	play	sound	255	dev/lepton
3570	1	play	sound	255	dev/lepton
3579	1	play	sound	255	dev/lepton
3585	2	play	sound	255	sfx/explosion/energy
3588	1	play	sound	255	dev/lepton
3588	2	play	sound	255	sfx/explosion/energy
3654	1	play	sound	255	sfx/warp/charge/1
3678	2	play	sound	255	sfx/warp/charge/2
3702	0	play	sound	255	sfx/warp/charge/3
3717	1	play	sound	128	gui/beep/button
3726	1	play	sound	128	gui/beep/button
3729	1	play	sound	255	sfx/warp/charge/4
3735	2	play	sound	128	gui/beep/button
3753	2	play	sound	255	sfx/warp/in
3768	0	play	sound	128	gui/beep/zoom
4024	0	play	sound	128	gui/beep/zoom
4038	0	play	sound	255	sfx/energy
4059	1	play	sound	255	sfx/warp/out
4071	2	play	sound	255	sfx/warp/charge/1
4094	0	play	sound	128	gui/beep/zoom
4095	0	play	sound	255	sfx/warp/charge/2
4119	1	play	sound	255	sfx/warp/charge/3
4146	2	play	sound	255	sfx/warp/charge/4
4170	0	play	sound	255	sfx/warp/in
4229	1	play	sound	128	gui/beep/zoom
4230	1	play	sound	255	sfx/energy
4273	2	play	sound	128	gui/beep/zoom
4314	2	play	sound	255	sfx/warp/out
4317	0	play	sound	255	sfx/warp/charge/1
4341	1	play	sound	255	sfx/warp/charge/2
4365	2	play	sound	255	sfx/warp/charge/3
4392	0	play	sound	255	sfx/warp/charge/4
4416	1	play	sound	255	sfx/warp/in
4583	2	play	sound	128	gui/beep/zoom
4629	2	play	sound	255	sfx/warp/out
4821	0	play	sound	255	sfx/warp/charge/1
4839	1	play	sound	255	sfx/energy
4845	2	play	sound	255	sfx/warp/charge/2
4869	0	play	sound	255	sfx/warp/charge/3
4891	1	play	sound	128	gui/beep/zoom
4896	1	play	sound	255	sfx/warp/charge/4
4920	2	play	sound	255	sfx/warp/in
5340	0	play	sound	255	sfx/warp/out
5415	1	play	sound	255	sfx/warp/charge/1
5439	2	play	sound	255	sfx/warp/charge/2
5463	0	play	sound	255	sfx/warp/charge/3
5490	1	play	sound	255	sfx/warp/charge/4
5514	2	play	sound	255	sfx/warp/in
5540	0	play	sound	128	gui/beep/zoom
5544	0	play	sound	255	sfx/energy
5597	1	play	sound	128	gui/beep/zoom
5769	1	play	sound	255	sfx/warp/out
5806	2	play	sound	128	gui/beep/zoom
5868	2	play	sound	255	sfx/warp/charge/1
5892	0	play	sound	255	sfx/warp/charge/2
5916	1	play	sound	255	sfx/warp/charge/3
5943	2	play	sound	255	sfx/warp/charge/4
5967	0	play	sound	255	sfx/warp/in
5982	1	play	sound	255	sfx/energy
6034	2	play	sound	128	gui/beep/zoom
6075	2	play	sound	255	sfx/warp/out
6078	0	play	sound	255	sfx/warp/charge/1
6102	1	play	sound	255	sfx/warp/charge/2
6126	2	play	sound	255	sfx/warp/charge/3
6153	0	play	sound	255	sfx/warp/charge/4
6177	1	play	sound	255	sfx/warp/in
6495	2	play	sound	128	gui/beep/zoom
6555	2	play	sound	255	sfx/warp/out
6708	0	play	sound	255	sfx/warp/charge/1
6732	1	play	sound	255	sfx/warp/charge/2
6756	2	play	sound	255	sfx/warp/charge/3
6783	0	play	sound	255	sfx/warp/charge/4
6807	1	play	sound	255	sfx/warp/in
6886	2	play	sound	128	gui/beep/zoom
6924	2	play	sound	255	sfx/warp/out
7036	0	play	sound	128	gui/beep/zoom
7086	0	play	sound	255	sfx/warp/charge/1
7110	1	play	sound	255	sfx/warp/charge/2
7134	2	play	sound	255	sfx/warp/charge/3
7275	0	play	sound	255	sfx/warp/charge/1
7299	1	play	sound	255	sfx/warp/charge/2
7323	2	play	sound	255	sfx/warp/charge/3
7350	0	play	sound	255	sfx/warp/charge/4
7374	1	play	sound	255	sfx/warp/in
7383	2	play	sound	255	sfx/energy
7435	0	play	sound	128	gui/beep/zoom
7505	2	play	sound	64	gui/beep/message
7508	2	play	sound	64	gui/beep/message
7511	2	play	sound	64	gui/beep/message
7514	2	play	sound	64	gui/beep/message
7517	2	play	sound	64	gui/beep/message
7520	2	play	sound	64	gui/beep/message
7523	2	play	sound	64	gui/beep/message
7526	2	play	sound	64	gui/beep/message
7529	2	play	sound	64	gui/beep/message
7532	2	play	sound	64	gui/beep/message
7535	2	play	sound	64	gui/beep/message
7538	2	play	sound	64	gui/beep/message
7541	2	play	sound	64	gui/beep/message
7544	2	play	sound	64	gui/beep/message
7547	2	play	sound	64	gui/beep/message
7550	2	play	sound	64	gui/beep/message
7553	2	play	sound	64	gui/beep/message
7556	2	play	sound	64	gui/beep/message
7559	2	play	sound	64	gui/beep/message
7562	2	play	sound	64	gui/beep/message
7565	2	play	sound	64	gui/beep/message
7568	2	play	sound	64	gui/beep/message
7571	2	play	sound	64	gui/beep/message
7574	2	play	sound	64	gui/beep/message
7577	2	play	sound	64	gui/beep/message
7580	2	play	sound	64	gui/beep/message
7583	2	play	sound	64	gui/beep/message
7586	2	play	sound	64	gui/beep/message
7589	2	play	sound	64	gui/beep/message
7592	2	play	sound	64	gui/beep/message
7595	2	play	sound	64	gui/beep/message
7598	2	play	sound	64	gui/beep/message
7601	2	play	sound	64	gui/beep/message
7604	2	play	sound	64	gui/beep/message
7607	2	play	sound	64	gui/beep/message
7610	2	play	sound	64	gui/beep/message
7613	2	play	sound	64	gui/beep/message
7616	2	play	sound	64	gui/beep/message
7619	2	play	sound	64	gui/beep/message
7622	2	play	sound	64	gui/beep/message
7625	2	play	sound	64	gui/beep/message
7628	2	play	sound	64	gui/beep/message
7631	2	play	sound	64	gui/beep/message
7634	2	play	sound	64	gui/beep/message
7637	2	play	sound	64	gui/beep/message
7640	2	play	sound	64	gui/beep/message
7643	2	play	sound	64	gui/beep/message
7646	2	play	sound	64	gui/beep/message
7649	2	play	sound	64	gui/beep/message
7652	2	play	sound	64	gui/beep/message
7655	2	play	sound	64	gui/beep/message
7658	2	play	sound	64	gui/beep/message
7661	2	play	sound	64	gui/beep/message
7664	2	play	sound	64	gui/beep/message
7667	2	play	sound	64	gui/beep/message
7670	2	play	sound	64	gui/beep/message
7673	2	play	sound	64	gui/beep/message
7676	2	play	sound	64	gui/beep/message
7679	2	play	sound	64	gui/beep/message
7682	2	play	sound	64	gui/beep/message
7685	2	play	sound	64	gui/beep/message
7688	2	play	sound	64	gui/beep/message
7691	2	play	sound	64	gui/beep/message
7694	2	play	sound	64	gui/beep/message
7697	2	play	sound	64	gui/beep/message
7700	2	play	sound	64	gui/beep/message
7703	2	play	sound	64	gui/beep/message
7706	2	play	sound	64	gui/beep/message
7709	2	play	sound	64	gui/beep/message
7710	0	play	sound	255	sfx/warp/out
7712	2	play	sound	64	gui/beep/message
7715	2	play	sound	64	gui/beep/message
7718	2	play	sound	64	gui/beep/message
7721	2	play	sound	64	gui/beep/message
7724	2	play	sound	64	gui/beep/message
7727	2	play	sound	64	gui/beep/message
7730	2	play	sound	64	gui/beep/message
7733	2	play	sound	64	gui/beep/message
7736	2	play	sound	64	gui/beep/message
7739	2	play	sound	64	gui/beep/message
7742	2	play	sound	64	gui/beep/message
7745	2	play	sound	64	gui/beep/message
7748	2	play	sound	64	gui/beep/message
7751	2	play	sound	64	gui/beep/message
7754	2	play	sound	64	gui/beep/message
7757	2	play	sound	64	gui/beep/message
7760	2	play	sound	64	gui/beep/message
7763	2	play	sound	64	gui/beep/message
7766	2	play	sound	64	gui/beep/message
7769	2	play	sound	64	gui/beep/message
7772	2	play	sound	64	gui/beep/message
7775	2	play	sound	64	gui/beep/message
7778	2	play	sound	64	gui/beep/message
7781	2	play	sound	64	gui/beep/message
8244	2	play	sound	192	gui/beep/select
8289	2	play	sound	192	gui/beep/select
8316	1	play	sound	128	gui/beep/order
8328	2	play	sound	192	gui/beep/select
8352	1	play	sound	128	gui/beep/order
8550	1	play	sound	255	ish/etc/tug/attach
8552	0	play	sound	64	gui/beep/message
8555	0	play	sound	64	gui/beep/message
8558	0	play	sound	64	gui/beep/message
8561	0	play	sound	64	gui/beep/message
8564	0	play	sound	64	gui/beep/message
8567	0	play	sound	64	gui/beep/message
8570	0	play	sound	64	gui/beep/message
8573	0	play	sound	64	gui/beep/message
8576	0	play	sound	64	gui/beep/message
8579	0	play	sound	64	gui/beep/message
8582	0	play	sound	64	gui/beep/message
8585	0	play	sound	64	gui/beep/message
8588	0	play	sound	64	gui/beep/message
8591	0	play	sound	64	gui/beep/message
8594	0	play	sound	64	gui/beep/message
8597	0	play	sound	64	gui/beep/message
8600	0	play	sound	64	gui/beep/message
8603	0	play	sound	64	gui/beep/message
8606	0	play	sound	64	gui/beep/message
8609	0	play	sound	64	gui/beep/message
8612	0	play	sound	64	gui/beep/message
8615	0	play	sound	64	gui/beep/message
8618	0	play	sound	64	gui/beep/message
8621	0	play	sound	64	gui/beep/message
8624	0	play	sound	64	gui/beep/message
8627	0	play	sound	64	gui/beep/message
8630	0	play	sound	64	gui/beep/message
8633	0	play	sound	64	gui/beep/message
8636	0	play	sound	64	gui/beep/message
8639	0	play	sound	64	gui/beep/message
8642	0	play	sound	64	gui/beep/message
8645	0	play	sound	64	gui/beep/message
8648	0	play	sound	64	gui/beep/message
8651	0	play	sound	64	gui/beep/message
8654	0	play	sound	64	gui/beep/message
8657	0	play	sound	64	gui/beep/message
8660	0	play	sound	64	gui/beep/message
8663	0	play	sound	64	gui/beep/message
8666	0	play	sound	64	gui/beep/message
8669	0	play	sound	64	gui/beep/message
8672	0	play	sound	64	gui/beep/message
8675	0	play	sound	64	gui/beep/message
8678	0	play	sound	64	gui/beep/message
8681	0	play	sound	64	gui/beep/message
8684	0	play	sound	64	gui/beep/message
8687	0	play	sound	64	gui/beep/message
8690	0	play	sound	64	gui/beep/message
8693	0	play	sound	64	gui/beep/message
8696	0	play	sound	64	gui/beep/message
8699	0	play	sound	64	gui/beep/message
8702	0	play	sound	64	gui/beep/message
8705	0	play	sound	64	gui/beep/message
8708	0	play	sound	64	gui/beep/message
8711	0	play	sound	64	gui/beep/message
8714	0	play	sound	64	gui/beep/message
8717	0	play	sound	64	gui/beep/message
8720	0	play	sound	64	gui/beep/message
8723	0	play	sound	64	gui/beep/message
8726	0	play	sound	64	gui/beep/message
8729	0	play	sound	64	gui/beep/message
8732	0	play	sound	64	gui/beep/message
8976	0	play	sound	128	gui/beep/zoom
9030	0	play	sound	255	sfx/warp/charge/1
9033	2	play	sound	255	dev/cm
9036	2	play	sound	255	dev/cm
9054	1	play	sound	255	sfx/warp/charge/2
9060	0	play	sound	255	sfx/warp/charge/1
9070	2	play	sound	128	gui/beep/zoom
9078	2	play	sound	41	sfx/warp/out
9078	2	play	sound	255	sfx/warp/charge/3
9084	1	play	sound	255	sfx/warp/charge/2
9105	0	play	sound	255	sfx/warp/charge/4
9108	2	play	sound	33	sfx/warp/out
9108	2	play	sound	42	sfx/warp/out
9108	2	play	sound	255	sfx/warp/charge/3
9129	1	play	sound	255	sfx/warp/in
9135	0	play	sound	255	sfx/warp/charge/4
9159	2	play	sound	201	sfx/warp/in
9168	1	play	sound	175	dev/magno
9192	1	play	sound	255	dev/tspace
9202	0	play	sound	128	gui/beep/zoom
9237	0	play	sound	228	dev/stealth/off
9237	2	play	sound	228	dev/pk/sal
9252	1	play	sound	255	dev/tspace
9255	2	play	sound	212	dev/pk/sal
9255	0	play	sound	255	sfx/explosion/energy
9264	2	play	sound	255	sfx/warp/out
9294	0	play	sound	255	dev/magno
9297	1	play	sound	213	dev/pk/sal
9312	1	play	sound	255	dev/tspace
9315	2	play	sound	255	sfx/explosion/energy
9321	0	play	sound	255	dev/cm
9336	2	play	sound	255	dev/lepton
9342	0	play	sound	255	dev/cm
9345	2	play	sound	255	dev/lepton
9351	1	play	sound	255	dev/pp
9354	2	play	sound	255	dev/lepton
9363	1	play	sound	255	dev/pp
9363	2	play	sound	255	dev/lepton
9372	2	play	sound	255	dev/lepton
9372	0	play	sound	255	sfx/explosion/gas
9375	1	play	sound	255	dev/pp
9381	2	play	sound	255	dev/lepton
9387	1	play	sound	255	dev/pp
9390	2	play	sound	255	dev/lepton
9399	1	play	sound	255	dev/pp
9399	2	play	sound	255	dev/lepton
9408	2	play	sound	255	dev/lepton
9411	1	play	sound	255	dev/pp
9414	0	play	sound	255	dev/cm
9417	2	play	sound	255	dev/lepton
9420	0	play	sound	216	sfx/explosion/gas
9423	1	play	sound	255	dev/pp
9426	2	play	sound	255	dev/lepton
9429	0	play	sound	255	sfx/explosion/gas
9435	1	play	sound	255	dev/pp
9435	2	play	sound	255	dev/lepton
9444	2	play	sound	255	dev/lepton
9447	1	play	sound	255	dev/pp
9453	2	play	sound	255	dev/lepton
9459	1	play	sound	255	dev/pk/sal
9462	2	play	sound	255	dev/lepton
9471	0	play	sound	255	dev/pp
9471	2	play	sound	255	dev/lepton
9477	1	play	sound	255	dev/pk/sal
9480	2	play	sound	255	dev/lepton
9483	0	play	sound	255	dev/pp
9489	2	play	sound	255	dev/lepton
9492	1	play	sound	245	dev/tspace
9495	0	play	sound	255	dev/pp
9495	1	play	sound	246	sfx/explosion/energy
9498	2	play	sound	255	dev/lepton
9498	1	play	sound	247	sfx/explosion/energy
9501	1	play	sound	248	sfx/explosion/energy
9504	1	play	sound	249	sfx/explosion/energy
9507	0	play	sound	255	dev/pp
9507	2	play	sound	255	dev/lepton
9507	1	play	sound	250	sfx/explosion/energy
9507	1	play	sound	250	sfx/explosion/energy
9510	1	play	sound	250	sfx/explosion/energy
9513	1	play	sound	251	sfx/explosion/energy
9516	1	play	sound	255	dev/pk/sal
9516	2	play	sound	255	dev/lepton
9519	0	play	sound	255	dev/pp
9525	2	play	sound	255	dev/lepton
9531	0	play	sound	255	dev/pp
9534	1	play	sound	255	dev/pk/sal
9534	2	play	sound	255	dev/lepton
9543	0	play	sound	255	dev/stealth/on
9543	2	play	sound	255	dev/lepton
9546	1	play	sound	231	dev/magno
9546	1	play	sound	255	sfx/explosion/energy
9546	1	play	sound	255	sfx/explosion/energy
9549	0	play	sound	255	dev/stealth/on
9549	0	play	sound	255	sfx/explosion/gas
9552	2	play	sound	255	dev/lepton
9555	1	play	sound	255	sfx/explosion/energy
9558	1	play	sound	255	sfx/explosion/energy
9561	2	play	sound	255	dev/lepton
9561	1	play	sound	255	sfx/explosion/energy
9570	2	play	sound	255	dev/lepton
9579	2	play	sound	255	dev/lepton
9583	0	play	sound	128	gui/beep/zoom
9588	2	play	sound	255	dev/lepton
9588	0	play	sound	246	sfx/explosion/energy
9591	0	play	sound	255	dev/pp
9597	2	play	sound	255	dev/lepton
9603	0	play	sound	255	dev/pp
9606	2	play	sound	255	dev/lepton
9612	1	play	sound	255	dev/tspace
9615	0	play	sound	251	dev/pk/sal
9615	0	play	sound	255	dev/pp
9615	2	play	sound	255	dev/lepton
9624	2	play	sound	255	dev/lepton
9627	0	play	sound	255	dev/pp
9633	2	play	sound	255	dev/lepton
9639	0	play	sound	255	dev/pp
9642	2	play	sound	255	dev/lepton
9651	0	play	sound	255	dev/pp
9651	2	play	sound	255	dev/lepton
9657	1	play	sound	253	dev/pk/sal
9660	2	play	sound	255	dev/lepton
9663	1	play	sound	255	dev/stealth/off
9663	0	play	sound	255	dev/anti
9669	2	play	sound	255	dev/lepton
9675	0	play	sound	255	dev/pp
9678	2	play	sound	255	dev/lepton
9678	0	play	sound	255	sfx/explosion/gas
9687	1	play	sound	255	dev/pp
9687	2	play	sound	255	dev/lepton
9696	2	play	sound	255	dev/lepton
9699	1	play	sound	255	dev/pp
9705	2	play	sound	255	dev/lepton
9711	1	play	sound	255	dev/pp
9711	0	play	sound	255	sfx/explosion/energy
9714	2	play	sound	255	dev/lepton
9714	0	play	sound	255	sfx/explosion/energy
9717	0	play	sound	255	sfx/explosion/energy
9717	0	play	sound	255	sfx/explosion/gas
9723	1	play	sound	239	dev/stealth/off
9723	1	play	sound	255	dev/pp
9723	2	play	sound	255	dev/lepton
9732	2	play	sound	255	dev/lepton
9735	1	play	sound	255	dev/pp
9741	2	play	sound	255	dev/lepton
9747	1	play	sound	252	dev/pk/sal
9747	1	play	sound	255	dev/pp
9750	2	play	sound	255	dev/lepton
9750	0	play	sound	255	sfx/explosion/gas
9756	0	play	sound	255	sfx/explosion/gas
9759	1	play	sound	255	dev/bay
9759	2	play	sound	255	dev/lepton
9768	2	play	sound	255	dev/lepton
9777	2	play	sound	255	dev/lepton
9780	1	play	sound	255	sfx/explosion/energy
9786	2	play	sound	255	dev/lepton
9789	0	play	sound	255	sfx/explosion/gas
9792	1	play	sound	255	sfx/explosion/energy
9795	2	play	sound	255	dev/lepton
9795	1	play	sound	255	sfx/explosion/energy
9795	1	play	sound	255	sfx/explosion/energy
9798	1	play	sound	255	sfx/explosion/energy
9801	1	play	sound	255	sfx/explosion/energy
9801	1	play	sound	255	sfx/explosion/energy
9801	1	play	sound	255	sfx/explosion/energy
9804	2	play	sound	255	dev/lepton
9804	1	play	sound	255	sfx/explosion/energy
9810	1	play	sound	255	sfx/explosion/energy
9813	2	play	sound	255	dev/lepton
9819	0	play	sound	255	sfx/explosion/gas
9822	2	play	sound	255	dev/lepton
9831	1	play	sound	255	dev/pp
9831	2	play	sound	255	dev/lepton
9831	0	play	sound	255	sfx/explosion/gas
9840	2	play	sound	255	dev/lepton
9843	1	play	sound	255	dev/pp
9849	2	play	sound	255	dev/lepton
9855	1	play	sound	255	dev/pp
9858	2	play	sound	255	dev/lepton
9867	1	play	sound	255	dev/pp
9867	2	play	sound	255	dev/lepton
9870	0	play	sound	238	dev/pk/sal
9870	0	play	sound	255	sfx/explosion/energy
9870	0	play	sound	255	sfx/explosion/energy
9876	2	play	sound	255	dev/lepton
9879	1	play	sound	161	dev/pk/sal
9879	1	play	sound	255	dev/pp
9879	0	play	sound	255	sfx/explosion/energy
9882	0	play	sound	255	sfx/explosion/energy
9885	2	play	sound	255	dev/lepton
9888	0	play	sound	255	sfx/explosion/energy
9891	1	play	sound	255	dev/pp
9891	0	play	sound	255	sfx/explosion/gas
9894	2	play	sound	255	dev/lepton
9903	1	play	sound	247	dev/pk/sal
9903	1	play	sound	255	dev/pp
9903	2	play	sound	255	dev/lepton
9912	2	play	sound	255	dev/lepton
9915	1	play	sound	255	dev/pp
9915	1	play	sound	153	sfx/explosion/gas
9915	1	play	sound	255	sfx/explosion/energy
9918	1	play	sound	255	sfx/explosion/energy
9918	1	play	sound	255	sfx/explosion/energy
9921	2	play	sound	255	dev/lepton
9921	1	play	sound	255	sfx/explosion/energy
9921	1	play	sound	255	sfx/explosion/energy
9921	1	play	sound	255	sfx/explosion/energy
9921	1	play	sound	255	sfx/explosion/energy
9924	0	play	sound	255	dev/magno
9924	1	play	sound	255	sfx/explosion/energy
9927	1	play	sound	255	sfx/explosion/energy
9927	1	play	sound	255	sfx/explosion/energy
9930	2	play	sound	255	dev/lepton
9930	1	play	sound	255	sfx/explosion/energy
9930	1	play	sound	255	sfx/explosion/energy
9933	1	play	sound	255	sfx/explosion/energy
9936	1	play	sound	255	sfx/explosion/energy
9939	0	play	sound	251	dev/pk/sal
9939	0	play	sound	255	dev/pp
9939	2	play	sound	255	dev/lepton
9939	1	play	sound	255	sfx/explosion/energy
9939	1	play	sound	255	sfx/explosion/energy
9939	1	play	sound	255	sfx/explosion/energy
9942	1	play	sound	255	sfx/explosion/energy
9945	1	play	sound	255	sfx/explosion/energy
9948	2	play	sound	255	dev/lepton
9948	1	play	sound	255	sfx/explosion/energy
9948	0	play	sound	255	sfx/explosion/gas
9948	1	play	sound	255	sfx/explosion/large
9957	2	play	sound	255	dev/lepton
9966	2	play	sound	255	dev/lepton
9975	1	play	sound	255	dev/pp
9975	2	play	sound	255	dev/lepton
9984	2	play	sound	255	dev/lepton
9987	1	play	sound	255	dev/pp
9987	0	play	sound	255	sfx/explosion/energy
9996	2	play	sound	255	dev/pk/sal
9999	0	play	sound	255	sfx/explosion/energy
10005	0	play	sound	255	sfx/explosion/energy
10011	1	play	sound	205	dev/pk/sal
10020	1	play	sound	255	sfx/explosion/gas
10029	2	play	sound	194	dev/pk/sal
10032	2	play	sound	255	sfx/energy
10038	2	play	sound	255	sfx/energy
10038	2	play	sound	255	sfx/energy
10041	2	play	sound	255	sfx/energy
10044	2	play	sound	255	sfx/energy
10047	0	play	sound	183	dev/pk/sal
10047	0	play	sound	255	dev/stealth/off
10047	2	play	sound	255	sfx/energy
10053	2	play	sound	255	sfx/energy
10056	2	play	sound	255	sfx/energy
10059	2	play	sound	255	sfx/energy
10062	1	play	sound	255	dev/lepton
10062	0	play	sound	253	sfx/jump
10065	0	play	sound	255	dev/pk/sal
10068	2	play	sound	255	sfx/energy
10071	1	play	sound	255	dev/lepton
10071	2	play	sound	255	sfx/energy
10080	0	play	sound	255	dev/pp
10080	1	play	sound	255	dev/lepton
10083	2	play	sound	255	dev/pk/sal
10089	1	play	sound	255	dev/lepton
10092	0	play	sound	155	dev/pk/sal
10092	0	play	sound	255	dev/pp
10098	2	play	sound	242	dev/pk/sal
10098	1	play	sound	255	dev/lepton
10098	2	play	sound	255	sfx/explosion/energy
10098	2	play	sound	255	sfx/explosion/energy
10104	0	play	sound	255	dev/pp
10107	1	play	sound	255	dev/lepton
10116	0	play	sound	243	dev/pk/sal
10116	0	play	sound	255	dev/pp
10116	1	play	sound	255	dev/lepton
10116	2	play	sound	255	sfx/explosion/energy
10125	1	play	sound	255	dev/lepton
10128	0	play	sound	255	dev/pp
10134	1	play	sound	255	dev/lepton
10140	2	play	sound	241	dev/pk/sal
10140	0	play	sound	255	dev/pp
10143	1	play	sound	255	dev/lepton
10146	2	play	sound	255	sfx/explosion/energy
10152	0	play	sound	255	dev/pp
10152	1	play	sound	255	dev/lepton
10152	2	play	sound	255	sfx/explosion/energy
10158	2	play	sound	255	sfx/explosion/energy
10161	1	play	sound	255	dev/lepton
10161	2	play	sound	255	sfx/explosion/energy
10164	0	play	sound	255	dev/pp
10170	1	play	sound	255	dev/lepton
10176	0	play	sound	255	dev/pp
10179	1	play	sound	255	dev/lepton
10185	2	play	sound	255	sfx/explosion/energy
10188	0	play	sound	255	dev/pp
10188	1	play	sound	255	dev/lepton
10194	2	play	sound	255	sfx/explosion/energy
10197	1	play	sound	255	dev/lepton
10200	0	play	sound	255	dev/pp
10203	2	play	sound	255	sfx/explosion/energy
10206	1	play	sound	255	dev/lepton
10206	2	play	sound	255	sfx/explosion/energy
10206	0	play	sound	255	sfx/explosion/large
10206	2	play	sound	255	sfx/explosion/energy
10215	1	play	sound	255	dev/lepton
10218	2	play	sound	255	sfx/explosion/energy
10224	1	play	sound	255	dev/lepton
10233	1	play	sound	255	dev/lepton
10233	2	play	sound	255	sfx/explosion/energy
10236	2	play	sound	255	sfx/explosion/energy
10242	1	play	sound	255	dev/lepton
10251	1	play	sound	255	dev/lepton
10257	2	play	sound	255	dev/pk/sal
10263	1	play	sound	255	sfx/explosion/energy
10272	2	play	sound	255	dev/pk/sal
10272	0	play	sound	112	dev/pk/sal
10275	1	play	sound	255	sfx/explosion/energy
10278	0	play	sound	255	dev/pk/sal
10284	1	play	sound	255	sfx/explosion/energy
10287	2	play	sound	255	dev/anti
10287	1	play	sound	255	sfx/explosion/energy
10290	0	play	sound	255	dev/pk/sal
10296	0	play	sound	255	dev/pk/sal
10296	1	play	sound	255	sfx/explosion/energy
10299	1	play	sound	255	sfx/explosion/energy
10299	1	play	sound	255	sfx/explosion/energy
10302	2	play	sound	255	dev/pk/ish
10305	1	play	sound	255	sfx/explosion/energy
10308	0	play	sound	255	dev/pk/sal
10311	2	play	sound	255	dev/pk/ish
10311	1	play	sound	255	sfx/explosion/energy
10314	1	play	sound	255	sfx/explosion/energy
10317	1	play	sound	255	sfx/explosion/energy
10323	0	play	sound	255	dev/pp
10323	2	play	sound	255	dev/lepton
10332	2	play	sound	255	dev/lepton
10332	1	play	sound	255	sfx/explosion/energy
10335	0	play	sound	255	dev/fusion
10341	2	play	sound	255	dev/lepton
10344	1	play	sound	255	sfx/explosion/energy
10347	0	play	sound	255	dev/pp
10350	2	play	sound	255	dev/lepton
10359	0	play	sound	255	dev/pp
10359	2	play	sound	255	dev/lepton
10368	2	play	sound	255	dev/lepton
10371	0	play	sound	255	dev/pp
10374	1	play	sound	255	dev/pk/sal
10377	2	play	sound	255	dev/lepton
10383	0	play	sound	255	dev/pp
10386	2	play	sound	255	dev/lepton
10392	1	play	sound	171	dev/pk/sal
10395	0	play	sound	255	dev/pp
10395	2	play	sound	255	dev/lepton
10398	1	play	sound	255	dev/cm
10404	2	play	sound	255	dev/lepton
10407	0	play	sound	255	dev/pp
10413	2	play	sound	255	dev/lepton
10419	0	play	sound	255	dev/pp
10422	2	play	sound	255	dev/lepton
10431	0	play	sound	255	dev/pp
10431	2	play	sound	255	dev/lepton
10440	2	play	sound	255	dev/lepton
10443	0	play	sound	255	dev/pp
10449	2	play	sound	255	dev/lepton
10452	1	play	sound	177	dev/pk/sal
10455	0	play	sound	255	dev/pp
10458	1	play	sound	255	dev/pk/sal
10458	2	play	sound	255	dev/lepton
10467	0	play	sound	255	dev/pp
10467	2	play	sound	255	dev/lepton
10470	1	play	sound	210	dev/fusion
10470	1	play	sound	255	dev/cm
10476	2	play	sound	255	dev/lepton
10479	0	play	sound	242	dev/pk/sal
10479	0	play	sound	255	dev/pp
10485	2	play	sound	255	dev/lepton
10491	0	play	sound	255	dev/pp
10494	2	play	sound	255	dev/lepton
10503	0	play	sound	255	dev/pp
10503	2	play	sound	255	dev/lepton
10506	1	play	sound	255	sfx/explosion/energy
10512	2	play	sound	255	dev/lepton
10515	0	play	sound	255	dev/pp
10521	2	play	sound	255	dev/lepton
10527	0	play	sound	255	dev/pp
10530	2	play	sound	255	dev/lepton
10533	1	play	sound	255	sfx/explosion/energy
10533	1	play	sound	255	sfx/explosion/energy
10539	0	play	sound	255	dev/pp
10539	2	play	sound	255	dev/lepton
10548	2	play	sound	255	dev/lepton
10551	0	play	sound	255	dev/pp
10557	2	play	sound	255	dev/lepton
10560	1	play	sound	255	dev/pk/sal
10563	0	play	sound	255	dev/pp
10566	2	play	sound	255	dev/lepton
10578	1	play	sound	255	dev/pk/sal
10581	0	play	sound	139	dev/pk/sal
10599	0	play	sound	139	dev/pk/sal
10608	0	play	sound	255	dev/fusion
10608	2	play	sound	255	dev/pk/ish
10608	1	play	sound	255	dev/cm
10617	2	play	sound	255	dev/pk/ish
10623	0	play	sound	255	dev/fusion
10626	2	play	sound	255	dev/pk/ish
10644	0	play	sound	145	dev/pk/sal
10650	0	play	sound	246	dev/pk/sal
10656	0	play	sound	250	dev/anti
10662	2	play	sound	151	dev/pk/sal
10665	0	play	sound	255	sfx/explosion/energy
10668	2	play	sound	255	dev/pk/sal
10668	1	play	sound	255	dev/pp
10680	1	play	sound	255	dev/pp
10680	2	play	sound	255	dev/lepton
10689	0	play	sound	152	dev/pk/sal
10689	2	play	sound	255	dev/lepton
10692	1	play	sound	255	dev/pp
10695	0	play	sound	255	sfx/explosion/energy
10698	2	play	sound	255	dev/lepton
10704	1	play	sound	191	dev/cm
10704	1	play	sound	255	dev/pp
10707	2	play	sound	255	dev/lepton
10716	1	play	sound	255	dev/pp
10716	2	play	sound	255	dev/lepton
10725	2	play	sound	255	dev/lepton
10728	1	play	sound	255	dev/pp
10734	2	play	sound	255	dev/lepton
10737	0	play	sound	255	dev/stealth/on
10740	1	play	sound	255	dev/pp
10743	2	play	sound	255	dev/lepton
10752	1	play	sound	255	dev/pp
10752	2	play	sound	255	dev/lepton
10761	2	play	sound	255	dev/lepton
10764	1	play	sound	255	dev/pp
10764	0	quiet
10764	1	quiet
10764	2	quiet
10764	3	quiet
