quiet	3	0
amp	3	0	255
loop	3	0	/music/freds-theme
quiet	3	0
quiet	3	0
amp	3	0	215
loop	3	0	/music/eyes-of-fire
quiet	0	1
amp	0	1	128
play	0	1	/sounds/510
quiet	0	183
amp	0	183	192
play	0	183	/sounds/507
quiet	0	234
amp	0	234	192
play	0	234	/sounds/507
quiet	1	300
amp	1	300	128
play	1	300	/sounds/506
quiet	0	324
amp	0	324	255
play	0	324	/sounds/526
quiet	1	348
amp	1	348	255
play	1	348	/sounds/527
quiet	2	366
amp	2	366	128
play	2	366	/sounds/509
quiet	2	372
amp	2	372	255
play	2	372	/sounds/528
quiet	0	378
amp	0	378	128
play	0	378	/sounds/509
quiet	0	399
amp	0	399	255
play	0	399	/sounds/529
quiet	1	417
amp	1	417	128
play	1	417	/sounds/509
quiet	1	423
amp	1	423	255
play	1	423	/sounds/517
quiet	2	426
amp	2	426	128
play	2	426	/sounds/509
quiet	2	675
amp	2	675	128
play	2	675	/sounds/509
quiet	2	684
amp	2	684	128
play	2	684	/sounds/509
quiet	2	744
amp	2	744	255
play	2	744	/sounds/518
quiet	0	748
amp	0	748	128
play	0	748	/sounds/510
quiet	1	810
amp	1	810	128
play	1	810	/sounds/509
quiet	0	843
amp	0	843	255
play	0	843	/sounds/502
quiet	1	843
amp	1	843	255
play	1	843	/sounds/500
quiet	1	852
amp	1	852	255
play	1	852	/sounds/500
quiet	0	858
amp	0	858	255
play	0	858	/sounds/502
quiet	1	861
amp	1	861	255
play	1	861	/sounds/500
quiet	1	870
amp	1	870	255
play	1	870	/sounds/500
quiet	0	873
amp	0	873	255
play	0	873	/sounds/502
quiet	1	879
amp	1	879	255
play	1	879	/sounds/500
quiet	0	888
amp	0	888	255
play	0	888	/sounds/502
quiet	1	888
amp	1	888	255
play	1	888	/sounds/500
quiet	1	897
amp	1	897	255
play	1	897	/sounds/500
quiet	2	900
amp	2	900	255
play	2	900	/sounds/503
quiet	0	903
amp	0	903	255
play	0	903	/sounds/502
quiet	1	906
amp	1	906	255
play	1	906	/sounds/500
quiet	1	915
amp	1	915	255
play	1	915	/sounds/500
quiet	0	918
amp	0	918	255
play	0	918	/sounds/502
quiet	1	924
amp	1	924	255
play	1	924	/sounds/500
quiet	0	933
amp	0	933	255
play	0	933	/sounds/502
quiet	1	933
amp	1	933	255
play	1	933	/sounds/500
quiet	1	942
amp	1	942	255
play	1	942	/sounds/500
quiet	0	948
amp	0	948	255
play	0	948	/sounds/502
quiet	1	951
amp	1	951	255
play	1	951	/sounds/500
quiet	1	960
amp	1	960	255
play	1	960	/sounds/500
quiet	0	963
amp	0	963	255
play	0	963	/sounds/502
quiet	1	969
amp	1	969	255
play	1	969	/sounds/500
quiet	0	978
amp	0	978	255
play	0	978	/sounds/502
quiet	1	978
amp	1	978	255
play	1	978	/sounds/500
quiet	1	987
amp	1	987	255
play	1	987	/sounds/500
quiet	1	996
amp	1	996	255
play	1	996	/sounds/500
quiet	0	1005
amp	0	1005	255
play	0	1005	/sounds/502
quiet	1	1005
amp	1	1005	255
play	1	1005	/sounds/500
quiet	1	1014
amp	1	1014	255
play	1	1014	/sounds/500
quiet	0	1020
amp	0	1020	255
play	0	1020	/sounds/502
quiet	1	1023
amp	1	1023	255
play	1	1023	/sounds/500
quiet	1	1032
amp	1	1032	255
play	1	1032	/sounds/500
quiet	0	1035
amp	0	1035	255
play	0	1035	/sounds/502
quiet	1	1041
amp	1	1041	255
play	1	1041	/sounds/500
quiet	1	1050
amp	1	1050	255
play	1	1050	/sounds/500
quiet	1	1059
amp	1	1059	255
play	1	1059	/sounds/500
quiet	0	1062
amp	0	1062	255
play	0	1062	/sounds/502
quiet	1	1068
amp	1	1068	255
play	1	1068	/sounds/500
quiet	2	1068
amp	2	1068	255
play	2	1068	/sounds/503
quiet	2	1074
amp	2	1074	255
play	2	1074	/sounds/503
quiet	2	1074
amp	2	1074	255
play	2	1074	/sounds/503
quiet	0	1077
amp	0	1077	255
play	0	1077	/sounds/502
quiet	1	1077
amp	1	1077	255
play	1	1077	/sounds/500
quiet	1	1086
amp	1	1086	255
play	1	1086	/sounds/500
quiet	0	1092
amp	0	1092	255
play	0	1092	/sounds/502
quiet	1	1095
amp	1	1095	255
play	1	1095	/sounds/500
quiet	1	1104
amp	1	1104	255
play	1	1104	/sounds/500
quiet	1	1113
amp	1	1113	255
play	1	1113	/sounds/500
quiet	1	1122
amp	1	1122	255
play	1	1122	/sounds/500
quiet	1	1131
amp	1	1131	255
play	1	1131	/sounds/500
quiet	1	1140
amp	1	1140	255
play	1	1140	/sounds/500
quiet	2	1146
amp	2	1146	255
play	2	1146	/sounds/503
quiet	1	1149
amp	1	1149	255
play	1	1149	/sounds/500
quiet	0	1155
amp	0	1155	255
play	0	1155	/sounds/502
quiet	2	1155
amp	2	1155	255
play	2	1155	/sounds/503
quiet	1	1158
amp	1	1158	255
play	1	1158	/sounds/500
quiet	2	1164
amp	2	1164	255
play	2	1164	/sounds/503
quiet	1	1167
amp	1	1167	255
play	1	1167	/sounds/500
quiet	0	1170
amp	0	1170	255
play	0	1170	/sounds/502
quiet	1	1176
amp	1	1176	255
play	1	1176	/sounds/500
quiet	0	1185
amp	0	1185	255
play	0	1185	/sounds/502
quiet	1	1185
amp	1	1185	255
play	1	1185	/sounds/500
quiet	1	1194
amp	1	1194	255
play	1	1194	/sounds/500
quiet	1	1203
amp	1	1203	255
play	1	1203	/sounds/500
quiet	2	1209
amp	2	1209	255
play	2	1209	/sounds/503
quiet	1	1212
amp	1	1212	255
play	1	1212	/sounds/500
quiet	2	1218
amp	2	1218	255
play	2	1218	/sounds/503
quiet	1	1221
amp	1	1221	255
play	1	1221	/sounds/500
quiet	1	1230
amp	1	1230	255
play	1	1230	/sounds/500
quiet	2	1236
amp	2	1236	255
play	2	1236	/sounds/503
quiet	1	1239
amp	1	1239	255
play	1	1239	/sounds/500
quiet	1	1248
amp	1	1248	255
play	1	1248	/sounds/500
quiet	1	1257
amp	1	1257	255
play	1	1257	/sounds/500
quiet	0	1260
amp	0	1260	255
play	0	1260	/sounds/550
quiet	2	1266
amp	2	1266	255
play	2	1266	/sounds/550
quiet	1	1266
amp	1	1266	255
play	1	1266	/sounds/500
quiet	0	1266
amp	0	1266	255
play	0	1266	/sounds/503
quiet	1	1275
amp	1	1275	255
play	1	1275	/sounds/500
quiet	0	1278
amp	0	1278	255
play	0	1278	/sounds/503
quiet	1	1284
amp	1	1284	255
play	1	1284	/sounds/500
quiet	1	1293
amp	1	1293	255
play	1	1293	/sounds/500
quiet	1	1302
amp	1	1302	255
play	1	1302	/sounds/500
quiet	1	1311
amp	1	1311	255
play	1	1311	/sounds/500
quiet	1	1320
amp	1	1320	255
play	1	1320	/sounds/500
quiet	1	1329
amp	1	1329	255
play	1	1329	/sounds/500
quiet	1	1338
amp	1	1338	255
play	1	1338	/sounds/500
quiet	1	1347
amp	1	1347	255
play	1	1347	/sounds/500
quiet	1	1356
amp	1	1356	255
play	1	1356	/sounds/500
quiet	1	1365
amp	1	1365	255
play	1	1365	/sounds/500
quiet	1	1374
amp	1	1374	255
play	1	1374	/sounds/500
quiet	1	1383
amp	1	1383	255
play	1	1383	/sounds/500
quiet	1	1392
amp	1	1392	255
play	1	1392	/sounds/500
quiet	1	1401
amp	1	1401	255
play	1	1401	/sounds/500
quiet	1	1434
amp	1	1434	255
play	1	1434	/sounds/500
quiet	1	1443
amp	1	1443	255
play	1	1443	/sounds/500
quiet	1	1452
amp	1	1452	255
play	1	1452	/sounds/500
quiet	1	1461
amp	1	1461	255
play	1	1461	/sounds/500
quiet	1	1470
amp	1	1470	255
play	1	1470	/sounds/500
quiet	1	1479
amp	1	1479	255
play	1	1479	/sounds/500
quiet	2	1488
amp	2	1488	255
play	2	1488	/sounds/502
quiet	1	1488
amp	1	1488	255
play	1	1488	/sounds/500
quiet	1	1497
amp	1	1497	255
play	1	1497	/sounds/500
quiet	2	1503
amp	2	1503	255
play	2	1503	/sounds/502
quiet	1	1506
amp	1	1506	255
play	1	1506	/sounds/500
quiet	1	1515
amp	1	1515	255
play	1	1515	/sounds/500
quiet	2	1518
amp	2	1518	255
play	2	1518	/sounds/502
quiet	0	1518
amp	0	1518	255
play	0	1518	/sounds/503
quiet	0	1521
amp	0	1521	255
play	0	1521	/sounds/503
quiet	1	1524
amp	1	1524	255
play	1	1524	/sounds/500
quiet	0	1524
amp	0	1524	255
play	0	1524	/sounds/503
quiet	0	1530
amp	0	1530	255
play	0	1530	/sounds/503
quiet	2	1533
amp	2	1533	255
play	2	1533	/sounds/502
quiet	1	1533
amp	1	1533	255
play	1	1533	/sounds/500
quiet	1	1542
amp	1	1542	255
play	1	1542	/sounds/500
quiet	2	1548
amp	2	1548	255
play	2	1548	/sounds/502
quiet	1	1551
amp	1	1551	255
play	1	1551	/sounds/500
quiet	1	1560
amp	1	1560	255
play	1	1560	/sounds/500
quiet	0	1563
amp	0	1563	255
play	0	1563	/sounds/503
quiet	1	1569
amp	1	1569	255
play	1	1569	/sounds/500
quiet	1	1578
amp	1	1578	255
play	1	1578	/sounds/500
quiet	2	1584
amp	2	1584	255
play	2	1584	/sounds/502
quiet	0	1584
amp	0	1584	255
play	0	1584	/sounds/503
quiet	1	1587
amp	1	1587	255
play	1	1587	/sounds/500
quiet	1	1596
amp	1	1596	255
play	1	1596	/sounds/500
quiet	2	1599
amp	2	1599	255
play	2	1599	/sounds/502
quiet	1	1605
amp	1	1605	255
play	1	1605	/sounds/500
quiet	2	1614
amp	2	1614	255
play	2	1614	/sounds/502
quiet	1	1614
amp	1	1614	255
play	1	1614	/sounds/500
quiet	1	1623
amp	1	1623	255
play	1	1623	/sounds/500
quiet	1	1632
amp	1	1632	255
play	1	1632	/sounds/500
quiet	1	1641
amp	1	1641	255
play	1	1641	/sounds/500
quiet	2	1644
amp	2	1644	255
play	2	1644	/sounds/502
quiet	0	1647
amp	0	1647	255
play	0	1647	/sounds/503
quiet	1	1650
amp	1	1650	255
play	1	1650	/sounds/500
quiet	0	1653
amp	0	1653	255
play	0	1653	/sounds/503
quiet	0	1656
amp	0	1656	255
play	0	1656	/sounds/503
quiet	2	1659
amp	2	1659	255
play	2	1659	/sounds/502
quiet	1	1659
amp	1	1659	255
play	1	1659	/sounds/500
quiet	1	1668
amp	1	1668	255
play	1	1668	/sounds/500
quiet	2	1674
amp	2	1674	255
play	2	1674	/sounds/502
quiet	1	1677
amp	1	1677	255
play	1	1677	/sounds/500
quiet	1	1686
amp	1	1686	255
play	1	1686	/sounds/500
quiet	1	1695
amp	1	1695	255
play	1	1695	/sounds/500
quiet	1	1704
amp	1	1704	255
play	1	1704	/sounds/500
quiet	1	1761
amp	1	1761	255
play	1	1761	/sounds/500
quiet	1	1770
amp	1	1770	255
play	1	1770	/sounds/500
quiet	1	1779
amp	1	1779	255
play	1	1779	/sounds/500
quiet	1	1788
amp	1	1788	255
play	1	1788	/sounds/500
quiet	1	1797
amp	1	1797	255
play	1	1797	/sounds/500
quiet	0	1803
amp	0	1803	255
play	0	1803	/sounds/503
quiet	1	1806
amp	1	1806	255
play	1	1806	/sounds/500
quiet	0	1809
amp	0	1809	255
play	0	1809	/sounds/503
quiet	1	1815
amp	1	1815	255
play	1	1815	/sounds/500
quiet	0	1818
amp	0	1818	255
play	0	1818	/sounds/503
quiet	1	1824
amp	1	1824	255
play	1	1824	/sounds/500
quiet	1	1833
amp	1	1833	255
play	1	1833	/sounds/500
quiet	1	1842
amp	1	1842	255
play	1	1842	/sounds/500
quiet	0	1845
amp	0	1845	255
play	0	1845	/sounds/503
quiet	1	1851
amp	1	1851	255
play	1	1851	/sounds/500
quiet	1	1860
amp	1	1860	255
play	1	1860	/sounds/500
quiet	1	1869
amp	1	1869	255
play	1	1869	/sounds/500
quiet	1	1878
amp	1	1878	255
play	1	1878	/sounds/500
quiet	1	1887
amp	1	1887	255
play	1	1887	/sounds/500
quiet	2	1896
amp	2	1896	255
play	2	1896	/sounds/502
quiet	1	1896
amp	1	1896	255
play	1	1896	/sounds/500
quiet	0	1896
amp	0	1896	255
play	0	1896	/sounds/503
quiet	1	1905
amp	1	1905	255
play	1	1905	/sounds/500
quiet	0	1905
amp	0	1905	255
play	0	1905	/sounds/503
quiet	0	1908
amp	0	1908	255
play	0	1908	/sounds/515
quiet	2	1908
amp	2	1908	255
play	2	1908	/sounds/503
quiet	1	1914
amp	1	1914	255
play	1	1914	/sounds/500
quiet	2	1920
amp	2	1920	255
play	2	1920	/sounds/503
quiet	2	1920
amp	2	1920	255
play	2	1920	/sounds/503
quiet	1	1923
amp	1	1923	255
play	1	1923	/sounds/500
quiet	1	1932
amp	1	1932	255
play	1	1932	/sounds/500
quiet	1	1941
amp	1	1941	255
play	1	1941	/sounds/500
quiet	1	2061
amp	1	2061	255
play	1	2061	/sounds/500
quiet	1	2070
amp	1	2070	255
play	1	2070	/sounds/500
quiet	2	2073
amp	2	2073	255
play	2	2073	/sounds/502
quiet	1	2079
amp	1	2079	255
play	1	2079	/sounds/500
quiet	0	2082
amp	0	2082	255
play	0	2082	/sounds/514
quiet	2	2088
amp	2	2088	255
play	2	2088	/sounds/502
quiet	1	2088
amp	1	2088	255
play	1	2088	/sounds/500
quiet	1	2097
amp	1	2097	255
play	1	2097	/sounds/500
quiet	2	2103
amp	2	2103	255
play	2	2103	/sounds/502
quiet	1	2106
amp	1	2106	255
play	1	2106	/sounds/500
quiet	1	2115
amp	1	2115	255
play	1	2115	/sounds/500
quiet	2	2118
amp	2	2118	255
play	2	2118	/sounds/502
quiet	1	2124
amp	1	2124	255
play	1	2124	/sounds/500
quiet	1	2133
amp	1	2133	255
play	1	2133	/sounds/500
quiet	1	2142
amp	1	2142	255
play	1	2142	/sounds/500
quiet	1	2151
amp	1	2151	255
play	1	2151	/sounds/500
quiet	1	2160
amp	1	2160	255
play	1	2160	/sounds/500
quiet	0	2169
amp	0	2169	255
play	0	2169	/sounds/544
quiet	1	2169
amp	1	2169	255
play	1	2169	/sounds/500
quiet	2	2175
amp	2	2175	255
play	2	2175	/sounds/503
quiet	1	2178
amp	1	2178	255
play	1	2178	/sounds/500
quiet	0	2181
amp	0	2181	255
play	0	2181	/sounds/544
quiet	2	2184
amp	2	2184	255
play	2	2184	/sounds/503
quiet	1	2187
amp	1	2187	255
play	1	2187	/sounds/500
quiet	0	2193
amp	0	2193	255
play	0	2193	/sounds/544
quiet	1	2196
amp	1	2196	255
play	1	2196	/sounds/500
quiet	0	2205
amp	0	2205	255
play	0	2205	/sounds/544
quiet	1	2205
amp	1	2205	255
play	1	2205	/sounds/500
quiet	1	2214
amp	1	2214	255
play	1	2214	/sounds/500
quiet	0	2217
amp	0	2217	255
play	0	2217	/sounds/544
quiet	1	2223
amp	1	2223	255
play	1	2223	/sounds/500
quiet	0	2229
amp	0	2229	255
play	0	2229	/sounds/544
quiet	2	2229
amp	2	2229	255
play	2	2229	/sounds/503
quiet	0	2241
amp	0	2241	255
play	0	2241	/sounds/544
quiet	2	2253
amp	2	2253	255
play	2	2253	/sounds/503
quiet	1	2259
amp	1	2259	255
play	1	2259	/sounds/500
quiet	1	2268
amp	1	2268	255
play	1	2268	/sounds/500
quiet	1	2277
amp	1	2277	255
play	1	2277	/sounds/500
quiet	1	2286
amp	1	2286	255
play	1	2286	/sounds/500
quiet	1	2295
amp	1	2295	255
play	1	2295	/sounds/500
quiet	1	2304
amp	1	2304	255
play	1	2304	/sounds/500
quiet	1	2313
amp	1	2313	255
play	1	2313	/sounds/500
quiet	1	2322
amp	1	2322	255
play	1	2322	/sounds/500
quiet	1	2331
amp	1	2331	255
play	1	2331	/sounds/500
quiet	1	2340
amp	1	2340	255
play	1	2340	/sounds/500
quiet	2	2343
amp	2	2343	255
play	2	2343	/sounds/503
quiet	1	2349
amp	1	2349	255
play	1	2349	/sounds/500
quiet	1	2358
amp	1	2358	255
play	1	2358	/sounds/500
quiet	1	2367
amp	1	2367	255
play	1	2367	/sounds/500
quiet	1	2376
amp	1	2376	255
play	1	2376	/sounds/500
quiet	1	2385
amp	1	2385	255
play	1	2385	/sounds/500
quiet	1	2394
amp	1	2394	255
play	1	2394	/sounds/500
quiet	1	2403
amp	1	2403	255
play	1	2403	/sounds/500
quiet	0	2409
amp	0	2409	255
play	0	2409	/sounds/502
quiet	1	2412
amp	1	2412	255
play	1	2412	/sounds/500
quiet	2	2418
amp	2	2418	255
play	2	2418	/sounds/503
quiet	1	2421
amp	1	2421	255
play	1	2421	/sounds/500
quiet	0	2424
amp	0	2424	255
play	0	2424	/sounds/502
quiet	2	2424
amp	2	2424	255
play	2	2424	/sounds/503
quiet	1	2430
amp	1	2430	255
play	1	2430	/sounds/500
quiet	2	2433
amp	2	2433	255
play	2	2433	/sounds/503
quiet	0	2439
amp	0	2439	255
play	0	2439	/sounds/502
quiet	1	2439
amp	1	2439	255
play	1	2439	/sounds/500
quiet	1	2448
amp	1	2448	255
play	1	2448	/sounds/500
quiet	1	2457
amp	1	2457	255
play	1	2457	/sounds/500
quiet	2	2460
amp	2	2460	255
play	2	2460	/sounds/503
quiet	1	2466
amp	1	2466	255
play	1	2466	/sounds/500
quiet	1	2475
amp	1	2475	255
play	1	2475	/sounds/500
quiet	1	2484
amp	1	2484	255
play	1	2484	/sounds/500
quiet	1	2493
amp	1	2493	255
play	1	2493	/sounds/500
quiet	0	2499
amp	0	2499	255
play	0	2499	/sounds/502
quiet	1	2502
amp	1	2502	255
play	1	2502	/sounds/500
quiet	1	2511
amp	1	2511	255
play	1	2511	/sounds/500
quiet	2	2511
amp	2	2511	255
play	2	2511	/sounds/503
quiet	0	2514
amp	0	2514	255
play	0	2514	/sounds/502
quiet	1	2520
amp	1	2520	255
play	1	2520	/sounds/500
quiet	0	2529
amp	0	2529	255
play	0	2529	/sounds/502
quiet	1	2529
amp	1	2529	255
play	1	2529	/sounds/500
quiet	2	2538
amp	2	2538	255
play	2	2538	/sounds/519
quiet	1	2538
amp	1	2538	255
play	1	2538	/sounds/500
quiet	0	2544
amp	0	2544	255
play	0	2544	/sounds/502
quiet	1	2547
amp	1	2547	255
play	1	2547	/sounds/500
quiet	1	2550
amp	1	2550	255
play	1	2550	/sounds/500
quiet	2	2553
amp	2	2553	255
play	2	2553	/sounds/519
quiet	1	2556
amp	1	2556	255
play	1	2556	/sounds/500
quiet	0	2556
amp	0	2556	255
play	0	2556	/sounds/503
quiet	0	2559
amp	0	2559	255
play	0	2559	/sounds/515
quiet	1	2565
amp	1	2565	255
play	1	2565	/sounds/500
quiet	2	2571
amp	2	2571	255
play	2	2571	/sounds/514
quiet	1	2574
amp	1	2574	255
play	1	2574	/sounds/500
quiet	2	2610
amp	2	2610	255
play	2	2610	/sounds/531
quiet	2	2637
amp	2	2637	255
play	2	2637	/sounds/531
quiet	1	2658
amp	1	2658	242
play	1	2658	/sounds/519
quiet	1	2664
amp	1	2664	255
play	1	2664	/sounds/544
quiet	2	2664
amp	2	2664	255
play	2	2664	/sounds/531
quiet	0	2673
amp	0	2673	255
play	0	2673	/sounds/503
quiet	1	2676
amp	1	2676	255
play	1	2676	/sounds/544
quiet	1	2688
amp	1	2688	255
play	1	2688	/sounds/544
quiet	2	2691
amp	2	2691	255
play	2	2691	/sounds/531
quiet	0	2694
amp	0	2694	255
play	0	2694	/sounds/501
quiet	1	2769
amp	1	2769	228
play	1	2769	/sounds/514
quiet	2	2835
amp	2	2835	192
play	2	2835	/sounds/507
quiet	2	2928
amp	2	2928	35
play	2	2928	/sounds/503
quiet	2	2949
amp	2	2949	128
play	2	2949	/sounds/509
quiet	2	2970
amp	2	2970	14
play	2	2970	/sounds/519
quiet	1	3036
amp	1	3036	255
play	1	3036	/sounds/526
quiet	2	3036
amp	2	3036	128
play	2	3036	/sounds/509
quiet	2	3048
amp	2	3048	128
play	2	3048	/sounds/509
quiet	2	3060
amp	2	3060	255
play	2	3060	/sounds/527
quiet	0	3083
amp	0	3083	128
play	0	3083	/sounds/510
quiet	0	3084
amp	0	3084	255
play	0	3084	/sounds/528
quiet	1	3111
amp	1	3111	255
play	1	3111	/sounds/529
quiet	2	3135
amp	2	3135	255
play	2	3135	/sounds/517
quiet	0	3147
amp	0	3147	128
play	0	3147	/sounds/509
quiet	0	3261
amp	0	3261	128
play	0	3261	/sounds/509
quiet	0	3270
amp	0	3270	128
play	0	3270	/sounds/509
quiet	1	3334
amp	1	3334	128
play	1	3334	/sounds/510
quiet	0	3366
amp	0	3366	255
play	0	3366	/sounds/518
quiet	2	3477
amp	2	3477	128
play	2	3477	/sounds/509
quiet	1	3537
amp	1	3537	255
play	1	3537	/sounds/502
quiet	2	3537
amp	2	3537	255
play	2	3537	/sounds/500
quiet	2	3546
amp	2	3546	255
play	2	3546	/sounds/500
quiet	1	3552
amp	1	3552	255
play	1	3552	/sounds/502
quiet	2	3555
amp	2	3555	255
play	2	3555	/sounds/500
quiet	2	3564
amp	2	3564	255
play	2	3564	/sounds/500
quiet	1	3567
amp	1	3567	255
play	1	3567	/sounds/502
quiet	2	3573
amp	2	3573	255
play	2	3573	/sounds/500
quiet	1	3582
amp	1	3582	255
play	1	3582	/sounds/502
quiet	2	3582
amp	2	3582	255
play	2	3582	/sounds/500
quiet	2	3591
amp	2	3591	255
play	2	3591	/sounds/500
quiet	1	3597
amp	1	3597	255
play	1	3597	/sounds/502
quiet	2	3600
amp	2	3600	255
play	2	3600	/sounds/500
quiet	2	3609
amp	2	3609	255
play	2	3609	/sounds/500
quiet	1	3612
amp	1	3612	255
play	1	3612	/sounds/502
quiet	2	3618
amp	2	3618	255
play	2	3618	/sounds/500
quiet	2	3627
amp	2	3627	255
play	2	3627	/sounds/500
quiet	2	3636
amp	2	3636	255
play	2	3636	/sounds/500
quiet	1	3639
amp	1	3639	255
play	1	3639	/sounds/502
quiet	2	3645
amp	2	3645	255
play	2	3645	/sounds/500
quiet	1	3654
amp	1	3654	255
play	1	3654	/sounds/502
quiet	2	3654
amp	2	3654	255
play	2	3654	/sounds/500
quiet	2	3663
amp	2	3663	255
play	2	3663	/sounds/500
quiet	1	3669
amp	1	3669	255
play	1	3669	/sounds/502
quiet	2	3672
amp	2	3672	255
play	2	3672	/sounds/500
quiet	2	3681
amp	2	3681	255
play	2	3681	/sounds/500
quiet	1	3684
amp	1	3684	255
play	1	3684	/sounds/502
quiet	2	3690
amp	2	3690	255
play	2	3690	/sounds/500
quiet	1	3699
amp	1	3699	255
play	1	3699	/sounds/502
quiet	2	3699
amp	2	3699	255
play	2	3699	/sounds/500
quiet	2	3708
amp	2	3708	255
play	2	3708	/sounds/500
quiet	1	3714
amp	1	3714	255
play	1	3714	/sounds/502
quiet	2	3717
amp	2	3717	255
play	2	3717	/sounds/500
quiet	2	3726
amp	2	3726	255
play	2	3726	/sounds/500
quiet	1	3729
amp	1	3729	255
play	1	3729	/sounds/502
quiet	0	3729
amp	0	3729	255
play	0	3729	/sounds/503
quiet	2	3735
amp	2	3735	255
play	2	3735	/sounds/500
quiet	0	3738
amp	0	3738	255
play	0	3738	/sounds/503
quiet	1	3744
amp	1	3744	255
play	1	3744	/sounds/502
quiet	2	3744
amp	2	3744	255
play	2	3744	/sounds/500
quiet	2	3753
amp	2	3753	255
play	2	3753	/sounds/500
quiet	1	3759
amp	1	3759	255
play	1	3759	/sounds/502
quiet	2	3762
amp	2	3762	255
play	2	3762	/sounds/500
quiet	2	3771
amp	2	3771	255
play	2	3771	/sounds/500
quiet	1	3774
amp	1	3774	255
play	1	3774	/sounds/502
quiet	2	3780
amp	2	3780	255
play	2	3780	/sounds/500
quiet	2	3789
amp	2	3789	255
play	2	3789	/sounds/500
quiet	0	3795
amp	0	3795	255
play	0	3795	/sounds/503
quiet	2	3798
amp	2	3798	255
play	2	3798	/sounds/500
quiet	2	3807
amp	2	3807	255
play	2	3807	/sounds/500
quiet	1	3810
amp	1	3810	255
play	1	3810	/sounds/502
quiet	2	3816
amp	2	3816	255
play	2	3816	/sounds/500
quiet	1	3825
amp	1	3825	255
play	1	3825	/sounds/502
quiet	2	3825
amp	2	3825	255
play	2	3825	/sounds/500
quiet	2	3834
amp	2	3834	255
play	2	3834	/sounds/500
quiet	2	3843
amp	2	3843	255
play	2	3843	/sounds/500
quiet	2	3873
amp	2	3873	255
play	2	3873	/sounds/500
quiet	1	3882
amp	1	3882	255
play	1	3882	/sounds/502
quiet	2	3882
amp	2	3882	255
play	2	3882	/sounds/500
quiet	2	3891
amp	2	3891	255
play	2	3891	/sounds/500
quiet	0	3894
amp	0	3894	255
play	0	3894	/sounds/503
quiet	1	3897
amp	1	3897	255
play	1	3897	/sounds/502
quiet	2	3900
amp	2	3900	255
play	2	3900	/sounds/500
quiet	2	3909
amp	2	3909	255
play	2	3909	/sounds/500
quiet	1	3912
amp	1	3912	255
play	1	3912	/sounds/502
quiet	0	3915
amp	0	3915	255
play	0	3915	/sounds/503
quiet	2	3918
amp	2	3918	255
play	2	3918	/sounds/500
quiet	2	3927
amp	2	3927	255
play	2	3927	/sounds/500
quiet	2	3936
amp	2	3936	255
play	2	3936	/sounds/500
quiet	2	3945
amp	2	3945	255
play	2	3945	/sounds/500
quiet	2	3954
amp	2	3954	255
play	2	3954	/sounds/500
quiet	0	3957
amp	0	3957	255
play	0	3957	/sounds/503
quiet	2	3963
amp	2	3963	255
play	2	3963	/sounds/500
quiet	0	3966
amp	0	3966	255
play	0	3966	/sounds/503
quiet	2	3972
amp	2	3972	255
play	2	3972	/sounds/500
quiet	0	3972
amp	0	3972	255
play	0	3972	/sounds/503
quiet	2	3981
amp	2	3981	255
play	2	3981	/sounds/500
quiet	0	3981
amp	0	3981	255
play	0	3981	/sounds/503
quiet	1	3990
amp	1	3990	255
play	1	3990	/sounds/502
quiet	2	3990
amp	2	3990	255
play	2	3990	/sounds/500
quiet	0	3990
amp	0	3990	255
play	0	3990	/sounds/503
quiet	2	3999
amp	2	3999	255
play	2	3999	/sounds/500
quiet	0	3999
amp	0	3999	255
play	0	3999	/sounds/503
quiet	1	4005
amp	1	4005	255
play	1	4005	/sounds/502
quiet	0	4005
amp	0	4005	255
play	0	4005	/sounds/503
quiet	2	4008
amp	2	4008	255
play	2	4008	/sounds/500
quiet	0	4014
amp	0	4014	255
play	0	4014	/sounds/503
quiet	2	4017
amp	2	4017	255
play	2	4017	/sounds/500
quiet	0	4017
amp	0	4017	255
play	0	4017	/sounds/503
quiet	1	4020
amp	1	4020	255
play	1	4020	/sounds/502
quiet	2	4026
amp	2	4026	255
play	2	4026	/sounds/500
quiet	0	4026
amp	0	4026	255
play	0	4026	/sounds/503
quiet	0	4032
amp	0	4032	255
play	0	4032	/sounds/515
quiet	1	4032
amp	1	4032	255
play	1	4032	/sounds/503
quiet	2	4035
amp	2	4035	255
play	2	4035	/sounds/500
quiet	1	4041
amp	1	4041	255
play	1	4041	/sounds/503
quiet	2	4044
amp	2	4044	255
play	2	4044	/sounds/500
quiet	2	4053
amp	2	4053	255
play	2	4053	/sounds/500
quiet	2	4062
amp	2	4062	255
play	2	4062	/sounds/500
quiet	2	4113
amp	2	4113	255
play	2	4113	/sounds/500
quiet	2	4122
amp	2	4122	255
play	2	4122	/sounds/500
quiet	2	4131
amp	2	4131	255
play	2	4131	/sounds/500
quiet	2	4140
amp	2	4140	255
play	2	4140	/sounds/500
quiet	2	4149
amp	2	4149	255
play	2	4149	/sounds/500
quiet	2	4158
amp	2	4158	255
play	2	4158	/sounds/500
quiet	2	4167
amp	2	4167	255
play	2	4167	/sounds/500
quiet	1	4170
amp	1	4170	255
play	1	4170	/sounds/503
quiet	2	4176
amp	2	4176	255
play	2	4176	/sounds/500
quiet	1	4176
amp	1	4176	255
play	1	4176	/sounds/503
quiet	2	4185
amp	2	4185	255
play	2	4185	/sounds/500
quiet	1	4185
amp	1	4185	255
play	1	4185	/sounds/503
quiet	2	4194
amp	2	4194	255
play	2	4194	/sounds/500
quiet	1	4200
amp	1	4200	255
play	1	4200	/sounds/503
quiet	2	4203
amp	2	4203	255
play	2	4203	/sounds/500
quiet	1	4209
amp	1	4209	255
play	1	4209	/sounds/503
quiet	2	4212
amp	2	4212	255
play	2	4212	/sounds/500
quiet	2	4221
amp	2	4221	255
play	2	4221	/sounds/500
quiet	2	4230
amp	2	4230	255
play	2	4230	/sounds/500
quiet	2	4239
amp	2	4239	255
play	2	4239	/sounds/500
quiet	2	4248
amp	2	4248	255
play	2	4248	/sounds/500
quiet	2	4257
amp	2	4257	255
play	2	4257	/sounds/500
quiet	2	4266
amp	2	4266	255
play	2	4266	/sounds/500
quiet	2	4275
amp	2	4275	255
play	2	4275	/sounds/500
quiet	2	4284
amp	2	4284	255
play	2	4284	/sounds/500
quiet	2	4293
amp	2	4293	255
play	2	4293	/sounds/500
quiet	2	4302
amp	2	4302	255
play	2	4302	/sounds/500
quiet	2	4311
amp	2	4311	255
play	2	4311	/sounds/500
quiet	2	4320
amp	2	4320	255
play	2	4320	/sounds/500
quiet	2	4329
amp	2	4329	255
play	2	4329	/sounds/500
quiet	2	4338
amp	2	4338	255
play	2	4338	/sounds/500
quiet	2	4347
amp	2	4347	255
play	2	4347	/sounds/500
quiet	1	4347
amp	1	4347	255
play	1	4347	/sounds/503
quiet	0	4350
amp	0	4350	255
play	0	4350	/sounds/502
quiet	2	4356
amp	2	4356	255
play	2	4356	/sounds/500
quiet	0	4365
amp	0	4365	255
play	0	4365	/sounds/502
quiet	2	4365
amp	2	4365	255
play	2	4365	/sounds/500
quiet	2	4374
amp	2	4374	255
play	2	4374	/sounds/500
quiet	0	4380
amp	0	4380	255
play	0	4380	/sounds/502
quiet	2	4383
amp	2	4383	255
play	2	4383	/sounds/500
quiet	1	4383
amp	1	4383	255
play	1	4383	/sounds/503
quiet	2	4392
amp	2	4392	255
play	2	4392	/sounds/500
quiet	0	4395
amp	0	4395	255
play	0	4395	/sounds/502
quiet	2	4401
amp	2	4401	255
play	2	4401	/sounds/500
quiet	1	4404
amp	1	4404	255
play	1	4404	/sounds/503
quiet	1	4404
amp	1	4404	255
play	1	4404	/sounds/503
quiet	0	4410
amp	0	4410	255
play	0	4410	/sounds/502
quiet	2	4410
amp	2	4410	255
play	2	4410	/sounds/500
quiet	2	4419
amp	2	4419	255
play	2	4419	/sounds/500
quiet	0	4425
amp	0	4425	255
play	0	4425	/sounds/502
quiet	2	4428
amp	2	4428	255
play	2	4428	/sounds/500
quiet	2	4437
amp	2	4437	255
play	2	4437	/sounds/500
quiet	2	4446
amp	2	4446	255
play	2	4446	/sounds/500
quiet	2	4455
amp	2	4455	255
play	2	4455	/sounds/500
quiet	2	4464
amp	2	4464	255
play	2	4464	/sounds/500
quiet	2	4473
amp	2	4473	255
play	2	4473	/sounds/500
quiet	2	4482
amp	2	4482	255
play	2	4482	/sounds/500
quiet	2	4491
amp	2	4491	255
play	2	4491	/sounds/500
quiet	0	4497
amp	0	4497	255
play	0	4497	/sounds/502
quiet	1	4497
amp	1	4497	255
play	1	4497	/sounds/503
quiet	2	4500
amp	2	4500	255
play	2	4500	/sounds/500
quiet	2	4509
amp	2	4509	255
play	2	4509	/sounds/500
quiet	0	4512
amp	0	4512	255
play	0	4512	/sounds/502
quiet	2	4518
amp	2	4518	255
play	2	4518	/sounds/500
quiet	0	4527
amp	0	4527	255
play	0	4527	/sounds/502
quiet	2	4527
amp	2	4527	255
play	2	4527	/sounds/500
quiet	2	4536
amp	2	4536	255
play	2	4536	/sounds/500
quiet	2	4545
amp	2	4545	255
play	2	4545	/sounds/500
quiet	2	4554
amp	2	4554	255
play	2	4554	/sounds/500
quiet	2	4563
amp	2	4563	255
play	2	4563	/sounds/500
quiet	0	4569
amp	0	4569	255
play	0	4569	/sounds/502
quiet	2	4572
amp	2	4572	255
play	2	4572	/sounds/500
quiet	2	4581
amp	2	4581	255
play	2	4581	/sounds/500
quiet	0	4584
amp	0	4584	255
play	0	4584	/sounds/502
quiet	2	4590
amp	2	4590	255
play	2	4590	/sounds/500
quiet	0	4599
amp	0	4599	255
play	0	4599	/sounds/502
quiet	2	4599
amp	2	4599	255
play	2	4599	/sounds/500
quiet	2	4608
amp	2	4608	255
play	2	4608	/sounds/500
quiet	0	4614
amp	0	4614	255
play	0	4614	/sounds/502
quiet	2	4617
amp	2	4617	255
play	2	4617	/sounds/500
quiet	1	4620
amp	1	4620	255
play	1	4620	/sounds/503
quiet	2	4626
amp	2	4626	255
play	2	4626	/sounds/500
quiet	0	4629
amp	0	4629	255
play	0	4629	/sounds/502
quiet	2	4635
amp	2	4635	255
play	2	4635	/sounds/500
quiet	0	4644
amp	0	4644	255
play	0	4644	/sounds/502
quiet	2	4644
amp	2	4644	255
play	2	4644	/sounds/500
quiet	2	4653
amp	2	4653	255
play	2	4653	/sounds/500
quiet	1	4659
amp	1	4659	255
play	1	4659	/sounds/503
quiet	2	4662
amp	2	4662	255
play	2	4662	/sounds/500
quiet	1	4668
amp	1	4668	255
play	1	4668	/sounds/503
quiet	2	4671
amp	2	4671	255
play	2	4671	/sounds/500
quiet	1	4674
amp	1	4674	255
play	1	4674	/sounds/503
quiet	2	4680
amp	2	4680	255
play	2	4680	/sounds/500
quiet	0	4683
amp	0	4683	255
play	0	4683	/sounds/502
quiet	2	4689
amp	2	4689	255
play	2	4689	/sounds/500
quiet	0	4698
amp	0	4698	255
play	0	4698	/sounds/502
quiet	2	4698
amp	2	4698	255
play	2	4698	/sounds/500
quiet	2	4707
amp	2	4707	255
play	2	4707	/sounds/500
quiet	0	4713
amp	0	4713	255
play	0	4713	/sounds/502
quiet	2	4716
amp	2	4716	255
play	2	4716	/sounds/500
quiet	2	4725
amp	2	4725	255
play	2	4725	/sounds/500
quiet	0	4728
amp	0	4728	255
play	0	4728	/sounds/502
quiet	2	4734
amp	2	4734	255
play	2	4734	/sounds/500
quiet	2	4743
amp	2	4743	255
play	2	4743	/sounds/500
quiet	2	4752
amp	2	4752	255
play	2	4752	/sounds/500
quiet	2	4761
amp	2	4761	255
play	2	4761	/sounds/500
quiet	2	4770
amp	2	4770	255
play	2	4770	/sounds/500
quiet	0	4776
amp	0	4776	255
play	0	4776	/sounds/502
quiet	2	4779
amp	2	4779	255
play	2	4779	/sounds/500
quiet	2	4788
amp	2	4788	255
play	2	4788	/sounds/500
quiet	0	4791
amp	0	4791	255
play	0	4791	/sounds/502
quiet	2	4797
amp	2	4797	255
play	2	4797	/sounds/500
quiet	0	4806
amp	0	4806	255
play	0	4806	/sounds/502
quiet	2	4806
amp	2	4806	255
play	2	4806	/sounds/500
quiet	2	4815
amp	2	4815	255
play	2	4815	/sounds/500
quiet	0	4821
amp	0	4821	255
play	0	4821	/sounds/502
quiet	2	4824
amp	2	4824	255
play	2	4824	/sounds/500
quiet	1	4872
amp	1	4872	128
play	1	4872	/sounds/506
quiet	2	4992
amp	2	4992	255
play	2	4992	/sounds/500
quiet	2	5001
amp	2	5001	255
play	2	5001	/sounds/500
quiet	2	5010
amp	2	5010	255
play	2	5010	/sounds/500
quiet	2	5019
amp	2	5019	255
play	2	5019	/sounds/500
quiet	2	5028
amp	2	5028	255
play	2	5028	/sounds/500
quiet	1	5163
amp	1	5163	79
play	1	5163	/sounds/503
quiet	0	5352
amp	0	5352	255
play	0	5352	/sounds/502
quiet	2	5352
amp	2	5352	255
play	2	5352	/sounds/500
quiet	2	5361
amp	2	5361	255
play	2	5361	/sounds/500
quiet	0	5367
amp	0	5367	255
play	0	5367	/sounds/502
quiet	1	5367
amp	1	5367	255
play	1	5367	/sounds/503
quiet	2	5370
amp	2	5370	255
play	2	5370	/sounds/500
quiet	2	5379
amp	2	5379	255
play	2	5379	/sounds/500
quiet	0	5382
amp	0	5382	255
play	0	5382	/sounds/502
quiet	2	5388
amp	2	5388	255
play	2	5388	/sounds/500
quiet	0	5397
amp	0	5397	255
play	0	5397	/sounds/502
quiet	2	5397
amp	2	5397	255
play	2	5397	/sounds/500
quiet	2	5457
amp	2	5457	255
play	2	5457	/sounds/500
quiet	0	5460
amp	0	5460	255
play	0	5460	/sounds/502
quiet	2	5466
amp	2	5466	255
play	2	5466	/sounds/500
quiet	1	5472
amp	1	5472	255
play	1	5472	/sounds/503
quiet	0	5475
amp	0	5475	255
play	0	5475	/sounds/502
quiet	2	5475
amp	2	5475	255
play	2	5475	/sounds/500
quiet	1	5481
amp	1	5481	255
play	1	5481	/sounds/503
quiet	0	5481
amp	0	5481	255
play	0	5481	/sounds/515
quiet	1	5481
amp	1	5481	255
play	1	5481	/sounds/503
quiet	2	5484
amp	2	5484	255
play	2	5484	/sounds/500
quiet	1	5487
amp	1	5487	255
play	1	5487	/sounds/503
quiet	2	5493
amp	2	5493	255
play	2	5493	/sounds/500
quiet	2	5502
amp	2	5502	255
play	2	5502	/sounds/500
quiet	2	5598
amp	2	5598	255
play	2	5598	/sounds/500
quiet	2	5607
amp	2	5607	255
play	2	5607	/sounds/500
quiet	2	5616
amp	2	5616	255
play	2	5616	/sounds/500
quiet	2	5625
amp	2	5625	255
play	2	5625	/sounds/500
quiet	2	5634
amp	2	5634	255
play	2	5634	/sounds/500
quiet	2	5643
amp	2	5643	255
play	2	5643	/sounds/500
quiet	1	5643
amp	1	5643	255
play	1	5643	/sounds/503
quiet	2	5652
amp	2	5652	255
play	2	5652	/sounds/500
quiet	2	5661
amp	2	5661	255
play	2	5661	/sounds/500
quiet	2	5670
amp	2	5670	255
play	2	5670	/sounds/500
quiet	2	5679
amp	2	5679	255
play	2	5679	/sounds/500
quiet	0	5685
amp	0	5685	255
play	0	5685	/sounds/501
quiet	1	5685
amp	1	5685	255
play	1	5685	/sounds/503
quiet	2	5688
amp	2	5688	255
play	2	5688	/sounds/500
quiet	2	5697
amp	2	5697	255
play	2	5697	/sounds/500
quiet	2	5706
amp	2	5706	255
play	2	5706	/sounds/500
quiet	2	5715
amp	2	5715	255
play	2	5715	/sounds/500
quiet	0	5715
amp	0	5715	255
play	0	5715	/sounds/514
quiet	1	5742
amp	1	5742	128
play	1	5742	/sounds/509
quiet	1	5751
amp	1	5751	128
play	1	5751	/sounds/509
quiet	1	5763
amp	1	5763	128
play	1	5763	/sounds/509
quiet	1	5790
amp	1	5790	128
play	1	5790	/sounds/509
quiet	0	5790
amp	0	5790	128
play	0	5790	/sounds/510
quiet	1	5832
amp	1	5832	128
play	1	5832	/sounds/509
quiet	0	6039
amp	0	6039	192
play	0	6039	/sounds/507
quiet	1	6120
amp	1	6120	128
play	1	6120	/sounds/509
quiet	1	6129
amp	1	6129	128
play	1	6129	/sounds/509
quiet	2	6168
amp	2	6168	255
play	2	6168	/sounds/500
quiet	2	6177
amp	2	6177	255
play	2	6177	/sounds/500
quiet	2	6186
amp	2	6186	255
play	2	6186	/sounds/500
quiet	2	6195
amp	2	6195	255
play	2	6195	/sounds/500
quiet	0	6222
amp	0	6222	128
play	0	6222	/sounds/510
quiet	2	6228
amp	2	6228	255
play	2	6228	/sounds/500
quiet	2	6237
amp	2	6237	255
play	2	6237	/sounds/500
quiet	2	6246
amp	2	6246	255
play	2	6246	/sounds/500
quiet	2	6255
amp	2	6255	255
play	2	6255	/sounds/500
quiet	2	6264
amp	2	6264	255
play	2	6264	/sounds/500
quiet	2	6273
amp	2	6273	255
play	2	6273	/sounds/500
quiet	2	6282
amp	2	6282	255
play	2	6282	/sounds/500
quiet	2	6291
amp	2	6291	255
play	2	6291	/sounds/500
quiet	2	6300
amp	2	6300	255
play	2	6300	/sounds/500
quiet	2	6309
amp	2	6309	255
play	2	6309	/sounds/500
quiet	2	6318
amp	2	6318	255
play	2	6318	/sounds/500
quiet	2	6327
amp	2	6327	255
play	2	6327	/sounds/500
quiet	2	6336
amp	2	6336	255
play	2	6336	/sounds/500
quiet	0	6336
amp	0	6336	255
play	0	6336	/sounds/503
quiet	2	6345
amp	2	6345	255
play	2	6345	/sounds/500
quiet	2	6354
amp	2	6354	255
play	2	6354	/sounds/500
quiet	2	6363
amp	2	6363	255
play	2	6363	/sounds/500
quiet	2	6372
amp	2	6372	255
play	2	6372	/sounds/500
quiet	2	6381
amp	2	6381	255
play	2	6381	/sounds/500
quiet	2	6390
amp	2	6390	255
play	2	6390	/sounds/500
quiet	2	6399
amp	2	6399	255
play	2	6399	/sounds/500
quiet	2	6408
amp	2	6408	255
play	2	6408	/sounds/500
quiet	1	6408
amp	1	6408	255
play	1	6408	/sounds/501
quiet	0	6408
amp	0	6408	255
play	0	6408	/sounds/503
quiet	2	6417
amp	2	6417	255
play	2	6417	/sounds/500
quiet	2	6426
amp	2	6426	255
play	2	6426	/sounds/500
quiet	2	6435
amp	2	6435	255
play	2	6435	/sounds/500
quiet	0	6438
amp	0	6438	255
play	0	6438	/sounds/514
quiet	2	6510
amp	2	6510	255
play	2	6510	/sounds/500
quiet	2	6519
amp	2	6519	255
play	2	6519	/sounds/500
quiet	2	6528
amp	2	6528	255
play	2	6528	/sounds/500
quiet	2	6537
amp	2	6537	255
play	2	6537	/sounds/500
quiet	2	6546
amp	2	6546	255
play	2	6546	/sounds/500
quiet	2	6555
amp	2	6555	255
play	2	6555	/sounds/500
quiet	2	6564
amp	2	6564	255
play	2	6564	/sounds/500
quiet	2	6573
amp	2	6573	255
play	2	6573	/sounds/500
quiet	1	6576
amp	1	6576	255
play	1	6576	/sounds/503
quiet	2	6582
amp	2	6582	255
play	2	6582	/sounds/500
quiet	0	6582
amp	0	6582	255
play	0	6582	/sounds/501
quiet	1	6582
amp	1	6582	255
play	1	6582	/sounds/503
quiet	2	6591
amp	2	6591	255
play	2	6591	/sounds/500
quiet	2	6600
amp	2	6600	255
play	2	6600	/sounds/500
quiet	2	6609
amp	2	6609	255
play	2	6609	/sounds/500
quiet	0	6633
amp	0	6633	255
play	0	6633	/sounds/514
quiet	1	6700
amp	1	6700	128
play	1	6700	/sounds/510
quiet	1	6703
amp	1	6703	128
play	1	6703	/sounds/510
quiet	2	6765
amp	2	6765	255
play	2	6765	/sounds/500
quiet	2	6774
amp	2	6774	255
play	2	6774	/sounds/500
quiet	2	6783
amp	2	6783	255
play	2	6783	/sounds/500
quiet	2	6792
amp	2	6792	255
play	2	6792	/sounds/500
quiet	2	6801
amp	2	6801	255
play	2	6801	/sounds/500
quiet	1	6804
amp	1	6804	255
play	1	6804	/sounds/503
quiet	2	6810
amp	2	6810	255
play	2	6810	/sounds/500
quiet	2	6819
amp	2	6819	255
play	2	6819	/sounds/500
quiet	0	6819
amp	0	6819	39
play	0	6819	/sounds/503
quiet	2	6828
amp	2	6828	255
play	2	6828	/sounds/500
quiet	0	6834
amp	0	6834	255
play	0	6834	/sounds/501
quiet	1	6834
amp	1	6834	255
play	1	6834	/sounds/503
quiet	2	6837
amp	2	6837	255
play	2	6837	/sounds/500
quiet	2	6846
amp	2	6846	255
play	2	6846	/sounds/500
quiet	0	6864
amp	0	6864	143
play	0	6864	/sounds/503
quiet	0	6891
amp	0	6891	255
play	0	6891	/sounds/526
quiet	1	6909
amp	1	6909	128
play	1	6909	/sounds/509
quiet	1	6915
amp	1	6915	255
play	1	6915	/sounds/527
quiet	2	6918
amp	2	6918	128
play	2	6918	/sounds/509
quiet	0	6931
amp	0	6931	128
play	0	6931	/sounds/510
quiet	0	6939
amp	0	6939	255
play	0	6939	/sounds/528
quiet	2	6966
amp	2	6966	255
play	2	6966	/sounds/529
quiet	1	6990
amp	1	6990	255
play	1	6990	/sounds/517
quiet	0	7107
amp	0	7107	128
play	0	7107	/sounds/509
quiet	0	7116
amp	0	7116	128
play	0	7116	/sounds/509
quiet	0	7125
amp	0	7125	58
play	0	7125	/sounds/561
quiet	0	7206
amp	0	7206	255
play	0	7206	/sounds/518
quiet	2	7206
amp	2	7206	128
play	2	7206	/sounds/509
quiet	2	7239
amp	2	7239	128
play	2	7239	/sounds/509
quiet	1	7303
amp	1	7303	128
play	1	7303	/sounds/510
quiet	2	7320
amp	2	7320	128
play	2	7320	/sounds/509
quiet	1	7362
amp	1	7362	255
play	1	7362	/sounds/502
quiet	2	7362
amp	2	7362	255
play	2	7362	/sounds/500
quiet	0	7365
amp	0	7365	255
play	0	7365	/sounds/561
quiet	2	7371
amp	2	7371	255
play	2	7371	/sounds/500
quiet	1	7374
amp	1	7374	255
play	1	7374	/sounds/503
quiet	2	7380
amp	2	7380	255
play	2	7380	/sounds/500
quiet	2	7389
amp	2	7389	255
play	2	7389	/sounds/500
quiet	0	7392
amp	0	7392	255
play	0	7392	/sounds/502
quiet	2	7398
amp	2	7398	255
play	2	7398	/sounds/500
quiet	0	7407
amp	0	7407	255
play	0	7407	/sounds/502
quiet	2	7407
amp	2	7407	255
play	2	7407	/sounds/500
quiet	0	7443
amp	0	7443	255
play	0	7443	/sounds/502
quiet	2	7446
amp	2	7446	255
play	2	7446	/sounds/500
quiet	2	7455
amp	2	7455	255
play	2	7455	/sounds/500
quiet	0	7458
amp	0	7458	255
play	0	7458	/sounds/502
quiet	1	7458
amp	1	7458	255
play	1	7458	/sounds/503
quiet	2	7464
amp	2	7464	255
play	2	7464	/sounds/500
quiet	1	7464
amp	1	7464	255
play	1	7464	/sounds/503
quiet	1	7464
amp	1	7464	255
play	1	7464	/sounds/503
quiet	1	7470
amp	1	7470	255
play	1	7470	/sounds/503
quiet	1	7470
amp	1	7470	255
play	1	7470	/sounds/503
quiet	0	7473
amp	0	7473	255
play	0	7473	/sounds/502
quiet	2	7473
amp	2	7473	255
play	2	7473	/sounds/500
quiet	2	7482
amp	2	7482	255
play	2	7482	/sounds/500
quiet	0	7488
amp	0	7488	255
play	0	7488	/sounds/502
quiet	2	7491
amp	2	7491	255
play	2	7491	/sounds/500
quiet	2	7500
amp	2	7500	255
play	2	7500	/sounds/500
quiet	0	7503
amp	0	7503	255
play	0	7503	/sounds/502
quiet	2	7509
amp	2	7509	255
play	2	7509	/sounds/500
quiet	0	7518
amp	0	7518	255
play	0	7518	/sounds/502
quiet	2	7518
amp	2	7518	255
play	2	7518	/sounds/500
quiet	1	7518
amp	1	7518	255
play	1	7518	/sounds/503
quiet	2	7527
amp	2	7527	255
play	2	7527	/sounds/500
quiet	1	7527
amp	1	7527	255
play	1	7527	/sounds/503
quiet	0	7533
amp	0	7533	255
play	0	7533	/sounds/502
quiet	2	7536
amp	2	7536	255
play	2	7536	/sounds/500
quiet	2	7545
amp	2	7545	255
play	2	7545	/sounds/500
quiet	0	7548
amp	0	7548	255
play	0	7548	/sounds/502
quiet	2	7554
amp	2	7554	255
play	2	7554	/sounds/500
quiet	1	7557
amp	1	7557	255
play	1	7557	/sounds/503
quiet	0	7563
amp	0	7563	255
play	0	7563	/sounds/502
quiet	2	7563
amp	2	7563	255
play	2	7563	/sounds/500
quiet	1	7569
amp	1	7569	255
play	1	7569	/sounds/503
quiet	2	7572
amp	2	7572	255
play	2	7572	/sounds/500
quiet	0	7575
amp	0	7575	255
play	0	7575	/sounds/515
quiet	1	7575
amp	1	7575	255
play	1	7575	/sounds/503
quiet	2	7581
amp	2	7581	255
play	2	7581	/sounds/500
quiet	2	7590
amp	2	7590	255
play	2	7590	/sounds/500
quiet	2	7599
amp	2	7599	255
play	2	7599	/sounds/500
quiet	1	7608
amp	1	7608	255
play	1	7608	/sounds/502
quiet	2	7614
amp	2	7614	255
play	2	7614	/sounds/514
quiet	1	7890
amp	1	7890	128
play	1	7890	/sounds/506
quiet	2	7968
amp	2	7968	128
play	2	7968	/sounds/509
quiet	2	7980
amp	2	7980	128
play	2	7980	/sounds/509
quiet	0	8015
amp	0	8015	128
play	0	8015	/sounds/510
quiet	0	8049
amp	0	8049	192
play	0	8049	/sounds/507
quiet	0	8091
amp	0	8091	192
play	0	8091	/sounds/507
quiet	2	8181
amp	2	8181	128
play	2	8181	/sounds/509
quiet	2	8190
amp	2	8190	128
play	2	8190	/sounds/509
quiet	1	8209
amp	1	8209	128
play	1	8209	/sounds/510
quiet	0	8238
amp	0	8238	255
play	0	8238	/sounds/500
quiet	1	8241
amp	1	8241	255
play	1	8241	/sounds/502
quiet	0	8247
amp	0	8247	255
play	0	8247	/sounds/500
quiet	1	8256
amp	1	8256	255
play	1	8256	/sounds/502
quiet	0	8256
amp	0	8256	255
play	0	8256	/sounds/500
quiet	0	8265
amp	0	8265	255
play	0	8265	/sounds/500
quiet	1	8271
amp	1	8271	255
play	1	8271	/sounds/502
quiet	1	8418
amp	1	8418	255
play	1	8418	/sounds/502
quiet	0	8418
amp	0	8418	255
play	0	8418	/sounds/500
quiet	0	8427
amp	0	8427	255
play	0	8427	/sounds/500
quiet	1	8433
amp	1	8433	255
play	1	8433	/sounds/502
quiet	0	8436
amp	0	8436	255
play	0	8436	/sounds/500
quiet	0	8445
amp	0	8445	255
play	0	8445	/sounds/500
quiet	1	8448
amp	1	8448	255
play	1	8448	/sounds/502
quiet	0	8454
amp	0	8454	255
play	0	8454	/sounds/500
quiet	1	8463
amp	1	8463	255
play	1	8463	/sounds/502
quiet	0	8463
amp	0	8463	255
play	0	8463	/sounds/500
quiet	0	8472
amp	0	8472	255
play	0	8472	/sounds/500
quiet	1	8478
amp	1	8478	255
play	1	8478	/sounds/502
quiet	0	8481
amp	0	8481	255
play	0	8481	/sounds/500
quiet	2	8487
amp	2	8487	255
play	2	8487	/sounds/503
quiet	0	8490
amp	0	8490	255
play	0	8490	/sounds/500
quiet	1	8493
amp	1	8493	255
play	1	8493	/sounds/502
quiet	0	8499
amp	0	8499	255
play	0	8499	/sounds/500
quiet	2	8505
amp	2	8505	255
play	2	8505	/sounds/503
quiet	1	8508
amp	1	8508	255
play	1	8508	/sounds/502
quiet	0	8508
amp	0	8508	255
play	0	8508	/sounds/500
quiet	0	8517
amp	0	8517	255
play	0	8517	/sounds/500
quiet	1	8523
amp	1	8523	255
play	1	8523	/sounds/502
quiet	0	8526
amp	0	8526	255
play	0	8526	/sounds/500
quiet	0	8535
amp	0	8535	255
play	0	8535	/sounds/500
quiet	1	8538
amp	1	8538	255
play	1	8538	/sounds/502
quiet	2	8541
amp	2	8541	255
play	2	8541	/sounds/503
quiet	0	8544
amp	0	8544	255
play	0	8544	/sounds/500
quiet	1	8553
amp	1	8553	255
play	1	8553	/sounds/502
quiet	0	8553
amp	0	8553	255
play	0	8553	/sounds/500
quiet	0	8562
amp	0	8562	255
play	0	8562	/sounds/500
quiet	1	8568
amp	1	8568	255
play	1	8568	/sounds/502
quiet	0	8571
amp	0	8571	255
play	0	8571	/sounds/500
quiet	0	8580
amp	0	8580	255
play	0	8580	/sounds/500
quiet	1	8583
amp	1	8583	255
play	1	8583	/sounds/502
quiet	0	8589
amp	0	8589	255
play	0	8589	/sounds/500
quiet	2	8592
amp	2	8592	255
play	2	8592	/sounds/503
quiet	1	8598
amp	1	8598	255
play	1	8598	/sounds/502
quiet	0	8598
amp	0	8598	255
play	0	8598	/sounds/500
quiet	0	8607
amp	0	8607	255
play	0	8607	/sounds/500
quiet	2	8610
amp	2	8610	255
play	2	8610	/sounds/503
quiet	1	8613
amp	1	8613	255
play	1	8613	/sounds/502
quiet	0	8616
amp	0	8616	255
play	0	8616	/sounds/500
quiet	2	8619
amp	2	8619	255
play	2	8619	/sounds/503
quiet	2	8622
amp	2	8622	255
play	2	8622	/sounds/503
quiet	0	8625
amp	0	8625	255
play	0	8625	/sounds/500
quiet	1	8628
amp	1	8628	255
play	1	8628	/sounds/502
quiet	2	8628
amp	2	8628	255
play	2	8628	/sounds/503
quiet	0	8634
amp	0	8634	255
play	0	8634	/sounds/500
quiet	2	8637
amp	2	8637	255
play	2	8637	/sounds/503
quiet	2	8637
amp	2	8637	255
play	2	8637	/sounds/503
quiet	1	8643
amp	1	8643	255
play	1	8643	/sounds/502
quiet	0	8643
amp	0	8643	255
play	0	8643	/sounds/500
quiet	0	8652
amp	0	8652	255
play	0	8652	/sounds/500
quiet	2	8652
amp	2	8652	255
play	2	8652	/sounds/503
quiet	1	8688
amp	1	8688	255
play	1	8688	/sounds/502
quiet	0	8688
amp	0	8688	255
play	0	8688	/sounds/500
quiet	0	8697
amp	0	8697	255
play	0	8697	/sounds/500
quiet	2	8700
amp	2	8700	255
play	2	8700	/sounds/503
quiet	1	8703
amp	1	8703	255
play	1	8703	/sounds/502
quiet	0	8706
amp	0	8706	255
play	0	8706	/sounds/500
quiet	0	8712
amp	0	8712	255
play	0	8712	/sounds/515
quiet	2	8712
amp	2	8712	255
play	2	8712	/sounds/503
quiet	1	8715
amp	1	8715	255
play	1	8715	/sounds/500
quiet	2	8718
amp	2	8718	255
play	2	8718	/sounds/503
quiet	1	8724
amp	1	8724	255
play	1	8724	/sounds/500
quiet	2	8757
amp	2	8757	255
play	2	8757	/sounds/503
quiet	1	8781
amp	1	8781	255
play	1	8781	/sounds/514
quiet	0	9096
amp	0	9096	128
play	0	9096	/sounds/509
quiet	0	9105
amp	0	9105	128
play	0	9105	/sounds/509
quiet	2	9142
amp	2	9142	128
play	2	9142	/sounds/510
quiet	0	9276
amp	0	9276	128
play	0	9276	/sounds/509
quiet	0	9285
amp	0	9285	128
play	0	9285	/sounds/509
quiet	2	9304
amp	2	9304	128
play	2	9304	/sounds/510
quiet	0	9804
amp	0	9804	255
play	0	9804	/sounds/502
quiet	2	9807
amp	2	9807	255
play	2	9807	/sounds/500
quiet	2	9816
amp	2	9816	255
play	2	9816	/sounds/500
quiet	0	9819
amp	0	9819	255
play	0	9819	/sounds/502
quiet	2	9825
amp	2	9825	255
play	2	9825	/sounds/500
quiet	0	9834
amp	0	9834	255
play	0	9834	/sounds/502
quiet	2	9834
amp	2	9834	255
play	2	9834	/sounds/500
quiet	0	9945
amp	0	9945	255
play	0	9945	/sounds/502
quiet	2	9945
amp	2	9945	255
play	2	9945	/sounds/500
quiet	2	9954
amp	2	9954	255
play	2	9954	/sounds/500
quiet	0	9960
amp	0	9960	255
play	0	9960	/sounds/502
quiet	2	9963
amp	2	9963	255
play	2	9963	/sounds/500
quiet	2	9993
amp	2	9993	255
play	2	9993	/sounds/500
quiet	2	10002
amp	2	10002	255
play	2	10002	/sounds/500
quiet	0	10005
amp	0	10005	255
play	0	10005	/sounds/502
quiet	2	10011
amp	2	10011	255
play	2	10011	/sounds/500
quiet	0	10020
amp	0	10020	255
play	0	10020	/sounds/502
quiet	2	10020
amp	2	10020	255
play	2	10020	/sounds/500
quiet	2	10029
amp	2	10029	255
play	2	10029	/sounds/500
quiet	0	10035
amp	0	10035	255
play	0	10035	/sounds/502
quiet	2	10038
amp	2	10038	255
play	2	10038	/sounds/500
quiet	2	10047
amp	2	10047	255
play	2	10047	/sounds/500
quiet	0	10056
amp	0	10056	255
play	0	10056	/sounds/502
quiet	2	10056
amp	2	10056	255
play	2	10056	/sounds/500
quiet	2	10065
amp	2	10065	255
play	2	10065	/sounds/500
quiet	0	10161
amp	0	10161	255
play	0	10161	/sounds/502
quiet	2	10161
amp	2	10161	255
play	2	10161	/sounds/500
quiet	2	10170
amp	2	10170	255
play	2	10170	/sounds/500
quiet	0	10176
amp	0	10176	255
play	0	10176	/sounds/502
quiet	2	10179
amp	2	10179	255
play	2	10179	/sounds/500
quiet	2	10188
amp	2	10188	255
play	2	10188	/sounds/500
quiet	0	10191
amp	0	10191	255
play	0	10191	/sounds/502
quiet	2	10197
amp	2	10197	255
play	2	10197	/sounds/500
quiet	0	10206
amp	0	10206	255
play	0	10206	/sounds/502
quiet	2	10206
amp	2	10206	255
play	2	10206	/sounds/500
quiet	2	10215
amp	2	10215	255
play	2	10215	/sounds/500
quiet	0	10221
amp	0	10221	255
play	0	10221	/sounds/502
quiet	2	10224
amp	2	10224	255
play	2	10224	/sounds/500
quiet	2	10233
amp	2	10233	255
play	2	10233	/sounds/500
quiet	0	10236
amp	0	10236	255
play	0	10236	/sounds/502
quiet	2	10242
amp	2	10242	255
play	2	10242	/sounds/500
quiet	0	10251
amp	0	10251	255
play	0	10251	/sounds/502
quiet	2	10251
amp	2	10251	255
play	2	10251	/sounds/500
quiet	2	10260
amp	2	10260	255
play	2	10260	/sounds/500
quiet	0	10266
amp	0	10266	255
play	0	10266	/sounds/502
quiet	2	10269
amp	2	10269	255
play	2	10269	/sounds/500
quiet	2	10278
amp	2	10278	255
play	2	10278	/sounds/500
quiet	0	10281
amp	0	10281	255
play	0	10281	/sounds/502
quiet	2	10287
amp	2	10287	255
play	2	10287	/sounds/500
quiet	0	10296
amp	0	10296	255
play	0	10296	/sounds/502
quiet	2	10296
amp	2	10296	255
play	2	10296	/sounds/500
quiet	1	10296
amp	1	10296	255
play	1	10296	/sounds/503
quiet	2	10305
amp	2	10305	255
play	2	10305	/sounds/500
quiet	1	10305
amp	1	10305	255
play	1	10305	/sounds/503
quiet	0	10311
amp	0	10311	255
play	0	10311	/sounds/502
quiet	2	10314
amp	2	10314	255
play	2	10314	/sounds/500
quiet	1	10314
amp	1	10314	255
play	1	10314	/sounds/503
quiet	2	10323
amp	2	10323	255
play	2	10323	/sounds/500
quiet	1	10323
amp	1	10323	255
play	1	10323	/sounds/503
quiet	0	10326
amp	0	10326	255
play	0	10326	/sounds/502
quiet	1	10326
amp	1	10326	255
play	1	10326	/sounds/503
quiet	2	10332
amp	2	10332	255
play	2	10332	/sounds/500
quiet	1	10332
amp	1	10332	255
play	1	10332	/sounds/503
quiet	0	10341
amp	0	10341	255
play	0	10341	/sounds/502
quiet	2	10341
amp	2	10341	255
play	2	10341	/sounds/500
quiet	2	10350
amp	2	10350	255
play	2	10350	/sounds/500
quiet	2	10380
amp	2	10380	255
play	2	10380	/sounds/500
quiet	0	10383
amp	0	10383	255
play	0	10383	/sounds/502
quiet	2	10389
amp	2	10389	255
play	2	10389	/sounds/500
quiet	0	10398
amp	0	10398	255
play	0	10398	/sounds/502
quiet	2	10398
amp	2	10398	255
play	2	10398	/sounds/500
quiet	2	10407
amp	2	10407	255
play	2	10407	/sounds/500
quiet	0	10413
amp	0	10413	255
play	0	10413	/sounds/502
quiet	2	10416
amp	2	10416	255
play	2	10416	/sounds/500
quiet	2	10425
amp	2	10425	255
play	2	10425	/sounds/500
quiet	0	10428
amp	0	10428	255
play	0	10428	/sounds/502
quiet	2	10434
amp	2	10434	255
play	2	10434	/sounds/500
quiet	0	10443
amp	0	10443	255
play	0	10443	/sounds/502
quiet	2	10443
amp	2	10443	255
play	2	10443	/sounds/500
quiet	2	10452
amp	2	10452	255
play	2	10452	/sounds/500
quiet	0	10458
amp	0	10458	255
play	0	10458	/sounds/502
quiet	2	10461
amp	2	10461	255
play	2	10461	/sounds/500
quiet	2	10488
amp	2	10488	255
play	2	10488	/sounds/500
quiet	0	10491
amp	0	10491	255
play	0	10491	/sounds/502
quiet	2	10497
amp	2	10497	255
play	2	10497	/sounds/500
quiet	1	10497
amp	1	10497	255
play	1	10497	/sounds/503
quiet	0	10506
amp	0	10506	255
play	0	10506	/sounds/502
quiet	2	10506
amp	2	10506	255
play	2	10506	/sounds/500
quiet	1	10509
amp	1	10509	255
play	1	10509	/sounds/503
quiet	2	10515
amp	2	10515	255
play	2	10515	/sounds/500
quiet	0	10521
amp	0	10521	255
play	0	10521	/sounds/502
quiet	2	10524
amp	2	10524	255
play	2	10524	/sounds/500
quiet	2	10533
amp	2	10533	255
play	2	10533	/sounds/500
quiet	0	10536
amp	0	10536	255
play	0	10536	/sounds/502
quiet	2	10542
amp	2	10542	255
play	2	10542	/sounds/500
quiet	0	10551
amp	0	10551	255
play	0	10551	/sounds/502
quiet	0	10620
amp	0	10620	255
play	0	10620	/sounds/502
quiet	2	10620
amp	2	10620	255
play	2	10620	/sounds/500
quiet	2	10629
amp	2	10629	255
play	2	10629	/sounds/500
quiet	0	10635
amp	0	10635	255
play	0	10635	/sounds/502
quiet	2	10638
amp	2	10638	255
play	2	10638	/sounds/500
quiet	2	10647
amp	2	10647	255
play	2	10647	/sounds/500
quiet	0	10650
amp	0	10650	255
play	0	10650	/sounds/502
quiet	2	10656
amp	2	10656	255
play	2	10656	/sounds/500
quiet	0	10665
amp	0	10665	255
play	0	10665	/sounds/502
quiet	2	10665
amp	2	10665	255
play	2	10665	/sounds/500
quiet	2	10674
amp	2	10674	255
play	2	10674	/sounds/500
quiet	0	10680
amp	0	10680	255
play	0	10680	/sounds/502
quiet	2	10683
amp	2	10683	255
play	2	10683	/sounds/500
quiet	2	10692
amp	2	10692	255
play	2	10692	/sounds/500
quiet	0	10695
amp	0	10695	255
play	0	10695	/sounds/502
quiet	2	10701
amp	2	10701	255
play	2	10701	/sounds/500
quiet	1	10701
amp	1	10701	255
play	1	10701	/sounds/503
quiet	0	10710
amp	0	10710	255
play	0	10710	/sounds/502
quiet	2	10710
amp	2	10710	255
play	2	10710	/sounds/500
quiet	2	10719
amp	2	10719	255
play	2	10719	/sounds/500
quiet	0	10725
amp	0	10725	255
play	0	10725	/sounds/502
quiet	1	10725
amp	1	10725	255
play	1	10725	/sounds/503
quiet	2	10728
amp	2	10728	255
play	2	10728	/sounds/500
quiet	1	10734
amp	1	10734	255
play	1	10734	/sounds/503
quiet	2	10737
amp	2	10737	255
play	2	10737	/sounds/500
quiet	0	10740
amp	0	10740	255
play	0	10740	/sounds/502
quiet	1	10740
amp	1	10740	255
play	1	10740	/sounds/503
quiet	2	10746
amp	2	10746	255
play	2	10746	/sounds/500
quiet	0	10746
amp	0	10746	255
play	0	10746	/sounds/515
quiet	1	10746
amp	1	10746	255
play	1	10746	/sounds/503
quiet	2	10755
amp	2	10755	255
play	2	10755	/sounds/500
quiet	1	10755
amp	1	10755	255
play	1	10755	/sounds/503
quiet	2	10764
amp	2	10764	255
play	2	10764	/sounds/500
quiet	2	10773
amp	2	10773	255
play	2	10773	/sounds/500
quiet	1	10824
amp	1	10824	128
play	1	10824	/sounds/509
quiet	1	10833
amp	1	10833	128
play	1	10833	/sounds/509
quiet	1	10842
amp	1	10842	128
play	1	10842	/sounds/509
quiet	1	10854
amp	1	10854	128
play	1	10854	/sounds/509
quiet	2	10869
amp	2	10869	128
play	2	10869	/sounds/510
quiet	1	10893
amp	1	10893	128
play	1	10893	/sounds/509
quiet	1	11301
amp	1	11301	255
play	1	11301	/sounds/526
quiet	2	11325
amp	2	11325	255
play	2	11325	/sounds/527
quiet	0	11349
amp	0	11349	255
play	0	11349	/sounds/528
quiet	1	11376
amp	1	11376	255
play	1	11376	/sounds/529
quiet	2	11400
amp	2	11400	255
play	2	11400	/sounds/517
quiet	0	11496
amp	0	11496	128
play	0	11496	/sounds/506
quiet	1	11634
amp	1	11634	128
play	1	11634	/sounds/509
quiet	1	11643
amp	1	11643	128
play	1	11643	/sounds/509
quiet	0	11649
amp	0	11649	48
play	0	11649	/sounds/518
quiet	0	11658
amp	0	11658	55
play	0	11658	/sounds/518
quiet	0	11661
amp	0	11661	255
play	0	11661	/sounds/518
quiet	1	11922
amp	1	11922	192
play	1	11922	/sounds/507
quiet	2	12106
amp	2	12106	128
play	2	12106	/sounds/510
quiet	0	12162
amp	0	12162	128
play	0	12162	/sounds/509
quiet	2	12167
amp	2	12167	128
play	2	12167	/sounds/510
quiet	0	12180
amp	0	12180	128
play	0	12180	/sounds/509
quiet	0	12225
amp	0	12225	128
play	0	12225	/sounds/509
quiet	2	12232
amp	2	12232	128
play	2	12232	/sounds/510
quiet	0	12288
amp	0	12288	255
play	0	12288	/sounds/502
quiet	1	12288
amp	1	12288	255
play	1	12288	/sounds/500
quiet	1	12297
amp	1	12297	255
play	1	12297	/sounds/500
quiet	0	12303
amp	0	12303	255
play	0	12303	/sounds/502
quiet	1	12306
amp	1	12306	255
play	1	12306	/sounds/500
quiet	1	12315
amp	1	12315	255
play	1	12315	/sounds/500
quiet	0	12318
amp	0	12318	255
play	0	12318	/sounds/502
quiet	1	12324
amp	1	12324	255
play	1	12324	/sounds/500
quiet	0	12333
amp	0	12333	255
play	0	12333	/sounds/502
quiet	1	12333
amp	1	12333	255
play	1	12333	/sounds/500
quiet	1	12342
amp	1	12342	255
play	1	12342	/sounds/500
quiet	1	12351
amp	1	12351	255
play	1	12351	/sounds/500
quiet	1	12360
amp	1	12360	255
play	1	12360	/sounds/500
quiet	0	12369
amp	0	12369	255
play	0	12369	/sounds/502
quiet	1	12369
amp	1	12369	255
play	1	12369	/sounds/500
quiet	1	12378
amp	1	12378	255
play	1	12378	/sounds/500
quiet	0	12384
amp	0	12384	255
play	0	12384	/sounds/502
quiet	1	12387
amp	1	12387	255
play	1	12387	/sounds/500
quiet	1	12396
amp	1	12396	255
play	1	12396	/sounds/500
quiet	1	12405
amp	1	12405	255
play	1	12405	/sounds/500
quiet	1	12414
amp	1	12414	255
play	1	12414	/sounds/500
quiet	1	12423
amp	1	12423	255
play	1	12423	/sounds/500
quiet	1	12432
amp	1	12432	255
play	1	12432	/sounds/500
quiet	2	12438
amp	2	12438	255
play	2	12438	/sounds/503
quiet	1	12441
amp	1	12441	255
play	1	12441	/sounds/500
quiet	2	12447
amp	2	12447	255
play	2	12447	/sounds/503
quiet	1	12450
amp	1	12450	255
play	1	12450	/sounds/500
quiet	1	12459
amp	1	12459	255
play	1	12459	/sounds/500
quiet	1	12468
amp	1	12468	255
play	1	12468	/sounds/500
quiet	1	12477
amp	1	12477	255
play	1	12477	/sounds/500
quiet	2	12483
amp	2	12483	255
play	2	12483	/sounds/503
quiet	1	12486
amp	1	12486	255
play	1	12486	/sounds/500
quiet	2	12492
amp	2	12492	255
play	2	12492	/sounds/503
quiet	1	12495
amp	1	12495	255
play	1	12495	/sounds/500
quiet	1	12504
amp	1	12504	255
play	1	12504	/sounds/500
quiet	1	12513
amp	1	12513	255
play	1	12513	/sounds/500
quiet	1	12522
amp	1	12522	255
play	1	12522	/sounds/500
quiet	1	12531
amp	1	12531	255
play	1	12531	/sounds/500
quiet	1	12540
amp	1	12540	255
play	1	12540	/sounds/500
quiet	1	12549
amp	1	12549	255
play	1	12549	/sounds/500
quiet	1	12558
amp	1	12558	255
play	1	12558	/sounds/500
quiet	2	12558
amp	2	12558	255
play	2	12558	/sounds/503
quiet	1	12567
amp	1	12567	255
play	1	12567	/sounds/500
quiet	2	12567
amp	2	12567	255
play	2	12567	/sounds/503
quiet	1	12576
amp	1	12576	255
play	1	12576	/sounds/500
quiet	1	12585
amp	1	12585	255
play	1	12585	/sounds/500
quiet	1	12594
amp	1	12594	255
play	1	12594	/sounds/500
quiet	1	12603
amp	1	12603	255
play	1	12603	/sounds/500
quiet	1	12612
amp	1	12612	255
play	1	12612	/sounds/500
quiet	1	12621
amp	1	12621	255
play	1	12621	/sounds/500
quiet	1	12630
amp	1	12630	255
play	1	12630	/sounds/500
quiet	1	12639
amp	1	12639	255
play	1	12639	/sounds/500
quiet	1	12648
amp	1	12648	255
play	1	12648	/sounds/500
quiet	1	12657
amp	1	12657	255
play	1	12657	/sounds/500
quiet	1	12666
amp	1	12666	255
play	1	12666	/sounds/500
quiet	1	12675
amp	1	12675	255
play	1	12675	/sounds/500
quiet	1	12684
amp	1	12684	255
play	1	12684	/sounds/500
quiet	1	12693
amp	1	12693	255
play	1	12693	/sounds/500
quiet	1	12702
amp	1	12702	255
play	1	12702	/sounds/500
quiet	1	12711
amp	1	12711	255
play	1	12711	/sounds/500
quiet	1	12720
amp	1	12720	255
play	1	12720	/sounds/500
quiet	1	12729
amp	1	12729	255
play	1	12729	/sounds/500
quiet	1	12738
amp	1	12738	255
play	1	12738	/sounds/500
quiet	1	12747
amp	1	12747	255
play	1	12747	/sounds/500
quiet	1	12756
amp	1	12756	255
play	1	12756	/sounds/500
quiet	1	12765
amp	1	12765	255
play	1	12765	/sounds/500
quiet	2	12771
amp	2	12771	255
play	2	12771	/sounds/503
quiet	1	12774
amp	1	12774	255
play	1	12774	/sounds/500
quiet	2	12777
amp	2	12777	255
play	2	12777	/sounds/503
quiet	1	12783
amp	1	12783	255
play	1	12783	/sounds/500
quiet	2	12786
amp	2	12786	255
play	2	12786	/sounds/503
quiet	1	12792
amp	1	12792	255
play	1	12792	/sounds/500
quiet	2	12795
amp	2	12795	255
play	2	12795	/sounds/503
quiet	1	12801
amp	1	12801	255
play	1	12801	/sounds/500
quiet	1	12810
amp	1	12810	255
play	1	12810	/sounds/500
quiet	1	12819
amp	1	12819	255
play	1	12819	/sounds/500
quiet	1	12828
amp	1	12828	255
play	1	12828	/sounds/500
quiet	1	12837
amp	1	12837	255
play	1	12837	/sounds/500
quiet	1	12846
amp	1	12846	255
play	1	12846	/sounds/500
quiet	1	12855
amp	1	12855	255
play	1	12855	/sounds/500
quiet	1	12864
amp	1	12864	255
play	1	12864	/sounds/500
quiet	1	12873
amp	1	12873	255
play	1	12873	/sounds/500
quiet	1	12882
amp	1	12882	255
play	1	12882	/sounds/500
quiet	1	12891
amp	1	12891	255
play	1	12891	/sounds/500
quiet	1	12900
amp	1	12900	255
play	1	12900	/sounds/500
quiet	1	12909
amp	1	12909	255
play	1	12909	/sounds/500
quiet	1	12918
amp	1	12918	255
play	1	12918	/sounds/500
quiet	2	12924
amp	2	12924	255
play	2	12924	/sounds/503
quiet	1	12948
amp	1	12948	255
play	1	12948	/sounds/500
quiet	1	12957
amp	1	12957	255
play	1	12957	/sounds/500
quiet	1	12966
amp	1	12966	255
play	1	12966	/sounds/500
quiet	1	12999
amp	1	12999	255
play	1	12999	/sounds/500
quiet	1	13008
amp	1	13008	255
play	1	13008	/sounds/500
quiet	1	13017
amp	1	13017	255
play	1	13017	/sounds/500
quiet	2	13020
amp	2	13020	255
play	2	13020	/sounds/503
quiet	1	13026
amp	1	13026	255
play	1	13026	/sounds/500
quiet	1	13035
amp	1	13035	255
play	1	13035	/sounds/500
quiet	1	13044
amp	1	13044	255
play	1	13044	/sounds/500
quiet	1	13053
amp	1	13053	255
play	1	13053	/sounds/500
quiet	2	13059
amp	2	13059	255
play	2	13059	/sounds/503
quiet	1	13062
amp	1	13062	255
play	1	13062	/sounds/500
quiet	1	13071
amp	1	13071	255
play	1	13071	/sounds/500
quiet	1	13080
amp	1	13080	255
play	1	13080	/sounds/500
quiet	1	13089
amp	1	13089	255
play	1	13089	/sounds/500
quiet	1	13098
amp	1	13098	255
play	1	13098	/sounds/500
quiet	1	13107
amp	1	13107	255
play	1	13107	/sounds/500
quiet	2	13110
amp	2	13110	255
play	2	13110	/sounds/503
quiet	1	13116
amp	1	13116	255
play	1	13116	/sounds/500
quiet	1	13125
amp	1	13125	255
play	1	13125	/sounds/500
quiet	1	13134
amp	1	13134	255
play	1	13134	/sounds/500
quiet	1	13143
amp	1	13143	255
play	1	13143	/sounds/500
quiet	1	13170
amp	1	13170	255
play	1	13170	/sounds/500
quiet	0	13179
amp	0	13179	255
play	0	13179	/sounds/502
quiet	1	13179
amp	1	13179	255
play	1	13179	/sounds/500
quiet	2	13179
amp	2	13179	255
play	2	13179	/sounds/503
quiet	1	13188
amp	1	13188	255
play	1	13188	/sounds/500
quiet	0	13194
amp	0	13194	255
play	0	13194	/sounds/502
quiet	1	13197
amp	1	13197	255
play	1	13197	/sounds/500
quiet	1	13206
amp	1	13206	255
play	1	13206	/sounds/500
quiet	1	13215
amp	1	13215	255
play	1	13215	/sounds/500
quiet	1	13224
amp	1	13224	255
play	1	13224	/sounds/500
quiet	2	13230
amp	2	13230	255
play	2	13230	/sounds/503
quiet	1	13233
amp	1	13233	255
play	1	13233	/sounds/500
quiet	1	13242
amp	1	13242	255
play	1	13242	/sounds/500
quiet	0	13251
amp	0	13251	255
play	0	13251	/sounds/502
quiet	1	13251
amp	1	13251	255
play	1	13251	/sounds/500
quiet	1	13260
amp	1	13260	255
play	1	13260	/sounds/500
quiet	1	13269
amp	1	13269	255
play	1	13269	/sounds/500
quiet	1	13278
amp	1	13278	255
play	1	13278	/sounds/500
quiet	1	13287
amp	1	13287	255
play	1	13287	/sounds/500
quiet	1	13296
amp	1	13296	255
play	1	13296	/sounds/500
quiet	1	13305
amp	1	13305	255
play	1	13305	/sounds/500
quiet	1	13314
amp	1	13314	255
play	1	13314	/sounds/500
quiet	1	13323
amp	1	13323	255
play	1	13323	/sounds/500
quiet	1	13332
amp	1	13332	255
play	1	13332	/sounds/500
quiet	2	13332
amp	2	13332	255
play	2	13332	/sounds/503
quiet	1	13341
amp	1	13341	255
play	1	13341	/sounds/500
quiet	1	13350
amp	1	13350	255
play	1	13350	/sounds/500
quiet	0	13353
amp	0	13353	255
play	0	13353	/sounds/502
quiet	1	13359
amp	1	13359	255
play	1	13359	/sounds/500
quiet	0	13368
amp	0	13368	255
play	0	13368	/sounds/502
quiet	1	13368
amp	1	13368	255
play	1	13368	/sounds/500
quiet	1	13377
amp	1	13377	255
play	1	13377	/sounds/500
quiet	1	13386
amp	1	13386	255
play	1	13386	/sounds/500
quiet	1	13395
amp	1	13395	255
play	1	13395	/sounds/500
quiet	1	13404
amp	1	13404	255
play	1	13404	/sounds/500
quiet	1	13413
amp	1	13413	255
play	1	13413	/sounds/500
quiet	1	13422
amp	1	13422	255
play	1	13422	/sounds/500
quiet	1	13431
amp	1	13431	255
play	1	13431	/sounds/500
quiet	1	13440
amp	1	13440	255
play	1	13440	/sounds/500
quiet	1	13449
amp	1	13449	255
play	1	13449	/sounds/500
quiet	2	13452
amp	2	13452	255
play	2	13452	/sounds/550
quiet	0	13458
amp	0	13458	255
play	0	13458	/sounds/550
quiet	0	13458
amp	0	13458	255
play	0	13458	/sounds/502
quiet	1	13458
amp	1	13458	255
play	1	13458	/sounds/500
quiet	2	13458
amp	2	13458	255
play	2	13458	/sounds/503
quiet	2	13464
amp	2	13464	255
play	2	13464	/sounds/503
quiet	1	13467
amp	1	13467	255
play	1	13467	/sounds/500
quiet	2	13467
amp	2	13467	255
play	2	13467	/sounds/503
quiet	0	13470
amp	0	13470	255
play	0	13470	/sounds/552
quiet	1	13476
amp	1	13476	255
play	1	13476	/sounds/500
quiet	0	13476
amp	0	13476	255
play	0	13476	/sounds/515
quiet	2	13476
amp	2	13476	255
play	2	13476	/sounds/503
quiet	2	13482
amp	2	13482	255
play	2	13482	/sounds/503
quiet	1	13485
amp	1	13485	255
play	1	13485	/sounds/500
quiet	1	13494
amp	1	13494	255
play	1	13494	/sounds/500
quiet	1	13503
amp	1	13503	255
play	1	13503	/sounds/500
quiet	1	13512
amp	1	13512	255
play	1	13512	/sounds/500
quiet	2	13566
amp	2	13566	255
play	2	13566	/sounds/514
quiet	1	13674
amp	1	13674	255
play	1	13674	/sounds/500
quiet	1	13683
amp	1	13683	255
play	1	13683	/sounds/500
quiet	1	13692
amp	1	13692	255
play	1	13692	/sounds/500
quiet	1	13701
amp	1	13701	255
play	1	13701	/sounds/500
quiet	1	13710
amp	1	13710	255
play	1	13710	/sounds/500
quiet	1	13719
amp	1	13719	255
play	1	13719	/sounds/500
quiet	1	13728
amp	1	13728	255
play	1	13728	/sounds/500
quiet	1	13737
amp	1	13737	255
play	1	13737	/sounds/500
quiet	1	13746
amp	1	13746	255
play	1	13746	/sounds/500
quiet	1	13755
amp	1	13755	255
play	1	13755	/sounds/500
quiet	1	13764
amp	1	13764	255
play	1	13764	/sounds/500
quiet	1	13773
amp	1	13773	255
play	1	13773	/sounds/500
quiet	1	13782
amp	1	13782	255
play	1	13782	/sounds/500
quiet	1	13791
amp	1	13791	255
play	1	13791	/sounds/500
quiet	1	13800
amp	1	13800	255
play	1	13800	/sounds/500
quiet	1	13809
amp	1	13809	255
play	1	13809	/sounds/500
quiet	1	13818
amp	1	13818	255
play	1	13818	/sounds/500
quiet	1	13827
amp	1	13827	255
play	1	13827	/sounds/500
quiet	1	13836
amp	1	13836	255
play	1	13836	/sounds/500
quiet	1	13845
amp	1	13845	255
play	1	13845	/sounds/500
quiet	1	13854
amp	1	13854	255
play	1	13854	/sounds/500
quiet	1	13863
amp	1	13863	255
play	1	13863	/sounds/500
quiet	1	13872
amp	1	13872	255
play	1	13872	/sounds/500
quiet	1	13881
amp	1	13881	255
play	1	13881	/sounds/500
quiet	0	13887
amp	0	13887	255
play	0	13887	/sounds/503
quiet	1	13890
amp	1	13890	255
play	1	13890	/sounds/500
quiet	1	13899
amp	1	13899	255
play	1	13899	/sounds/500
quiet	1	13908
amp	1	13908	255
play	1	13908	/sounds/500
quiet	1	13917
amp	1	13917	255
play	1	13917	/sounds/500
quiet	1	14022
amp	1	14022	255
play	1	14022	/sounds/500
quiet	1	14031
amp	1	14031	255
play	1	14031	/sounds/500
quiet	1	14040
amp	1	14040	255
play	1	14040	/sounds/500
quiet	1	14049
amp	1	14049	255
play	1	14049	/sounds/500
quiet	1	14058
amp	1	14058	255
play	1	14058	/sounds/500
quiet	1	14067
amp	1	14067	255
play	1	14067	/sounds/500
quiet	1	14076
amp	1	14076	255
play	1	14076	/sounds/500
quiet	1	14085
amp	1	14085	255
play	1	14085	/sounds/500
quiet	1	14094
amp	1	14094	255
play	1	14094	/sounds/500
quiet	0	14094
amp	0	14094	255
play	0	14094	/sounds/503
quiet	0	14100
amp	0	14100	255
play	0	14100	/sounds/503
quiet	1	14103
amp	1	14103	255
play	1	14103	/sounds/500
quiet	0	14109
amp	0	14109	255
play	0	14109	/sounds/503
quiet	1	14112
amp	1	14112	255
play	1	14112	/sounds/500
quiet	0	14118
amp	0	14118	255
play	0	14118	/sounds/503
quiet	1	14121
amp	1	14121	255
play	1	14121	/sounds/500
quiet	1	14130
amp	1	14130	255
play	1	14130	/sounds/500
quiet	1	14139
amp	1	14139	255
play	1	14139	/sounds/500
quiet	1	14148
amp	1	14148	255
play	1	14148	/sounds/500
quiet	1	14157
amp	1	14157	255
play	1	14157	/sounds/500
quiet	1	14172
amp	1	14172	255
play	1	14172	/sounds/500
quiet	1	14181
amp	1	14181	255
play	1	14181	/sounds/500
quiet	1	14190
amp	1	14190	255
play	1	14190	/sounds/500
quiet	1	14199
amp	1	14199	255
play	1	14199	/sounds/500
quiet	0	14205
amp	0	14205	255
play	0	14205	/sounds/503
quiet	1	14208
amp	1	14208	255
play	1	14208	/sounds/500
quiet	0	14214
amp	0	14214	255
play	0	14214	/sounds/503
quiet	1	14217
amp	1	14217	255
play	1	14217	/sounds/500
quiet	2	14220
amp	2	14220	154
play	2	14220	/sounds/523
quiet	0	14223
amp	0	14223	255
play	0	14223	/sounds/503
quiet	1	14226
amp	1	14226	255
play	1	14226	/sounds/500
quiet	2	14235
amp	2	14235	255
play	2	14235	/sounds/502
quiet	1	14235
amp	1	14235	255
play	1	14235	/sounds/500
quiet	1	14244
amp	1	14244	255
play	1	14244	/sounds/500
quiet	2	14250
amp	2	14250	255
play	2	14250	/sounds/502
quiet	1	14253
amp	1	14253	255
play	1	14253	/sounds/500
quiet	0	14256
amp	0	14256	139
play	0	14256	/sounds/31989
quiet	1	14262
amp	1	14262	255
play	1	14262	/sounds/500
quiet	1	14271
amp	1	14271	255
play	1	14271	/sounds/500
quiet	1	14280
amp	1	14280	255
play	1	14280	/sounds/500
quiet	1	14289
amp	1	14289	255
play	1	14289	/sounds/500
quiet	1	14298
amp	1	14298	255
play	1	14298	/sounds/500
quiet	1	14307
amp	1	14307	255
play	1	14307	/sounds/500
quiet	1	14316
amp	1	14316	255
play	1	14316	/sounds/500
quiet	0	14316
amp	0	14316	255
play	0	14316	/sounds/503
quiet	2	14319
amp	2	14319	139
play	2	14319	/sounds/31989
quiet	1	14325
amp	1	14325	255
play	1	14325	/sounds/500
quiet	1	14334
amp	1	14334	255
play	1	14334	/sounds/500
quiet	1	14343
amp	1	14343	255
play	1	14343	/sounds/500
quiet	1	14352
amp	1	14352	255
play	1	14352	/sounds/500
quiet	0	14355
amp	0	14355	255
play	0	14355	/sounds/503
quiet	2	14361
amp	2	14361	139
play	2	14361	/sounds/31989
quiet	1	14361
amp	1	14361	255
play	1	14361	/sounds/500
quiet	1	14370
amp	1	14370	255
play	1	14370	/sounds/500
quiet	1	14379
amp	1	14379	255
play	1	14379	/sounds/500
quiet	1	14388
amp	1	14388	255
play	1	14388	/sounds/500
quiet	1	14397
amp	1	14397	255
play	1	14397	/sounds/500
quiet	0	14397
amp	0	14397	255
play	0	14397	/sounds/503
quiet	1	14406
amp	1	14406	255
play	1	14406	/sounds/500
quiet	1	14415
amp	1	14415	255
play	1	14415	/sounds/500
quiet	1	14424
amp	1	14424	255
play	1	14424	/sounds/500
quiet	1	14433
amp	1	14433	255
play	1	14433	/sounds/500
quiet	1	14442
amp	1	14442	255
play	1	14442	/sounds/500
quiet	1	14451
amp	1	14451	255
play	1	14451	/sounds/500
quiet	1	14460
amp	1	14460	255
play	1	14460	/sounds/500
quiet	1	14469
amp	1	14469	255
play	1	14469	/sounds/500
quiet	1	14478
amp	1	14478	255
play	1	14478	/sounds/500
quiet	2	14508
amp	2	14508	128
play	2	14508	/sounds/506
quiet	2	14535
amp	2	14535	255
play	2	14535	/sounds/502
quiet	1	14535
amp	1	14535	255
play	1	14535	/sounds/500
quiet	1	14544
amp	1	14544	255
play	1	14544	/sounds/500
quiet	0	14547
amp	0	14547	255
play	0	14547	/sounds/503
quiet	2	14550
amp	2	14550	255
play	2	14550	/sounds/502
quiet	1	14553
amp	1	14553	255
play	1	14553	/sounds/500
quiet	1	14562
amp	1	14562	255
play	1	14562	/sounds/500
quiet	2	14565
amp	2	14565	255
play	2	14565	/sounds/502
quiet	1	14571
amp	1	14571	255
play	1	14571	/sounds/500
quiet	2	14580
amp	2	14580	255
play	2	14580	/sounds/502
quiet	1	14580
amp	1	14580	255
play	1	14580	/sounds/500
quiet	0	14580
amp	0	14580	255
play	0	14580	/sounds/503
quiet	1	14589
amp	1	14589	255
play	1	14589	/sounds/500
quiet	2	14595
amp	2	14595	255
play	2	14595	/sounds/502
quiet	1	14598
amp	1	14598	255
play	1	14598	/sounds/500
quiet	0	14598
amp	0	14598	255
play	0	14598	/sounds/503
quiet	0	14604
amp	0	14604	255
play	0	14604	/sounds/503
quiet	1	14607
amp	1	14607	255
play	1	14607	/sounds/500
quiet	0	14610
amp	0	14610	255
play	0	14610	/sounds/503
quiet	1	14616
amp	1	14616	255
play	1	14616	/sounds/500
quiet	1	14625
amp	1	14625	255
play	1	14625	/sounds/500
quiet	2	14631
amp	2	14631	63
play	2	14631	/sounds/522
quiet	0	14631
amp	0	14631	63
play	0	14631	/sounds/519
quiet	1	14634
amp	1	14634	255
play	1	14634	/sounds/500
quiet	0	14646
amp	0	14646	72
play	0	14646	/sounds/519
quiet	0	14646
amp	0	14646	75
play	0	14646	/sounds/500
quiet	0	14655
amp	0	14655	102
play	0	14655	/sounds/503
quiet	2	14661
amp	2	14661	88
play	2	14661	/sounds/519
quiet	1	14664
amp	1	14664	42
play	1	14664	/sounds/531
quiet	2	14682
amp	2	14682	102
play	2	14682	/sounds/519
quiet	0	14682
amp	0	14682	105
play	0	14682	/sounds/500
quiet	0	14682
amp	0	14682	255
play	0	14682	/sounds/500
quiet	0	14691
amp	0	14691	255
play	0	14691	/sounds/500
quiet	1	14691
amp	1	14691	59
play	1	14691	/sounds/531
quiet	1	14694
amp	1	14694	116
play	1	14694	/sounds/501
quiet	1	14694
amp	1	14694	117
play	1	14694	/sounds/503
quiet	2	14697
amp	2	14697	112
play	2	14697	/sounds/519
quiet	1	14697
amp	1	14697	255
play	1	14697	/sounds/503
quiet	0	14700
amp	0	14700	255
play	0	14700	/sounds/500
quiet	1	14703
amp	1	14703	255
play	1	14703	/sounds/503
quiet	2	14709
amp	2	14709	109
play	2	14709	/sounds/544
quiet	0	14709
amp	0	14709	255
play	0	14709	/sounds/500
quiet	1	14712
amp	1	14712	255
play	1	14712	/sounds/503
quiet	2	14718
amp	2	14718	255
play	2	14718	/sounds/544
quiet	0	14718
amp	0	14718	255
play	0	14718	/sounds/500
quiet	0	14724
amp	0	14724	255
play	0	14724	/sounds/515
quiet	1	14724
amp	1	14724	255
play	1	14724	/sounds/503
quiet	2	14730
amp	2	14730	255
play	2	14730	/sounds/544
quiet	1	14730
amp	1	14730	255
play	1	14730	/sounds/503
quiet	2	14742
amp	2	14742	255
play	2	14742	/sounds/544
quiet	1	14754
amp	1	14754	255
play	1	14754	/sounds/500
quiet	1	14763
amp	1	14763	255
play	1	14763	/sounds/500
quiet	2	14766
amp	2	14766	255
play	2	14766	/sounds/503
quiet	1	14772
amp	1	14772	255
play	1	14772	/sounds/500
quiet	1	14781
amp	1	14781	255
play	1	14781	/sounds/500
quiet	1	14790
amp	1	14790	255
play	1	14790	/sounds/500
quiet	1	14799
amp	1	14799	255
play	1	14799	/sounds/500
quiet	0	14802
amp	0	14802	89
play	0	14802	/sounds/544
quiet	0	14805
amp	0	14805	109
play	0	14805	/sounds/514
quiet	2	14814
amp	2	14814	94
play	2	14814	/sounds/544
quiet	0	14820
amp	0	14820	255
play	0	14820	/sounds/514
quiet	2	14826
amp	2	14826	97
play	2	14826	/sounds/544
quiet	2	14826
amp	2	14826	123
play	2	14826	/sounds/531
quiet	2	14835
amp	2	14835	255
play	2	14835	/sounds/544
quiet	1	14838
amp	1	14838	99
play	1	14838	/sounds/544
quiet	0	14841
amp	0	14841	85
play	0	14841	/sounds/519
quiet	0	14853
amp	0	14853	134
play	0	14853	/sounds/531
quiet	2	14856
amp	2	14856	88
play	2	14856	/sounds/519
quiet	2	14856
amp	2	14856	90
play	2	14856	/sounds/500
quiet	2	14859
amp	2	14859	255
play	2	14859	/sounds/500
quiet	1	14865
amp	1	14865	102
play	1	14865	/sounds/544
quiet	2	14868
amp	2	14868	255
play	2	14868	/sounds/500
quiet	0	14871
amp	0	14871	92
play	0	14871	/sounds/519
quiet	0	14877
amp	0	14877	96
play	0	14877	/sounds/500
quiet	0	14877
amp	0	14877	255
play	0	14877	/sounds/500
quiet	1	14880
amp	1	14880	144
play	1	14880	/sounds/531
quiet	0	14886
amp	0	14886	255
play	0	14886	/sounds/500
quiet	0	14895
amp	0	14895	255
play	0	14895	/sounds/500
quiet	0	14904
amp	0	14904	255
play	0	14904	/sounds/500
quiet	1	14907
amp	1	14907	155
play	1	14907	/sounds/531
quiet	0	14913
amp	0	14913	255
play	0	14913	/sounds/500
quiet	1	14913
amp	1	14913	255
play	1	14913	/sounds/503
quiet	0	14922
amp	0	14922	255
play	0	14922	/sounds/500
quiet	0	14931
amp	0	14931	255
play	0	14931	/sounds/500
quiet	0	14940
amp	0	14940	255
play	0	14940	/sounds/500
quiet	2	14949
amp	2	14949	119
play	2	14949	/sounds/519
quiet	0	14949
amp	0	14949	255
play	0	14949	/sounds/500
quiet	0	14958
amp	0	14958	255
play	0	14958	/sounds/500
quiet	1	14964
amp	1	14964	111
play	1	14964	/sounds/519
quiet	1	14964
amp	1	14964	255
play	1	14964	/sounds/501
quiet	2	14964
amp	2	14964	255
play	2	14964	/sounds/503
quiet	0	14967
amp	0	14967	255
play	0	14967	/sounds/500
quiet	0	14976
amp	0	14976	255
play	0	14976	/sounds/500
quiet	0	14985
amp	0	14985	255
play	0	14985	/sounds/500
quiet	1	15066
amp	1	15066	128
play	1	15066	/sounds/509
quiet	1	15075
amp	1	15075	128
play	1	15075	/sounds/509
quiet	1	15090
amp	1	15090	57
play	1	15090	/sounds/544
quiet	1	15099
amp	1	15099	128
play	1	15099	/sounds/509
quiet	2	15111
amp	2	15111	128
play	2	15111	/sounds/510
quiet	1	15126
amp	1	15126	81
play	1	15126	/sounds/544
quiet	1	15138
amp	1	15138	87
play	1	15138	/sounds/544
quiet	1	15279
amp	1	15279	156
play	1	15279	/sounds/519
quiet	0	15285
amp	0	15285	255
play	0	15285	/sounds/500
quiet	2	15339
amp	2	15339	128
play	2	15339	/sounds/509
quiet	2	15348
amp	2	15348	128
play	2	15348	/sounds/509
quiet	1	15432
amp	1	15432	199
play	1	15432	/sounds/519
quiet	2	15435
amp	2	15435	128
play	2	15435	/sounds/509
quiet	2	15444
amp	2	15444	128
play	2	15444	/sounds/509
quiet	1	15447
amp	1	15447	204
play	1	15447	/sounds/519
quiet	1	15462
amp	1	15462	212
play	1	15462	/sounds/519
quiet	1	15477
amp	1	15477	222
play	1	15477	/sounds/519
quiet	0	15480
amp	0	15480	128
play	0	15480	/sounds/510
quiet	1	15492
amp	1	15492	233
play	1	15492	/sounds/519
quiet	0	15524
amp	0	15524	128
play	0	15524	/sounds/510
quiet	0	15587
amp	0	15587	128
play	0	15587	/sounds/510
quiet	1	15594
amp	1	15594	242
play	1	15594	/sounds/519
quiet	0	15594
amp	0	15594	243
play	0	15594	/sounds/500
quiet	1	15609
amp	1	15609	245
play	1	15609	/sounds/519
quiet	0	15615
amp	0	15615	248
play	0	15615	/sounds/500
quiet	0	15618
amp	0	15618	255
play	0	15618	/sounds/500
quiet	1	15624
amp	1	15624	253
play	1	15624	/sounds/519
quiet	0	15627
amp	0	15627	255
play	0	15627	/sounds/500
quiet	0	15636
amp	0	15636	255
play	0	15636	/sounds/500
quiet	0	15636
amp	0	15636	255
play	0	15636	/sounds/500
quiet	1	15639
amp	1	15639	255
play	1	15639	/sounds/519
quiet	0	15645
amp	0	15645	255
play	0	15645	/sounds/500
quiet	0	15654
amp	0	15654	255
play	0	15654	/sounds/500
quiet	0	15663
amp	0	15663	255
play	0	15663	/sounds/500
quiet	0	15672
amp	0	15672	255
play	0	15672	/sounds/500
quiet	0	15681
amp	0	15681	255
play	0	15681	/sounds/500
quiet	0	15690
amp	0	15690	255
play	0	15690	/sounds/500
quiet	0	15699
amp	0	15699	255
play	0	15699	/sounds/500
quiet	0	15708
amp	0	15708	255
play	0	15708	/sounds/500
quiet	1	15711
amp	1	15711	255
play	1	15711	/sounds/519
quiet	0	15717
amp	0	15717	255
play	0	15717	/sounds/500
quiet	0	15726
amp	0	15726	255
play	0	15726	/sounds/500
quiet	0	15735
amp	0	15735	255
play	0	15735	/sounds/500
quiet	0	15744
amp	0	15744	255
play	0	15744	/sounds/500
quiet	0	15753
amp	0	15753	255
play	0	15753	/sounds/500
quiet	0	15762
amp	0	15762	255
play	0	15762	/sounds/500
quiet	0	15771
amp	0	15771	255
play	0	15771	/sounds/500
quiet	2	15774
amp	2	15774	255
play	2	15774	/sounds/544
quiet	0	15780
amp	0	15780	255
play	0	15780	/sounds/500
quiet	0	15789
amp	0	15789	255
play	0	15789	/sounds/500
quiet	0	15798
amp	0	15798	255
play	0	15798	/sounds/500
quiet	0	15807
amp	0	15807	255
play	0	15807	/sounds/500
quiet	0	15816
amp	0	15816	255
play	0	15816	/sounds/500
quiet	0	15825
amp	0	15825	255
play	0	15825	/sounds/500
quiet	1	15840
amp	1	15840	5
play	1	15840	/sounds/503
quiet	0	15858
amp	0	15858	255
play	0	15858	/sounds/500
quiet	0	15867
amp	0	15867	255
play	0	15867	/sounds/500
quiet	0	15876
amp	0	15876	255
play	0	15876	/sounds/500
quiet	0	15885
amp	0	15885	255
play	0	15885	/sounds/500
quiet	0	15894
amp	0	15894	255
play	0	15894	/sounds/500
quiet	1	15897
amp	1	15897	255
play	1	15897	/sounds/503
quiet	0	15903
amp	0	15903	255
play	0	15903	/sounds/500
quiet	0	15912
amp	0	15912	255
play	0	15912	/sounds/500
quiet	0	15921
amp	0	15921	255
play	0	15921	/sounds/500
quiet	0	15930
amp	0	15930	255
play	0	15930	/sounds/500
quiet	2	16005
amp	2	16005	255
play	2	16005	/sounds/544
quiet	1	16011
amp	1	16011	255
play	1	16011	/sounds/503
quiet	0	16014
amp	0	16014	255
play	0	16014	/sounds/500
quiet	2	16017
amp	2	16017	255
play	2	16017	/sounds/544
quiet	0	16023
amp	0	16023	255
play	0	16023	/sounds/500
quiet	1	16023
amp	1	16023	255
play	1	16023	/sounds/503
quiet	0	16032
amp	0	16032	255
play	0	16032	/sounds/500
quiet	0	16041
amp	0	16041	255
play	0	16041	/sounds/500
quiet	0	16050
amp	0	16050	255
play	0	16050	/sounds/500
quiet	2	16110
amp	2	16110	128
play	2	16110	/sounds/509
quiet	2	16119
amp	2	16119	128
play	2	16119	/sounds/509
quiet	2	16161
amp	2	16161	255
play	2	16161	/sounds/514
quiet	1	16168
amp	1	16168	128
play	1	16168	/sounds/510
quiet	1	16407
amp	1	16407	192
play	1	16407	/sounds/507
quiet	1	16470
amp	1	16470	139
play	1	16470	/sounds/31989
quiet	1	16638
amp	1	16638	255
play	1	16638	/sounds/526
quiet	0	16662
amp	0	16662	255
play	0	16662	/sounds/527
quiet	2	16686
amp	2	16686	255
play	2	16686	/sounds/528
quiet	1	16713
amp	1	16713	255
play	1	16713	/sounds/529
quiet	0	16737
amp	0	16737	255
play	0	16737	/sounds/517
quiet	2	17067
amp	2	17067	255
play	2	17067	/sounds/518
quiet	1	18438
amp	1	18438	221
play	1	18438	/sounds/519
quiet	0	18447
amp	0	18447	212
play	0	18447	/sounds/531
quiet	0	18474
amp	0	18474	212
play	0	18474	/sounds/531
quiet	0	18495
amp	0	18495	235
play	0	18495	/sounds/503
quiet	2	18501
amp	2	18501	213
play	2	18501	/sounds/531
quiet	1	18528
amp	1	18528	210
play	1	18528	/sounds/531
quiet	2	18555
amp	2	18555	207
play	2	18555	/sounds/531
quiet	1	18567
amp	1	18567	211
play	1	18567	/sounds/519
quiet	1	18582
amp	1	18582	219
play	1	18582	/sounds/519
quiet	2	18582
amp	2	18582	211
play	2	18582	/sounds/531
quiet	0	18594
amp	0	18594	235
play	0	18594	/sounds/503
quiet	1	18597
amp	1	18597	227
play	1	18597	/sounds/519
quiet	2	18609
amp	2	18609	211
play	2	18609	/sounds/531
quiet	0	18621
amp	0	18621	235
play	0	18621	/sounds/503
quiet	2	18636
amp	2	18636	212
play	2	18636	/sounds/531
quiet	0	18648
amp	0	18648	235
play	0	18648	/sounds/503
quiet	2	18663
amp	2	18663	212
play	2	18663	/sounds/531
quiet	0	18675
amp	0	18675	236
play	0	18675	/sounds/503
quiet	2	18690
amp	2	18690	213
play	2	18690	/sounds/531
quiet	1	18699
amp	1	18699	249
play	1	18699	/sounds/519
quiet	0	18702
amp	0	18702	236
play	0	18702	/sounds/503
quiet	2	18717
amp	2	18717	213
play	2	18717	/sounds/531
quiet	0	18729
amp	0	18729	237
play	0	18729	/sounds/503
quiet	2	18744
amp	2	18744	214
play	2	18744	/sounds/531
quiet	0	18747
amp	0	18747	248
play	0	18747	/sounds/519
quiet	0	18747
amp	0	18747	249
play	0	18747	/sounds/500
quiet	2	18756
amp	2	18756	237
play	2	18756	/sounds/503
quiet	2	18759
amp	2	18759	240
play	2	18759	/sounds/503
quiet	1	18771
amp	1	18771	214
play	1	18771	/sounds/531
quiet	1	18777
amp	1	18777	248
play	1	18777	/sounds/519
quiet	2	18777
amp	2	18777	247
play	2	18777	/sounds/500
quiet	0	18783
amp	0	18783	237
play	0	18783	/sounds/503
quiet	1	18792
amp	1	18792	248
play	1	18792	/sounds/519
quiet	2	18798
amp	2	18798	249
play	2	18798	/sounds/500
quiet	1	18807
amp	1	18807	248
play	1	18807	/sounds/519
quiet	0	18810
amp	0	18810	238
play	0	18810	/sounds/503
quiet	2	18825
amp	2	18825	215
play	2	18825	/sounds/531
quiet	1	18828
amp	1	18828	248
play	1	18828	/sounds/519
quiet	0	18828
amp	0	18828	247
play	0	18828	/sounds/500
quiet	2	18837
amp	2	18837	238
play	2	18837	/sounds/503
quiet	2	18840
amp	2	18840	239
play	2	18840	/sounds/503
quiet	0	18840
amp	0	18840	236
play	0	18840	/sounds/503
quiet	1	18843
amp	1	18843	248
play	1	18843	/sounds/519
quiet	0	18849
amp	0	18849	249
play	0	18849	/sounds/500
quiet	1	18858
amp	1	18858	248
play	1	18858	/sounds/519
quiet	0	18861
amp	0	18861	233
play	0	18861	/sounds/503
quiet	0	18870
amp	0	18870	238
play	0	18870	/sounds/503
quiet	2	18879
amp	2	18879	216
play	2	18879	/sounds/531
quiet	2	18888
amp	2	18888	234
play	2	18888	/sounds/503
quiet	1	18906
amp	1	18906	216
play	1	18906	/sounds/531
quiet	2	18915
amp	2	18915	234
play	2	18915	/sounds/503
quiet	1	18933
amp	1	18933	217
play	1	18933	/sounds/531
quiet	2	18942
amp	2	18942	234
play	2	18942	/sounds/503
quiet	1	18960
amp	1	18960	217
play	1	18960	/sounds/531
quiet	2	18969
amp	2	18969	235
play	2	18969	/sounds/503
quiet	1	18987
amp	1	18987	217
play	1	18987	/sounds/531
quiet	0	18990
amp	0	18990	248
play	0	18990	/sounds/519
quiet	1	18990
amp	1	18990	247
play	1	18990	/sounds/500
quiet	2	18996
amp	2	18996	235
play	2	18996	/sounds/503
quiet	2	19002
amp	2	19002	238
play	2	19002	/sounds/503
quiet	0	19002
amp	0	19002	236
play	0	19002	/sounds/503
quiet	0	19005
amp	0	19005	248
play	0	19005	/sounds/519
quiet	1	19014
amp	1	19014	218
play	1	19014	/sounds/531
quiet	1	19023
amp	1	19023	236
play	1	19023	/sounds/503
quiet	0	19041
amp	0	19041	218
play	0	19041	/sounds/531
quiet	0	19050
amp	0	19050	248
play	0	19050	/sounds/519
quiet	0	19050
amp	0	19050	249
play	0	19050	/sounds/500
quiet	0	19050
amp	0	19050	236
play	0	19050	/sounds/515
quiet	1	19050
amp	1	19050	236
play	1	19050	/sounds/503
quiet	1	19062
amp	1	19062	237
play	1	19062	/sounds/503
quiet	2	19095
amp	2	19095	128
play	2	19095	/sounds/506
quiet	2	19326
amp	2	19326	192
play	2	19326	/sounds/507
quiet	0	19371
amp	0	19371	128
play	0	19371	/sounds/506
quiet	2	19467
amp	2	19467	192
play	2	19467	/sounds/507
quiet	0	19494
amp	0	19494	190
play	0	19494	/sounds/518
quiet	1	19563
amp	1	19563	128
play	1	19563	/sounds/509
quiet	1	19569
amp	1	19569	128
play	1	19569	/sounds/509
quiet	2	19609
amp	2	19609	128
play	2	19609	/sounds/510
quiet	0	19689
amp	0	19689	255
play	0	19689	/sounds/502
quiet	1	19689
amp	1	19689	255
play	1	19689	/sounds/500
quiet	1	19698
amp	1	19698	255
play	1	19698	/sounds/500
quiet	0	19704
amp	0	19704	255
play	0	19704	/sounds/502
quiet	1	19707
amp	1	19707	255
play	1	19707	/sounds/500
quiet	2	19707
amp	2	19707	255
play	2	19707	/sounds/503
quiet	2	19713
amp	2	19713	255
play	2	19713	/sounds/503
quiet	1	19716
amp	1	19716	255
play	1	19716	/sounds/500
quiet	0	19719
amp	0	19719	255
play	0	19719	/sounds/502
quiet	2	19719
amp	2	19719	255
play	2	19719	/sounds/503
quiet	2	19722
amp	2	19722	255
play	2	19722	/sounds/503
quiet	1	19725
amp	1	19725	255
play	1	19725	/sounds/500
quiet	0	19734
amp	0	19734	255
play	0	19734	/sounds/502
quiet	1	19734
amp	1	19734	255
play	1	19734	/sounds/500
quiet	2	19743
amp	2	19743	255
play	2	19743	/sounds/550
quiet	2	19743
amp	2	19743	255
play	2	19743	/sounds/519
quiet	1	19743
amp	1	19743	255
play	1	19743	/sounds/500
quiet	0	19749
amp	0	19749	255
play	0	19749	/sounds/550
quiet	0	19749
amp	0	19749	255
play	0	19749	/sounds/502
quiet	1	19752
amp	1	19752	255
play	1	19752	/sounds/500
quiet	2	19758
amp	2	19758	255
play	2	19758	/sounds/519
quiet	1	19761
amp	1	19761	255
play	1	19761	/sounds/500
quiet	0	19764
amp	0	19764	255
play	0	19764	/sounds/502
quiet	1	19770
amp	1	19770	255
play	1	19770	/sounds/500
quiet	2	19773
amp	2	19773	255
play	2	19773	/sounds/519
quiet	0	19779
amp	0	19779	255
play	0	19779	/sounds/502
quiet	1	19779
amp	1	19779	255
play	1	19779	/sounds/500
quiet	1	19803
amp	1	19803	255
play	1	19803	/sounds/500
quiet	0	19806
amp	0	19806	255
play	0	19806	/sounds/502
quiet	1	19812
amp	1	19812	255
play	1	19812	/sounds/500
quiet	2	19818
amp	2	19818	255
play	2	19818	/sounds/550
quiet	0	19821
amp	0	19821	255
play	0	19821	/sounds/502
quiet	1	19821
amp	1	19821	255
play	1	19821	/sounds/500
quiet	2	19830
amp	2	19830	255
play	2	19830	/sounds/550
quiet	1	19830
amp	1	19830	255
play	1	19830	/sounds/500
quiet	0	19836
amp	0	19836	255
play	0	19836	/sounds/550
quiet	0	19836
amp	0	19836	255
play	0	19836	/sounds/502
quiet	2	19836
amp	2	19836	255
play	2	19836	/sounds/503
quiet	1	19839
amp	1	19839	255
play	1	19839	/sounds/500
quiet	1	19848
amp	1	19848	255
play	1	19848	/sounds/500
quiet	0	19851
amp	0	19851	255
play	0	19851	/sounds/502
quiet	2	19854
amp	2	19854	255
play	2	19854	/sounds/503
quiet	1	19857
amp	1	19857	255
play	1	19857	/sounds/500
quiet	0	19866
amp	0	19866	255
play	0	19866	/sounds/502
quiet	1	19866
amp	1	19866	255
play	1	19866	/sounds/500
quiet	2	19884
amp	2	19884	239
play	2	19884	/sounds/531
quiet	1	19887
amp	1	19887	255
play	1	19887	/sounds/500
quiet	1	19896
amp	1	19896	255
play	1	19896	/sounds/500
quiet	1	19905
amp	1	19905	255
play	1	19905	/sounds/500
quiet	2	19908
amp	2	19908	255
play	2	19908	/sounds/503
quiet	0	19911
amp	0	19911	243
play	0	19911	/sounds/531
quiet	1	19914
amp	1	19914	255
play	1	19914	/sounds/500
quiet	1	19923
amp	1	19923	255
play	1	19923	/sounds/500
quiet	2	19929
amp	2	19929	255
play	2	19929	/sounds/503
quiet	1	19932
amp	1	19932	255
play	1	19932	/sounds/500
quiet	2	19935
amp	2	19935	255
play	2	19935	/sounds/503
quiet	0	19938
amp	0	19938	255
play	0	19938	/sounds/531
quiet	1	19941
amp	1	19941	255
play	1	19941	/sounds/500
quiet	1	19950
amp	1	19950	255
play	1	19950	/sounds/500
quiet	2	19953
amp	2	19953	255
play	2	19953	/sounds/503
quiet	1	19959
amp	1	19959	255
play	1	19959	/sounds/500
quiet	0	19965
amp	0	19965	255
play	0	19965	/sounds/519
quiet	1	19968
amp	1	19968	255
play	1	19968	/sounds/500
quiet	2	19974
amp	2	19974	255
play	2	19974	/sounds/503
quiet	1	19977
amp	1	19977	255
play	1	19977	/sounds/500
quiet	0	19983
amp	0	19983	255
play	0	19983	/sounds/502
quiet	1	19986
amp	1	19986	255
play	1	19986	/sounds/500
quiet	2	19986
amp	2	19986	255
play	2	19986	/sounds/503
quiet	0	19995
amp	0	19995	255
play	0	19995	/sounds/519
quiet	1	19995
amp	1	19995	255
play	1	19995	/sounds/500
quiet	2	19998
amp	2	19998	255
play	2	19998	/sounds/503
quiet	1	20004
amp	1	20004	255
play	1	20004	/sounds/500
quiet	2	20004
amp	2	20004	255
play	2	20004	/sounds/503
quiet	0	20010
amp	0	20010	255
play	0	20010	/sounds/519
quiet	1	20013
amp	1	20013	255
play	1	20013	/sounds/500
quiet	1	20022
amp	1	20022	255
play	1	20022	/sounds/500
quiet	0	20028
amp	0	20028	255
play	0	20028	/sounds/519
quiet	0	20043
amp	0	20043	255
play	0	20043	/sounds/519
quiet	2	20046
amp	2	20046	255
play	2	20046	/sounds/531
quiet	0	20058
amp	0	20058	255
play	0	20058	/sounds/519
quiet	1	20058
amp	1	20058	255
play	1	20058	/sounds/500
quiet	2	20061
amp	2	20061	255
play	2	20061	/sounds/503
quiet	0	20070
amp	0	20070	255
play	0	20070	/sounds/515
quiet	2	20070
amp	2	20070	255
play	2	20070	/sounds/503
quiet	1	20073
amp	1	20073	255
play	1	20073	/sounds/519
quiet	1	20103
amp	1	20103	255
play	1	20103	/sounds/514
quiet	2	20109
amp	2	20109	255
play	2	20109	/sounds/503
quiet	1	20160
amp	1	20160	128
play	1	20160	/sounds/506
quiet	1	20511
amp	1	20511	255
play	1	20511	/sounds/500
quiet	1	20520
amp	1	20520	255
play	1	20520	/sounds/500
quiet	1	20529
amp	1	20529	255
play	1	20529	/sounds/500
quiet	1	20538
amp	1	20538	255
play	1	20538	/sounds/500
quiet	1	20547
amp	1	20547	255
play	1	20547	/sounds/500
quiet	1	20556
amp	1	20556	255
play	1	20556	/sounds/500
quiet	2	20559
amp	2	20559	255
play	2	20559	/sounds/503
quiet	1	20565
amp	1	20565	255
play	1	20565	/sounds/500
quiet	1	20574
amp	1	20574	255
play	1	20574	/sounds/500
quiet	1	20583
amp	1	20583	255
play	1	20583	/sounds/500
quiet	1	20592
amp	1	20592	255
play	1	20592	/sounds/500
quiet	0	20595
amp	0	20595	255
play	0	20595	/sounds/501
quiet	2	20595
amp	2	20595	255
play	2	20595	/sounds/503
quiet	1	20601
amp	1	20601	255
play	1	20601	/sounds/500
quiet	1	20610
amp	1	20610	255
play	1	20610	/sounds/500
quiet	1	20619
amp	1	20619	255
play	1	20619	/sounds/500
quiet	1	20628
amp	1	20628	255
play	1	20628	/sounds/500
quiet	1	20706
amp	1	20706	255
play	1	20706	/sounds/500
quiet	1	20715
amp	1	20715	255
play	1	20715	/sounds/500
quiet	1	20724
amp	1	20724	255
play	1	20724	/sounds/500
quiet	1	20733
amp	1	20733	255
play	1	20733	/sounds/500
quiet	1	20742
amp	1	20742	255
play	1	20742	/sounds/500
quiet	1	20751
amp	1	20751	255
play	1	20751	/sounds/500
quiet	1	20760
amp	1	20760	255
play	1	20760	/sounds/500
quiet	1	20769
amp	1	20769	255
play	1	20769	/sounds/500
quiet	1	20778
amp	1	20778	255
play	1	20778	/sounds/500
quiet	1	20787
amp	1	20787	255
play	1	20787	/sounds/500
quiet	1	20796
amp	1	20796	255
play	1	20796	/sounds/500
quiet	1	20805
amp	1	20805	255
play	1	20805	/sounds/500
quiet	1	20814
amp	1	20814	255
play	1	20814	/sounds/500
quiet	1	20823
amp	1	20823	255
play	1	20823	/sounds/500
quiet	1	20832
amp	1	20832	255
play	1	20832	/sounds/500
quiet	1	20841
amp	1	20841	255
play	1	20841	/sounds/500
quiet	1	20880
amp	1	20880	255
play	1	20880	/sounds/500
quiet	1	20889
amp	1	20889	255
play	1	20889	/sounds/500
quiet	1	20898
amp	1	20898	255
play	1	20898	/sounds/500
quiet	1	20907
amp	1	20907	255
play	1	20907	/sounds/500
quiet	1	20916
amp	1	20916	255
play	1	20916	/sounds/500
quiet	1	20925
amp	1	20925	255
play	1	20925	/sounds/500
quiet	1	20934
amp	1	20934	255
play	1	20934	/sounds/500
quiet	1	20943
amp	1	20943	255
play	1	20943	/sounds/500
quiet	1	20952
amp	1	20952	255
play	1	20952	/sounds/500
quiet	1	20961
amp	1	20961	255
play	1	20961	/sounds/500
quiet	1	20970
amp	1	20970	255
play	1	20970	/sounds/500
quiet	1	20979
amp	1	20979	255
play	1	20979	/sounds/500
quiet	1	21054
amp	1	21054	255
play	1	21054	/sounds/500
quiet	1	21063
amp	1	21063	255
play	1	21063	/sounds/500
quiet	1	21072
amp	1	21072	255
play	1	21072	/sounds/500
quiet	1	21081
amp	1	21081	255
play	1	21081	/sounds/500
quiet	1	21090
amp	1	21090	255
play	1	21090	/sounds/500
quiet	1	21099
amp	1	21099	255
play	1	21099	/sounds/500
quiet	1	21108
amp	1	21108	255
play	1	21108	/sounds/500
quiet	1	21117
amp	1	21117	255
play	1	21117	/sounds/500
quiet	1	21159
amp	1	21159	255
play	1	21159	/sounds/500
quiet	1	21168
amp	1	21168	255
play	1	21168	/sounds/500
quiet	1	21177
amp	1	21177	255
play	1	21177	/sounds/500
quiet	1	21186
amp	1	21186	255
play	1	21186	/sounds/500
quiet	0	21189
amp	0	21189	134
play	0	21189	/sounds/503
quiet	1	21195
amp	1	21195	255
play	1	21195	/sounds/500
quiet	1	21204
amp	1	21204	255
play	1	21204	/sounds/500
quiet	1	21213
amp	1	21213	255
play	1	21213	/sounds/500
quiet	1	21222
amp	1	21222	255
play	1	21222	/sounds/500
quiet	1	21231
amp	1	21231	255
play	1	21231	/sounds/500
quiet	1	21240
amp	1	21240	255
play	1	21240	/sounds/500
quiet	1	21249
amp	1	21249	255
play	1	21249	/sounds/500
quiet	1	21258
amp	1	21258	255
play	1	21258	/sounds/500
quiet	1	21267
amp	1	21267	255
play	1	21267	/sounds/500
quiet	1	21276
amp	1	21276	255
play	1	21276	/sounds/500
quiet	1	21285
amp	1	21285	255
play	1	21285	/sounds/500
quiet	0	21288
amp	0	21288	255
play	0	21288	/sounds/503
quiet	1	21294
amp	1	21294	255
play	1	21294	/sounds/500
quiet	1	21303
amp	1	21303	255
play	1	21303	/sounds/500
quiet	1	21312
amp	1	21312	255
play	1	21312	/sounds/500
quiet	1	21321
amp	1	21321	255
play	1	21321	/sounds/500
quiet	1	21330
amp	1	21330	255
play	1	21330	/sounds/500
quiet	1	21339
amp	1	21339	255
play	1	21339	/sounds/500
quiet	1	21348
amp	1	21348	255
play	1	21348	/sounds/500
quiet	1	21357
amp	1	21357	255
play	1	21357	/sounds/500
quiet	2	21360
amp	2	21360	255
play	2	21360	/sounds/501
quiet	0	21360
amp	0	21360	255
play	0	21360	/sounds/503
quiet	1	21366
amp	1	21366	255
play	1	21366	/sounds/500
quiet	1	21375
amp	1	21375	255
play	1	21375	/sounds/500
quiet	1	21384
amp	1	21384	255
play	1	21384	/sounds/500
quiet	1	21393
amp	1	21393	255
play	1	21393	/sounds/500
quiet	0	21411
amp	0	21411	255
play	0	21411	/sounds/514
quiet	1	21516
amp	1	21516	255
play	1	21516	/sounds/500
quiet	1	21525
amp	1	21525	255
play	1	21525	/sounds/500
quiet	1	21534
amp	1	21534	255
play	1	21534	/sounds/500
quiet	1	21543
amp	1	21543	255
play	1	21543	/sounds/500
quiet	1	21552
amp	1	21552	255
play	1	21552	/sounds/500
quiet	2	21555
amp	2	21555	255
play	2	21555	/sounds/544
quiet	1	21561
amp	1	21561	255
play	1	21561	/sounds/500
quiet	0	21564
amp	0	21564	255
play	0	21564	/sounds/503
quiet	1	21570
amp	1	21570	255
play	1	21570	/sounds/500
quiet	1	21579
amp	1	21579	255
play	1	21579	/sounds/500
quiet	1	21588
amp	1	21588	255
play	1	21588	/sounds/500
quiet	1	21597
amp	1	21597	255
play	1	21597	/sounds/500
quiet	0	21597
amp	0	21597	255
play	0	21597	/sounds/503
quiet	1	21606
amp	1	21606	255
play	1	21606	/sounds/500
quiet	2	21606
amp	2	21606	255
play	2	21606	/sounds/501
quiet	0	21606
amp	0	21606	255
play	0	21606	/sounds/503
quiet	1	21615
amp	1	21615	255
play	1	21615	/sounds/500
quiet	1	21624
amp	1	21624	255
play	1	21624	/sounds/500
quiet	1	21633
amp	1	21633	255
play	1	21633	/sounds/500
quiet	1	21642
amp	1	21642	255
play	1	21642	/sounds/500
quiet	0	21684
amp	0	21684	255
play	0	21684	/sounds/514
quiet	2	21696
amp	2	21696	128
play	2	21696	/sounds/509
quiet	2	21705
amp	2	21705	128
play	2	21705	/sounds/509
quiet	1	21741
amp	1	21741	128
play	1	21741	/sounds/510
quiet	0	24339
quiet	1	24339
quiet	2	24339
quiet	3	24339
