0	3	quiet
0	3	loop	music	255	freds-theme
0	3	quiet
0	0	play	sound	128	gui/beep/zoom
0	3	quiet
0	3	loop	music	215	targetron
159	1	play	sound	128	gui/beep/button
174	1	play	sound	128	gui/beep/button
237	0	play	sound	128	gui/beep/zoom
291	1	play	sound	128	gui/beep/button
429	0	play	sound	192	gui/beep/select
489	1	play	sound	128	gui/beep/button
555	1	play	sound	128	gui/beep/button
861	2	play	sound	128	gui/beep/build
894	1	play	sound	128	gui/beep/button
921	1	play	sound	128	gui/beep/button
945	0	play	sound	128	gui/beep/zoom
948	1	play	sound	128	gui/beep/button
1056	1	play	sound	128	gui/beep/button
1068	1	play	sound	128	gui/beep/button
1131	0	play	sound	128	gui/beep/zoom
1191	0	play	sound	192	gui/beep/select
1239	1	play	sound	128	gui/beep/button
1545	2	play	sound	128	gui/beep/build
1626	1	play	sound	128	gui/beep/button
1647	1	play	sound	128	gui/beep/button
1647	0	play	sound	128	gui/beep/zoom
1674	1	play	sound	128	gui/beep/button
1809	1	play	sound	128	gui/beep/button
1824	1	play	sound	128	gui/beep/button
1845	1	play	sound	128	gui/beep/button
1862	0	play	sound	128	gui/beep/zoom
1932	2	play	sound	128	gui/beep/build
2199	0	play	sound	192	gui/beep/select
2247	1	play	sound	128	gui/beep/button
2265	1	play	sound	128	gui/beep/button
2286	1	play	sound	128	gui/beep/button
2307	1	play	sound	128	gui/beep/button
2313	2	play	sound	128	gui/beep/zoom
2527	2	play	sound	128	gui/beep/zoom
2535	0	play	sound	255	dev/fusion
2535	1	play	sound	255	dev/pk/ish
2541	2	play	sound	255	sfx/explosion/energy
2544	0	play	sound	255	dev/fusion
2544	1	play	sound	255	dev/pk/ish
2544	2	play	sound	255	sfx/explosion/energy
2550	2	play	sound	255	sfx/explosion/energy
2556	1	play	sound	255	dev/pk/ish
2556	2	play	sound	255	sfx/explosion/energy
2562	2	play	sound	255	sfx/explosion/energy
2571	0	play	sound	255	dev/conc
2571	0	play	sound	255	dev/fusion
2574	1	play	sound	255	dev/conc/ricochet/2
2580	2	play	sound	255	sfx/explosion/energy
2583	0	play	sound	255	dev/conc
2583	0	play	sound	255	dev/fusion
2583	2	play	sound	255	sfx/explosion/energy
2589	2	play	sound	255	sfx/explosion/energy
2592	2	play	sound	255	sfx/explosion/energy
2613	0	play	sound	255	dev/fusion
2616	1	play	sound	255	dev/pk/ish
2637	1	play	sound	255	dev/pk/ish
2649	0	play	sound	255	dev/fusion
2652	0	play	sound	255	dev/fusion
2658	1	play	sound	255	dev/pk/ish
2679	1	play	sound	255	dev/pk/ish
2685	0	play	sound	255	dev/fusion
2700	1	play	sound	255	dev/pk/ish
2721	0	play	sound	255	dev/fusion
2721	1	play	sound	255	dev/pk/ish
2742	1	play	sound	255	dev/pk/ish
2757	0	play	sound	255	dev/fusion
2772	1	play	sound	255	dev/pk/ish
2772	2	play	sound	255	sfx/explosion/energy
2778	0	play	sound	255	sfx/explosion/large
2778	2	play	sound	255	sfx/explosion/energy
2793	1	play	sound	255	dev/fusion
2793	2	play	sound	255	sfx/explosion/energy
2853	1	play	sound	128	gui/beep/zoom
2913	2	play	sound	128	gui/beep/build
3033	0	play	sound	128	gui/beep/button
3045	0	play	sound	128	gui/beep/button
3054	0	play	sound	128	gui/beep/button
3077	1	play	sound	128	gui/beep/zoom
3204	0	play	sound	192	gui/beep/select
3294	0	play	sound	192	gui/beep/select
3345	2	play	sound	128	gui/beep/button
3429	2	play	sound	128	gui/beep/button
3465	2	play	sound	128	gui/beep/button
3483	2	play	sound	128	gui/beep/button
3483	1	play	sound	128	gui/beep/zoom
3602	0	play	sound	64	gui/beep/message
3605	0	play	sound	64	gui/beep/message
3608	0	play	sound	64	gui/beep/message
3611	0	play	sound	64	gui/beep/message
3614	0	play	sound	64	gui/beep/message
3617	0	play	sound	64	gui/beep/message
3620	0	play	sound	64	gui/beep/message
3623	0	play	sound	64	gui/beep/message
3626	0	play	sound	64	gui/beep/message
3629	0	play	sound	64	gui/beep/message
3632	0	play	sound	64	gui/beep/message
3635	0	play	sound	64	gui/beep/message
3638	0	play	sound	64	gui/beep/message
3641	0	play	sound	64	gui/beep/message
3644	0	play	sound	64	gui/beep/message
3647	0	play	sound	64	gui/beep/message
3650	0	play	sound	64	gui/beep/message
3651	0	play	sound	128	gui/beep/build
3653	1	play	sound	64	gui/beep/message
3656	1	play	sound	64	gui/beep/message
3659	1	play	sound	64	gui/beep/message
3662	1	play	sound	64	gui/beep/message
3665	1	play	sound	64	gui/beep/message
3668	1	play	sound	64	gui/beep/message
3671	1	play	sound	64	gui/beep/message
3674	1	play	sound	64	gui/beep/message
3677	1	play	sound	64	gui/beep/message
3680	1	play	sound	64	gui/beep/message
3683	1	play	sound	64	gui/beep/message
3686	1	play	sound	64	gui/beep/message
3689	1	play	sound	64	gui/beep/message
3692	1	play	sound	64	gui/beep/message
3695	1	play	sound	64	gui/beep/message
3698	1	play	sound	64	gui/beep/message
3701	1	play	sound	64	gui/beep/message
3704	1	play	sound	64	gui/beep/message
3707	1	play	sound	64	gui/beep/message
3710	1	play	sound	64	gui/beep/message
3713	1	play	sound	64	gui/beep/message
3716	1	play	sound	64	gui/beep/message
3719	1	play	sound	64	gui/beep/message
3722	1	play	sound	64	gui/beep/message
3725	1	play	sound	64	gui/beep/message
3728	1	play	sound	64	gui/beep/message
3731	1	play	sound	64	gui/beep/message
3734	1	play	sound	64	gui/beep/message
3737	1	play	sound	64	gui/beep/message
3740	1	play	sound	64	gui/beep/message
3743	1	play	sound	64	gui/beep/message
3746	1	play	sound	64	gui/beep/message
3749	1	play	sound	64	gui/beep/message
3752	1	play	sound	64	gui/beep/message
3755	1	play	sound	64	gui/beep/message
3758	1	play	sound	64	gui/beep/message
3759	2	play	sound	128	gui/beep/button
3761	1	play	sound	64	gui/beep/message
3764	1	play	sound	64	gui/beep/message
3767	1	play	sound	64	gui/beep/message
3770	1	play	sound	64	gui/beep/message
3773	1	play	sound	64	gui/beep/message
3776	1	play	sound	64	gui/beep/message
3779	1	play	sound	64	gui/beep/message
3782	1	play	sound	64	gui/beep/message
3785	1	play	sound	64	gui/beep/message
3788	1	play	sound	64	gui/beep/message
3791	1	play	sound	64	gui/beep/message
3794	1	play	sound	64	gui/beep/message
3797	1	play	sound	64	gui/beep/message
3800	1	play	sound	64	gui/beep/message
3803	1	play	sound	64	gui/beep/message
3806	1	play	sound	64	gui/beep/message
3809	1	play	sound	64	gui/beep/message
3812	1	play	sound	64	gui/beep/message
3815	1	play	sound	64	gui/beep/message
3818	1	play	sound	64	gui/beep/message
3821	1	play	sound	64	gui/beep/message
3824	1	play	sound	64	gui/beep/message
3827	1	play	sound	64	gui/beep/message
3830	1	play	sound	64	gui/beep/message
3833	1	play	sound	64	gui/beep/message
3836	1	play	sound	64	gui/beep/message
3839	1	play	sound	64	gui/beep/message
3842	1	play	sound	64	gui/beep/message
3845	1	play	sound	64	gui/beep/message
3848	1	play	sound	64	gui/beep/message
3851	1	play	sound	64	gui/beep/message
3854	1	play	sound	64	gui/beep/message
3857	1	play	sound	64	gui/beep/message
3860	1	play	sound	64	gui/beep/message
3863	1	play	sound	64	gui/beep/message
3866	1	play	sound	64	gui/beep/message
3869	1	play	sound	64	gui/beep/message
3872	1	play	sound	64	gui/beep/message
3875	1	play	sound	64	gui/beep/message
3878	1	play	sound	64	gui/beep/message
3881	1	play	sound	64	gui/beep/message
3884	1	play	sound	64	gui/beep/message
3887	1	play	sound	64	gui/beep/message
3890	1	play	sound	64	gui/beep/message
3893	1	play	sound	64	gui/beep/message
3896	1	play	sound	64	gui/beep/message
3899	1	play	sound	64	gui/beep/message
3902	1	play	sound	64	gui/beep/message
3905	1	play	sound	64	gui/beep/message
3908	1	play	sound	64	gui/beep/message
3911	1	play	sound	64	gui/beep/message
3914	1	play	sound	64	gui/beep/message
3917	1	play	sound	64	gui/beep/message
3920	1	play	sound	64	gui/beep/message
3923	1	play	sound	64	gui/beep/message
3926	1	play	sound	64	gui/beep/message
3929	1	play	sound	64	gui/beep/message
3932	1	play	sound	64	gui/beep/message
3935	1	play	sound	64	gui/beep/message
3938	1	play	sound	64	gui/beep/message
3941	1	play	sound	64	gui/beep/message
3944	1	play	sound	64	gui/beep/message
3947	1	play	sound	64	gui/beep/message
3950	1	play	sound	64	gui/beep/message
3953	1	play	sound	64	gui/beep/message
3984	2	play	sound	128	gui/beep/button
4068	0	play	sound	128	gui/beep/build
4071	2	play	sound	128	gui/beep/button
4110	2	play	sound	128	gui/beep/button
4143	0	play	sound	255	sfx/warp/charge/1
4167	1	play	sound	255	sfx/warp/charge/2
4182	2	play	sound	128	gui/beep/button
4191	2	play	sound	255	sfx/warp/charge/3
4197	0	play	sound	128	gui/beep/button
4218	0	play	sound	255	sfx/warp/charge/4
4227	1	play	sound	128	gui/beep/button
4242	1	play	sound	255	sfx/warp/in
4242	2	play	sound	128	gui/beep/button
4383	2	play	sound	55	dev/atomic
4447	2	play	sound	128	gui/beep/zoom
4524	2	play	sound	255	sfx/warp/out
4566	0	play	sound	255	dev/fusion
4569	1	play	sound	255	dev/pk/ish
4587	2	play	sound	255	sfx/explosion/energy
4590	1	play	sound	255	dev/pk/ish
4602	0	play	sound	255	dev/bay
4602	1	play	sound	255	dev/fusion
4602	2	play	sound	255	sfx/explosion/energy
4608	2	play	sound	255	sfx/explosion/energy
4623	1	play	sound	168	dev/atomic
4632	1	play	sound	255	dev/pk/ish
4632	2	play	sound	255	sfx/explosion/energy
4692	0	play	sound	255	sfx/warp/out
4692	0	play	sound	255	sfx/warp/out
4704	1	play	sound	255	dev/cm
4713	2	play	sound	255	dev/fusion
4713	0	play	sound	255	dev/pk/ish
4734	0	play	sound	255	dev/pk/ish
4749	2	play	sound	255	dev/fusion
4749	1	play	sound	255	sfx/explosion/energy
4755	0	play	sound	255	dev/pk/ish
4773	1	play	sound	255	sfx/explosion/energy
4776	2	play	sound	255	dev/cm
4776	0	play	sound	255	dev/pk/ish
4785	1	play	sound	255	sfx/explosion/energy
4797	0	play	sound	255	dev/pk/ish
4797	1	play	sound	255	sfx/explosion/energy
4815	2	play	sound	250	dev/fusion
4815	0	play	sound	250	dev/pk/ish
4818	0	play	sound	255	dev/pk/ish
4821	2	play	sound	255	dev/kl
4821	1	play	sound	255	dev/fusion
4830	0	play	sound	255	sfx/explosion/energy
4833	2	play	sound	255	dev/kl
4833	0	play	sound	255	sfx/explosion/gas
4839	1	play	sound	255	dev/pk/ish
4857	2	play	sound	255	dev/fusion
4860	1	play	sound	255	dev/pk/ish
4875	2	play	sound	255	dev/fusion
4875	1	play	sound	255	dev/pk/ish
4881	1	play	sound	255	dev/pk/ish
4890	0	play	sound	255	dev/kl
4893	2	play	sound	255	dev/fusion
4893	1	play	sound	255	sfx/explosion/energy
4899	1	play	sound	255	sfx/explosion/energy
4899	1	play	sound	255	sfx/explosion/energy
4902	0	play	sound	255	dev/kl
4908	1	play	sound	255	sfx/explosion/energy
4917	1	play	sound	255	sfx/explosion/energy
4923	2	play	sound	255	dev/pk/ish
4929	0	play	sound	255	dev/fusion
4941	2	play	sound	255	dev/conc
4944	2	play	sound	255	dev/pk/ish
4947	1	play	sound	255	dev/conc
4953	0	play	sound	255	dev/conc
4959	2	play	sound	255	dev/conc
4965	0	play	sound	255	dev/fusion
4965	1	play	sound	255	dev/pk/ish
4971	2	play	sound	255	dev/conc
4977	0	play	sound	255	dev/conc
4983	1	play	sound	255	dev/conc
4986	0	play	sound	255	dev/pk/ish
4989	1	play	sound	255	dev/kl
4989	2	play	sound	255	dev/conc
5001	1	play	sound	255	dev/kl
5010	2	play	sound	246	dev/cm
5031	2	play	sound	255	dev/fusion
5031	0	play	sound	255	dev/pk/ish
5040	1	play	sound	255	sfx/explosion/energy
5046	2	play	sound	255	dev/fusion
5046	0	play	sound	255	dev/pk/ish
5046	1	play	sound	255	sfx/explosion/energy
5067	0	play	sound	255	dev/pk/ish
5076	2	play	sound	255	sfx/energy
5082	1	play	sound	255	dev/fusion
5082	0	play	sound	255	dev/pk/ish
5082	1	play	sound	255	dev/fusion
5088	0	play	sound	255	dev/pk/ish
5097	2	play	sound	241	dev/cm
5103	2	play	sound	255	dev/atomic
5103	1	play	sound	252	dev/pk/ish
5109	0	play	sound	255	dev/pk/ish
5115	1	play	sound	255	sfx/explosion/energy
5118	0	play	sound	254	sfx/explosion/gas
5130	0	play	sound	255	dev/pk/ish
5148	2	play	sound	255	dev/conc
5151	0	play	sound	255	dev/pk/ish
5151	2	play	sound	255	dev/conc/ricochet/1
5154	1	play	sound	255	dev/fusion
5163	0	play	sound	255	dev/conc
5169	0	play	sound	253	dev/cm
5169	0	play	sound	255	dev/conc
5169	2	play	sound	255	dev/conc/ricochet/1
5175	1	play	sound	255	dev/conc
5175	2	play	sound	255	dev/conc/ricochet/1
5196	0	play	sound	255	dev/kl
5202	1	play	sound	255	sfx/explosion/energy
5208	0	play	sound	255	dev/kl
5214	2	play	sound	255	dev/fusion
5214	1	play	sound	255	sfx/explosion/energy
5220	1	play	sound	255	sfx/explosion/energy
5223	2	play	sound	255	dev/fusion
5223	0	play	sound	255	dev/pk/ish
5223	1	play	sound	255	sfx/explosion/energy
5229	1	play	sound	255	sfx/explosion/energy
5241	0	play	sound	219	dev/cm
5241	0	play	sound	255	dev/pk/ish
5250	2	play	sound	255	dev/fusion
5262	0	play	sound	255	dev/pk/ish
5268	1	play	sound	255	dev/conc
5268	1	play	sound	255	sfx/energy
5274	2	play	sound	255	dev/conc
5277	2	play	sound	255	dev/conc/ricochet/2
5280	0	play	sound	255	dev/conc
5286	1	play	sound	255	dev/conc
5289	0	play	sound	255	dev/conc/ricochet/1
5295	1	play	sound	254	dev/fusion
5295	2	play	sound	254	dev/pk/ish
5295	1	play	sound	255	dev/fusion
5295	2	play	sound	255	dev/pk/ish
5298	0	play	sound	255	dev/conc/ricochet/1
5310	1	play	sound	255	dev/conc
5310	1	play	sound	255	dev/conc/ricochet/2
5313	2	play	sound	193	dev/cm
5316	2	play	sound	255	dev/conc
5316	2	play	sound	255	dev/pk/ish
5322	0	play	sound	255	dev/conc
5325	2	play	sound	255	dev/pk/ish
5328	1	play	sound	255	dev/conc
5331	0	play	sound	255	dev/fusion
5334	1	play	sound	255	dev/conc/ricochet/1
5340	2	play	sound	255	dev/conc
5343	2	play	sound	255	dev/atomic
5346	0	play	sound	255	dev/conc
5346	0	play	sound	255	dev/pk/ish
5352	1	play	sound	255	dev/conc
5352	1	play	sound	255	sfx/explosion/energy
5358	0	play	sound	255	dev/conc
5367	2	play	sound	247	dev/conc
5367	2	play	sound	255	dev/fusion
5367	0	play	sound	255	dev/pk/ish
5373	1	play	sound	244	dev/conc
5373	1	play	sound	255	sfx/explosion/energy
5373	1	play	sound	255	sfx/explosion/energy
5379	0	play	sound	241	dev/conc
5382	1	play	sound	255	sfx/explosion/energy
5385	0	play	sound	179	dev/cm
5385	0	play	sound	239	dev/conc
5388	0	play	sound	255	dev/pk/ish
5391	2	play	sound	238	dev/conc
5403	2	play	sound	255	dev/fusion
5403	0	play	sound	255	dev/pk/ish
5403	1	play	sound	237	dev/conc
5403	2	play	sound	255	dev/fusion
5409	0	play	sound	255	dev/pk/ish
5418	1	play	sound	255	sfx/explosion/small
5430	0	play	sound	255	dev/pk/ish
5439	2	play	sound	255	dev/fusion
5442	0	play	sound	255	sfx/explosion/gas
5451	1	play	sound	255	dev/pk/ish
5457	2	play	sound	194	dev/cm
5472	2	play	sound	255	dev/conc
5472	1	play	sound	255	dev/pk/ish
5475	2	play	sound	255	dev/fusion
5478	0	play	sound	254	dev/conc
5481	0	play	sound	255	dev/conc/ricochet/1
5484	1	play	sound	251	dev/conc
5487	1	play	sound	252	dev/conc/ricochet/2
5529	2	play	sound	230	dev/cm
5577	0	play	sound	179	dev/fusion
5577	1	play	sound	179	dev/pk/ish
5580	0	play	sound	255	dev/fusion
5580	1	play	sound	255	dev/pk/ish
5583	2	play	sound	240	dev/atomic
5592	0	play	sound	192	sfx/explosion/energy
5601	1	play	sound	255	dev/pk/ish
5601	0	play	sound	255	sfx/explosion/gas
5604	2	play	sound	231	dev/conc
5604	2	play	sound	255	gui/klaxon
5613	1	play	sound	228	dev/conc/ricochet/1
5616	1	play	sound	255	dev/fusion
5634	1	play	sound	255	dev/bay
5643	0	play	sound	255	dev/pk/ish
5658	0	play	sound	255	dev/conc
5661	0	play	sound	255	dev/kl
5664	1	play	sound	255	dev/conc
5664	1	play	sound	255	dev/pk/ish
5670	2	play	sound	255	dev/conc
5670	2	play	sound	255	sfx/explosion/energy
5673	2	play	sound	255	sfx/explosion/energy
5676	0	play	sound	255	dev/conc
5682	1	play	sound	255	dev/conc
5685	0	play	sound	255	dev/pk/ish
5688	1	play	sound	255	dev/fusion
5694	2	play	sound	255	sfx/explosion/small
5706	0	play	sound	255	dev/pk/ish
5718	1	play	sound	103	dev/fusion
5718	1	play	sound	104	dev/pk/ish
5721	1	play	sound	255	sfx/explosion/energy
5724	2	play	sound	255	dev/fusion
5727	0	play	sound	255	dev/pk/ish
5739	2	play	sound	89	dev/pk/ish
5745	1	play	sound	255	sfx/explosion/energy
5772	0	play	sound	86	dev/fusion
5772	2	play	sound	86	dev/pk/ish
5793	1	play	sound	84	dev/pk/ish
5808	0	play	sound	81	dev/fusion
5808	2	play	sound	54	sfx/explosion/energy
5814	2	play	sound	80	dev/pk/ish
5823	0	play	sound	158	dev/atomic
5835	0	play	sound	255	sfx/explosion/small
5844	1	play	sound	255	sfx/energy
5856	2	play	sound	128	gui/klaxon
5862	2	play	sound	255	dev/bay
5862	1	play	sound	255	dev/fusion
5862	0	play	sound	255	dev/pk/ish
5952	0	play	sound	255	dev/cm
5973	1	play	sound	255	dev/fusion
5976	2	play	sound	255	dev/pk/ish
5994	0	play	sound	255	sfx/explosion/energy
5997	2	play	sound	255	dev/pk/ish
6009	1	play	sound	255	dev/fusion
6018	2	play	sound	255	dev/pk/ish
6030	0	play	sound	255	dev/cm
6039	2	play	sound	255	dev/pk/ish
6045	1	play	sound	255	dev/fusion
6051	2	play	sound	255	dev/conc
6057	1	play	sound	255	dev/conc
6057	1	play	sound	255	sfx/explosion/energy
6060	2	play	sound	255	dev/pk/ish
6063	0	play	sound	255	dev/bay
6069	1	play	sound	255	sfx/explosion/energy
6072	1	play	sound	255	sfx/explosion/energy
6075	2	play	sound	255	dev/conc
6081	2	play	sound	255	dev/fusion
6087	0	play	sound	255	dev/conc
6093	1	play	sound	255	sfx/explosion/energy
6102	0	play	sound	255	dev/cm
6102	2	play	sound	255	dev/pk/ish
6105	1	play	sound	255	sfx/explosion/energy
6114	2	play	sound	190	dev/fusion
6117	2	play	sound	255	dev/fusion
6144	1	play	sound	255	dev/pk/ish
6144	2	play	sound	255	sfx/explosion/energy
6150	0	play	sound	253	dev/kl
6153	0	play	sound	255	dev/fusion
6162	1	play	sound	254	dev/kl
6165	1	play	sound	255	dev/pk/ish
6168	0	play	sound	243	dev/conc
6174	0	play	sound	255	dev/cm
6174	2	play	sound	244	dev/conc
6180	1	play	sound	244	dev/conc
6186	2	play	sound	243	dev/conc
6189	1	play	sound	255	sfx/explosion/small
6189	2	play	sound	255	sfx/explosion/energy
6207	0	play	sound	175	dev/conc/ricochet/2
6210	1	play	sound	175	dev/conc
6210	0	play	sound	238	dev/conc
6216	0	play	sound	168	dev/fusion
6216	1	play	sound	168	dev/pk/ish
6216	0	play	sound	236	dev/conc
6216	1	play	sound	171	sfx/explosion/small
6219	1	play	sound	236	dev/conc/ricochet/1
6219	0	play	sound	174	sfx/explosion/energy
6222	0	play	sound	235	dev/conc
6222	0	play	sound	174	sfx/explosion/energy
6225	0	play	sound	237	dev/conc/ricochet/2
6228	2	play	sound	233	dev/conc
6231	2	play	sound	233	dev/conc/ricochet/2
6237	1	play	sound	168	dev/pk/ish
6237	1	play	sound	234	dev/conc/ricochet/1
6246	0	play	sound	255	sfx/explosion/large
6246	1	play	sound	255	sfx/explosion/gas
6279	2	play	sound	228	dev/conc
6282	2	play	sound	254	dev/fusion
6282	2	play	sound	255	dev/pk/ish
6303	2	play	sound	255	dev/pk/ish
6303	1	play	sound	154	dev/atomic
6318	1	play	sound	255	dev/fusion
6321	0	play	sound	140	dev/fusion
6321	0	play	sound	141	dev/pk/ish
6324	0	play	sound	255	dev/pk/ish
6324	2	play	sound	145	sfx/explosion/energy
6327	0	play	sound	145	sfx/explosion/large
6339	1	play	sound	128	gui/beep/button
6345	0	play	sound	255	sfx/energy
6351	0	play	sound	255	sfx/energy
6354	1	play	sound	255	dev/fusion
6354	2	play	sound	128	gui/beep/button
6360	2	play	sound	255	dev/cm
6363	0	play	sound	128	gui/beep/button
6369	0	play	sound	126	sfx/energy
6375	0	play	sound	128	gui/beep/button
6387	0	play	sound	128	gui/beep/button
6429	1	play	sound	118	dev/conc
6468	2	play	sound	255	dev/cm
6483	0	play	sound	55	dev/atomic
6519	0	play	sound	205	dev/fusion
6522	1	play	sound	205	dev/pk/ish
6540	0	play	sound	249	dev/cm
6543	2	play	sound	115	dev/atomic
6552	1	play	sound	236	sfx/explosion/energy
6564	1	play	sound	243	dev/bay
6579	2	play	sound	228	dev/kl
6588	0	play	sound	202	sfx/explosion/energy
6591	0	play	sound	217	dev/kl
6609	1	play	sound	128	gui/beep/button
6621	1	play	sound	128	gui/beep/button
6636	1	play	sound	128	gui/beep/button
6648	1	play	sound	128	gui/beep/button
6669	1	play	sound	128	gui/beep/button
6687	2	play	sound	128	gui/beep/zoom
6723	1	play	sound	69	dev/atomic
6723	1	play	sound	196	dev/cm
6723	1	play	sound	197	dev/conc
6756	1	play	sound	128	dev/kl
6765	1	play	sound	192	gui/beep/select
6783	1	play	sound	28	dev/atomic
6795	1	play	sound	128	gui/beep/button
6798	1	play	sound	27	sfx/explosion/small
6801	1	play	sound	109	sfx/explosion/gas
6807	1	play	sound	131	dev/kl
6816	1	play	sound	166	dev/cm
6819	0	play	sound	128	gui/beep/button
6852	0	play	sound	128	gui/beep/button
6858	0	play	sound	255	gui/klaxon
6862	2	play	sound	128	gui/beep/zoom
6891	2	play	sound	129	dev/fusion
6894	1	play	sound	255	dev/bay
6894	2	play	sound	133	dev/fusion
6894	2	play	sound	135	dev/pk/ish
6909	2	play	sound	123	sfx/explosion/energy
6912	2	play	sound	255	dev/fusion
6918	1	play	sound	124	dev/pk/ish
6924	1	play	sound	255	dev/kl
6924	1	play	sound	122	sfx/explosion/large
6924	0	play	sound	121	sfx/explosion/energy
6927	0	play	sound	125	dev/fusion
6933	0	play	sound	255	sfx/explosion/energy
6936	1	play	sound	255	dev/kl
6945	2	play	sound	126	sfx/energy
6954	1	play	sound	255	dev/kl
6954	2	play	sound	138	sfx/explosion/small
6960	0	play	sound	127	sfx/explosion/energy
6963	0	play	sound	152	dev/atomic
6966	1	play	sound	255	dev/kl
6984	2	play	sound	128	gui/klaxon
6990	1	play	sound	105	sfx/explosion/energy
6996	0	play	sound	255	tpl/transport/land
7014	1	play	sound	96	dev/conc
7020	0	play	sound	90	dev/conc
7023	0	play	sound	65	dev/atomic
7023	0	play	sound	92	dev/conc/ricochet/2
7026	1	play	sound	85	dev/conc
7032	2	play	sound	80	dev/conc
7038	1	play	sound	76	dev/conc
7038	1	play	sound	81	dev/conc/ricochet/2
7044	0	play	sound	73	dev/conc
7044	0	play	sound	79	dev/conc/ricochet/2
7053	0	play	sound	255	dev/fusion
7053	0	play	sound	52	sfx/explosion/large
7053	0	play	sound	53	sfx/explosion/small
7059	0	play	sound	255	dev/pk/ish
7065	1	play	sound	255	dev/conc
7068	2	play	sound	255	sfx/explosion/energy
7071	0	play	sound	255	dev/conc
7077	1	play	sound	255	dev/conc
7077	0	play	sound	255	dev/conc/ricochet/2
7080	1	play	sound	35	dev/fusion
7080	1	play	sound	255	dev/pk/ish
7083	2	play	sound	255	sfx/explosion/energy
7095	1	play	sound	255	dev/bay
7101	0	play	sound	30	dev/pk/ish
7101	0	play	sound	255	dev/pk/ish
7107	2	play	sound	98	dev/fusion
7110	2	play	sound	128	gui/klaxon
7110	2	play	sound	255	sfx/explosion/energy
7110	0	play	sound	83	sfx/explosion/large
7122	0	play	sound	255	dev/pk/ish
7125	1	play	sound	255	dev/fusion
7131	2	play	sound	255	sfx/explosion/energy
7143	0	play	sound	255	dev/pk/ish
7149	2	play	sound	255	sfx/explosion/energy
7152	2	play	sound	255	sfx/explosion/energy
7158	1	play	sound	69	dev/conc
7161	1	play	sound	255	dev/fusion
7161	0	play	sound	255	dev/conc
7164	0	play	sound	255	dev/pk/ish
7173	1	play	sound	255	dev/conc
7173	1	play	sound	43	sfx/explosion/energy
7173	1	play	sound	255	dev/conc/ricochet/1
7173	2	play	sound	68	dev/conc/ricochet/2
7176	0	play	sound	68	dev/conc
7179	0	play	sound	255	dev/conc
7179	2	play	sound	255	dev/conc/ricochet/2
7182	0	play	sound	42	sfx/energy
7185	0	play	sound	255	dev/pk/ish
7185	1	play	sound	255	dev/conc/ricochet/1
7197	2	play	sound	99	dev/fusion
7197	0	play	sound	98	dev/pk/ish
7203	1	play	sound	51	dev/atomic
7218	0	play	sound	111	dev/pk/ish
7233	2	play	sound	120	dev/fusion
7236	0	play	sound	128	gui/klaxon
7239	1	play	sound	123	dev/pk/ish
7251	0	play	sound	255	dev/kl
7254	2	play	sound	92	dev/fusion
7257	1	play	sound	255	sfx/explosion/energy
7263	2	play	sound	124	dev/atomic
7263	2	play	sound	143	sfx/explosion/energy
7269	0	play	sound	108	dev/pk/ish
7272	0	play	sound	255	dev/fusion
7272	2	play	sound	255	dev/pk/ish
7290	1	play	sound	115	dev/fusion
7290	0	play	sound	113	dev/pk/ish
7293	0	play	sound	255	dev/pk/ish
7293	1	play	sound	255	dev/conc
7296	1	play	sound	255	dev/bay
7299	2	play	sound	255	dev/conc
7302	2	play	sound	113	sfx/explosion/energy
7305	2	play	sound	255	dev/conc
7305	2	play	sound	116	sfx/explosion/energy
7308	2	play	sound	255	dev/fusion
7311	0	play	sound	255	sfx/explosion/large
7317	1	play	sound	123	sfx/explosion/energy
7338	1	play	sound	138	dev/fusion
7338	1	play	sound	139	dev/pk/ish
7356	1	play	sound	255	sfx/energy
7386	2	play	sound	255	sfx/explosion/energy
7422	2	play	sound	255	sfx/explosion/energy
7425	1	play	sound	242	dev/cm
7431	0	play	sound	180	dev/conc
7437	0	play	sound	183	dev/conc
7443	0	play	sound	188	dev/atomic
7503	2	play	sound	185	dev/atomic
7548	1	play	sound	128	gui/beep/button
7560	1	play	sound	128	gui/beep/button
7608	0	play	sound	128	gui/beep/zoom
7650	0	play	sound	192	dev/fusion
7653	0	play	sound	194	dev/pk/ish
7674	0	play	sound	210	dev/pk/ish
7683	2	play	sound	255	dev/atomic
7686	0	play	sound	214	dev/fusion
7692	1	play	sound	212	dev/conc
7695	0	play	sound	216	dev/pk/ish
7695	1	play	sound	211	dev/conc/ricochet/2
7698	1	play	sound	214	dev/conc
7707	1	play	sound	216	dev/conc/ricochet/2
7710	0	play	sound	236	dev/kl
7719	1	play	sound	224	sfx/explosion/energy
7725	2	play	sound	192	gui/beep/select
7731	1	play	sound	229	sfx/explosion/small
7743	0	play	sound	246	dev/atomic
7794	2	play	sound	128	gui/beep/button
7815	2	play	sound	128	gui/beep/button
7836	0	play	sound	255	dev/conc
7839	1	play	sound	255	dev/fusion
7839	2	play	sound	255	dev/pk/ish
7848	0	play	sound	255	dev/conc
7848	0	play	sound	128	gui/beep/button
7848	0	play	sound	255	dev/conc/ricochet/2
7851	0	play	sound	255	dev/conc/ricochet/2
7854	1	play	sound	255	dev/conc
7857	0	play	sound	255	dev/conc/ricochet/2
7860	0	play	sound	255	dev/conc/ricochet/2
7896	1	play	sound	128	gui/beep/button
7908	1	play	sound	128	gui/beep/button
7923	1	play	sound	128	gui/beep/button
7941	1	play	sound	128	gui/beep/button
7946	2	play	sound	128	gui/beep/zoom
7953	1	play	sound	128	gui/beep/button
7970	2	play	sound	128	gui/beep/zoom
7973	2	play	sound	128	gui/beep/zoom
8160	1	play	sound	192	gui/beep/select
8181	0	play	sound	128	gui/beep/button
8193	0	play	sound	128	gui/beep/button
8244	0	play	sound	128	gui/beep/button
8553	2	play	sound	128	gui/beep/build
8631	1	play	sound	192	gui/beep/select
8673	0	play	sound	128	gui/beep/button
8703	0	play	sound	255	sfx/warp/charge/1
8703	0	play	sound	255	sfx/warp/charge/1
8703	2	play	sound	128	gui/beep/button
8721	2	play	sound	128	gui/beep/button
8727	1	play	sound	255	sfx/warp/charge/2
8727	1	play	sound	255	sfx/warp/charge/2
8739	2	play	sound	128	gui/beep/button
8749	0	play	sound	128	gui/beep/zoom
8751	0	play	sound	255	sfx/warp/charge/3
8751	0	play	sound	255	sfx/warp/charge/3
8778	2	play	sound	255	sfx/warp/charge/4
8778	2	play	sound	255	sfx/warp/charge/4
8802	1	play	sound	255	sfx/warp/in
8802	1	play	sound	255	sfx/warp/in
9060	0	play	sound	63	dev/atomic
9086	0	play	sound	128	gui/beep/zoom
9093	0	play	sound	211	dev/cm
9114	2	play	sound	35	sfx/explosion/energy
9186	0	play	sound	255	sfx/warp/out
9189	2	play	sound	204	sfx/warp/out
9207	1	play	sound	153	sfx/warp/charge/1
9231	1	play	sound	154	sfx/warp/charge/2
9231	1	play	sound	255	dev/fusion
9234	2	play	sound	255	dev/pk/ish
9255	0	play	sound	156	sfx/warp/charge/3
9255	2	play	sound	255	dev/pk/ish
9267	1	play	sound	255	dev/fusion
9276	2	play	sound	255	dev/pk/ish
9282	0	play	sound	160	sfx/warp/charge/4
9297	2	play	sound	255	dev/pk/ish
9297	0	play	sound	255	sfx/explosion/energy
9300	1	play	sound	206	dev/atomic
9303	1	play	sound	255	dev/fusion
9315	2	play	sound	122	sfx/explosion/energy
9318	2	play	sound	255	dev/pk/ish
9318	0	play	sound	255	sfx/explosion/energy
9336	0	play	sound	255	sfx/explosion/energy
9339	1	play	sound	255	dev/fusion
9339	2	play	sound	255	dev/pk/ish
9360	2	play	sound	255	dev/pk/ish
9363	1	play	sound	255	dev/cm
9375	0	play	sound	255	dev/fusion
9381	2	play	sound	255	dev/pk/ish
9396	0	play	sound	255	sfx/explosion/energy
9402	2	play	sound	255	dev/pk/ish
9411	1	play	sound	255	dev/fusion
9411	0	play	sound	255	sfx/explosion/energy
9423	2	play	sound	255	sfx/warp/charge/1
9423	1	play	sound	255	dev/pk/ish
9444	1	play	sound	255	dev/pk/ish
9447	0	play	sound	255	sfx/warp/charge/2
9447	2	play	sound	255	dev/fusion
9459	1	play	sound	255	sfx/explosion/energy
9465	2	play	sound	255	dev/pk/ish
9468	0	play	sound	255	dev/kl
9477	2	play	sound	255	dev/fusion
9480	0	play	sound	255	dev/kl
9480	1	play	sound	162	sfx/explosion/energy
9489	1	play	sound	255	dev/pk/ish
9489	2	play	sound	241	sfx/warp/charge/1
9492	0	play	sound	255	dev/kl
9498	2	play	sound	254	sfx/warp/charge/4
9504	0	play	sound	255	dev/kl
9507	1	play	sound	83	sfx/explosion/energy
9513	1	play	sound	253	sfx/warp/charge/2
9522	1	play	sound	255	sfx/warp/in
9537	2	play	sound	255	sfx/warp/charge/3
9540	0	play	sound	255	dev/fusion
9549	0	play	sound	255	dev/fusion
9549	1	play	sound	255	dev/pk/ish
9558	2	play	sound	246	dev/kl
9564	2	play	sound	255	dev/kl
9564	0	play	sound	255	sfx/warp/charge/4
9570	1	play	sound	255	dev/pk/ish
9576	2	play	sound	255	dev/kl
9585	1	play	sound	255	dev/fusion
9588	0	play	sound	255	sfx/warp/in
9591	2	play	sound	255	dev/pk/ish
9612	2	play	sound	255	dev/pk/ish
9618	1	play	sound	255	sfx/explosion/energy
9621	0	play	sound	255	dev/fusion
9633	2	play	sound	255	dev/pk/ish
9654	2	play	sound	255	dev/pk/ish
9657	0	play	sound	255	dev/fusion
9660	1	play	sound	169	dev/fusion
9696	2	play	sound	129	dev/fusion
9732	1	play	sound	255	sfx/warp/charge/1
9738	0	play	sound	84	dev/fusion
9756	2	play	sound	71	dev/pk/ish
9756	0	play	sound	255	sfx/warp/charge/2
9774	1	play	sound	62	dev/fusion
9780	1	play	sound	255	sfx/warp/charge/3
9789	2	play	sound	241	sfx/warp/out
9807	2	play	sound	255	sfx/warp/charge/4
9831	0	play	sound	255	sfx/warp/in
9851	1	play	sound	128	gui/beep/zoom
9884	1	play	sound	128	gui/beep/zoom
9935	1	play	sound	128	gui/beep/zoom
10110	1	play	sound	128	gui/beep/zoom
10158	1	play	sound	255	sfx/warp/out
10161	2	play	sound	214	dev/atomic
10170	2	play	sound	255	dev/fusion
10170	0	play	sound	255	dev/pk/ish
10185	1	play	sound	255	sfx/explosion/energy
10191	0	play	sound	255	dev/pk/ish
10197	1	play	sound	255	sfx/explosion/energy
10200	1	play	sound	255	sfx/explosion/energy
10206	2	play	sound	255	dev/fusion
10209	0	play	sound	129	sfx/explosion/small
10212	0	play	sound	255	dev/pk/ish
10215	1	play	sound	255	sfx/explosion/energy
10218	1	play	sound	255	sfx/explosion/energy
10230	2	play	sound	255	dev/cm
10230	0	play	sound	255	dev/conc
10233	0	play	sound	255	dev/pk/ish
10239	1	play	sound	255	sfx/explosion/energy
10248	0	play	sound	255	dev/conc
10254	0	play	sound	255	dev/pk/ish
10254	1	play	sound	255	sfx/explosion/energy
10260	1	play	sound	255	sfx/explosion/energy
10266	2	play	sound	255	dev/conc
10272	0	play	sound	255	dev/conc
10275	0	play	sound	255	dev/pk/ish
10278	2	play	sound	255	dev/conc
10278	2	play	sound	255	dev/fusion
10284	1	play	sound	255	dev/conc
10284	1	play	sound	255	sfx/explosion/energy
10290	0	play	sound	255	dev/conc
10296	2	play	sound	255	dev/conc
10296	0	play	sound	255	dev/pk/ish
10299	1	play	sound	255	sfx/explosion/energy
10302	2	play	sound	255	dev/cm
10311	1	play	sound	255	sfx/explosion/energy
10374	2	play	sound	255	dev/cm
10392	0	play	sound	255	dev/fusion
10392	1	play	sound	255	dev/pk/ish
10404	0	play	sound	255	sfx/explosion/energy
10413	1	play	sound	255	dev/pk/ish
10413	0	play	sound	255	sfx/explosion/energy
10422	2	play	sound	84	sfx/warp/charge/2
10425	0	play	sound	255	sfx/explosion/energy
10428	2	play	sound	255	dev/fusion
10434	1	play	sound	255	dev/pk/ish
10443	0	play	sound	255	sfx/explosion/energy
10446	2	play	sound	58	sfx/warp/charge/3
10452	0	play	sound	255	sfx/explosion/energy
10455	1	play	sound	255	dev/pk/ish
10464	2	play	sound	255	dev/fusion
10467	0	play	sound	255	sfx/explosion/energy
10473	1	play	sound	35	sfx/warp/charge/4
10476	1	play	sound	255	dev/pk/ish
10476	0	play	sound	255	sfx/explosion/energy
10482	0	play	sound	255	sfx/explosion/energy
10497	2	play	sound	15	sfx/warp/in
10497	1	play	sound	255	dev/pk/ish
10500	2	play	sound	255	dev/fusion
10500	0	play	sound	255	sfx/explosion/energy
10506	0	play	sound	255	sfx/explosion/energy
10518	1	play	sound	255	dev/pk/ish
10524	2	play	sound	255	dev/cm
10524	0	play	sound	255	sfx/explosion/energy
10530	1	play	sound	255	dev/conc
10536	1	play	sound	255	dev/fusion
10548	0	play	sound	255	dev/conc
10551	0	play	sound	255	sfx/explosion/energy
10554	1	play	sound	255	dev/conc
10560	1	play	sound	255	dev/pk/ish
10575	0	play	sound	255	sfx/explosion/gas
10596	2	play	sound	255	dev/cm
10620	1	play	sound	255	dev/conc
10626	0	play	sound	255	dev/conc
10632	2	play	sound	255	dev/conc
10635	0	play	sound	255	dev/fusion
10635	1	play	sound	255	dev/pk/ish
10644	2	play	sound	255	dev/conc
10650	0	play	sound	255	dev/conc
10656	1	play	sound	255	dev/conc
10656	0	play	sound	255	dev/pk/ish
10671	1	play	sound	255	dev/fusion
10671	2	play	sound	255	sfx/explosion/energy
10677	0	play	sound	255	dev/pk/ish
10689	2	play	sound	255	sfx/explosion/energy
10695	2	play	sound	255	sfx/explosion/energy
10698	0	play	sound	255	dev/pk/ish
10707	1	play	sound	255	dev/fusion
10710	2	play	sound	255	sfx/explosion/energy
10716	0	play	sound	255	dev/cm
10719	1	play	sound	255	dev/pk/ish
10731	2	play	sound	255	sfx/explosion/energy
10734	2	play	sound	255	sfx/explosion/energy
10740	1	play	sound	255	dev/pk/ish
10752	2	play	sound	255	sfx/explosion/energy
10761	1	play	sound	255	dev/pk/ish
10767	2	play	sound	255	sfx/explosion/energy
10773	2	play	sound	255	sfx/explosion/energy
10785	0	play	sound	255	dev/fusion
10785	1	play	sound	255	dev/pk/ish
10797	2	play	sound	255	sfx/explosion/energy
10803	2	play	sound	255	sfx/explosion/energy
10806	1	play	sound	255	dev/pk/ish
10821	0	play	sound	255	dev/fusion
10827	1	play	sound	255	dev/pk/ish
10827	2	play	sound	255	sfx/explosion/energy
10830	2	play	sound	255	sfx/explosion/energy
10848	1	play	sound	255	dev/pk/ish
10854	0	play	sound	255	dev/cm
10854	2	play	sound	255	dev/conc
10860	1	play	sound	255	dev/conc
10866	2	play	sound	255	dev/conc
10872	1	play	sound	255	dev/conc
10914	1	play	sound	255	dev/fusion
10914	2	play	sound	255	dev/pk/ish
10926	0	play	sound	255	dev/cm
10926	1	play	sound	255	sfx/explosion/energy
10935	2	play	sound	255	dev/pk/ish
10938	1	play	sound	255	sfx/explosion/energy
10947	1	play	sound	255	sfx/explosion/energy
10950	2	play	sound	255	dev/conc
10950	2	play	sound	255	dev/fusion
10962	0	play	sound	255	dev/conc
10962	1	play	sound	255	sfx/explosion/energy
10962	1	play	sound	255	sfx/explosion/energy
10965	1	play	sound	255	sfx/explosion/energy
10968	2	play	sound	255	dev/conc
10974	0	play	sound	255	dev/conc
10974	0	play	sound	255	dev/conc/ricochet/2
10977	2	play	sound	255	dev/pk/ish
10980	0	play	sound	255	dev/conc/ricochet/2
10986	1	play	sound	255	dev/conc
10986	1	play	sound	255	dev/fusion
10986	0	play	sound	255	dev/conc/ricochet/2
10992	2	play	sound	255	dev/conc/ricochet/1
10998	1	play	sound	255	dev/pk/ish
10998	0	play	sound	255	dev/conc/ricochet/2
11019	1	play	sound	255	dev/pk/ish
11022	2	play	sound	255	dev/fusion
11025	0	play	sound	255	sfx/explosion/energy
11031	0	play	sound	255	sfx/explosion/energy
11037	1	play	sound	255	dev/cm
11037	2	play	sound	255	dev/conc
11040	2	play	sound	255	dev/pk/ish
11046	0	play	sound	255	sfx/explosion/energy
11055	2	play	sound	255	dev/conc
11058	2	play	sound	255	dev/fusion
11067	0	play	sound	255	sfx/explosion/energy
11070	0	play	sound	255	sfx/explosion/energy
11076	1	play	sound	255	dev/conc
11082	2	play	sound	255	dev/conc
11082	1	play	sound	255	dev/pk/ish
11094	0	play	sound	255	dev/conc
11094	0	play	sound	255	dev/fusion
11094	2	play	sound	255	sfx/explosion/energy
11100	1	play	sound	255	dev/conc
11103	1	play	sound	255	dev/pk/ish
11106	0	play	sound	255	dev/conc
11109	0	play	sound	255	dev/cm
11115	2	play	sound	255	sfx/explosion/energy
11118	1	play	sound	255	dev/conc
11121	2	play	sound	255	sfx/explosion/energy
11130	1	play	sound	255	dev/conc
11154	0	play	sound	255	dev/conc
11154	0	play	sound	255	sfx/explosion/gas
11157	1	play	sound	255	dev/fusion
11160	2	play	sound	255	dev/conc
11160	2	play	sound	255	dev/pk/ish
11169	1	play	sound	255	sfx/explosion/energy
11169	1	play	sound	255	sfx/explosion/energy
11172	2	play	sound	255	dev/conc
11172	2	play	sound	255	dev/conc/ricochet/1
11178	2	play	sound	255	dev/conc/ricochet/1
11184	2	play	sound	255	dev/conc/ricochet/1
11187	1	play	sound	255	sfx/explosion/energy
11217	0	play	sound	255	sfx/explosion/gas
11220	0	play	sound	255	gui/klaxon
11223	2	play	sound	255	dev/fusion
11223	1	play	sound	255	dev/pk/ish
11235	1	play	sound	255	sfx/explosion/energy
11244	2	play	sound	255	dev/pk/ish
11250	1	play	sound	255	sfx/explosion/energy
11259	2	play	sound	255	dev/fusion
11271	1	play	sound	255	sfx/explosion/energy
11271	1	play	sound	255	sfx/explosion/energy
11286	2	play	sound	255	dev/pk/ish
11292	1	play	sound	255	sfx/explosion/energy
11295	0	play	sound	255	dev/fusion
11304	1	play	sound	255	sfx/explosion/energy
11307	2	play	sound	255	dev/pk/ish
11313	0	play	sound	255	dev/cm
11319	2	play	sound	255	dev/conc
11346	2	play	sound	128	gui/klaxon
11349	2	play	sound	255	dev/fusion
11352	1	play	sound	255	dev/pk/ish
11355	0	play	sound	255	sfx/explosion/large
11355	1	play	sound	255	sfx/explosion/gas
11361	2	play	sound	255	sfx/explosion/energy
11472	2	play	sound	255	sfx/energy
11719	1	play	sound	128	gui/beep/zoom
11940	0	quiet
11940	1	quiet
11940	2	quiet
11940	3	quiet
