0	3	quiet
0	3	loop	music	255	freds-theme
0	3	quiet
0	0	play	sound	128	gui/beep/zoom
0	3	quiet
0	3	loop	music	215	eyes-of-fire
96	1	play	sound	128	gui/beep/button
114	1	play	sound	128	gui/beep/button
177	0	play	sound	128	gui/beep/zoom
375	0	play	sound	255	sfx/warp/charge/1
375	0	play	sound	255	sfx/warp/charge/1
375	0	play	sound	255	sfx/warp/charge/1
375	0	play	sound	255	sfx/warp/charge/1
375	0	play	sound	255	sfx/warp/charge/1
375	0	play	sound	255	sfx/warp/charge/1
375	0	play	sound	255	sfx/warp/charge/1
378	0	play	sound	255	sfx/warp/charge/1
384	0	play	sound	255	sfx/warp/charge/1
399	0	play	sound	255	sfx/warp/charge/1
399	1	play	sound	255	sfx/warp/charge/2
399	1	play	sound	255	sfx/warp/charge/2
399	1	play	sound	255	sfx/warp/charge/2
399	1	play	sound	255	sfx/warp/charge/2
399	1	play	sound	255	sfx/warp/charge/2
399	1	play	sound	255	sfx/warp/charge/2
399	1	play	sound	255	sfx/warp/charge/2
402	2	play	sound	238	sfx/warp/charge/1
402	1	play	sound	255	sfx/warp/charge/2
408	1	play	sound	255	sfx/warp/charge/2
423	1	play	sound	255	sfx/warp/charge/2
423	2	play	sound	255	sfx/warp/charge/3
423	2	play	sound	255	sfx/warp/charge/3
423	2	play	sound	255	sfx/warp/charge/3
423	2	play	sound	255	sfx/warp/charge/3
423	2	play	sound	255	sfx/warp/charge/3
423	2	play	sound	255	sfx/warp/charge/3
423	2	play	sound	255	sfx/warp/charge/3
426	0	play	sound	250	sfx/warp/charge/2
426	2	play	sound	255	sfx/warp/charge/3
432	2	play	sound	255	sfx/warp/charge/3
447	2	play	sound	255	sfx/warp/charge/3
450	2	play	sound	255	sfx/warp/charge/3
450	0	play	sound	255	sfx/warp/charge/4
450	0	play	sound	255	sfx/warp/charge/4
450	0	play	sound	255	sfx/warp/charge/4
450	0	play	sound	255	sfx/warp/charge/4
450	0	play	sound	255	sfx/warp/charge/4
450	0	play	sound	255	sfx/warp/charge/4
450	0	play	sound	255	sfx/warp/charge/4
453	0	play	sound	255	sfx/warp/charge/4
459	0	play	sound	255	sfx/warp/charge/4
474	0	play	sound	255	sfx/warp/charge/4
474	1	play	sound	255	sfx/warp/in
474	1	play	sound	255	sfx/warp/in
474	1	play	sound	255	sfx/warp/in
474	1	play	sound	255	sfx/warp/in
474	1	play	sound	255	sfx/warp/in
474	1	play	sound	255	sfx/warp/in
474	1	play	sound	255	sfx/warp/in
477	0	play	sound	255	sfx/warp/charge/4
477	1	play	sound	255	sfx/warp/in
483	1	play	sound	255	sfx/warp/in
498	2	play	sound	238	sfx/warp/in
501	0	play	sound	200	sfx/warp/in
555	1	play	sound	21	dev/atomic
558	1	play	sound	25	dev/atomic
561	1	play	sound	43	dev/atomic
573	1	play	sound	71	dev/atomic
588	1	play	sound	74	dev/atomic
597	0	play	sound	225	dev/cm
600	2	play	sound	58	dev/atomic
606	1	play	sound	176	dev/bay
621	1	play	sound	192	dev/bay
624	2	play	sound	47	dev/atomic
636	2	play	sound	119	sfx/explosion/small
639	0	play	sound	91	dev/bay
642	2	play	sound	253	sfx/explosion/small
648	1	play	sound	79	dev/conc
654	1	play	sound	82	dev/conc
660	1	play	sound	84	dev/conc
660	0	play	sound	120	dev/conc
663	0	play	sound	84	dev/conc/ricochet/2
666	0	play	sound	123	dev/conc
669	1	play	sound	123	dev/conc/ricochet/1
672	0	play	sound	125	dev/conc
678	0	play	sound	255	sfx/warp/out
681	0	play	sound	255	sfx/warp/out
681	2	play	sound	89	sfx/warp/out
681	2	play	sound	116	sfx/warp/out
684	2	play	sound	166	sfx/warp/out
687	0	play	sound	255	sfx/warp/out
690	1	play	sound	80	sfx/warp/out
690	1	play	sound	255	dev/pp
690	2	play	sound	255	dev/lepton
699	2	play	sound	255	dev/lepton
702	1	play	sound	255	dev/pp
708	2	play	sound	255	dev/lepton
714	0	play	sound	154	dev/cm
714	1	play	sound	255	dev/pp
717	2	play	sound	255	dev/lepton
726	1	play	sound	255	dev/pp
726	2	play	sound	255	dev/lepton
735	2	play	sound	255	dev/lepton
738	1	play	sound	141	dev/cm
738	0	play	sound	255	dev/pp
741	1	play	sound	243	dev/fusion
744	2	play	sound	255	dev/lepton
747	1	play	sound	255	sfx/explosion/energy
750	0	play	sound	255	dev/pp
753	2	play	sound	255	dev/lepton
762	0	play	sound	255	dev/pp
762	2	play	sound	255	dev/lepton
768	1	play	sound	255	dev/conc/ricochet/1
771	2	play	sound	255	dev/lepton
771	1	play	sound	255	dev/conc/ricochet/1
774	0	play	sound	255	dev/pp
780	2	play	sound	255	dev/lepton
786	0	play	sound	255	dev/conc
786	0	play	sound	129	dev/cm
786	0	play	sound	255	dev/pp
789	2	play	sound	255	dev/lepton
789	1	play	sound	255	dev/conc/ricochet/1
798	0	play	sound	86	dev/atomic
798	0	play	sound	255	dev/pp
798	2	play	sound	255	dev/lepton
807	2	play	sound	255	dev/lepton
807	1	play	sound	255	sfx/explosion/energy
810	0	play	sound	90	dev/conc
810	0	play	sound	255	dev/pp
816	2	play	sound	255	dev/lepton
816	0	play	sound	73	sfx/explosion/gas
822	0	play	sound	255	dev/pp
825	2	play	sound	255	dev/lepton
828	1	play	sound	254	dev/atomic
834	0	play	sound	255	dev/pp
834	2	play	sound	255	dev/lepton
843	1	play	sound	255	dev/atomic
843	2	play	sound	255	dev/lepton
846	0	play	sound	255	dev/pp
849	1	play	sound	255	dev/atomic
852	2	play	sound	255	dev/lepton
858	0	play	sound	130	dev/kl
858	0	play	sound	242	dev/atomic
858	0	play	sound	255	dev/pp
861	2	play	sound	255	dev/lepton
867	0	play	sound	113	sfx/explosion/gas
870	1	play	sound	31	dev/pp
870	1	play	sound	31	dev/pp
870	1	play	sound	255	dev/pp
870	2	play	sound	255	dev/lepton
873	0	play	sound	188	sfx/warp/out
882	1	play	sound	33	sfx/warp/out
882	1	play	sound	101	dev/conc/ricochet/2
885	1	play	sound	103	dev/conc
888	1	play	sound	173	dev/bay
888	2	play	sound	34	dev/pp
888	2	play	sound	34	dev/pp
894	2	play	sound	62	sfx/explosion/small
894	2	play	sound	64	sfx/explosion/energy
897	0	play	sound	38	dev/pp
897	0	play	sound	38	dev/pp
897	2	play	sound	225	sfx/explosion/energy
900	0	play	sound	128	gui/beep/button
909	0	play	sound	36	dev/cm
909	1	play	sound	219	dev/bay
912	0	play	sound	47	sfx/explosion/energy
918	0	play	sound	112	dev/fusion
918	0	play	sound	113	dev/pk/ish
918	2	play	sound	112	dev/cm
918	0	play	sound	190	dev/lepton
924	2	play	sound	179	sfx/explosion/gas
927	0	play	sound	190	dev/lepton
930	1	play	sound	128	gui/beep/button
936	0	play	sound	193	dev/lepton
942	0	play	sound	196	dev/cm
942	1	play	sound	53	dev/pp
942	1	play	sound	53	dev/pp
945	1	play	sound	125	sfx/explosion/small
945	1	play	sound	126	sfx/explosion/energy
948	0	play	sound	255	sfx/explosion/small
954	1	play	sound	211	dev/cm
954	1	play	sound	212	dev/conc
960	2	play	sound	210	dev/conc
960	1	play	sound	255	dev/pp
963	2	play	sound	255	dev/lepton
963	0	play	sound	132	sfx/explosion/gas
966	0	play	sound	208	dev/conc
969	0	play	sound	161	dev/kl
972	0	play	sound	205	dev/conc
972	1	play	sound	255	dev/pp
972	2	play	sound	255	dev/lepton
972	0	play	sound	255	sfx/explosion/gas
981	2	play	sound	255	dev/lepton
984	1	play	sound	170	dev/kl
984	1	play	sound	202	dev/conc
984	1	play	sound	255	dev/pp
990	2	play	sound	255	dev/lepton
996	1	play	sound	177	dev/kl
996	1	play	sound	198	dev/conc
996	1	play	sound	63	dev/pp
996	1	play	sound	63	dev/pp
996	1	play	sound	255	dev/pp
999	2	play	sound	255	dev/lepton
1005	0	play	sound	164	dev/kl
1005	0	play	sound	255	dev/conc
1005	0	play	sound	168	dev/fusion
1005	0	play	sound	255	sfx/explosion/energy
1005	0	play	sound	255	sfx/explosion/large
1008	1	play	sound	255	dev/pp
1008	2	play	sound	255	dev/lepton
1017	2	play	sound	255	dev/lepton
1020	1	play	sound	243	dev/conc
1020	1	play	sound	174	dev/fusion
1020	1	play	sound	255	dev/pp
1026	2	play	sound	255	dev/lepton
1032	1	play	sound	251	dev/conc
1032	1	play	sound	212	sfx/warp/out
1032	1	play	sound	255	dev/pp
1035	2	play	sound	255	dev/lepton
1044	1	play	sound	255	dev/conc
1044	1	play	sound	178	dev/pk/ish
1044	1	play	sound	255	dev/pp
1044	2	play	sound	255	dev/lepton
1053	2	play	sound	255	dev/lepton
1056	1	play	sound	255	dev/conc
1056	1	play	sound	165	dev/fusion
1056	1	play	sound	255	dev/pp
1062	2	play	sound	255	dev/lepton
1068	0	play	sound	232	dev/atomic
1068	1	play	sound	255	dev/pp
1071	0	play	sound	255	dev/kl
1071	2	play	sound	255	dev/lepton
1080	1	play	sound	187	dev/atomic
1080	1	play	sound	255	dev/pp
1080	2	play	sound	255	dev/lepton
1080	0	play	sound	255	gui/klaxon
1089	2	play	sound	255	dev/lepton
1092	1	play	sound	255	dev/conc
1092	1	play	sound	230	dev/fusion
1092	1	play	sound	255	dev/pp
1095	1	play	sound	255	sfx/explosion/large
1095	2	play	sound	255	sfx/explosion/gas
1098	1	play	sound	255	sfx/explosion/large
1128	2	play	sound	154	dev/lepton
1128	2	play	sound	236	dev/fusion
1128	2	play	sound	255	sfx/energy
1131	2	play	sound	232	sfx/explosion/gas
1134	2	play	sound	236	dev/pk/ish
1134	2	play	sound	255	sfx/energy
1137	2	play	sound	35	sfx/explosion/gas
1137	2	play	sound	199	sfx/energy
1140	2	play	sound	255	sfx/explosion/gas
1143	0	play	sound	143	dev/conc
1143	0	play	sound	153	dev/pk/ish
1146	0	play	sound	154	dev/lepton
1155	0	play	sound	184	dev/bay
1161	0	play	sound	255	dev/conc
1161	1	play	sound	145	dev/conc
1161	1	play	sound	255	sfx/explosion/energy
1161	1	play	sound	255	sfx/explosion/energy
1161	0	play	sound	153	sfx/explosion/small
1164	0	play	sound	183	dev/cm
1164	1	play	sound	255	sfx/explosion/energy
1164	0	play	sound	254	dev/conc/ricochet/2
1167	1	play	sound	255	sfx/explosion/energy
1170	1	play	sound	255	sfx/explosion/energy
1170	1	play	sound	255	sfx/explosion/energy
1170	1	play	sound	255	sfx/explosion/energy
1170	1	play	sound	255	sfx/explosion/energy
1170	1	play	sound	255	sfx/explosion/energy
1170	1	play	sound	255	sfx/explosion/energy
1170	1	play	sound	255	sfx/explosion/energy
1170	1	play	sound	255	sfx/explosion/energy
1173	0	play	sound	255	dev/conc
1173	2	play	sound	146	dev/conc
1173	2	play	sound	154	dev/lepton
1173	1	play	sound	255	sfx/explosion/energy
1176	2	play	sound	255	dev/fusion
1176	0	play	sound	255	dev/pk/ish
1179	1	play	sound	255	sfx/explosion/energy
1179	1	play	sound	255	sfx/explosion/energy
1182	1	play	sound	255	sfx/explosion/energy
1188	0	play	sound	39	dev/conc
1188	0	play	sound	183	dev/conc
1191	0	play	sound	255	dev/conc
1191	0	play	sound	154	dev/lepton
1191	0	play	sound	255	dev/conc/ricochet/2
1194	2	play	sound	38	dev/conc
1194	2	play	sound	183	dev/conc
1194	2	play	sound	28	dev/fusion
1194	2	play	sound	240	dev/lepton
1194	1	play	sound	255	sfx/explosion/energy
1194	1	play	sound	255	sfx/explosion/energy
1197	2	play	sound	255	dev/conc/ricochet/1
1200	0	play	sound	35	sfx/explosion/gas
1203	0	play	sound	202	dev/kl
1203	0	play	sound	239	dev/lepton
1203	0	play	sound	255	sfx/energy
1206	0	play	sound	31	sfx/explosion/gas
1206	0	play	sound	35	sfx/explosion/energy
1209	0	play	sound	208	dev/kl
1209	0	play	sound	199	sfx/explosion/large
1209	0	play	sound	202	sfx/explosion/gas
1212	0	play	sound	255	dev/conc
1212	0	play	sound	255	dev/cm
1215	2	play	sound	238	dev/pk/ish
1215	1	play	sound	255	sfx/explosion/energy
1215	1	play	sound	255	sfx/explosion/energy
1218	2	play	sound	255	dev/conc
1218	2	play	sound	64	dev/fusion
1218	2	play	sound	255	dev/fusion
1218	1	play	sound	255	sfx/explosion/energy
1218	1	play	sound	255	sfx/explosion/energy
1218	1	play	sound	255	sfx/explosion/energy
1221	1	play	sound	255	sfx/explosion/energy
1224	1	play	sound	255	sfx/explosion/energy
1230	2	play	sound	255	dev/conc
1230	2	play	sound	38	dev/cm
1230	2	play	sound	255	dev/conc
1230	2	play	sound	13	dev/cm
1230	2	play	sound	56	dev/pk/ish
1230	2	play	sound	255	dev/conc/ricochet/1
1230	1	play	sound	255	sfx/explosion/energy
1230	1	play	sound	255	sfx/explosion/energy
1230	0	play	sound	255	sfx/explosion/large
1230	1	play	sound	255	sfx/explosion/energy
1239	2	play	sound	255	dev/conc/ricochet/1
1251	1	play	sound	20	dev/fusion
1251	1	play	sound	42	dev/pk/ish
1254	1	play	sound	255	dev/conc
1254	1	play	sound	20	dev/pk/ish
1254	1	play	sound	31	sfx/explosion/gas
1257	1	play	sound	73	dev/cm
1257	1	play	sound	74	dev/bay
1257	2	play	sound	74	dev/conc
1257	1	play	sound	177	sfx/explosion/energy
1260	1	play	sound	227	dev/kl
1260	1	play	sound	255	dev/conc
1260	1	play	sound	32	sfx/explosion/energy
1260	1	play	sound	83	sfx/explosion/gas
1263	1	play	sound	255	dev/conc
1263	1	play	sound	22	dev/pk/ish
1263	1	play	sound	32	sfx/explosion/energy
1266	2	play	sound	5	dev/kl
1266	1	play	sound	255	dev/conc
1266	2	play	sound	255	dev/conc
1266	1	play	sound	22	dev/fusion
1266	1	play	sound	105	dev/pp
1266	1	play	sound	105	dev/pp
1266	2	play	sound	105	dev/bay
1266	2	play	sound	57	dev/pp
1266	2	play	sound	57	dev/pp
1269	1	play	sound	255	dev/conc
1269	2	play	sound	206	sfx/energy
1269	1	play	sound	35	sfx/explosion/energy
1272	1	play	sound	228	dev/kl
1272	1	play	sound	255	dev/conc
1272	1	play	sound	23	dev/pk/ish
1272	1	play	sound	128	gui/beep/button
1272	1	play	sound	255	sfx/explosion/gas
1275	2	play	sound	255	dev/conc
1275	2	play	sound	22	dev/fusion
1275	2	play	sound	32	sfx/explosion/energy
1278	2	play	sound	221	dev/conc
1278	2	play	sound	255	dev/atomic
1284	2	play	sound	102	sfx/explosion/gas
1287	2	play	sound	255	sfx/explosion/energy
1293	0	play	sound	255	dev/atomic
1293	0	play	sound	151	sfx/explosion/gas
1296	0	play	sound	255	dev/conc
1299	0	play	sound	32	dev/kl
1299	0	play	sound	156	dev/conc
1299	0	play	sound	139	dev/pk/ish
1302	0	play	sound	155	dev/conc
1302	0	play	sound	38	dev/cm
1305	0	play	sound	255	gui/klaxon
1308	1	play	sound	255	dev/atomic
1308	2	play	sound	220	dev/conc
1308	2	play	sound	162	sfx/energy
1314	2	play	sound	216	dev/conc
1314	2	play	sound	38	dev/conc/ricochet/2
1314	2	play	sound	153	dev/conc/ricochet/2
1317	2	play	sound	213	sfx/explosion/energy
1320	2	play	sound	243	dev/bay
1326	2	play	sound	255	dev/fusion
1329	1	play	sound	22	sfx/explosion/energy
1329	1	play	sound	179	sfx/explosion/gas
1335	1	play	sound	205	dev/conc/ricochet/1
1338	2	play	sound	187	dev/atomic
1347	1	play	sound	255	dev/pk/ish
1350	1	play	sound	161	sfx/explosion/large
1353	1	play	sound	189	dev/conc
1353	1	play	sound	113	dev/lepton
1353	1	play	sound	49	sfx/explosion/gas
1356	1	play	sound	106	dev/cm
1356	1	play	sound	107	dev/bay
1356	1	play	sound	141	sfx/explosion/small
1356	1	play	sound	188	dev/conc/ricochet/2
1359	2	play	sound	147	dev/conc/ricochet/2
1362	1	play	sound	221	dev/cm
1362	2	play	sound	221	dev/conc
1362	2	play	sound	118	dev/lepton
1362	1	play	sound	255	dev/fusion
1368	2	play	sound	255	dev/pk/ish
1371	0	play	sound	21	dev/pk/ish
1371	0	play	sound	122	dev/lepton
1374	0	play	sound	127	sfx/explosion/small
1383	1	play	sound	53	dev/pp
1383	1	play	sound	53	dev/pp
1389	2	play	sound	255	dev/pk/ish
1392	0	play	sound	188	sfx/explosion/small
1395	1	play	sound	54	dev/pk/ish
1398	0	play	sound	241	sfx/explosion/small
1401	1	play	sound	211	dev/kl
1401	2	play	sound	195	dev/lepton
1407	0	play	sound	255	dev/conc
1407	1	play	sound	255	dev/fusion
1410	2	play	sound	201	dev/lepton
1410	2	play	sound	255	dev/pk/ish
1410	0	play	sound	198	sfx/explosion/energy
1413	0	play	sound	216	dev/kl
1413	0	play	sound	255	dev/conc
1413	0	play	sound	217	sfx/explosion/small
1413	0	play	sound	218	sfx/explosion/energy
1416	0	play	sound	235	sfx/explosion/energy
1419	0	play	sound	255	dev/conc
1422	1	play	sound	123	dev/conc
1431	2	play	sound	255	dev/pk/ish
1431	1	play	sound	128	gui/klaxon
1437	1	play	sound	193	dev/fusion
1437	1	play	sound	194	dev/pk/ish
1437	0	play	sound	193	dev/cm
1437	0	play	sound	253	dev/fusion
1437	1	play	sound	253	dev/pk/ish
1443	0	play	sound	255	dev/fusion
1446	2	play	sound	231	sfx/explosion/energy
1452	1	play	sound	255	dev/pk/ish
1455	0	play	sound	168	dev/kl
1455	0	play	sound	229	sfx/explosion/energy
1455	0	play	sound	209	sfx/explosion/gas
1461	1	play	sound	194	sfx/explosion/gas
1464	0	play	sound	240	dev/pk/ish
1467	0	play	sound	255	dev/conc
1467	2	play	sound	30	dev/conc
1470	2	play	sound	58	sfx/energy
1470	1	play	sound	229	sfx/explosion/energy
1473	1	play	sound	255	dev/conc
1473	2	play	sound	241	dev/fusion
1473	2	play	sound	255	dev/pk/ish
1479	0	play	sound	255	dev/conc
1482	0	play	sound	234	sfx/explosion/energy
1485	0	play	sound	255	dev/conc
1485	0	play	sound	243	dev/pk/ish
1488	1	play	sound	137	dev/cm
1488	1	play	sound	198	dev/fusion
1488	2	play	sound	198	dev/pk/ish
1488	1	play	sound	238	sfx/explosion/energy
1491	0	play	sound	255	dev/conc
1494	1	play	sound	255	sfx/warp/charge/1
1497	2	play	sound	255	dev/conc
1497	0	play	sound	203	dev/pk/ish
1497	2	play	sound	200	sfx/energy
1503	0	play	sound	255	dev/conc
1503	0	play	sound	102	dev/fusion
1503	0	play	sound	192	sfx/explosion/small
1506	0	play	sound	248	dev/pk/ish
1509	0	play	sound	255	dev/conc
1509	2	play	sound	249	dev/fusion
1509	0	play	sound	243	sfx/explosion/energy
1515	1	play	sound	156	dev/atomic
1515	0	play	sound	255	dev/conc
1515	1	play	sound	246	sfx/explosion/energy
1515	0	play	sound	32	sfx/energy
1518	0	play	sound	255	dev/atomic
1518	1	play	sound	255	sfx/warp/charge/2
1521	2	play	sound	6	dev/kl
1521	2	play	sound	158	dev/atomic
1521	2	play	sound	255	dev/conc
1521	2	play	sound	236	dev/bay
1521	0	play	sound	157	sfx/explosion/gas
1524	0	play	sound	237	dev/cm
1524	2	play	sound	237	dev/conc
1527	2	play	sound	87	dev/pp
1527	2	play	sound	87	dev/pp
1527	0	play	sound	253	dev/pk/ish
1530	2	play	sound	236	dev/conc
1533	2	play	sound	21	dev/pk/ish
1533	0	play	sound	255	dev/atomic
1533	2	play	sound	37	dev/fusion
1533	2	play	sound	38	dev/pk/ish
1533	2	play	sound	242	sfx/explosion/energy
1539	0	play	sound	15	sfx/explosion/gas
1542	0	play	sound	234	dev/conc
1542	0	play	sound	255	sfx/warp/charge/3
1542	1	play	sound	20	sfx/explosion/energy
1545	1	play	sound	178	dev/conc
1545	1	play	sound	235	dev/conc/ricochet/2
1554	2	play	sound	230	dev/conc
1554	2	play	sound	94	dev/pp
1554	2	play	sound	94	dev/pp
1557	2	play	sound	156	dev/kl
1557	2	play	sound	179	dev/conc
1557	2	play	sound	128	gui/klaxon
1560	2	play	sound	227	dev/conc
1560	2	play	sound	160	sfx/explosion/energy
1563	2	play	sound	178	dev/conc
1563	2	play	sound	155	sfx/explosion/small
1563	1	play	sound	154	sfx/explosion/energy
1566	1	play	sound	223	dev/conc
1566	1	play	sound	255	dev/lepton
1566	2	play	sound	255	dev/pk/ish
1569	0	play	sound	176	dev/conc
1569	0	play	sound	255	sfx/warp/charge/4
1578	1	play	sound	154	dev/atomic
1578	1	play	sound	215	dev/conc
1578	0	play	sound	171	sfx/explosion/gas
1578	1	play	sound	171	sfx/explosion/small
1581	2	play	sound	31	dev/fusion
1584	0	play	sound	210	dev/conc
1584	0	play	sound	251	dev/lepton
1587	2	play	sound	68	dev/cm
1590	1	play	sound	206	dev/conc
1590	1	play	sound	29	dev/pk/ish
1593	0	play	sound	255	sfx/warp/in
1596	1	play	sound	233	dev/kl
1596	2	play	sound	179	dev/lepton
1614	1	play	sound	87	dev/bay
1623	1	play	sound	111	dev/kl
1623	1	play	sound	255	dev/bay
1626	0	play	sound	60	sfx/explosion/gas
1635	0	play	sound	82	dev/kl
1638	0	play	sound	157	dev/kl
1641	2	play	sound	90	dev/conc
1647	2	play	sound	64	dev/kl
1647	2	play	sound	81	dev/conc
1647	2	play	sound	8	dev/fusion
1647	1	play	sound	8	dev/pk/ish
1647	1	play	sound	40	sfx/energy
1653	1	play	sound	75	dev/conc
1653	2	play	sound	20	dev/conc
1656	1	play	sound	19	dev/pk/ish
1656	1	play	sound	77	dev/conc/ricochet/1
1659	1	play	sound	101	dev/kl
1659	2	play	sound	21	dev/conc
1659	2	play	sound	43	dev/conc
1665	0	play	sound	9	dev/conc
1665	0	play	sound	70	dev/conc
1671	1	play	sound	1	dev/conc
1671	0	play	sound	100	dev/conc
1671	0	play	sound	163	dev/bay
1677	1	play	sound	130	dev/conc
1680	2	play	sound	88	dev/cm
1683	1	play	sound	163	dev/conc
1683	2	play	sound	128	gui/klaxon
1686	1	play	sound	58	dev/fusion
1692	1	play	sound	67	sfx/energy
1695	1	play	sound	122	dev/fusion
1695	0	play	sound	121	dev/pk/ish
1698	0	play	sound	179	dev/kl
1701	1	play	sound	151	dev/cm
1701	2	play	sound	135	sfx/explosion/gas
1704	1	play	sound	165	dev/pk/ish
1704	0	play	sound	236	dev/pp
1704	0	play	sound	236	dev/pp
1704	2	play	sound	151	sfx/explosion/energy
1707	2	play	sound	171	sfx/explosion/energy
1710	2	play	sound	182	sfx/explosion/energy
1716	1	play	sound	214	sfx/explosion/gas
1719	2	play	sound	189	dev/pk/ish
1722	0	play	sound	63	dev/conc
1722	0	play	sound	89	dev/bay
1722	0	play	sound	159	sfx/explosion/energy
1725	0	play	sound	182	dev/kl
1725	0	play	sound	225	dev/bay
1728	0	play	sound	255	dev/cm
1731	2	play	sound	190	dev/conc
1731	1	play	sound	255	dev/pp
1731	1	play	sound	255	dev/pp
1734	2	play	sound	205	sfx/explosion/energy
1734	2	play	sound	206	sfx/explosion/energy
1737	2	play	sound	208	dev/conc
1740	2	play	sound	159	dev/pk/ish
1740	2	play	sound	242	dev/fusion
1743	1	play	sound	222	dev/conc
1743	0	play	sound	255	dev/cm
1749	1	play	sound	230	dev/conc
1749	1	play	sound	148	dev/cm
1749	1	play	sound	158	dev/conc
1749	1	play	sound	162	dev/lepton
1752	2	play	sound	12	dev/cm
1752	1	play	sound	196	sfx/explosion/energy
1755	1	play	sound	228	dev/conc
1755	2	play	sound	138	dev/conc
1755	1	play	sound	65	dev/pk/ish
1755	1	play	sound	137	sfx/explosion/energy
1758	1	play	sound	167	dev/atomic
1758	2	play	sound	163	dev/pp
1758	2	play	sound	163	dev/pp
1761	1	play	sound	219	dev/conc
1761	1	play	sound	155	dev/atomic
1767	1	play	sound	206	dev/conc
1767	2	play	sound	204	dev/lepton
1770	1	play	sound	105	dev/lepton
1770	1	play	sound	190	dev/fusion
1773	1	play	sound	191	dev/conc
1773	1	play	sound	90	dev/atomic
1773	1	play	sound	178	dev/cm
1773	1	play	sound	212	dev/conc/ricochet/2
1776	0	play	sound	92	dev/kl
1776	0	play	sound	189	dev/fusion
1776	0	play	sound	195	dev/lepton
1776	0	play	sound	122	sfx/explosion/large
1776	0	play	sound	123	sfx/explosion/small
1779	2	play	sound	117	dev/bay
1779	2	play	sound	77	sfx/explosion/energy
1779	2	play	sound	78	sfx/explosion/energy
1779	2	play	sound	83	sfx/explosion/gas
1779	0	play	sound	200	dev/conc/ricochet/1
1785	2	play	sound	182	dev/pk/ish
1791	1	play	sound	176	dev/kl
1791	1	play	sound	181	dev/fusion
1797	0	play	sound	62	sfx/explosion/energy
1797	0	play	sound	81	sfx/explosion/small
1797	2	play	sound	78	sfx/explosion/energy
1797	0	play	sound	136	sfx/explosion/gas
1800	0	play	sound	175	dev/atomic
1800	2	play	sound	154	sfx/explosion/energy
1803	2	play	sound	157	dev/kl
1803	0	play	sound	180	dev/pk/ish
1806	2	play	sound	180	dev/fusion
1806	1	play	sound	128	dev/fusion
1809	0	play	sound	188	dev/cm
1809	1	play	sound	186	dev/conc
1809	1	play	sound	180	dev/pp
1809	1	play	sound	180	dev/pp
1815	0	play	sound	190	dev/conc
1815	0	play	sound	255	sfx/warp/out
1818	2	play	sound	157	dev/atomic
1821	1	play	sound	193	dev/conc
1821	1	play	sound	137	sfx/explosion/energy
1821	1	play	sound	194	sfx/explosion/gas
1827	1	play	sound	197	dev/conc
1830	1	play	sound	33	dev/lepton
1830	1	play	sound	34	dev/pk/ish
1830	1	play	sound	135	sfx/explosion/energy
1830	1	play	sound	163	sfx/explosion/small
1830	1	play	sound	166	sfx/explosion/energy
1833	0	play	sound	134	sfx/explosion/gas
1839	2	play	sound	26	dev/conc
1839	2	play	sound	37	dev/lepton
1842	2	play	sound	42	sfx/explosion/energy
1845	2	play	sound	108	dev/cm
1851	1	play	sound	35	dev/conc
1851	1	play	sound	37	dev/pk/ish
1854	1	play	sound	93	sfx/explosion/energy
1857	1	play	sound	106	dev/pp
1857	1	play	sound	106	dev/pp
1857	0	play	sound	255	dev/fusion
1857	1	play	sound	255	dev/pk/ish
1866	2	play	sound	132	dev/kl
1869	0	play	sound	126	sfx/explosion/energy
1872	1	play	sound	9	dev/kl
1872	0	play	sound	132	dev/conc
1872	1	play	sound	97	dev/bay
1872	0	play	sound	173	dev/cm
1872	0	play	sound	216	dev/pp
1872	0	play	sound	216	dev/pp
1875	0	play	sound	223	sfx/explosion/gas
1878	1	play	sound	130	dev/kl
1878	1	play	sound	133	dev/conc
1878	1	play	sound	101	dev/cm
1878	2	play	sound	100	dev/conc
1878	0	play	sound	255	dev/pk/ish
1878	1	play	sound	224	sfx/explosion/small
1881	2	play	sound	124	sfx/explosion/energy
1884	2	play	sound	134	dev/conc
1884	2	play	sound	26	dev/lepton
1884	2	play	sound	127	dev/pp
1884	2	play	sound	127	dev/pp
1887	2	play	sound	175	dev/bay
1887	1	play	sound	250	sfx/explosion/energy
1887	2	play	sound	250	sfx/explosion/large
1887	1	play	sound	250	sfx/explosion/energy
1890	0	play	sound	126	dev/kl
1893	0	play	sound	37	sfx/explosion/gas
1896	0	play	sound	126	dev/conc
1896	0	play	sound	63	dev/atomic
1896	0	play	sound	112	sfx/explosion/energy
1902	0	play	sound	117	dev/kl
1902	0	play	sound	121	dev/kl
1902	0	play	sound	122	dev/conc
1902	0	play	sound	25	dev/lepton
1902	0	play	sound	255	dev/fusion
1902	1	play	sound	255	dev/pk/ish
1911	0	play	sound	107	sfx/explosion/gas
1914	0	play	sound	124	dev/kl
1914	1	play	sound	115	dev/kl
1914	0	play	sound	203	dev/fusion
1914	0	play	sound	237	sfx/energy
1920	0	play	sound	255	dev/cm
1920	1	play	sound	166	sfx/explosion/energy
1923	1	play	sound	255	dev/pk/ish
1926	2	play	sound	255	dev/bay
1935	1	play	sound	88	dev/kl
1935	1	play	sound	157	dev/pp
1935	1	play	sound	157	dev/pp
1935	0	play	sound	154	sfx/explosion/gas
1935	0	play	sound	169	sfx/explosion/energy
1938	0	play	sound	255	dev/fusion
1944	1	play	sound	255	dev/pk/ish
1947	2	play	sound	81	dev/kl
1947	2	play	sound	126	dev/pk/ish
1950	0	play	sound	98	dev/kl
1956	1	play	sound	89	dev/kl
1959	2	play	sound	74	dev/kl
1959	2	play	sound	81	dev/conc
1959	0	play	sound	255	sfx/explosion/small
1959	1	play	sound	255	sfx/explosion/energy
1962	2	play	sound	183	dev/kl
1962	1	play	sound	255	sfx/explosion/energy
1965	2	play	sound	255	dev/pk/ish
1977	2	play	sound	148	dev/kl
1980	0	play	sound	71	dev/conc
1980	0	play	sound	74	sfx/explosion/energy
1980	0	play	sound	255	sfx/explosion/energy
1983	1	play	sound	71	dev/conc
1983	1	play	sound	179	sfx/energy
1986	2	play	sound	154	dev/pk/ish
1986	2	play	sound	255	dev/pk/ish
1989	1	play	sound	181	dev/pp
1989	1	play	sound	181	dev/pp
1989	0	play	sound	58	sfx/explosion/large
1989	0	play	sound	60	sfx/explosion/gas
1989	0	play	sound	255	sfx/energy
1992	1	play	sound	255	sfx/explosion/energy
1995	1	play	sound	255	sfx/explosion/energy
1998	2	play	sound	144	dev/fusion
2001	0	play	sound	34	dev/atomic
2001	0	play	sound	147	dev/cm
2001	0	play	sound	148	dev/conc
2004	0	play	sound	114	dev/kl
2007	0	play	sound	155	dev/pk/ish
2007	0	play	sound	255	dev/pk/ish
2010	2	play	sound	255	dev/fusion
2016	1	play	sound	117	dev/kl
2016	1	play	sound	190	dev/pp
2016	1	play	sound	190	dev/pp
2019	0	play	sound	56	dev/cm
2019	0	play	sound	255	sfx/explosion/energy
2028	2	play	sound	116	dev/kl
2028	2	play	sound	156	dev/pk/ish
2028	2	play	sound	255	dev/pk/ish
2031	1	play	sound	255	dev/cm
2040	2	play	sound	114	dev/kl
2040	2	play	sound	152	dev/pk/ish
2043	0	play	sound	113	dev/conc
2043	0	play	sound	194	dev/pp
2043	0	play	sound	194	dev/pp
2043	0	play	sound	255	sfx/explosion/energy
2046	2	play	sound	255	dev/fusion
2058	2	play	sound	155	dev/pk/ish
2067	1	play	sound	119	dev/kl
2067	1	play	sound	173	dev/conc
2070	1	play	sound	17	dev/kl
2070	1	play	sound	194	dev/pp
2070	1	play	sound	194	dev/pp
2070	2	play	sound	255	dev/pk/ish
2070	1	play	sound	255	sfx/energy
2073	0	play	sound	175	dev/conc
2073	0	play	sound	125	dev/cm
2073	0	play	sound	255	dev/pp
2073	0	play	sound	255	dev/pp
2082	1	play	sound	13	dev/kl
2082	1	play	sound	255	dev/fusion
2082	2	play	sound	105	sfx/explosion/energy
2082	2	play	sound	109	sfx/explosion/energy
2085	0	play	sound	10	sfx/explosion/energy
2088	0	play	sound	255	sfx/explosion/energy
2088	0	play	sound	255	sfx/explosion/energy
2088	0	play	sound	13	sfx/explosion/gas
2088	2	play	sound	255	sfx/explosion/energy
2091	0	play	sound	25	dev/cm
2091	0	play	sound	255	dev/pk/ish
2094	1	play	sound	9	dev/kl
2097	1	play	sound	31	dev/conc
2097	1	play	sound	188	dev/pk/ish
2097	1	play	sound	190	dev/pp
2097	1	play	sound	190	dev/pp
2100	1	play	sound	255	dev/pp
2100	1	play	sound	255	dev/pp
2103	0	play	sound	28	dev/conc
2103	0	play	sound	255	dev/cm
2103	2	play	sound	255	sfx/explosion/energy
2109	2	play	sound	255	sfx/explosion/energy
2112	1	play	sound	121	dev/kl
2112	1	play	sound	255	dev/pk/ish
2115	2	play	sound	255	sfx/explosion/energy
2124	1	play	sound	124	dev/kl
2124	1	play	sound	166	dev/conc
2124	1	play	sound	4	sfx/explosion/energy
2127	1	play	sound	17	dev/conc
2127	1	play	sound	255	dev/bay
2133	2	play	sound	255	sfx/explosion/energy
2136	0	play	sound	9	dev/kl
2136	0	play	sound	94	dev/conc
2136	0	play	sound	17	sfx/energy
2142	0	play	sound	93	dev/conc
2142	0	play	sound	19	dev/atomic
2142	0	play	sound	163	dev/conc
2145	0	play	sound	16	dev/atomic
2148	1	play	sound	3	dev/kl
2148	0	play	sound	92	dev/conc
2148	0	play	sound	162	dev/conc
2148	1	play	sound	138	dev/bay
2148	0	play	sound	255	dev/cm
2154	2	play	sound	91	dev/conc
2154	1	play	sound	161	dev/conc
2154	1	play	sound	255	dev/pp
2154	1	play	sound	255	dev/pp
2154	2	play	sound	255	dev/fusion
2175	1	play	sound	127	dev/kl
2175	2	play	sound	23	dev/lepton
2175	1	play	sound	255	dev/pk/ish
2175	2	play	sound	101	dev/fusion
2175	2	play	sound	103	dev/pk/ish
2178	2	play	sound	255	sfx/explosion/gas
2181	0	play	sound	43	dev/cm
2181	0	play	sound	255	dev/pp
2181	0	play	sound	255	dev/pp
2187	1	play	sound	128	gui/klaxon
2187	1	play	sound	255	sfx/explosion/energy
2190	0	play	sound	98	sfx/explosion/gas
2196	0	play	sound	255	dev/pk/ish
2208	0	play	sound	255	dev/cm
2208	1	play	sound	255	dev/conc
2208	1	play	sound	255	dev/pp
2208	1	play	sound	255	dev/pp
2211	2	play	sound	79	sfx/energy
2214	2	play	sound	255	dev/conc
2214	0	play	sound	255	sfx/explosion/gas
2223	2	play	sound	125	dev/pk/ish
2226	1	play	sound	95	dev/pk/ish
2226	1	play	sound	128	gui/beep/button
2235	1	play	sound	255	dev/pp
2235	1	play	sound	255	dev/pp
2235	2	play	sound	152	sfx/explosion/energy
2238	2	play	sound	255	sfx/explosion/energy
2241	1	play	sound	255	sfx/explosion/large
2241	2	play	sound	255	sfx/explosion/energy
2247	0	play	sound	187	dev/cm
2259	0	play	sound	255	dev/cm
2262	1	play	sound	255	dev/pp
2262	1	play	sound	255	dev/pp
2265	2	play	sound	133	dev/pk/ish
2265	2	play	sound	255	sfx/explosion/energy
2271	2	play	sound	255	sfx/explosion/energy
2271	2	play	sound	255	sfx/explosion/energy
2274	1	play	sound	49	dev/bay
2274	1	play	sound	255	dev/bay
2286	0	play	sound	143	sfx/explosion/gas
2289	1	play	sound	65	dev/pk/ish
2292	2	play	sound	255	sfx/explosion/energy
2295	1	play	sound	216	dev/pk/ish
2295	0	play	sound	255	dev/pp
2295	0	play	sound	255	dev/pp
2295	0	play	sound	198	sfx/explosion/gas
2316	1	play	sound	49	dev/cm
2319	1	play	sound	68	dev/pk/ish
2322	1	play	sound	139	dev/pk/ish
2322	2	play	sound	136	dev/pk/ish
2322	0	play	sound	255	dev/pp
2322	0	play	sound	255	dev/pp
2325	1	play	sound	255	sfx/explosion/energy
2328	1	play	sound	255	sfx/explosion/energy
2331	2	play	sound	255	dev/cm
2334	0	play	sound	148	dev/cm
2337	0	play	sound	255	sfx/explosion/gas
2349	1	play	sound	48	dev/conc
2349	1	play	sound	143	dev/bay
2349	1	play	sound	255	dev/pp
2349	1	play	sound	255	dev/pp
2355	1	play	sound	139	sfx/explosion/gas
2364	2	play	sound	131	dev/pk/ish
2370	0	play	sound	19	dev/conc/ricochet/2
2373	0	play	sound	45	dev/conc
2373	0	play	sound	85	sfx/explosion/energy
2373	0	play	sound	122	sfx/explosion/energy
2373	0	play	sound	164	sfx/energy
2376	0	play	sound	255	dev/pp
2376	0	play	sound	255	dev/pp
2376	1	play	sound	255	sfx/explosion/energy
2379	2	play	sound	44	dev/conc
2379	2	play	sound	45	dev/conc/ricochet/1
2385	2	play	sound	126	dev/pk/ish
2388	2	play	sound	141	dev/cm
2388	0	play	sound	141	dev/conc
2397	0	play	sound	135	dev/pk/ish
2397	1	play	sound	21	sfx/explosion/small
2400	0	play	sound	141	dev/conc
2403	1	play	sound	135	dev/pp
2403	1	play	sound	135	dev/pp
2406	1	play	sound	141	dev/conc
2406	0	play	sound	135	dev/cm
2406	1	play	sound	117	sfx/explosion/energy
2406	0	play	sound	141	dev/conc/ricochet/1
2409	1	play	sound	255	sfx/explosion/energy
2412	0	play	sound	148	dev/pk/ish
2412	0	play	sound	255	sfx/warp/charge/1
2412	2	play	sound	246	sfx/explosion/gas
2424	0	play	sound	136	sfx/explosion/gas
2424	0	play	sound	146	sfx/explosion/energy
2430	1	play	sound	140	dev/conc
2430	1	play	sound	131	dev/pp
2430	1	play	sound	131	dev/pp
2436	1	play	sound	139	dev/conc
2436	0	play	sound	255	sfx/warp/charge/2
2436	1	play	sound	145	sfx/explosion/energy
2445	1	play	sound	255	sfx/energy
2445	1	play	sound	255	sfx/energy
2445	1	play	sound	255	sfx/energy
2448	2	play	sound	138	dev/conc
2448	1	play	sound	255	sfx/energy
2448	1	play	sound	255	sfx/energy
2451	1	play	sound	255	sfx/energy
2454	1	play	sound	255	sfx/energy
2454	1	play	sound	255	sfx/energy
2454	1	play	sound	255	sfx/energy
2457	2	play	sound	148	dev/kl
2457	0	play	sound	126	dev/pp
2457	0	play	sound	126	dev/pp
2460	0	play	sound	137	dev/cm
2460	0	play	sound	143	dev/cm
2460	0	play	sound	255	sfx/warp/charge/3
2469	1	play	sound	57	sfx/energy
2472	2	play	sound	29	dev/conc
2478	1	play	sound	124	dev/cm
2478	2	play	sound	56	dev/fusion
2484	2	play	sound	123	dev/pp
2484	2	play	sound	123	dev/pp
2484	0	play	sound	54	dev/pk/ish
2487	0	play	sound	255	sfx/warp/charge/4
2490	2	play	sound	124	dev/pk/ish
2496	1	play	sound	139	sfx/explosion/small
2496	2	play	sound	139	sfx/explosion/energy
2508	0	play	sound	26	sfx/explosion/energy
2511	0	play	sound	52	dev/bay
2511	0	play	sound	255	sfx/warp/in
2517	2	play	sound	243	sfx/explosion/energy
2517	2	play	sound	243	sfx/explosion/energy
2517	2	play	sound	243	sfx/explosion/energy
2520	1	play	sound	30	dev/conc
2526	1	play	sound	34	dev/conc
2529	1	play	sound	65	sfx/explosion/gas
2532	0	play	sound	40	dev/conc
2535	0	play	sound	114	dev/pk/ish
2538	2	play	sound	47	dev/conc
2562	0	play	sound	143	dev/conc
2562	0	play	sound	161	sfx/energy
2565	0	play	sound	167	dev/bay
2568	1	play	sound	147	dev/conc
2568	1	play	sound	160	dev/pp
2568	1	play	sound	160	dev/pp
2571	1	play	sound	167	sfx/explosion/energy
2574	2	play	sound	151	dev/conc
2574	1	play	sound	174	sfx/explosion/energy
2580	2	play	sound	153	dev/conc
2586	2	play	sound	154	dev/conc
2586	2	play	sound	11	sfx/explosion/small
2586	2	play	sound	154	dev/conc/ricochet/2
2589	0	play	sound	8	dev/kl
2589	0	play	sound	23	dev/conc
2592	0	play	sound	154	dev/conc
2592	0	play	sound	22	sfx/explosion/gas
2595	0	play	sound	203	dev/pk/ish
2595	1	play	sound	26	dev/kl
2595	1	play	sound	185	dev/pp
2595	1	play	sound	185	dev/pp
2595	2	play	sound	154	dev/conc/ricochet/2
2601	1	play	sound	200	sfx/explosion/energy
2607	0	play	sound	67	dev/kl
2607	0	play	sound	192	dev/cm
2610	0	play	sound	255	dev/kl
2610	2	play	sound	188	sfx/explosion/energy
2613	2	play	sound	196	sfx/explosion/energy
2616	1	play	sound	201	dev/pk/ish
2622	2	play	sound	200	dev/atomic
2622	0	play	sound	142	dev/atomic
2622	0	play	sound	191	dev/pp
2622	0	play	sound	191	dev/pp
2628	1	play	sound	111	dev/conc
2628	1	play	sound	122	dev/lepton
2628	1	play	sound	123	dev/pk/ish
2631	0	play	sound	228	dev/fusion
2631	1	play	sound	226	dev/pk/ish
2637	0	play	sound	247	dev/cm
2646	1	play	sound	162	dev/lepton
2646	2	play	sound	151	sfx/explosion/energy
2649	1	play	sound	164	dev/kl
2649	1	play	sound	169	dev/pk/ish
2649	2	play	sound	167	dev/pp
2649	2	play	sound	167	dev/pp
2649	1	play	sound	200	sfx/explosion/energy
2652	0	play	sound	255	dev/cm
2652	1	play	sound	255	dev/conc
2652	1	play	sound	116	sfx/explosion/energy
2652	1	play	sound	123	sfx/explosion/energy
2655	1	play	sound	183	sfx/explosion/energy
2655	1	play	sound	204	sfx/explosion/energy
2658	1	play	sound	219	dev/kl
2658	1	play	sound	255	dev/conc
2658	1	play	sound	111	dev/conc/ricochet/1
2658	1	play	sound	255	dev/conc/ricochet/2
2661	2	play	sound	188	dev/kl
2661	2	play	sound	206	sfx/explosion/energy
2664	2	play	sound	249	dev/conc
2664	2	play	sound	212	sfx/explosion/energy
2664	1	play	sound	255	dev/conc/ricochet/2
2667	2	play	sound	255	sfx/warp/out
2667	0	play	sound	109	sfx/explosion/gas
2670	0	play	sound	210	dev/conc
2670	0	play	sound	234	dev/conc
2670	0	play	sound	218	sfx/explosion/small
2670	0	play	sound	241	dev/conc/ricochet/2
2676	0	play	sound	202	sfx/explosion/gas
2676	0	play	sound	222	sfx/explosion/gas
2682	0	play	sound	235	dev/kl
2682	1	play	sound	212	dev/conc
2682	1	play	sound	229	dev/conc
2682	1	play	sound	233	dev/conc/ricochet/2
2685	0	play	sound	237	sfx/explosion/gas
2688	2	play	sound	213	dev/conc
2688	2	play	sound	226	dev/conc
2688	2	play	sound	158	dev/cm
2688	2	play	sound	211	dev/conc/ricochet/2
2694	2	play	sound	214	dev/conc
2694	2	play	sound	223	dev/conc
2694	2	play	sound	211	sfx/explosion/energy
2700	2	play	sound	215	dev/kl
2700	1	play	sound	210	dev/conc
2700	1	play	sound	215	dev/conc
2703	1	play	sound	99	dev/pk/ish
2703	1	play	sound	224	dev/bay
2706	2	play	sound	233	dev/kl
2718	0	play	sound	209	dev/conc
2718	0	play	sound	217	dev/conc
2718	0	play	sound	219	dev/conc
2718	0	play	sound	215	dev/conc/ricochet/1
2721	2	play	sound	210	dev/conc/ricochet/1
2724	1	play	sound	95	dev/kl
2724	1	play	sound	209	dev/conc
2724	0	play	sound	219	dev/conc
2724	0	play	sound	205	sfx/explosion/large
2724	0	play	sound	218	dev/conc/ricochet/2
2727	1	play	sound	65	dev/pk/ish
2727	1	play	sound	217	dev/fusion
2727	0	play	sound	219	dev/pk/ish
2730	1	play	sound	219	dev/conc
2730	1	play	sound	138	dev/pp
2730	1	play	sound	138	dev/pp
2730	1	play	sound	206	sfx/energy
2730	2	play	sound	219	dev/conc/ricochet/1
2733	0	play	sound	229	dev/kl
2733	1	play	sound	206	sfx/energy
2733	1	play	sound	210	dev/conc/ricochet/2
2736	1	play	sound	225	dev/kl
2742	2	play	sound	220	sfx/explosion/energy
2745	0	play	sound	168	dev/kl
2745	0	play	sound	213	dev/pk/ish
2745	0	play	sound	255	dev/cm
2748	1	play	sound	211	dev/kl
2748	1	play	sound	212	sfx/explosion/energy
2751	1	play	sound	217	dev/conc/ricochet/2
2757	1	play	sound	219	dev/conc
2757	1	play	sound	210	dev/fusion
2757	0	play	sound	77	sfx/explosion/gas
2760	0	play	sound	212	dev/kl
2760	0	play	sound	208	sfx/explosion/gas
2760	1	play	sound	206	sfx/explosion/large
2760	1	play	sound	207	sfx/explosion/small
2760	0	play	sound	218	dev/conc/ricochet/1
2763	2	play	sound	67	dev/conc
2763	2	play	sound	201	dev/pk/ish
2763	2	play	sound	207	dev/conc/ricochet/2
2766	1	play	sound	211	sfx/explosion/energy
2766	1	play	sound	211	sfx/explosion/energy
2766	1	play	sound	223	sfx/explosion/energy
2772	2	play	sound	211	dev/kl
2775	0	play	sound	207	sfx/explosion/large
2775	0	play	sound	209	sfx/explosion/energy
2775	0	play	sound	219	sfx/explosion/energy
2775	2	play	sound	216	sfx/explosion/energy
2778	0	play	sound	255	dev/bay
2778	0	play	sound	208	sfx/explosion/energy
2778	0	play	sound	209	sfx/explosion/small
2781	0	play	sound	255	dev/atomic
2790	1	play	sound	255	dev/pk/ish
2793	2	play	sound	244	dev/cm
2793	2	play	sound	245	dev/bay
2796	2	play	sound	255	sfx/explosion/energy
2799	0	play	sound	80	sfx/explosion/gas
2802	1	play	sound	52	dev/pk/ish
2802	0	play	sound	215	dev/conc
2802	1	play	sound	70	dev/conc
2802	0	play	sound	221	sfx/explosion/energy
2805	1	play	sound	218	sfx/explosion/energy
2811	1	play	sound	219	sfx/explosion/energy
2817	2	play	sound	207	dev/pk/ish
2817	0	play	sound	255	dev/cm
2820	2	play	sound	218	dev/conc
2820	1	play	sound	219	sfx/explosion/energy
2820	1	play	sound	222	sfx/explosion/energy
2823	2	play	sound	206	sfx/energy
2826	2	play	sound	219	dev/conc
2826	2	play	sound	132	dev/fusion
2826	2	play	sound	210	sfx/explosion/energy
2829	1	play	sound	255	dev/pp
2829	1	play	sound	255	dev/pp
2829	2	play	sound	221	sfx/explosion/energy
2835	2	play	sound	255	dev/conc
2835	2	play	sound	193	sfx/explosion/energy
2838	2	play	sound	211	sfx/explosion/gas
2841	2	play	sound	255	dev/conc
2841	2	play	sound	211	sfx/energy
2841	1	play	sound	202	sfx/explosion/energy
2844	1	play	sound	255	dev/conc/ricochet/1
2847	2	play	sound	255	dev/conc
2847	2	play	sound	151	dev/cm
2847	1	play	sound	255	dev/conc/ricochet/1
2847	2	play	sound	196	sfx/explosion/energy
2850	2	play	sound	209	dev/atomic
2850	0	play	sound	191	sfx/explosion/energy
2853	0	play	sound	255	dev/conc
2853	2	play	sound	223	dev/conc
2853	1	play	sound	255	dev/conc/ricochet/1
2856	2	play	sound	255	dev/pk/ish
2856	0	play	sound	209	dev/kl
2856	0	play	sound	255	dev/pp
2856	0	play	sound	255	dev/pp
2868	0	play	sound	205	dev/kl
2868	0	play	sound	255	dev/kl
2868	2	play	sound	255	sfx/explosion/small
2871	1	play	sound	255	dev/conc
2871	1	play	sound	255	dev/conc/ricochet/2
2880	0	play	sound	255	sfx/explosion/energy
2883	1	play	sound	255	dev/conc/ricochet/2
2889	2	play	sound	255	dev/conc
2889	2	play	sound	255	dev/cm
2895	0	play	sound	255	sfx/explosion/energy
2895	0	play	sound	174	sfx/explosion/gas
2901	0	play	sound	231	dev/kl
2901	0	play	sound	255	dev/conc
2904	0	play	sound	208	dev/bay
2907	1	play	sound	122	dev/kl
2907	0	play	sound	255	dev/conc
2910	1	play	sound	251	dev/kl
2910	1	play	sound	255	dev/pp
2910	1	play	sound	255	dev/pp
2913	0	play	sound	228	dev/kl
2913	0	play	sound	255	dev/conc
2913	0	play	sound	255	dev/conc/ricochet/2
2919	0	play	sound	255	dev/conc/ricochet/2
2922	2	play	sound	196	dev/kl
2922	2	play	sound	249	dev/kl
2922	1	play	sound	118	dev/pp
2922	1	play	sound	118	dev/pp
2925	1	play	sound	225	dev/kl
2925	1	play	sound	255	dev/conc
2925	1	play	sound	172	dev/fusion
2925	1	play	sound	173	dev/pk/ish
2925	0	play	sound	255	dev/conc/ricochet/2
2931	0	play	sound	255	dev/conc/ricochet/2
2934	1	play	sound	187	dev/kl
2937	1	play	sound	255	dev/pp
2937	1	play	sound	255	dev/pp
2943	2	play	sound	99	dev/pk/ish
2946	2	play	sound	177	dev/kl
2949	0	play	sound	116	dev/pp
2949	0	play	sound	116	dev/pp
2952	1	play	sound	16	dev/pk/ish
2952	0	play	sound	117	sfx/explosion/energy
2955	1	play	sound	24	sfx/explosion/energy
2955	1	play	sound	114	sfx/explosion/small
2958	0	play	sound	149	sfx/explosion/energy
2961	0	play	sound	255	dev/cm
2964	1	play	sound	255	dev/conc
2964	2	play	sound	255	dev/pp
2964	2	play	sound	255	dev/pp
2970	1	play	sound	205	dev/fusion
2970	1	play	sound	255	sfx/explosion/small
2976	2	play	sound	255	dev/conc
2976	2	play	sound	113	dev/pp
2976	2	play	sound	113	dev/pp
2979	2	play	sound	255	dev/bay
2979	2	play	sound	212	sfx/explosion/energy
2979	0	play	sound	158	sfx/explosion/gas
2982	0	play	sound	255	dev/conc
2982	2	play	sound	255	dev/conc
2982	0	play	sound	59	sfx/explosion/energy
2982	2	play	sound	22	sfx/explosion/energy
2988	0	play	sound	210	dev/kl
2988	0	play	sound	255	dev/conc
2988	2	play	sound	252	dev/conc
2988	0	play	sound	103	sfx/energy
2991	0	play	sound	141	dev/cm
2991	0	play	sound	255	dev/pp
2991	0	play	sound	255	dev/pp
2991	2	play	sound	255	dev/conc/ricochet/2
2991	1	play	sound	224	sfx/explosion/small
2991	1	play	sound	225	sfx/explosion/small
2994	1	play	sound	255	dev/conc
2994	1	play	sound	196	dev/bay
2994	1	play	sound	203	sfx/explosion/large
2994	1	play	sound	204	sfx/explosion/energy
2997	1	play	sound	255	dev/conc/ricochet/1
3003	0	play	sound	109	dev/pp
3003	0	play	sound	109	dev/pp
3003	0	play	sound	255	sfx/explosion/energy
3003	2	play	sound	255	dev/conc/ricochet/2
3009	2	play	sound	255	dev/conc/ricochet/2
3015	1	play	sound	30	sfx/explosion/energy
3015	1	play	sound	255	sfx/explosion/small
3024	0	play	sound	185	dev/cm
3027	0	play	sound	255	dev/conc
3030	0	play	sound	104	dev/pp
3030	0	play	sound	104	dev/pp
3033	0	play	sound	255	dev/conc
3033	0	play	sound	255	dev/cm
3042	2	play	sound	195	sfx/energy
3045	2	play	sound	255	dev/pp
3045	2	play	sound	255	dev/pp
3045	1	play	sound	74	sfx/explosion/energy
3048	1	play	sound	144	dev/kl
3054	1	play	sound	255	sfx/explosion/energy
3054	1	play	sound	255	sfx/explosion/energy
3054	0	play	sound	255	sfx/explosion/large
3054	1	play	sound	255	sfx/explosion/energy
3057	2	play	sound	97	dev/pp
3057	2	play	sound	97	dev/pp
3063	2	play	sound	150	sfx/energy
3066	1	play	sound	78	sfx/explosion/large
3066	1	play	sound	79	sfx/explosion/energy
3072	1	play	sound	123	dev/kl
3072	1	play	sound	255	dev/pp
3072	1	play	sound	255	dev/pp
3081	2	play	sound	30	dev/conc
3084	2	play	sound	114	dev/kl
3087	1	play	sound	28	dev/conc
3087	1	play	sound	255	sfx/explosion/energy
3093	2	play	sound	145	dev/pk/ish
3099	2	play	sound	255	dev/pp
3099	2	play	sound	255	dev/pp
3105	1	play	sound	255	sfx/explosion/gas
3108	2	play	sound	253	sfx/explosion/large
3108	2	play	sound	255	sfx/explosion/energy
3117	0	play	sound	88	dev/fusion
3117	0	play	sound	89	dev/pk/ish
3120	0	play	sound	208	dev/atomic
3120	0	play	sound	111	sfx/explosion/large
3129	0	play	sound	137	dev/cm
3132	2	play	sound	83	dev/fusion
3150	0	play	sound	190	dev/pk/ish
3156	2	play	sound	186	sfx/explosion/energy
3156	1	play	sound	109	sfx/energy
3165	0	play	sound	13	dev/pk/ish
3165	0	play	sound	103	dev/cm
3171	1	play	sound	1	sfx/explosion/energy
3180	0	play	sound	254	sfx/energy
3180	1	play	sound	121	sfx/explosion/energy
3198	2	play	sound	103	dev/kl
3207	0	play	sound	99	sfx/explosion/energy
3213	0	play	sound	109	dev/bay
3216	2	play	sound	104	dev/pk/ish
3216	0	play	sound	165	dev/kl
3216	1	play	sound	132	dev/cm
3231	0	play	sound	100	sfx/explosion/small
3231	2	play	sound	99	sfx/explosion/energy
3237	0	play	sound	168	dev/kl
3240	0	play	sound	85	sfx/explosion/gas
3246	0	play	sound	176	sfx/explosion/small
3246	0	play	sound	176	sfx/explosion/small
3252	1	play	sound	40	dev/cm
3261	1	play	sound	131	dev/conc
3267	2	play	sound	131	dev/conc
3270	1	play	sound	76	dev/kl
3276	0	play	sound	219	sfx/energy
3282	1	play	sound	174	dev/kl
3285	2	play	sound	95	sfx/energy
3294	2	play	sound	172	dev/kl
3297	0	play	sound	82	sfx/explosion/gas
3300	0	play	sound	137	sfx/explosion/energy
3303	1	play	sound	52	sfx/explosion/energy
3306	1	play	sound	69	dev/bay
3309	2	play	sound	68	dev/cm
3324	0	play	sound	166	dev/conc
3324	0	play	sound	22	dev/cm
3330	0	play	sound	166	dev/conc
3330	1	play	sound	66	dev/conc
3330	1	play	sound	77	sfx/explosion/large
3330	0	play	sound	67	dev/conc/ricochet/1
3336	0	play	sound	166	dev/conc
3342	1	play	sound	166	dev/conc
3342	2	play	sound	64	dev/conc
3342	2	play	sound	165	dev/conc/ricochet/2
3345	0	play	sound	103	dev/pk/ish
3348	0	play	sound	167	dev/kl
3348	2	play	sound	166	dev/conc
3348	1	play	sound	167	dev/conc/ricochet/2
3348	2	play	sound	77	sfx/explosion/energy
3354	2	play	sound	166	dev/conc
3354	2	play	sound	112	sfx/explosion/energy
3360	2	play	sound	164	dev/kl
3360	2	play	sound	166	dev/conc
3366	2	play	sound	113	dev/pk/ish
3366	2	play	sound	165	dev/conc
3369	0	play	sound	169	sfx/energy
3372	1	play	sound	164	dev/conc
3372	1	play	sound	128	sfx/explosion/energy
3375	2	play	sound	10	dev/pp
3375	2	play	sound	10	dev/pp
3378	1	play	sound	162	dev/conc
3384	0	play	sound	221	dev/atomic
3384	2	play	sound	161	dev/conc
3387	1	play	sound	186	dev/atomic
3387	2	play	sound	165	dev/atomic
3396	2	play	sound	183	dev/conc
3396	2	play	sound	6	dev/cm
3402	2	play	sound	180	dev/conc
3402	2	play	sound	4	dev/pp
3402	2	play	sound	4	dev/pp
3405	2	play	sound	69	dev/kl
3405	2	play	sound	157	sfx/explosion/small
3405	2	play	sound	159	dev/conc/ricochet/2
3408	0	play	sound	156	dev/conc
3414	0	play	sound	125	dev/bay
3417	1	play	sound	76	dev/kl
3429	1	play	sound	82	dev/kl
3438	2	play	sound	64	dev/kl
3441	1	play	sound	89	dev/kl
3450	0	play	sound	62	dev/kl
3453	0	play	sound	95	dev/kl
3465	0	play	sound	103	dev/kl
3468	0	play	sound	164	sfx/energy
3471	1	play	sound	128	gui/beep/zoom
3480	1	play	sound	133	dev/cm
3480	2	play	sound	132	dev/conc
3486	2	play	sound	133	dev/conc
3492	1	play	sound	134	dev/conc
3498	1	play	sound	135	dev/conc
3504	1	play	sound	137	dev/kl
3504	2	play	sound	135	dev/conc
3510	2	play	sound	136	dev/kl
3510	0	play	sound	136	dev/conc
3516	2	play	sound	136	dev/kl
3522	0	play	sound	138	dev/cm
3522	1	play	sound	60	sfx/energy
3528	1	play	sound	135	dev/kl
3528	2	play	sound	134	dev/kl
3540	2	play	sound	134	dev/kl
3546	1	play	sound	128	sfx/explosion/small
3546	1	play	sound	129	sfx/explosion/small
3564	2	play	sound	53	dev/pk/ish
3567	2	play	sound	129	sfx/energy
3570	0	play	sound	84	dev/kl
3579	1	play	sound	65	dev/cm
3579	2	play	sound	65	dev/conc
3582	0	play	sound	86	dev/kl
3596	0	play	sound	128	gui/beep/zoom
3597	0	play	sound	48	dev/pk/ish
3606	0	play	sound	68	dev/conc
3612	0	play	sound	69	dev/conc
3612	1	play	sound	151	dev/cm
3618	0	play	sound	70	dev/conc
3618	0	play	sound	148	dev/cm
3621	2	play	sound	97	dev/kl
3621	0	play	sound	91	sfx/explosion/gas
3624	0	play	sound	140	dev/atomic
3627	0	play	sound	160	dev/atomic
3651	0	play	sound	255	sfx/explosion/small
3669	2	play	sound	41	dev/pk/ish
3678	1	play	sound	32	sfx/explosion/energy
3681	1	play	sound	35	dev/kl
3684	1	play	sound	92	sfx/energy
3690	1	play	sound	139	dev/atomic
3690	1	play	sound	148	dev/cm
3690	0	play	sound	38	sfx/explosion/energy
3693	2	play	sound	32	dev/kl
3702	2	play	sound	35	sfx/explosion/energy
3716	0	play	sound	128	gui/beep/zoom
3720	0	play	sound	34	dev/pk/ish
3726	1	play	sound	30	sfx/explosion/small
3726	2	play	sound	30	sfx/explosion/energy
3732	0	play	sound	144	dev/cm
3762	0	play	sound	146	dev/cm
3804	1	play	sound	137	dev/cm
3834	0	play	sound	150	dev/cm
3861	0	play	sound	255	dev/bay
3864	2	play	sound	105	dev/atomic
3867	2	play	sound	109	dev/atomic
3876	0	play	sound	33	sfx/explosion/small
3876	0	play	sound	35	sfx/explosion/small
3909	1	play	sound	255	dev/cm
3918	2	play	sound	11	dev/fusion
3918	0	play	sound	78	sfx/energy
3933	0	play	sound	128	gui/beep/zoom
3954	0	play	sound	1	dev/fusion
3972	0	play	sound	70	sfx/energy
3978	0	play	sound	99	dev/atomic
3981	1	play	sound	255	dev/cm
3990	2	play	sound	91	dev/cm
3999	0	play	sound	255	sfx/explosion/gas
4053	1	play	sound	255	dev/cm
4062	2	play	sound	91	dev/cm
4104	0	play	sound	74	dev/atomic
4107	0	play	sound	76	dev/atomic
4125	1	play	sound	255	dev/cm
4134	0	play	sound	88	dev/cm
4137	2	play	sound	13	sfx/energy
4140	2	play	sound	16	sfx/explosion/gas
4158	2	play	sound	20	sfx/explosion/small
4161	0	play	sound	119	sfx/explosion/energy
4197	1	play	sound	255	dev/cm
4212	0	play	sound	217	dev/kl
4212	0	play	sound	219	dev/kl
4218	2	play	sound	48	dev/atomic
4224	0	play	sound	220	dev/kl
4239	0	play	sound	255	sfx/explosion/energy
4245	2	play	sound	86	dev/cm
4269	1	play	sound	255	dev/cm
4275	2	play	sound	255	dev/kl
4287	0	play	sound	255	dev/pp
4287	0	play	sound	255	dev/pp
4287	0	play	sound	67	sfx/explosion/large
4287	1	play	sound	67	sfx/explosion/gas
4290	2	play	sound	255	dev/kl
4296	0	play	sound	68	sfx/explosion/small
4299	0	play	sound	255	dev/bay
4305	1	play	sound	255	sfx/explosion/small
4305	0	play	sound	255	sfx/explosion/energy
4314	2	play	sound	255	dev/pp
4314	2	play	sound	255	dev/pp
4335	2	play	sound	128	sfx/explosion/energy
4341	2	play	sound	255	dev/pp
4341	2	play	sound	255	dev/pp
4341	0	play	sound	255	dev/cm
4344	1	play	sound	188	sfx/explosion/energy
4356	2	play	sound	108	dev/cm
4359	1	play	sound	255	sfx/energy
4368	2	play	sound	255	dev/pp
4368	2	play	sound	255	dev/pp
4371	1	play	sound	6	dev/cm
4371	1	play	sound	125	sfx/explosion/energy
4395	2	play	sound	255	dev/pp
4395	2	play	sound	255	dev/pp
4413	0	play	sound	255	dev/cm
4422	2	play	sound	255	dev/pp
4422	2	play	sound	255	dev/pp
4428	1	play	sound	105	dev/cm
4437	2	play	sound	85	sfx/energy
4443	2	play	sound	89	dev/atomic
4449	1	play	sound	255	dev/pp
4449	1	play	sound	255	dev/pp
4449	2	play	sound	96	sfx/explosion/gas
4458	0	play	sound	80	dev/atomic
4461	1	play	sound	38	dev/pp
4461	1	play	sound	38	dev/pp
4464	1	play	sound	52	sfx/explosion/energy
4488	0	play	sound	48	dev/pp
4488	0	play	sound	48	dev/pp
4488	1	play	sound	90	sfx/explosion/energy
4488	1	play	sound	92	sfx/explosion/energy
4494	0	play	sound	83	dev/pk/ish
4494	0	play	sound	255	dev/cm
4500	1	play	sound	208	dev/kl
4500	1	play	sound	255	dev/pp
4500	1	play	sound	255	dev/pp
4500	2	play	sound	255	dev/bay
4503	0	play	sound	95	sfx/explosion/gas
4515	2	play	sound	58	dev/pp
4515	2	play	sound	58	dev/pp
4527	1	play	sound	255	dev/pp
4527	1	play	sound	255	dev/pp
4539	2	play	sound	67	dev/cm
4542	0	play	sound	255	dev/pk/ish
4542	2	play	sound	68	dev/pp
4542	2	play	sound	68	dev/pp
4545	2	play	sound	79	dev/pk/ish
4551	1	play	sound	66	sfx/explosion/energy
4551	1	play	sound	87	sfx/explosion/energy
4551	2	play	sound	86	sfx/explosion/energy
4554	1	play	sound	255	dev/pp
4554	1	play	sound	255	dev/pp
4554	2	play	sound	98	sfx/explosion/energy
4557	2	play	sound	240	sfx/explosion/small
4557	0	play	sound	236	sfx/explosion/energy
4566	1	play	sound	89	dev/pk/ish
4566	0	play	sound	255	dev/cm
4566	0	play	sound	86	sfx/explosion/gas
4575	0	play	sound	95	sfx/explosion/energy
4575	1	play	sound	90	sfx/explosion/energy
4575	1	play	sound	90	sfx/explosion/energy
4581	0	play	sound	255	dev/pp
4581	0	play	sound	255	dev/pp
4587	1	play	sound	100	dev/pk/ish
4590	1	play	sound	233	sfx/energy
4596	2	play	sound	80	dev/pp
4596	2	play	sound	80	dev/pp
4608	2	play	sound	110	dev/pk/ish
4611	0	play	sound	82	dev/cm
4614	0	play	sound	113	sfx/explosion/energy
4614	0	play	sound	113	sfx/explosion/energy
4617	1	play	sound	57	sfx/explosion/energy
4617	0	play	sound	122	sfx/explosion/energy
4623	0	play	sound	255	dev/pp
4623	0	play	sound	255	dev/pp
4623	1	play	sound	84	dev/pp
4623	1	play	sound	84	dev/pp
4638	1	play	sound	149	dev/kl
4638	2	play	sound	132	dev/cm
4638	0	play	sound	130	dev/conc
4638	2	play	sound	255	dev/cm
4644	0	play	sound	203	dev/pk/ish
4644	1	play	sound	190	dev/conc
4647	1	play	sound	129	sfx/explosion/energy
4650	1	play	sound	146	dev/kl
4650	1	play	sound	193	dev/conc
4650	0	play	sound	255	dev/pp
4650	0	play	sound	255	dev/pp
4650	1	play	sound	88	dev/pp
4650	1	play	sound	88	dev/pp
4650	1	play	sound	134	sfx/explosion/energy
4650	1	play	sound	193	sfx/explosion/energy
4656	1	play	sound	195	dev/conc
4656	1	play	sound	77	dev/cm
4656	1	play	sound	140	dev/conc
4656	1	play	sound	132	sfx/explosion/energy
4662	1	play	sound	143	dev/kl
4662	1	play	sound	196	dev/conc
4662	0	play	sound	143	dev/conc
4665	0	play	sound	156	dev/kl
4668	1	play	sound	154	dev/kl
4668	0	play	sound	197	dev/conc
4668	0	play	sound	129	sfx/explosion/energy
4674	0	play	sound	139	dev/kl
4677	0	play	sound	163	dev/conc
4677	0	play	sound	255	dev/pp
4677	0	play	sound	255	dev/pp
4677	2	play	sound	93	dev/pp
4677	2	play	sound	93	dev/pp
4677	2	play	sound	146	sfx/explosion/gas
4680	2	play	sound	153	dev/kl
4683	1	play	sound	181	dev/atomic
4683	1	play	sound	240	dev/atomic
4686	2	play	sound	227	sfx/explosion/small
4686	2	play	sound	229	sfx/explosion/gas
4698	0	play	sound	195	dev/atomic
4704	1	play	sound	189	dev/conc
4704	0	play	sound	255	dev/pp
4704	0	play	sound	255	dev/pp
4704	1	play	sound	98	dev/pp
4704	1	play	sound	98	dev/pp
4707	1	play	sound	195	dev/conc
4710	1	play	sound	255	dev/cm
4716	0	play	sound	188	dev/conc
4719	0	play	sound	193	dev/conc
4719	0	play	sound	126	sfx/explosion/small
4719	2	play	sound	124	sfx/explosion/energy
4722	0	play	sound	194	dev/conc/ricochet/1
4725	2	play	sound	192	dev/conc
4728	2	play	sound	187	dev/kl
4731	2	play	sound	191	dev/conc
4731	2	play	sound	193	dev/conc/ricochet/1
4740	0	play	sound	185	dev/kl
4743	0	play	sound	189	dev/conc
4743	0	play	sound	191	dev/conc/ricochet/1
4749	1	play	sound	188	dev/conc
4749	0	play	sound	255	dev/pp
4749	0	play	sound	255	dev/pp
4749	1	play	sound	186	sfx/explosion/small
4749	2	play	sound	186	sfx/explosion/energy
4755	1	play	sound	197	dev/pk/ish
4758	2	play	sound	199	sfx/explosion/energy
4764	0	play	sound	151	dev/pk/ish
4764	0	play	sound	255	sfx/explosion/small
4764	2	play	sound	255	sfx/explosion/energy
4776	1	play	sound	255	dev/pp
4776	1	play	sound	255	dev/pp
4785	0	play	sound	163	dev/conc
4785	0	play	sound	147	sfx/energy
4794	2	play	sound	118	dev/pp
4794	2	play	sound	118	dev/pp
4794	2	play	sound	128	gui/beep/button
4797	0	play	sound	181	dev/cm
4797	2	play	sound	181	dev/conc
4800	0	play	sound	186	dev/pk/ish
4800	0	play	sound	213	dev/cm
4800	2	play	sound	201	sfx/explosion/small
4800	2	play	sound	204	sfx/explosion/gas
4803	1	play	sound	181	dev/conc
4812	1	play	sound	122	dev/cm
4812	1	play	sound	128	gui/beep/button
4821	1	play	sound	160	dev/conc
4821	1	play	sound	125	dev/pp
4821	1	play	sound	125	dev/pp
4824	1	play	sound	160	sfx/explosion/small
4833	0	play	sound	159	dev/conc
4833	0	play	sound	169	dev/pk/ish
4836	0	play	sound	210	sfx/energy
4839	2	play	sound	159	dev/conc
4842	1	play	sound	184	sfx/explosion/energy
4845	0	play	sound	213	sfx/explosion/gas
4848	0	play	sound	255	sfx/explosion/gas
4851	2	play	sound	159	dev/conc
4853	2	play	sound	128	gui/beep/zoom
4854	1	play	sound	255	dev/pp
4854	1	play	sound	255	dev/pp
4854	2	play	sound	255	dev/cm
4854	1	play	sound	201	sfx/explosion/gas
4881	0	play	sound	165	dev/pk/ish
4881	0	play	sound	255	dev/pp
4881	0	play	sound	255	dev/pp
4893	1	play	sound	158	dev/conc
4899	2	play	sound	158	dev/conc
4905	0	play	sound	158	dev/conc
4905	0	play	sound	241	sfx/energy
4908	0	play	sound	255	dev/pp
4908	0	play	sound	255	dev/pp
4908	1	play	sound	137	sfx/energy
4911	1	play	sound	158	dev/conc
4914	1	play	sound	156	dev/conc/ricochet/1
4917	1	play	sound	157	dev/conc
4920	1	play	sound	159	dev/conc/ricochet/2
4923	2	play	sound	124	dev/atomic
4923	2	play	sound	129	dev/atomic
4926	1	play	sound	255	dev/cm
4932	2	play	sound	255	sfx/explosion/large
4932	0	play	sound	255	sfx/explosion/gas
4965	1	play	sound	165	dev/pp
4965	1	play	sound	165	dev/pp
4968	0	play	sound	156	dev/kl
4974	1	play	sound	255	dev/pp
4974	1	play	sound	255	dev/pp
4977	0	play	sound	218	sfx/energy
4980	0	play	sound	255	sfx/explosion/gas
4986	1	play	sound	137	dev/conc
4989	1	play	sound	146	dev/conc
4992	1	play	sound	172	dev/pp
4992	1	play	sound	172	dev/pp
4992	1	play	sound	255	sfx/explosion/energy
4992	1	play	sound	255	sfx/explosion/energy
4995	2	play	sound	152	dev/pk/ish
4995	2	play	sound	238	dev/kl
4998	2	play	sound	255	dev/cm
4998	1	play	sound	230	sfx/explosion/gas
5001	1	play	sound	255	dev/pp
5001	1	play	sound	255	dev/pp
5016	0	play	sound	141	dev/conc
5016	0	play	sound	240	dev/conc
5016	0	play	sound	255	sfx/explosion/energy
5016	0	play	sound	255	sfx/explosion/energy
5022	1	play	sound	235	dev/conc
5022	1	play	sound	142	sfx/energy
5028	1	play	sound	255	dev/pp
5028	1	play	sound	255	dev/pp
5037	0	play	sound	255	sfx/explosion/gas
5040	2	play	sound	255	sfx/explosion/energy
5040	2	play	sound	255	sfx/explosion/energy
5052	1	play	sound	187	dev/cm
5055	1	play	sound	255	dev/pp
5055	1	play	sound	255	dev/pp
5067	2	play	sound	255	sfx/explosion/energy
5067	2	play	sound	255	sfx/explosion/energy
5070	1	play	sound	255	dev/cm
5079	0	play	sound	216	dev/conc
5082	0	play	sound	255	dev/pp
5082	0	play	sound	255	dev/pp
5088	2	play	sound	255	sfx/explosion/energy
5088	2	play	sound	255	sfx/explosion/energy
5094	0	play	sound	248	sfx/energy
5094	0	play	sound	255	sfx/explosion/large
5094	1	play	sound	255	sfx/explosion/gas
5109	2	play	sound	230	dev/pk/ish
5109	2	play	sound	255	dev/pp
5109	2	play	sound	255	dev/pp
5115	0	play	sound	215	sfx/explosion/energy
5115	0	play	sound	255	sfx/explosion/energy
5118	0	play	sound	255	sfx/explosion/energy
5121	2	play	sound	255	sfx/energy
5124	0	play	sound	255	sfx/explosion/energy
5124	2	play	sound	255	sfx/energy
5124	2	play	sound	255	sfx/energy
5124	2	play	sound	255	sfx/energy
5127	0	play	sound	255	sfx/explosion/energy
5127	0	play	sound	255	sfx/explosion/energy
5127	0	play	sound	255	sfx/explosion/energy
5127	0	play	sound	255	sfx/explosion/energy
5127	0	play	sound	255	sfx/explosion/energy
5127	0	play	sound	255	sfx/explosion/energy
5127	2	play	sound	255	sfx/energy
5127	2	play	sound	255	sfx/energy
5127	2	play	sound	255	sfx/energy
5127	2	play	sound	255	sfx/energy
5127	0	play	sound	255	sfx/explosion/energy
5130	0	play	sound	255	sfx/explosion/energy
5130	0	play	sound	255	sfx/explosion/energy
5130	0	play	sound	255	sfx/explosion/energy
5130	0	play	sound	255	sfx/explosion/energy
5130	0	play	sound	255	sfx/explosion/energy
5130	0	play	sound	255	sfx/explosion/energy
5133	2	play	sound	255	sfx/energy
5133	0	play	sound	255	sfx/explosion/energy
5136	0	play	sound	255	sfx/explosion/energy
5139	0	play	sound	255	sfx/explosion/energy
5157	1	play	sound	206	dev/conc
5163	2	play	sound	204	dev/conc
5169	0	play	sound	201	dev/conc
5175	1	play	sound	199	dev/conc
5175	0	play	sound	216	dev/cm
5181	1	play	sound	152	sfx/energy
5193	0	play	sound	229	dev/kl
5229	1	play	sound	158	sfx/energy
5235	2	play	sound	118	dev/atomic
5238	2	play	sound	159	dev/atomic
5238	1	play	sound	159	dev/conc
5247	1	play	sound	126	dev/atomic
5262	1	play	sound	157	dev/conc
5268	0	play	sound	156	dev/conc
5268	0	play	sound	168	sfx/explosion/small
5268	1	play	sound	167	sfx/explosion/small
5304	0	play	sound	225	dev/cm
5313	1	play	sound	223	dev/cm
5328	2	play	sound	140	sfx/energy
5376	0	play	sound	235	dev/cm
5382	2	play	sound	128	gui/beep/button
5385	2	play	sound	220	dev/cm
5406	0	play	sound	255	sfx/explosion/gas
5412	1	play	sound	40	dev/cm
5451	1	play	sound	128	gui/beep/button
5463	0	play	sound	255	sfx/explosion/gas
5475	1	play	sound	136	dev/atomic
5478	1	play	sound	137	dev/atomic
5487	2	play	sound	101	dev/atomic
5493	1	play	sound	255	dev/pp
5493	1	play	sound	255	dev/pp
5493	2	play	sound	255	dev/cm
5517	0	play	sound	204	sfx/warp/charge/2
5520	1	play	sound	255	dev/pp
5520	1	play	sound	255	dev/pp
5523	0	play	sound	255	sfx/explosion/energy
5535	0	play	sound	255	sfx/explosion/energy
5535	2	play	sound	255	sfx/explosion/small
5541	1	play	sound	201	sfx/warp/charge/3
5547	1	play	sound	255	dev/pp
5547	1	play	sound	255	dev/pp
5565	0	play	sound	255	dev/cm
5568	2	play	sound	196	sfx/warp/charge/4
5574	0	play	sound	255	dev/cm
5574	1	play	sound	255	dev/pp
5574	1	play	sound	255	dev/pp
5592	1	play	sound	191	sfx/warp/in
5601	1	play	sound	255	dev/pp
5601	1	play	sound	255	dev/pp
5601	2	play	sound	255	sfx/explosion/energy
5628	1	play	sound	255	dev/pp
5628	1	play	sound	255	dev/pp
5628	0	play	sound	255	sfx/explosion/gas
5628	2	play	sound	255	sfx/explosion/energy
5628	2	play	sound	255	sfx/explosion/energy
5640	0	play	sound	255	sfx/explosion/gas
5655	1	play	sound	255	dev/pp
5655	1	play	sound	255	dev/pp
5682	1	play	sound	255	dev/pp
5682	1	play	sound	255	dev/pp
5682	2	play	sound	255	sfx/explosion/energy
5682	2	play	sound	255	sfx/explosion/energy
5706	0	play	sound	255	sfx/explosion/gas
5709	1	play	sound	255	dev/pp
5709	1	play	sound	255	dev/pp
5709	2	play	sound	255	dev/cm
5715	2	play	sound	255	dev/cm
5727	1	play	sound	218	dev/atomic
5736	1	play	sound	255	dev/pp
5736	1	play	sound	255	dev/pp
5754	0	play	sound	255	sfx/explosion/small
5763	2	play	sound	120	dev/cm
5763	1	play	sound	255	dev/pp
5763	1	play	sound	255	dev/pp
5772	0	play	sound	255	sfx/explosion/small
5781	2	play	sound	255	dev/cm
5781	0	play	sound	255	sfx/explosion/gas
5790	1	play	sound	255	dev/pp
5790	1	play	sound	255	dev/pp
5817	1	play	sound	255	dev/pp
5817	1	play	sound	255	dev/pp
5826	0	play	sound	255	sfx/explosion/energy
5826	0	play	sound	255	sfx/explosion/energy
5841	0	play	sound	255	sfx/explosion/gas
5844	1	play	sound	255	dev/pp
5844	1	play	sound	255	dev/pp
5853	2	play	sound	255	dev/cm
5868	1	play	sound	255	sfx/explosion/small
5898	0	play	sound	255	sfx/explosion/energy
5910	2	play	sound	255	dev/cm
5910	1	play	sound	255	dev/conc
5910	1	play	sound	255	dev/pp
5910	1	play	sound	255	dev/pp
5913	0	play	sound	255	sfx/explosion/gas
5925	2	play	sound	255	dev/cm
5934	1	play	sound	255	sfx/explosion/energy
5937	1	play	sound	255	sfx/explosion/energy
5958	1	play	sound	255	sfx/explosion/energy
5961	1	play	sound	255	sfx/explosion/energy
5964	0	play	sound	255	dev/pp
5964	0	play	sound	255	dev/pp
5967	2	play	sound	255	dev/conc
5991	0	play	sound	255	dev/pp
5991	0	play	sound	255	dev/pp
5997	2	play	sound	255	dev/cm
6000	1	play	sound	222	sfx/energy
6015	0	play	sound	210	dev/atomic
6018	0	play	sound	255	dev/pp
6018	0	play	sound	255	dev/pp
6033	1	play	sound	211	sfx/explosion/energy
6033	2	play	sound	211	sfx/explosion/small
6033	1	play	sound	255	sfx/explosion/energy
6036	1	play	sound	255	sfx/explosion/energy
6045	0	play	sound	255	dev/pp
6045	0	play	sound	255	dev/pp
6048	2	play	sound	255	sfx/explosion/gas
6057	1	play	sound	255	sfx/explosion/energy
6060	1	play	sound	255	sfx/explosion/energy
6069	0	play	sound	255	dev/cm
6081	1	play	sound	255	sfx/explosion/energy
6084	1	play	sound	255	sfx/explosion/energy
6099	2	play	sound	255	dev/pp
6099	2	play	sound	255	dev/pp
6102	0	play	sound	255	sfx/explosion/gas
6108	1	play	sound	255	sfx/explosion/energy
6108	1	play	sound	255	sfx/explosion/energy
6126	2	play	sound	255	dev/pp
6126	2	play	sound	255	dev/pp
6132	1	play	sound	255	sfx/explosion/energy
6135	1	play	sound	255	sfx/explosion/energy
6141	0	play	sound	255	dev/cm
6153	2	play	sound	255	dev/pp
6153	2	play	sound	255	dev/pp
6159	1	play	sound	255	sfx/explosion/energy
6159	1	play	sound	255	sfx/explosion/energy
6171	0	play	sound	255	sfx/explosion/gas
6210	2	play	sound	255	dev/pp
6210	2	play	sound	255	dev/pp
6213	1	play	sound	255	dev/cm
6231	0	play	sound	255	sfx/explosion/energy
6237	2	play	sound	255	dev/pp
6237	2	play	sound	255	dev/pp
6255	1	play	sound	235	dev/atomic
6264	2	play	sound	255	dev/pp
6264	2	play	sound	255	dev/pp
6276	0	play	sound	207	sfx/warp/charge/1
6282	0	play	sound	255	sfx/explosion/gas
6285	1	play	sound	255	dev/cm
6291	2	play	sound	255	dev/pp
6291	2	play	sound	255	dev/pp
6318	2	play	sound	255	dev/pp
6318	2	play	sound	255	dev/pp
6324	0	play	sound	255	dev/kl
6324	1	play	sound	211	sfx/warp/charge/3
6336	1	play	sound	255	sfx/explosion/energy
6345	2	play	sound	255	dev/pp
6345	2	play	sound	255	dev/pp
6351	0	play	sound	214	sfx/warp/charge/4
6357	0	play	sound	255	dev/cm
6372	2	play	sound	255	dev/pp
6372	2	play	sound	255	dev/pp
6372	1	play	sound	255	sfx/explosion/small
6375	0	play	sound	255	gui/klaxon
6390	2	play	sound	229	dev/kl
6390	2	play	sound	255	dev/conc
6393	1	play	sound	216	sfx/explosion/gas
6396	1	play	sound	255	dev/conc/ricochet/2
6399	2	play	sound	255	dev/pp
6399	2	play	sound	255	dev/pp
6426	2	play	sound	255	dev/pp
6426	2	play	sound	255	dev/pp
6429	1	play	sound	255	dev/cm
6435	1	play	sound	255	sfx/explosion/large
6447	0	play	sound	193	sfx/warp/charge/1
6453	2	play	sound	255	dev/pp
6453	2	play	sound	255	dev/pp
6465	0	play	sound	255	sfx/explosion/energy
6471	2	play	sound	184	sfx/warp/charge/2
6486	2	play	sound	186	sfx/explosion/gas
6492	0	play	sound	50	sfx/warp/out
6495	0	play	sound	175	sfx/warp/charge/3
6501	1	play	sound	128	gui/klaxon
6522	1	play	sound	166	sfx/warp/charge/4
6534	0	play	sound	255	dev/pp
6534	0	play	sound	255	dev/pp
6546	2	play	sound	157	sfx/warp/in
6621	1	play	sound	128	gui/beep/button
6627	1	play	sound	128	gui/klaxon
6753	1	play	sound	128	gui/klaxon
6825	1	play	sound	255	sfx/energy
6852	0	play	sound	128	gui/beep/button
6879	0	play	sound	128	gui/klaxon
6882	2	play	sound	128	gui/beep/button
6933	0	play	sound	255	dev/conc
6933	2	play	sound	255	dev/pp
6933	2	play	sound	255	dev/pp
6933	0	play	sound	255	dev/cm
6939	1	play	sound	255	dev/conc
6945	2	play	sound	255	dev/conc
6945	1	play	sound	255	dev/conc/ricochet/2
6951	2	play	sound	255	dev/conc/ricochet/1
6954	2	play	sound	255	dev/conc/ricochet/1
6969	1	play	sound	255	sfx/explosion/energy
6969	1	play	sound	255	sfx/explosion/energy
6987	0	play	sound	255	dev/pp
6987	0	play	sound	255	dev/pp
6996	1	play	sound	255	sfx/explosion/energy
7005	2	play	sound	255	dev/cm
7005	0	play	sound	128	gui/klaxon
7014	0	play	sound	255	dev/pp
7014	0	play	sound	255	dev/pp
7029	0	play	sound	255	sfx/explosion/large
7029	1	play	sound	255	sfx/explosion/energy
7041	2	play	sound	255	dev/pp
7041	2	play	sound	255	dev/pp
7056	1	play	sound	255	sfx/explosion/energy
7110	2	play	sound	128	gui/beep/button
7125	2	play	sound	128	gui/beep/button
7131	2	play	sound	128	gui/klaxon
7137	1	play	sound	128	gui/beep/button
7152	1	play	sound	128	gui/beep/button
7164	1	play	sound	128	gui/beep/button
7179	1	play	sound	128	gui/beep/button
7220	0	play	sound	128	gui/beep/zoom
7257	2	play	sound	128	gui/klaxon
7329	0	play	sound	255	sfx/energy
7335	1	play	sound	128	gui/beep/button
7353	1	play	sound	128	gui/beep/button
7380	2	play	sound	128	gui/beep/zoom
7383	1	play	sound	128	gui/beep/button
7383	1	play	sound	128	gui/klaxon
7407	2	play	sound	128	gui/beep/zoom
7482	1	play	sound	255	sfx/warp/charge/1
7506	2	play	sound	255	sfx/warp/charge/2
7509	0	play	sound	128	gui/klaxon
7530	0	play	sound	255	sfx/warp/charge/3
7557	1	play	sound	255	sfx/warp/charge/4
7581	2	play	sound	255	sfx/warp/in
7635	0	play	sound	128	gui/klaxon
7638	1	play	sound	128	gui/beep/button
7687	2	play	sound	128	gui/beep/zoom
7752	1	play	sound	31	sfx/explosion/energy
7752	1	play	sound	31	sfx/explosion/energy
7761	0	play	sound	128	gui/klaxon
7773	1	play	sound	118	dev/kl
7773	2	play	sound	97	dev/pp
7773	2	play	sound	97	dev/pp
7779	2	play	sound	118	sfx/explosion/small
7785	0	play	sound	137	sfx/explosion/energy
7788	0	play	sound	218	dev/cm
7794	0	play	sound	223	dev/cm
7812	1	play	sound	213	sfx/explosion/gas
7815	1	play	sound	221	sfx/explosion/gas
7833	0	play	sound	255	sfx/warp/out
7860	2	play	sound	221	dev/cm
7866	1	play	sound	255	sfx/explosion/gas
7881	2	play	sound	255	dev/pp
7881	2	play	sound	255	dev/pp
7887	0	play	sound	128	gui/klaxon
7887	0	play	sound	255	sfx/explosion/energy
7887	0	play	sound	255	sfx/explosion/energy
7899	0	play	sound	255	sfx/explosion/energy
7923	2	play	sound	255	dev/pp
7923	2	play	sound	255	dev/pp
7929	1	play	sound	237	sfx/energy
7932	0	play	sound	208	dev/cm
7941	0	play	sound	255	sfx/explosion/energy
7941	0	play	sound	255	sfx/explosion/energy
7950	2	play	sound	255	dev/pp
7950	2	play	sound	255	dev/pp
7965	0	play	sound	255	sfx/explosion/energy
7965	0	play	sound	255	sfx/explosion/energy
7968	1	play	sound	255	sfx/explosion/gas
7971	2	play	sound	255	dev/pp
7971	2	play	sound	255	dev/pp
7977	2	play	sound	255	dev/pp
7977	2	play	sound	255	dev/pp
7992	0	play	sound	255	dev/cm
7992	2	play	sound	74	sfx/explosion/energy
7992	2	play	sound	255	sfx/explosion/energy
7995	2	play	sound	255	sfx/explosion/energy
8004	1	play	sound	255	dev/pp
8004	1	play	sound	255	dev/pp
8022	1	play	sound	255	dev/conc
8025	1	play	sound	255	dev/pp
8025	1	play	sound	255	dev/pp
8028	2	play	sound	255	dev/conc
8028	2	play	sound	255	sfx/explosion/energy
8031	1	play	sound	255	dev/pp
8031	1	play	sound	255	dev/pp
8034	0	play	sound	255	dev/kl
8037	0	play	sound	255	sfx/explosion/gas
8043	1	play	sound	255	sfx/explosion/small
8043	2	play	sound	255	sfx/explosion/energy
8043	0	play	sound	255	sfx/explosion/gas
8046	2	play	sound	255	sfx/explosion/energy
8064	1	play	sound	255	dev/cm
8067	2	play	sound	255	sfx/explosion/energy
8067	2	play	sound	255	sfx/explosion/energy
8073	2	play	sound	255	sfx/explosion/energy
8079	0	play	sound	255	dev/pp
8079	0	play	sound	255	dev/pp
8091	0	play	sound	255	dev/pp
8091	0	play	sound	255	dev/pp
8094	2	play	sound	255	dev/conc
8094	2	play	sound	255	dev/conc/ricochet/1
8097	0	play	sound	255	sfx/explosion/gas
8097	1	play	sound	255	sfx/explosion/energy
8097	1	play	sound	255	sfx/explosion/energy
8097	1	play	sound	255	sfx/explosion/energy
8100	2	play	sound	255	dev/conc/ricochet/1
8103	1	play	sound	255	sfx/explosion/energy
8106	2	play	sound	255	dev/conc/ricochet/1
8112	2	play	sound	255	dev/conc/ricochet/1
8112	1	play	sound	168	sfx/explosion/gas
8118	1	play	sound	255	dev/conc
8118	1	play	sound	255	dev/pp
8118	1	play	sound	255	dev/pp
8130	0	play	sound	255	dev/conc
8133	0	play	sound	255	dev/kl
8133	2	play	sound	255	sfx/explosion/energy
8133	1	play	sound	255	dev/conc/ricochet/2
8139	1	play	sound	255	dev/conc/ricochet/2
8142	2	play	sound	255	sfx/explosion/energy
8145	0	play	sound	255	dev/pp
8145	0	play	sound	255	dev/pp
8151	0	play	sound	255	dev/pp
8151	0	play	sound	255	dev/pp
8160	1	play	sound	255	dev/conc
8166	0	play	sound	255	dev/conc
8172	2	play	sound	255	dev/conc
8172	0	play	sound	255	dev/pp
8172	0	play	sound	255	dev/pp
8172	1	play	sound	255	sfx/explosion/energy
8178	0	play	sound	255	dev/pp
8178	0	play	sound	255	dev/pp
8178	2	play	sound	255	dev/conc/ricochet/1
8187	0	play	sound	255	sfx/explosion/gas
8187	1	play	sound	255	sfx/explosion/energy
8190	1	play	sound	255	sfx/explosion/energy
8190	2	play	sound	255	dev/conc/ricochet/1
8193	1	play	sound	255	sfx/explosion/energy
8196	2	play	sound	255	dev/conc/ricochet/1
8202	2	play	sound	255	dev/conc/ricochet/1
8208	2	play	sound	255	dev/conc/ricochet/1
8214	1	play	sound	255	sfx/energy
8226	0	play	sound	255	dev/cm
8226	2	play	sound	255	dev/pp
8226	2	play	sound	255	dev/pp
8232	2	play	sound	255	dev/pp
8232	2	play	sound	255	dev/pp
8238	1	play	sound	255	sfx/explosion/energy
8241	1	play	sound	255	sfx/explosion/energy
8244	1	play	sound	255	sfx/explosion/energy
8253	2	play	sound	255	dev/pp
8253	2	play	sound	255	dev/pp
8259	2	play	sound	255	dev/pp
8259	2	play	sound	255	dev/pp
8262	0	play	sound	243	dev/conc
8265	0	play	sound	128	gui/klaxon
8265	0	play	sound	241	sfx/explosion/energy
8268	1	play	sound	240	dev/conc
8271	0	play	sound	255	sfx/explosion/energy
8271	1	play	sound	255	sfx/explosion/gas
8271	0	play	sound	255	sfx/explosion/energy
8271	2	play	sound	241	dev/conc/ricochet/2
8280	2	play	sound	252	dev/pp
8280	2	play	sound	252	dev/pp
8286	2	play	sound	255	dev/pp
8286	2	play	sound	255	dev/pp
8292	0	play	sound	251	dev/cm
8292	0	play	sound	173	sfx/explosion/gas
8295	0	play	sound	227	sfx/explosion/large
8295	0	play	sound	229	sfx/explosion/energy
8298	0	play	sound	255	dev/cm
8298	2	play	sound	255	sfx/explosion/energy
8301	2	play	sound	255	sfx/explosion/energy
8313	1	play	sound	255	dev/pp
8313	1	play	sound	255	dev/pp
8328	2	play	sound	255	sfx/explosion/energy
8331	2	play	sound	255	sfx/explosion/energy
8340	1	play	sound	255	dev/pp
8340	1	play	sound	255	dev/pp
8343	0	play	sound	255	sfx/explosion/gas
8355	2	play	sound	255	sfx/explosion/energy
8358	2	play	sound	255	sfx/explosion/energy
8367	1	play	sound	255	dev/pp
8367	1	play	sound	255	dev/pp
8385	2	play	sound	255	sfx/explosion/energy
8391	0	play	sound	128	gui/klaxon
8391	2	play	sound	255	sfx/explosion/energy
8394	1	play	sound	255	dev/pp
8394	1	play	sound	255	dev/pp
8415	2	play	sound	255	sfx/explosion/energy
8418	2	play	sound	255	sfx/explosion/energy
8421	1	play	sound	255	dev/pp
8421	1	play	sound	255	dev/pp
8421	0	play	sound	255	sfx/explosion/gas
8442	1	play	sound	255	dev/cm
8442	2	play	sound	255	sfx/explosion/energy
8445	1	play	sound	255	sfx/explosion/large
8445	2	play	sound	255	sfx/explosion/energy
8484	2	play	sound	229	sfx/explosion/gas
8502	0	play	sound	223	sfx/energy
8508	0	play	sound	255	sfx/explosion/energy
8508	0	play	sound	255	sfx/explosion/energy
8508	0	play	sound	255	sfx/explosion/energy
8508	0	play	sound	255	sfx/explosion/energy
8511	0	play	sound	255	sfx/explosion/energy
8511	0	play	sound	255	sfx/explosion/energy
8514	1	play	sound	120	dev/cm
8517	1	play	sound	128	gui/klaxon
8517	0	play	sound	255	sfx/explosion/energy
8574	1	play	sound	197	dev/kl
8577	1	play	sound	218	dev/pp
8577	1	play	sound	218	dev/pp
8583	1	play	sound	219	sfx/explosion/energy
8586	2	play	sound	205	dev/kl
8586	0	play	sound	130	dev/cm
8586	0	play	sound	205	sfx/explosion/small
8592	1	play	sound	219	sfx/explosion/energy
8610	0	play	sound	218	sfx/explosion/large
8610	2	play	sound	215	sfx/explosion/gas
8643	1	play	sound	128	gui/klaxon
8673	1	play	sound	214	sfx/explosion/energy
8676	1	play	sound	218	sfx/explosion/energy
8679	1	play	sound	222	sfx/explosion/energy
8679	1	play	sound	222	sfx/explosion/energy
8679	1	play	sound	222	sfx/explosion/energy
8736	0	play	sound	255	sfx/energy
8739	0	play	sound	255	sfx/energy
8742	0	play	sound	255	sfx/energy
8742	0	play	sound	255	sfx/energy
8745	0	play	sound	255	sfx/energy
8748	0	play	sound	255	sfx/energy
8748	0	play	sound	255	sfx/energy
8751	0	play	sound	255	sfx/energy
8751	0	play	sound	255	sfx/energy
8769	2	play	sound	128	gui/klaxon
8850	2	play	sound	211	sfx/energy
8853	2	play	sound	212	sfx/energy
8853	2	play	sound	212	sfx/energy
8853	2	play	sound	212	sfx/energy
8856	2	play	sound	213	sfx/energy
8859	2	play	sound	215	sfx/energy
8862	2	play	sound	216	sfx/energy
8865	2	play	sound	217	sfx/energy
8868	2	play	sound	218	sfx/energy
8877	1	play	sound	255	dev/cm
8886	2	play	sound	225	sfx/energy
8892	2	play	sound	227	dev/cm
8895	0	play	sound	128	gui/klaxon
8916	0	play	sound	255	dev/pp
8916	0	play	sound	255	dev/pp
8964	2	play	sound	252	dev/cm
8973	2	play	sound	255	sfx/explosion/gas
9021	1	play	sound	128	gui/klaxon
9024	2	play	sound	255	sfx/explosion/gas
9036	1	play	sound	255	dev/cm
9054	0	play	sound	255	dev/conc
9060	2	play	sound	255	dev/conc
9066	0	play	sound	255	dev/conc
9066	0	play	sound	255	dev/conc/ricochet/1
9069	1	play	sound	255	dev/conc
9069	0	play	sound	255	dev/conc/ricochet/1
9072	2	play	sound	255	dev/conc
9078	0	play	sound	255	sfx/explosion/gas
9078	1	play	sound	255	dev/conc/ricochet/2
9081	2	play	sound	255	dev/conc/ricochet/1
9087	2	play	sound	255	dev/conc/ricochet/1
9093	2	play	sound	255	dev/conc/ricochet/1
9096	1	play	sound	255	dev/conc
9096	1	play	sound	255	dev/cm
9108	2	play	sound	255	dev/conc/ricochet/1
9114	0	play	sound	255	dev/conc
9117	0	play	sound	255	sfx/explosion/large
9117	1	play	sound	255	sfx/explosion/gas
9126	2	play	sound	255	dev/conc
9132	2	play	sound	255	dev/conc/ricochet/2
9138	0	play	sound	255	dev/conc
9138	0	play	sound	255	dev/conc/ricochet/1
9144	0	play	sound	255	dev/conc/ricochet/1
9150	0	play	sound	255	dev/conc/ricochet/1
9267	1	play	sound	255	sfx/energy
9273	2	play	sound	128	gui/klaxon
9273	1	play	sound	255	sfx/energy
9279	1	play	sound	255	sfx/energy
9282	1	play	sound	255	sfx/energy
9291	1	play	sound	255	sfx/energy
9303	1	play	sound	255	sfx/energy
9309	1	play	sound	255	sfx/energy
9309	1	play	sound	255	sfx/energy
9363	1	play	sound	255	sfx/energy
9372	2	play	sound	255	dev/conc
9378	0	play	sound	255	dev/conc
9378	0	play	sound	255	dev/conc/ricochet/2
9384	1	play	sound	255	dev/conc
9384	1	play	sound	255	dev/conc/ricochet/1
9390	2	play	sound	255	dev/conc
9390	0	play	sound	255	dev/conc/ricochet/2
9396	1	play	sound	255	dev/conc/ricochet/1
9399	2	play	sound	128	gui/klaxon
9402	2	play	sound	255	dev/conc
9402	2	play	sound	255	dev/pp
9402	2	play	sound	255	dev/pp
9402	1	play	sound	255	dev/conc/ricochet/1
9408	0	play	sound	255	dev/conc
9411	0	play	sound	255	sfx/explosion/large
9414	0	play	sound	255	sfx/explosion/large
9414	1	play	sound	255	dev/conc/ricochet/1
9456	2	play	sound	255	sfx/explosion/energy
9513	1	play	sound	17	sfx/explosion/energy
9525	1	play	sound	255	sfx/explosion/energy
9573	0	play	sound	128	gui/beep/button
9594	0	play	sound	128	gui/beep/button
9606	0	play	sound	128	gui/beep/button
9618	0	play	sound	128	gui/beep/button
9636	0	play	sound	128	gui/beep/button
9933	0	play	sound	128	gui/beep/button
9942	0	play	sound	128	gui/beep/button
9954	0	play	sound	128	gui/beep/button
9963	0	play	sound	128	gui/beep/button
9972	0	play	sound	128	gui/beep/button
10011	2	play	sound	128	gui/beep/zoom
10038	0	play	sound	128	gui/beep/button
10053	0	play	sound	128	gui/beep/button
10140	0	quiet
10140	1	quiet
10140	2	quiet
10140	3	quiet
