0	3	quiet
0	3	loop	music	255	freds-theme
0	3	quiet
0	3	quiet
0	3	loop	music	215	technobee
1	0	play	sound	128	gui/beep/zoom
114	1	play	sound	128	gui/beep/button
138	1	play	sound	128	gui/beep/button
186	0	play	sound	192	gui/beep/select
195	0	play	sound	192	gui/beep/select
300	0	play	sound	192	gui/beep/select
300	0	play	sound	192	gui/beep/select
324	0	play	sound	192	gui/beep/select
513	0	play	sound	192	gui/beep/select
513	0	play	sound	192	gui/beep/select
540	0	play	sound	192	gui/beep/select
642	0	play	sound	192	gui/beep/select
642	0	play	sound	192	gui/beep/select
804	2	play	sound	128	gui/beep/build
864	1	play	sound	128	gui/beep/button
954	0	play	sound	192	gui/beep/select
987	0	play	sound	192	gui/beep/select
1029	2	play	sound	128	gui/beep/order
1044	0	play	sound	192	gui/beep/select
1068	0	play	sound	192	gui/beep/select
1089	2	play	sound	128	gui/beep/order
1437	1	play	sound	128	gui/beep/button
1443	0	play	sound	128	gui/beep/naughty
1470	2	play	sound	128	gui/beep/build
1470	1	play	sound	128	gui/beep/button
1779	2	play	sound	128	gui/beep/build
1845	0	play	sound	192	gui/beep/select
1980	0	play	sound	192	gui/beep/select
2085	0	play	sound	208	sfx/warp/out
2205	1	play	sound	128	gui/beep/button
2214	1	play	sound	128	gui/beep/button
2361	1	play	sound	129	dev/cm
2394	2	play	sound	53	dev/cm
2433	1	play	sound	160	dev/cm
2439	1	play	sound	162	dev/pk/sal
2457	1	play	sound	171	dev/pk/sal
2475	1	play	sound	184	dev/pk/sal
2493	1	play	sound	200	dev/pk/sal
2505	2	play	sound	173	dev/cm
2511	1	play	sound	214	dev/pk/sal
2526	2	play	sound	174	dev/pp
2529	1	play	sound	227	dev/pk/sal
2538	0	play	sound	174	dev/repulser
2547	1	play	sound	239	dev/pk/sal
2553	2	play	sound	173	dev/pp
2562	0	play	sound	67	dev/cm
2577	0	play	sound	171	dev/cm
2592	1	play	sound	126	dev/pk/sal
2598	2	play	sound	67	sfx/warp/charge/1
2622	1	play	sound	64	sfx/warp/charge/2
2637	1	play	sound	128	gui/beep/button
2646	1	play	sound	61	sfx/warp/charge/3
2646	1	play	sound	128	gui/beep/button
2649	0	play	sound	213	dev/cm
2652	0	play	sound	214	dev/pp
2652	2	play	sound	128	gui/beep/zoom
2658	1	play	sound	104	dev/pk/sal
2667	0	play	sound	220	dev/repulser
2673	2	play	sound	60	sfx/warp/charge/4
2679	0	play	sound	224	dev/pp
2679	0	play	sound	255	sfx/explosion/gas
2679	1	play	sound	58	sfx/explosion/energy
2682	1	play	sound	153	dev/rplasma
2682	1	play	sound	192	gui/beep/select
2694	1	play	sound	230	dev/repulser
2697	2	play	sound	63	sfx/warp/in
2706	1	play	sound	235	dev/pp
2721	1	play	sound	240	dev/cm
2745	2	play	sound	80	dev/pk/sal
2772	2	play	sound	88	dev/pk/sal
2772	1	play	sound	255	dev/pp
2772	2	play	sound	255	dev/repulser
2784	0	play	sound	152	dev/repulser
2784	1	play	sound	118	sfx/explosion/energy
2793	0	play	sound	255	dev/cm
2799	1	play	sound	255	dev/pp
2799	2	play	sound	255	dev/repulser
2820	1	play	sound	151	dev/repulser
2820	1	play	sound	255	sfx/explosion/energy
2826	2	play	sound	255	dev/pp
2826	0	play	sound	255	dev/repulser
2841	0	play	sound	255	sfx/explosion/gas
2844	1	play	sound	255	sfx/explosion/energy
2853	2	play	sound	136	dev/pk/sal
2853	2	play	sound	255	dev/pp
2865	2	play	sound	255	dev/cm
2865	1	play	sound	255	sfx/explosion/energy
2865	1	play	sound	255	sfx/explosion/energy
2874	0	play	sound	115	dev/fusion
2880	0	play	sound	255	dev/pp
2886	1	play	sound	255	sfx/explosion/energy
2886	1	play	sound	255	sfx/explosion/energy
2892	0	play	sound	255	sfx/explosion/gas
2895	0	play	sound	255	gui/klaxon
2901	1	play	sound	255	dev/assault/uns
2904	2	play	sound	255	tpl/evat/board
2904	2	play	sound	255	tpl/evat/board
2904	2	play	sound	255	tpl/evat/board
2904	2	play	sound	255	tpl/evat/board
2904	2	play	sound	255	tpl/evat/board
2937	1	play	sound	70	sfx/warp/charge/2
2937	1	play	sound	255	dev/cm
2961	0	play	sound	79	sfx/warp/charge/3
2962	0	play	sound	128	gui/beep/zoom
2964	0	play	sound	167	dev/pk/ish
2982	0	play	sound	176	dev/fusion
2982	0	play	sound	205	sfx/explosion/energy
2982	0	play	sound	207	sfx/explosion/energy
2988	2	play	sound	88	sfx/warp/charge/4
3009	1	play	sound	255	dev/cm
3012	2	play	sound	97	sfx/warp/in
3015	2	play	sound	192	gui/beep/select
3018	0	play	sound	233	dev/pk/sal
3021	2	play	sound	128	gui/klaxon
3030	2	play	sound	131	sfx/warp/charge/1
3033	0	play	sound	128	gui/beep/zoom
3036	0	play	sound	253	dev/pk/sal
3039	2	play	sound	192	gui/beep/select
3045	0	play	sound	255	dev/pp
3045	2	play	sound	255	sfx/explosion/energy
3054	1	play	sound	140	sfx/warp/charge/2
3054	1	play	sound	255	dev/pk/sal
3054	2	play	sound	255	sfx/explosion/energy
3054	2	play	sound	255	sfx/explosion/energy
3060	0	play	sound	255	dev/repulser
3072	1	play	sound	255	dev/pk/sal
3072	0	play	sound	255	dev/pp
3072	2	play	sound	255	sfx/explosion/energy
3078	2	play	sound	255	sfx/explosion/energy
3084	2	play	sound	255	sfx/explosion/energy
3087	0	play	sound	255	dev/repulser
3087	1	play	sound	192	gui/beep/select
3099	1	play	sound	255	dev/pp
3099	2	play	sound	255	sfx/explosion/energy
3105	0	play	sound	161	sfx/warp/charge/4
3108	0	play	sound	192	gui/beep/select
3114	0	play	sound	255	dev/repulser
3114	0	play	sound	255	sfx/explosion/gas
3123	2	play	sound	255	sfx/explosion/energy
3126	1	play	sound	255	dev/pp
3132	2	play	sound	255	sfx/explosion/energy
3141	1	play	sound	255	dev/repulser
3147	0	play	sound	128	gui/klaxon
3153	0	play	sound	255	dev/pp
3153	1	play	sound	255	dev/cm
3156	2	play	sound	192	gui/beep/select
3159	2	play	sound	144	sfx/warp/charge/2
3168	2	play	sound	255	dev/repulser
3174	0	play	sound	250	sfx/warp/out
3180	0	play	sound	255	dev/pp
3183	2	play	sound	254	dev/stealth/off
3195	1	play	sound	251	dev/repulser
3201	1	play	sound	255	dev/pk/sal
3237	0	play	sound	190	sfx/warp/out
3240	0	play	sound	193	dev/pp
3240	0	play	sound	193	dev/pp
3258	0	play	sound	208	dev/bay
3267	0	play	sound	219	dev/pp
3267	0	play	sound	219	dev/pp
3276	0	play	sound	234	dev/pk/sal
3294	0	play	sound	236	dev/pp
3294	0	play	sound	236	dev/pp
3297	2	play	sound	236	dev/pk/sal
3309	0	play	sound	255	sfx/warp/out
3321	1	play	sound	236	dev/pp
3321	1	play	sound	236	dev/pp
3330	2	play	sound	128	gui/beep/button
3339	2	play	sound	128	gui/beep/button
3348	2	play	sound	232	dev/pp
3348	2	play	sound	232	dev/pp
3354	1	play	sound	251	dev/pk/ish
3372	0	play	sound	128	gui/beep/zoom
3375	0	play	sound	227	dev/pp
3375	0	play	sound	227	dev/pp
3381	2	play	sound	56	sfx/warp/out
3384	2	play	sound	59	dev/rplasma
3411	2	play	sound	85	dev/rplasma
3423	0	play	sound	241	dev/lepton
3432	2	play	sound	236	dev/lepton
3438	1	play	sound	111	dev/rplasma
3438	1	play	sound	214	dev/pp
3438	1	play	sound	214	dev/pp
3438	0	play	sound	214	dev/cm
3441	0	play	sound	223	dev/lepton
3459	2	play	sound	129	dev/repulser
3465	2	play	sound	133	dev/rplasma
3477	2	play	sound	139	dev/repulser
3492	1	play	sound	30	dev/pk/sal
3492	1	play	sound	145	dev/rplasma
3495	2	play	sound	146	dev/repulser
3510	0	play	sound	42	dev/pk/sal
3510	0	play	sound	177	dev/cm
3513	2	play	sound	150	dev/repulser
3528	1	play	sound	57	dev/pk/sal
3531	2	play	sound	153	dev/repulser
3546	1	play	sound	74	dev/pk/sal
3549	2	play	sound	155	dev/repulser
3564	1	play	sound	94	dev/pk/sal
3567	2	play	sound	157	dev/repulser
3594	1	play	sound	128	gui/beep/button
3606	1	play	sound	155	dev/rplasma
3633	0	play	sound	149	dev/rplasma
3660	2	play	sound	142	dev/rplasma
3663	0	play	sound	166	dev/cm
3672	0	play	sound	232	dev/pk/sal
3681	0	play	sound	255	sfx/explosion/energy
3690	1	play	sound	253	dev/pk/sal
3696	0	play	sound	255	sfx/explosion/energy
3750	2	play	sound	171	dev/cm
3750	2	play	sound	192	gui/beep/select
3816	2	play	sound	75	dev/rplasma
3822	2	play	sound	176	dev/cm
3837	2	play	sound	180	dev/pp
3837	2	play	sound	180	dev/pp
3843	1	play	sound	73	dev/rplasma
3864	2	play	sound	187	dev/pp
3864	2	play	sound	187	dev/pp
3870	0	play	sound	71	dev/rplasma
3894	0	play	sound	191	dev/cm
3897	1	play	sound	69	dev/rplasma
3900	1	play	sound	128	gui/beep/build
3921	1	play	sound	69	dev/repulser
3921	1	play	sound	128	gui/beep/button
3924	1	play	sound	69	dev/rplasma
3933	1	play	sound	128	gui/beep/button
3939	1	play	sound	70	dev/repulser
3957	2	play	sound	68	dev/repulser
3969	1	play	sound	178	dev/cm
3972	0	play	sound	65	dev/rplasma
3975	2	play	sound	65	dev/repulser
3978	0	play	sound	171	dev/stealth/off
3978	2	play	sound	171	dev/pk/sal
3993	2	play	sound	61	dev/repulser
3999	0	play	sound	59	dev/rplasma
4002	0	play	sound	189	dev/pk/sal
4020	0	play	sound	208	dev/pk/sal
4026	1	play	sound	52	dev/rplasma
4038	0	play	sound	228	dev/pk/sal
4041	1	play	sound	209	dev/stealth/on
4041	2	play	sound	140	dev/cm
4044	0	play	sound	255	dev/pp
4044	1	play	sound	255	dev/lepton
4053	1	play	sound	255	dev/lepton
4056	2	play	sound	247	dev/pk/sal
4056	0	play	sound	255	dev/pp
4062	1	play	sound	255	dev/lepton
4068	0	play	sound	255	dev/pp
4071	1	play	sound	255	dev/lepton
4071	2	play	sound	255	sfx/explosion/energy
4077	2	play	sound	255	sfx/explosion/energy
4080	0	play	sound	31	dev/rplasma
4080	0	play	sound	255	dev/pp
4080	1	play	sound	255	dev/lepton
4080	2	play	sound	255	sfx/explosion/energy
4086	2	play	sound	255	sfx/explosion/energy
4086	2	play	sound	255	sfx/explosion/energy
4089	1	play	sound	255	dev/lepton
4089	2	play	sound	255	sfx/explosion/energy
4092	0	play	sound	255	dev/pk/sal
4092	2	play	sound	255	sfx/explosion/energy
4092	2	play	sound	255	sfx/explosion/energy
4098	1	play	sound	255	dev/lepton
4098	2	play	sound	255	sfx/explosion/energy
4098	2	play	sound	255	sfx/explosion/energy
4101	2	play	sound	255	sfx/explosion/energy
4101	2	play	sound	255	sfx/explosion/energy
4104	0	play	sound	255	dev/pp
4104	2	play	sound	255	sfx/explosion/energy
4107	1	play	sound	255	dev/lepton
4107	2	play	sound	255	sfx/explosion/energy
4110	2	play	sound	255	sfx/explosion/energy
4113	2	play	sound	255	sfx/explosion/energy
4113	2	play	sound	255	sfx/explosion/energy
4113	2	play	sound	255	sfx/explosion/energy
4116	0	play	sound	255	dev/pp
4116	1	play	sound	255	dev/lepton
4116	2	play	sound	255	sfx/explosion/energy
4122	2	play	sound	255	sfx/explosion/energy
4125	1	play	sound	255	dev/lepton
4128	0	play	sound	255	dev/pk/sal
4134	1	play	sound	255	dev/lepton
4140	0	play	sound	255	dev/pp
4143	1	play	sound	255	dev/lepton
4143	2	play	sound	255	sfx/explosion/energy
4152	0	play	sound	255	dev/pp
4152	1	play	sound	255	dev/lepton
4161	1	play	sound	255	dev/lepton
4164	0	play	sound	255	dev/pp
4164	0	play	sound	255	sfx/explosion/large
4164	2	play	sound	255	sfx/explosion/energy
4170	1	play	sound	255	dev/lepton
4179	1	play	sound	255	dev/lepton
4188	2	play	sound	255	dev/pp
4188	1	play	sound	255	dev/lepton
4212	1	play	sound	255	sfx/explosion/energy
4224	2	play	sound	255	dev/pp
4227	0	play	sound	255	dev/lepton
4236	2	play	sound	255	dev/pp
4236	0	play	sound	255	dev/lepton
4245	0	play	sound	255	dev/lepton
4245	1	play	sound	255	sfx/explosion/energy
4248	2	play	sound	255	dev/pp
4251	1	play	sound	255	sfx/explosion/energy
4254	0	play	sound	255	dev/lepton
4254	1	play	sound	255	sfx/explosion/energy
4257	1	play	sound	255	sfx/explosion/energy
4260	2	play	sound	255	dev/pp
4263	0	play	sound	255	dev/lepton
4263	1	play	sound	255	sfx/explosion/energy
4266	1	play	sound	255	sfx/explosion/energy
4272	2	play	sound	255	dev/pp
4272	0	play	sound	255	dev/lepton
4275	1	play	sound	255	sfx/explosion/energy
4275	1	play	sound	255	sfx/explosion/energy
4281	0	play	sound	255	dev/lepton
4284	2	play	sound	255	dev/pp
4284	1	play	sound	255	sfx/explosion/energy
4287	1	play	sound	255	sfx/explosion/energy
4290	0	play	sound	255	dev/lepton
4290	1	play	sound	255	sfx/explosion/energy
4296	2	play	sound	255	dev/pp
4296	1	play	sound	255	sfx/explosion/energy
4299	0	play	sound	255	dev/lepton
4299	1	play	sound	255	sfx/explosion/energy
4308	2	play	sound	255	dev/pp
4308	0	play	sound	255	dev/lepton
4308	0	play	sound	255	sfx/explosion/large
4308	1	play	sound	255	sfx/explosion/energy
4311	1	play	sound	255	sfx/explosion/energy
4320	1	play	sound	255	sfx/explosion/energy
4335	2	play	sound	105	sfx/warp/charge/2
4347	2	play	sound	255	sfx/energy
4359	1	play	sound	101	sfx/warp/charge/3
4362	1	play	sound	234	sfx/warp/out
4386	2	play	sound	100	sfx/warp/charge/4
4407	2	play	sound	128	gui/beep/zoom
4410	2	play	sound	99	sfx/warp/in
4461	2	play	sound	157	dev/pk/sal
4479	2	play	sound	162	dev/pk/sal
4497	0	play	sound	152	dev/pk/sal
4497	0	play	sound	172	dev/pk/sal
4511	1	play	sound	128	gui/beep/zoom
4515	1	play	sound	159	dev/pk/sal
4515	0	play	sound	188	dev/pk/sal
4521	2	play	sound	114	sfx/warp/out
4533	1	play	sound	172	dev/pk/sal
4533	0	play	sound	206	dev/pk/sal
4542	2	play	sound	167	dev/pk/sal
4551	1	play	sound	187	dev/pk/sal
4551	0	play	sound	223	dev/pk/sal
4569	2	play	sound	128	gui/beep/button
4578	0	play	sound	255	sfx/explosion/energy
4587	1	play	sound	253	dev/pk/sal
4590	2	play	sound	217	dev/pk/sal
4593	0	play	sound	255	sfx/explosion/energy
4599	1	play	sound	255	dev/lepton
4608	2	play	sound	229	dev/stealth/on
4608	1	play	sound	255	dev/lepton
4608	2	play	sound	255	dev/pk/ish
4614	0	play	sound	218	dev/stealth/on
4617	1	play	sound	255	dev/lepton
4626	1	play	sound	255	dev/lepton
4626	0	play	sound	255	sfx/explosion/energy
4638	2	play	sound	192	gui/beep/select
4677	2	play	sound	255	dev/pk/sal
4689	1	play	sound	17	dev/stealth/off
4689	0	play	sound	17	dev/pk/sal
4689	0	play	sound	231	sfx/explosion/energy
4695	1	play	sound	227	dev/lepton
4695	1	play	sound	228	dev/pk/ish
4704	2	play	sound	226	dev/lepton
4713	1	play	sound	221	dev/lepton
4716	1	play	sound	222	dev/pk/ish
4722	0	play	sound	222	dev/lepton
4731	2	play	sound	218	dev/lepton
4737	1	play	sound	218	dev/pk/ish
4746	0	play	sound	151	dev/stealth/on
4795	2	play	sound	128	gui/beep/zoom
4809	0	play	sound	189	dev/magno
4809	2	play	sound	189	dev/pk/sal
4818	0	play	sound	227	dev/stealth/off
4818	1	play	sound	227	dev/anti
4818	2	play	sound	227	dev/pk/sal
4836	2	play	sound	227	dev/pk/sal
4860	1	play	sound	174	dev/stealth/off
4860	0	play	sound	174	dev/pk/sal
4863	0	play	sound	221	dev/pk/sal
4869	1	play	sound	211	dev/pk/sal
4878	2	play	sound	181	dev/pk/sal
4878	0	play	sound	159	dev/stealth/off
4878	0	play	sound	215	sfx/explosion/gas
4884	1	play	sound	229	dev/pk/sal
4893	2	play	sound	194	dev/anti
4896	1	play	sound	194	dev/pk/sal
4896	0	play	sound	221	sfx/explosion/energy
4902	1	play	sound	237	dev/pk/sal
4908	0	play	sound	224	sfx/explosion/energy
4911	2	play	sound	210	dev/pk/sal
4914	1	play	sound	203	dev/stealth/on
4914	2	play	sound	210	dev/pk/sal
4914	0	play	sound	227	sfx/explosion/energy
4920	2	play	sound	247	dev/pk/sal
4920	0	play	sound	227	sfx/explosion/energy
4920	0	play	sound	227	sfx/explosion/energy
4923	1	play	sound	219	dev/stealth/on
4929	0	play	sound	233	dev/lepton
4929	1	play	sound	231	dev/pk/ish
4932	2	play	sound	230	sfx/explosion/energy
4935	0	play	sound	253	dev/magno
4938	1	play	sound	235	dev/lepton
4953	0	play	sound	255	dev/pp
4953	1	play	sound	255	dev/lepton
4962	2	play	sound	245	dev/pk/sal
4962	1	play	sound	255	dev/lepton
4965	0	play	sound	255	dev/pp
4971	1	play	sound	255	dev/lepton
4974	2	play	sound	255	dev/anti
4977	0	play	sound	255	dev/pp
4980	1	play	sound	255	dev/lepton
4989	2	play	sound	227	dev/pk/sal
4989	0	play	sound	255	dev/pp
4989	1	play	sound	255	dev/lepton
4989	2	play	sound	255	sfx/explosion/energy
4998	1	play	sound	255	dev/lepton
5001	1	play	sound	255	dev/lepton
5001	0	play	sound	255	dev/pk/ish
5007	1	play	sound	255	dev/lepton
5013	2	play	sound	255	dev/pp
5016	1	play	sound	255	dev/lepton
5025	0	play	sound	244	dev/pk/sal
5025	2	play	sound	255	dev/pp
5025	1	play	sound	255	dev/lepton
5034	1	play	sound	255	dev/lepton
5037	2	play	sound	255	dev/pp
5043	1	play	sound	255	dev/lepton
5043	0	play	sound	255	sfx/explosion/energy
5049	2	play	sound	230	dev/stealth/off
5049	2	play	sound	255	dev/pp
5049	0	play	sound	255	sfx/explosion/gas
5052	1	play	sound	255	dev/lepton
5055	1	play	sound	255	dev/lepton
5061	2	play	sound	255	dev/magno
5061	1	play	sound	255	dev/lepton
5064	1	play	sound	255	dev/lepton
5070	1	play	sound	255	dev/lepton
5073	2	play	sound	255	dev/pp
5079	1	play	sound	255	dev/lepton
5082	0	play	sound	255	sfx/explosion/energy
5085	2	play	sound	255	dev/stealth/off
5085	1	play	sound	255	dev/lepton
5088	1	play	sound	255	dev/lepton
5091	0	play	sound	255	sfx/explosion/energy
5094	1	play	sound	255	dev/lepton
5094	0	play	sound	255	sfx/explosion/energy
5097	1	play	sound	255	dev/lepton
5103	1	play	sound	255	dev/lepton
5103	0	play	sound	255	sfx/explosion/energy
5106	1	play	sound	255	dev/lepton
5106	0	play	sound	255	sfx/explosion/energy
5106	0	play	sound	255	sfx/explosion/energy
5109	2	play	sound	255	dev/pp
5115	1	play	sound	255	dev/lepton
5121	2	play	sound	255	dev/pp
5124	1	play	sound	255	dev/lepton
5124	0	play	sound	255	sfx/explosion/energy
5127	1	play	sound	255	dev/lepton
5127	0	play	sound	255	sfx/explosion/energy
5133	2	play	sound	255	dev/pk/sal
5133	0	play	sound	255	sfx/explosion/energy
5136	1	play	sound	255	dev/lepton
5136	0	play	sound	255	sfx/explosion/gas
5145	1	play	sound	255	dev/lepton
5148	2	play	sound	255	dev/pk/sal
5151	2	play	sound	255	dev/pk/sal
5154	1	play	sound	255	dev/lepton
5166	2	play	sound	49	dev/fusion
5166	2	play	sound	50	dev/pk/ish
5169	2	play	sound	255	dev/pk/sal
5178	1	play	sound	55	sfx/explosion/energy
5181	0	play	sound	4	dev/fireball
5181	2	play	sound	4	dev/pk/sal
5184	0	play	sound	52	sfx/explosion/energy
5187	0	play	sound	255	dev/magno
5196	1	play	sound	255	sfx/energy
5199	2	play	sound	255	dev/anti
5199	0	play	sound	255	dev/pk/sal
5211	1	play	sound	255	sfx/explosion/energy
5214	0	play	sound	255	dev/stealth/on
5214	2	play	sound	255	dev/lepton
5235	2	play	sound	128	gui/beep/build
5241	2	play	sound	201	dev/pk/sal
5244	1	play	sound	128	gui/beep/button
5247	1	play	sound	42	dev/anti
5247	0	play	sound	42	dev/pk/sal
5250	0	play	sound	238	dev/pk/sal
5253	1	play	sound	128	gui/beep/button
5265	1	play	sound	40	dev/pk/sal
5268	0	play	sound	239	dev/pk/sal
5277	0	play	sound	255	sfx/explosion/gas
5280	1	play	sound	94	sfx/explosion/energy
5280	2	play	sound	56	sfx/explosion/energy
5283	1	play	sound	128	gui/beep/button
5286	1	play	sound	240	dev/pk/sal
5289	2	play	sound	240	dev/anti
5292	1	play	sound	255	sfx/explosion/energy
5304	2	play	sound	242	dev/pk/sal
5307	2	play	sound	253	sfx/explosion/energy
5313	0	play	sound	233	dev/magno
5328	1	play	sound	35	dev/stealth/on
5337	0	play	sound	236	dev/stealth/off
5337	1	play	sound	236	dev/pk/sal
5337	0	play	sound	238	sfx/explosion/gas
5352	2	play	sound	44	dev/pk/sal
5364	1	play	sound	243	dev/pk/sal
5382	1	play	sound	249	dev/pk/sal
5382	2	play	sound	237	sfx/explosion/energy
5385	0	play	sound	255	dev/pp
5388	1	play	sound	255	dev/lepton
5397	0	play	sound	200	dev/pk/sal
5397	0	play	sound	255	dev/pp
5397	1	play	sound	255	dev/lepton
5397	2	play	sound	255	sfx/explosion/energy
5406	1	play	sound	255	dev/lepton
5409	0	play	sound	255	dev/pp
5415	1	play	sound	255	dev/lepton
5421	2	play	sound	90	dev/pk/sal
5421	0	play	sound	255	dev/pp
5424	1	play	sound	255	dev/lepton
5430	2	play	sound	255	sfx/explosion/energy
5433	0	play	sound	255	dev/pp
5433	1	play	sound	255	dev/lepton
5442	1	play	sound	255	dev/lepton
5445	0	play	sound	255	dev/pp
5451	1	play	sound	255	dev/lepton
5451	2	play	sound	74	sfx/explosion/energy
5454	2	play	sound	255	sfx/explosion/energy
5457	0	play	sound	255	dev/pp
5460	1	play	sound	255	dev/lepton
5466	2	play	sound	255	sfx/explosion/energy
5469	0	play	sound	121	dev/fusion
5469	0	play	sound	122	dev/pk/ish
5469	0	play	sound	255	dev/pp
5469	1	play	sound	255	dev/lepton
5478	1	play	sound	255	dev/lepton
5478	2	play	sound	255	sfx/explosion/energy
5478	0	play	sound	255	sfx/explosion/gas
5481	2	play	sound	255	sfx/explosion/energy
5487	1	play	sound	255	dev/lepton
5487	2	play	sound	255	sfx/explosion/energy
5496	1	play	sound	255	dev/lepton
5505	1	play	sound	255	dev/lepton
5517	2	play	sound	141	sfx/explosion/energy
5520	0	play	sound	136	dev/pk/ish
5526	0	play	sound	218	dev/pk/sal
5526	2	play	sound	149	dev/anti
5526	1	play	sound	147	dev/pk/sal
5526	0	play	sound	255	dev/pp
5529	1	play	sound	173	dev/pk/sal
5529	1	play	sound	255	dev/lepton
5538	0	play	sound	255	dev/pp
5538	1	play	sound	255	dev/lepton
5538	2	play	sound	146	sfx/explosion/energy
5544	2	play	sound	220	dev/pk/sal
5547	1	play	sound	255	dev/lepton
5556	1	play	sound	255	dev/lepton
5562	2	play	sound	222	dev/pk/sal
5562	2	play	sound	255	sfx/explosion/energy
5565	0	play	sound	181	dev/pk/sal
5565	0	play	sound	255	dev/magno
5565	1	play	sound	255	dev/lepton
5574	1	play	sound	255	dev/lepton
5577	0	play	sound	255	dev/stealth/off
5583	2	play	sound	185	dev/pk/sal
5583	1	play	sound	255	dev/lepton
5583	2	play	sound	255	sfx/explosion/energy
5589	2	play	sound	255	sfx/explosion/energy
5592	1	play	sound	255	dev/lepton
5592	2	play	sound	255	sfx/explosion/energy
5598	0	play	sound	255	sfx/explosion/large
5598	2	play	sound	255	sfx/explosion/energy
5598	2	play	sound	255	sfx/explosion/energy
5601	1	play	sound	255	dev/lepton
5601	2	play	sound	255	sfx/explosion/energy
5604	2	play	sound	255	sfx/explosion/energy
5610	1	play	sound	255	dev/lepton
5619	1	play	sound	255	dev/lepton
5622	1	play	sound	255	sfx/explosion/gas
5625	2	play	sound	255	sfx/explosion/energy
5646	2	play	sound	245	sfx/explosion/energy
5649	2	play	sound	255	sfx/explosion/energy
5655	1	play	sound	199	dev/pk/sal
5661	1	play	sound	255	dev/lepton
5664	0	play	sound	213	dev/anti
5667	0	play	sound	255	dev/pk/ish
5670	1	play	sound	255	dev/lepton
5676	2	play	sound	255	dev/fusion
5679	1	play	sound	255	dev/lepton
5685	0	play	sound	223	dev/pk/sal
5688	2	play	sound	223	dev/anti
5688	0	play	sound	255	dev/pk/ish
5688	1	play	sound	255	dev/lepton
5691	2	play	sound	255	dev/magno
5697	1	play	sound	255	dev/lepton
5703	0	play	sound	225	dev/pk/sal
5703	2	play	sound	219	dev/lepton
5706	1	play	sound	255	dev/lepton
5709	0	play	sound	247	dev/pk/ish
5709	0	play	sound	255	sfx/explosion/energy
5712	2	play	sound	245	dev/fusion
5721	1	play	sound	227	dev/pk/sal
5721	1	play	sound	255	sfx/explosion/gas
5727	2	play	sound	239	sfx/explosion/energy
5727	2	play	sound	253	sfx/explosion/energy
5730	0	play	sound	253	dev/anti
5730	0	play	sound	254	dev/pk/sal
5742	0	play	sound	108	dev/fireball
5742	0	play	sound	235	dev/rplasma
5745	0	play	sound	236	sfx/explosion/energy
5748	0	play	sound	248	dev/pk/sal
5748	2	play	sound	204	dev/lepton
5754	2	play	sound	225	dev/anti
5754	2	play	sound	226	dev/pk/sal
5754	2	play	sound	243	dev/repulser
5757	1	play	sound	113	sfx/explosion/energy
5763	1	play	sound	255	sfx/explosion/energy
5769	0	play	sound	251	dev/rplasma
5769	2	play	sound	229	sfx/explosion/energy
5772	0	play	sound	253	dev/repulser
5775	0	play	sound	255	sfx/warp/out
5778	2	play	sound	237	dev/pk/sal
5790	2	play	sound	255	dev/repulser
5793	1	play	sound	93	dev/pk/ish
5796	1	play	sound	255	dev/rplasma
5799	0	play	sound	103	sfx/explosion/energy
5802	0	play	sound	237	dev/anti
5802	2	play	sound	237	dev/pk/sal
5808	1	play	sound	223	dev/anti
5808	1	play	sound	224	dev/pk/sal
5808	0	play	sound	255	dev/repulser
5814	1	play	sound	225	sfx/explosion/energy
5817	1	play	sound	255	dev/magno
5817	2	play	sound	201	dev/lepton
5817	2	play	sound	202	sfx/explosion/energy
5820	2	play	sound	236	dev/pk/sal
5823	0	play	sound	204	sfx/explosion/energy
5826	0	play	sound	255	dev/repulser
5832	2	play	sound	255	dev/pk/sal
5838	1	play	sound	201	dev/pk/sal
5838	1	play	sound	238	dev/pk/sal
5844	0	play	sound	255	dev/repulser
5844	2	play	sound	228	sfx/explosion/energy
5850	1	play	sound	255	dev/pk/sal
5856	0	play	sound	204	dev/pk/sal
5856	0	play	sound	224	dev/anti
5856	0	play	sound	242	dev/pk/sal
5856	0	play	sound	255	dev/anti
5856	2	play	sound	255	sfx/explosion/gas
5862	1	play	sound	245	dev/anti
5862	1	play	sound	255	dev/repulser
5868	0	play	sound	255	dev/pk/sal
5874	1	play	sound	208	dev/pk/sal
5874	1	play	sound	230	dev/pk/sal
5874	1	play	sound	249	dev/pk/sal
5877	1	play	sound	255	sfx/explosion/energy
5880	0	play	sound	255	dev/repulser
5886	1	play	sound	255	sfx/explosion/energy
5889	1	play	sound	255	sfx/explosion/energy
5889	0	play	sound	255	sfx/explosion/large
5889	1	play	sound	255	sfx/explosion/energy
5892	2	play	sound	216	dev/pk/sal
5892	2	play	sound	239	dev/pk/sal
5892	2	play	sound	255	dev/pk/sal
5892	1	play	sound	255	sfx/explosion/energy
5907	1	play	sound	255	sfx/explosion/energy
5910	2	play	sound	227	dev/pk/sal
5910	2	play	sound	255	dev/pk/sal
5922	1	play	sound	255	sfx/explosion/energy
5925	2	play	sound	246	sfx/explosion/energy
5928	2	play	sound	255	dev/pk/sal
5937	1	play	sound	255	sfx/explosion/energy
5940	2	play	sound	249	dev/pk/sal
5946	2	play	sound	255	dev/anti
5949	1	play	sound	240	sfx/explosion/gas
5952	1	play	sound	248	dev/repulser
5955	0	play	sound	7	dev/pk/sal
5955	0	play	sound	255	sfx/explosion/energy
5958	1	play	sound	255	dev/pk/sal
5958	2	play	sound	255	dev/lepton
5958	0	play	sound	255	sfx/explosion/energy
5961	1	play	sound	255	dev/pk/sal
5970	2	play	sound	233	dev/repulser
5976	2	play	sound	255	dev/lepton
5976	0	play	sound	255	sfx/explosion/energy
5982	1	play	sound	241	sfx/explosion/energy
5985	2	play	sound	255	dev/lepton
5994	1	play	sound	255	dev/pk/sal
5994	2	play	sound	255	dev/lepton
6000	0	play	sound	255	sfx/explosion/energy
6003	2	play	sound	255	dev/lepton
6006	1	play	sound	207	dev/repulser
6009	1	play	sound	255	dev/anti
6012	2	play	sound	255	dev/lepton
6015	0	play	sound	255	sfx/explosion/energy
6018	1	play	sound	255	dev/anti
6021	2	play	sound	255	dev/lepton
6021	0	play	sound	255	sfx/explosion/energy
6021	0	play	sound	255	sfx/explosion/energy
6024	0	play	sound	255	sfx/explosion/energy
6030	2	play	sound	255	dev/lepton
6030	1	play	sound	211	sfx/explosion/energy
6033	0	play	sound	255	sfx/explosion/energy
6036	2	play	sound	255	dev/lepton
6036	1	play	sound	255	dev/pk/ish
6036	0	play	sound	255	sfx/explosion/energy
6039	2	play	sound	255	dev/lepton
6045	2	play	sound	255	dev/lepton
6048	2	play	sound	255	dev/lepton
6054	2	play	sound	255	dev/lepton
6054	0	play	sound	255	sfx/explosion/energy
6054	0	play	sound	255	sfx/explosion/energy
6057	1	play	sound	255	dev/pk/ish
6057	2	play	sound	255	dev/lepton
6066	2	play	sound	255	dev/lepton
6066	0	play	sound	255	sfx/explosion/energy
6069	1	play	sound	255	dev/anti
6069	0	play	sound	255	sfx/explosion/energy
6075	2	play	sound	255	dev/lepton
6075	0	play	sound	255	sfx/explosion/energy
6078	1	play	sound	255	dev/anti
6081	0	play	sound	255	sfx/explosion/energy
6084	2	play	sound	255	dev/lepton
6090	1	play	sound	255	dev/stealth/on
6093	2	play	sound	255	dev/lepton
6093	0	play	sound	255	sfx/explosion/energy
6096	0	play	sound	255	sfx/explosion/energy
6099	0	play	sound	255	sfx/explosion/energy
6102	2	play	sound	255	dev/lepton
6111	1	play	sound	255	dev/pk/sal
6111	2	play	sound	255	dev/lepton
6111	0	play	sound	204	sfx/explosion/gas
6117	1	play	sound	255	dev/pk/sal
6117	0	play	sound	255	dev/fusion
6120	2	play	sound	255	dev/lepton
6129	2	play	sound	255	dev/lepton
6129	0	play	sound	9	sfx/explosion/small
6129	0	play	sound	11	sfx/explosion/energy
6132	0	play	sound	188	dev/repulser
6132	0	play	sound	255	sfx/explosion/energy
6135	1	play	sound	2	dev/pk/ish
6135	1	play	sound	255	dev/pp
6135	0	play	sound	255	sfx/explosion/energy
6138	2	play	sound	255	dev/lepton
6144	0	play	sound	255	sfx/explosion/energy
6147	1	play	sound	255	dev/pp
6147	2	play	sound	255	dev/lepton
6147	0	play	sound	255	sfx/explosion/energy
6153	0	play	sound	255	sfx/explosion/energy
6153	0	play	sound	1	sfx/explosion/gas
6156	2	play	sound	255	dev/lepton
6156	0	play	sound	255	sfx/explosion/energy
6156	0	play	sound	255	sfx/explosion/energy
6159	1	play	sound	255	dev/pp
6165	2	play	sound	255	dev/lepton
6168	0	play	sound	255	sfx/explosion/energy
6171	1	play	sound	255	dev/stealth/on
6171	0	play	sound	255	sfx/explosion/energy
6171	0	play	sound	255	sfx/explosion/energy
6174	2	play	sound	255	dev/lepton
6174	0	play	sound	255	sfx/explosion/energy
6180	0	play	sound	255	sfx/explosion/energy
6180	0	play	sound	255	sfx/explosion/large
6183	2	play	sound	255	dev/lepton
6192	1	play	sound	180	dev/rplasma
6192	2	play	sound	255	dev/lepton
6195	1	play	sound	255	dev/pp
6201	2	play	sound	255	dev/lepton
6210	2	play	sound	255	dev/lepton
6210	1	play	sound	166	sfx/explosion/energy
6213	1	play	sound	186	dev/fusion
6216	1	play	sound	6	sfx/explosion/gas
6219	2	play	sound	255	dev/lepton
6219	1	play	sound	182	sfx/explosion/gas
6222	1	play	sound	255	dev/pk/sal
6228	2	play	sound	255	dev/lepton
6234	1	play	sound	255	dev/anti
6240	2	play	sound	255	dev/pk/sal
6249	0	play	sound	172	dev/rplasma
6261	0	play	sound	255	dev/lepton
6270	0	play	sound	255	dev/lepton
6270	1	play	sound	255	sfx/explosion/energy
6276	2	play	sound	162	dev/rplasma
6279	0	play	sound	255	dev/lepton
6279	2	play	sound	255	dev/pk/ish
6279	1	play	sound	255	sfx/explosion/energy
6288	0	play	sound	255	dev/lepton
6297	0	play	sound	255	dev/lepton
6300	2	play	sound	255	dev/pk/ish
6303	1	play	sound	150	dev/rplasma
6306	0	play	sound	255	dev/lepton
6306	1	play	sound	255	sfx/explosion/energy
6312	2	play	sound	255	dev/anti
6315	0	play	sound	255	dev/lepton
6315	1	play	sound	255	sfx/explosion/energy
6324	2	play	sound	86	dev/magno
6324	0	play	sound	255	dev/lepton
6324	2	play	sound	251	sfx/explosion/energy
6333	2	play	sound	254	dev/lepton
6342	0	play	sound	252	dev/lepton
6342	1	play	sound	251	dev/pk/ish
6345	2	play	sound	80	dev/fusion
6345	0	play	sound	255	sfx/explosion/energy
6351	2	play	sound	245	dev/lepton
6360	0	play	sound	68	sfx/explosion/gas
6363	0	play	sound	126	dev/rplasma
6390	1	play	sound	120	dev/rplasma
6390	2	play	sound	120	dev/repulser
6408	0	play	sound	119	dev/repulser
6411	0	play	sound	128	gui/beep/build
6426	2	play	sound	121	dev/repulser
6432	1	play	sound	128	gui/beep/button
6444	2	play	sound	124	dev/repulser
6450	0	play	sound	30	dev/magno
6456	0	play	sound	255	dev/pk/sal
6456	1	play	sound	27	dev/fusion
6456	1	play	sound	28	dev/pk/ish
6456	0	play	sound	27	sfx/explosion/gas
6459	2	play	sound	25	sfx/explosion/energy
6459	2	play	sound	26	sfx/explosion/energy
6462	0	play	sound	255	dev/stealth/off
6462	1	play	sound	255	dev/pk/sal
6462	2	play	sound	214	dev/lepton
6465	2	play	sound	252	dev/pk/sal
6474	1	play	sound	255	dev/pk/sal
6477	2	play	sound	18	dev/pk/ish
6480	1	play	sound	255	dev/pk/sal
6480	2	play	sound	213	dev/lepton
6480	2	play	sound	238	sfx/explosion/energy
6483	0	play	sound	238	dev/pk/sal
6492	0	play	sound	255	dev/fusion
6492	2	play	sound	255	dev/pk/ish
6492	1	play	sound	255	sfx/explosion/energy
6504	0	play	sound	214	sfx/explosion/energy
6504	0	play	sound	220	sfx/explosion/energy
6507	2	play	sound	215	dev/lepton
6516	1	play	sound	212	dev/lepton
6519	0	play	sound	226	sfx/explosion/energy
6522	0	play	sound	255	dev/pk/ish
6525	1	play	sound	228	dev/pk/sal
6525	2	play	sound	216	dev/lepton
6525	1	play	sound	255	dev/anti
6525	2	play	sound	255	dev/pk/sal
6534	0	play	sound	213	dev/lepton
6537	0	play	sound	255	sfx/explosion/energy
6537	0	play	sound	255	sfx/explosion/energy
6537	1	play	sound	216	sfx/explosion/energy
6543	1	play	sound	234	dev/pk/sal
6543	2	play	sound	216	dev/lepton
6543	1	play	sound	255	dev/pk/sal
6549	2	play	sound	255	sfx/explosion/large
6549	0	play	sound	255	sfx/explosion/energy
6555	1	play	sound	154	dev/rplasma
6561	1	play	sound	215	dev/lepton
6561	1	play	sound	255	dev/pk/sal
6570	0	play	sound	214	dev/lepton
6573	1	play	sound	214	dev/pk/ish
6573	0	play	sound	241	sfx/explosion/energy
6582	0	play	sound	255	sfx/energy
6585	1	play	sound	255	dev/pk/sal
6600	0	play	sound	255	dev/lepton
6603	1	play	sound	232	dev/pk/sal
6606	1	play	sound	255	dev/stealth/on
6609	0	play	sound	255	dev/lepton
6612	2	play	sound	62	sfx/explosion/energy
6618	0	play	sound	255	dev/lepton
6621	2	play	sound	222	dev/pk/sal
6627	0	play	sound	255	dev/lepton
6630	2	play	sound	255	dev/pk/sal
6636	0	play	sound	255	dev/lepton
6639	1	play	sound	154	dev/repulser
6645	0	play	sound	255	dev/lepton
6648	2	play	sound	255	dev/pk/sal
6648	1	play	sound	255	dev/pp
6654	0	play	sound	255	dev/lepton
6660	1	play	sound	255	dev/pp
6660	0	play	sound	255	sfx/explosion/large
6660	2	play	sound	255	sfx/explosion/energy
6672	1	play	sound	255	dev/pp
6672	2	play	sound	255	sfx/explosion/energy
6684	1	play	sound	255	dev/pp
6693	2	play	sound	32	dev/pk/sal
6693	2	play	sound	214	dev/pk/sal
6696	2	play	sound	255	dev/pk/sal
6699	1	play	sound	255	dev/lepton
6708	1	play	sound	255	dev/lepton
6708	2	play	sound	255	sfx/explosion/energy
6708	1	play	sound	64	sfx/explosion/large
6708	2	play	sound	63	sfx/explosion/gas
6711	1	play	sound	217	dev/pk/sal
6711	2	play	sound	69	sfx/explosion/energy
6714	1	play	sound	255	dev/pk/sal
6717	2	play	sound	220	dev/anti
6717	2	play	sound	255	sfx/energy
6729	0	play	sound	224	dev/pk/sal
6732	0	play	sound	255	dev/pk/sal
6735	1	play	sound	242	sfx/explosion/energy
6738	1	play	sound	247	sfx/explosion/energy
6747	2	play	sound	232	dev/pk/sal
6756	1	play	sound	255	dev/lepton
6756	0	play	sound	62	sfx/energy
6759	0	play	sound	255	sfx/explosion/energy
6765	2	play	sound	240	dev/pk/sal
6765	1	play	sound	255	dev/lepton
6768	2	play	sound	255	dev/pk/sal
6774	1	play	sound	255	dev/lepton
6780	0	play	sound	255	sfx/explosion/energy
6783	1	play	sound	255	dev/lepton
6792	1	play	sound	255	dev/lepton
6801	1	play	sound	255	dev/lepton
6807	2	play	sound	255	dev/pk/sal
6810	1	play	sound	255	dev/lepton
6819	0	play	sound	76	dev/pk/sal
6819	1	play	sound	255	dev/lepton
6825	0	play	sound	255	dev/pk/sal
6828	2	play	sound	78	dev/magno
6828	1	play	sound	255	dev/lepton
6828	2	play	sound	255	sfx/explosion/energy
6837	0	play	sound	80	dev/pk/sal
6837	0	play	sound	255	dev/anti
6837	1	play	sound	255	dev/lepton
6846	1	play	sound	255	dev/lepton
6849	0	play	sound	140	dev/repulser
6852	2	play	sound	137	sfx/explosion/energy
6855	1	play	sound	255	dev/lepton
6864	0	play	sound	67	dev/pk/sal
6864	1	play	sound	255	dev/lepton
6867	0	play	sound	137	dev/repulser
6873	0	play	sound	255	dev/pk/sal
6873	1	play	sound	255	dev/lepton
6882	1	play	sound	255	dev/lepton
6885	2	play	sound	136	dev/repulser
6888	0	play	sound	128	sfx/explosion/gas
6891	0	play	sound	255	dev/pk/sal
6891	0	play	sound	255	dev/pk/sal
6891	1	play	sound	255	dev/lepton
6897	2	play	sound	255	dev/anti
6900	1	play	sound	255	dev/lepton
6903	0	play	sound	137	dev/repulser
6909	0	play	sound	255	dev/pk/sal
6909	0	play	sound	255	dev/pk/sal
6909	2	play	sound	255	dev/stealth/off
6909	0	play	sound	255	dev/pk/sal
6909	1	play	sound	255	dev/lepton
6918	1	play	sound	255	dev/lepton
6921	0	play	sound	142	dev/repulser
6921	0	play	sound	255	sfx/explosion/energy
6927	1	play	sound	255	dev/lepton
6936	1	play	sound	255	dev/lepton
6939	2	play	sound	150	dev/repulser
6945	2	play	sound	255	dev/pk/sal
6945	0	play	sound	111	dev/pk/sal
6945	1	play	sound	255	dev/lepton
6954	0	play	sound	117	dev/magno
6954	1	play	sound	255	dev/lepton
6954	0	play	sound	154	sfx/explosion/energy
6957	0	play	sound	156	dev/repulser
6957	0	play	sound	255	sfx/explosion/energy
6960	2	play	sound	255	dev/stealth/on
6963	1	play	sound	255	dev/lepton
6963	0	play	sound	255	sfx/explosion/energy
6972	1	play	sound	255	dev/lepton
6981	2	play	sound	134	dev/pk/sal
6981	2	play	sound	255	dev/pp
6981	1	play	sound	255	dev/lepton
6984	0	play	sound	255	dev/pk/sal
6990	1	play	sound	255	dev/lepton
6993	2	play	sound	168	dev/repulser
6993	2	play	sound	255	dev/pp
6996	0	play	sound	255	dev/pk/sal
6999	1	play	sound	255	dev/lepton
6999	0	play	sound	168	sfx/explosion/gas
7002	0	play	sound	255	dev/pk/sal
7005	2	play	sound	255	dev/pp
7008	1	play	sound	255	dev/lepton
7017	0	play	sound	154	dev/pk/sal
7017	2	play	sound	255	dev/pp
7017	1	play	sound	255	dev/lepton
7020	0	play	sound	255	dev/pk/sal
7026	1	play	sound	255	dev/lepton
7029	2	play	sound	174	dev/repulser
7029	2	play	sound	255	dev/pp
7035	0	play	sound	161	dev/pk/sal
7035	1	play	sound	255	dev/lepton
7038	0	play	sound	255	sfx/explosion/large
7041	2	play	sound	255	dev/pp
7044	1	play	sound	255	dev/lepton
7053	2	play	sound	255	dev/pp
7053	1	play	sound	255	dev/lepton
7062	1	play	sound	255	dev/lepton
7065	2	play	sound	139	dev/pk/sal
7065	2	play	sound	166	dev/repulser
7065	2	play	sound	168	sfx/explosion/energy
7071	2	play	sound	255	dev/pk/sal
7071	1	play	sound	255	dev/lepton
7080	2	play	sound	255	dev/pk/sal
7083	1	play	sound	136	dev/pk/sal
7083	1	play	sound	157	dev/repulser
7086	1	play	sound	159	dev/pk/sal
7095	1	play	sound	255	sfx/explosion/energy
7095	2	play	sound	154	sfx/explosion/energy
7098	2	play	sound	252	dev/pk/sal
7101	0	play	sound	133	dev/pk/sal
7101	0	play	sound	148	dev/repulser
7104	0	play	sound	255	sfx/energy
7104	1	play	sound	255	sfx/explosion/energy
7113	2	play	sound	255	dev/pk/sal
7113	0	play	sound	140	sfx/explosion/gas
7116	0	play	sound	246	dev/pk/sal
7128	2	play	sound	141	dev/pk/sal
7131	0	play	sound	255	dev/pk/sal
7134	2	play	sound	244	dev/pk/sal
7134	1	play	sound	133	sfx/explosion/energy
7143	1	play	sound	255	dev/lepton
7143	0	play	sound	123	sfx/explosion/energy
7146	0	play	sound	133	dev/pk/sal
7152	0	play	sound	245	dev/pk/sal
7152	1	play	sound	255	dev/lepton
7152	2	play	sound	128	sfx/explosion/energy
7161	1	play	sound	255	dev/lepton
7164	0	play	sound	116	sfx/explosion/energy
7170	1	play	sound	255	dev/lepton
7173	0	play	sound	251	dev/pk/sal
7173	2	play	sound	111	dev/pk/sal
7179	2	play	sound	112	sfx/explosion/energy
7182	1	play	sound	111	sfx/explosion/energy
7191	0	play	sound	102	dev/repulser
7200	0	play	sound	255	dev/pk/sal
7206	2	play	sound	108	dev/magno
7209	1	play	sound	98	dev/rplasma
7221	1	play	sound	105	sfx/explosion/gas
7221	1	play	sound	255	sfx/explosion/energy
7227	0	play	sound	97	dev/repulser
7230	0	play	sound	128	gui/beep/button
7245	0	play	sound	255	dev/pk/sal
7245	2	play	sound	100	dev/repulser
7251	2	play	sound	101	dev/rplasma
7251	1	play	sound	255	sfx/explosion/energy
7254	2	play	sound	255	gui/klaxon
7263	0	play	sound	255	dev/pk/sal
7266	1	play	sound	255	sfx/explosion/energy
7278	0	play	sound	101	dev/rplasma
7284	0	play	sound	236	dev/pk/sal
7287	1	play	sound	83	sfx/explosion/small
7287	1	play	sound	85	sfx/explosion/energy
7290	0	play	sound	255	dev/pk/sal
7299	1	play	sound	100	dev/repulser
7299	1	play	sound	255	sfx/explosion/energy
7317	0	play	sound	101	dev/repulser
7326	0	play	sound	255	dev/lepton
7335	0	play	sound	255	dev/lepton
7344	0	play	sound	255	dev/lepton
7353	0	play	sound	255	dev/lepton
7356	2	play	sound	255	dev/pk/sal
7362	0	play	sound	255	dev/lepton
7371	0	play	sound	255	dev/lepton
7374	1	play	sound	201	sfx/explosion/energy
7380	0	play	sound	255	dev/lepton
7380	2	play	sound	128	gui/klaxon
7389	1	play	sound	255	dev/pk/sal
7389	0	play	sound	255	dev/lepton
7392	2	play	sound	255	dev/anti
7392	1	play	sound	255	dev/pk/sal
7398	0	play	sound	255	dev/lepton
7407	1	play	sound	255	dev/pk/sal
7407	0	play	sound	255	dev/lepton
7413	2	play	sound	255	sfx/explosion/energy
7416	0	play	sound	255	dev/lepton
7425	1	play	sound	255	dev/pk/sal
7425	0	play	sound	255	dev/lepton
7434	0	play	sound	255	dev/lepton
7440	1	play	sound	255	dev/pk/sal
7440	2	play	sound	255	dev/stealth/on
7443	1	play	sound	255	dev/pk/sal
7443	0	play	sound	255	dev/lepton
7452	0	play	sound	255	dev/lepton
7461	1	play	sound	255	dev/pk/sal
7461	0	play	sound	255	dev/lepton
7470	0	play	sound	255	dev/lepton
7473	2	play	sound	255	dev/pp
7479	1	play	sound	255	dev/pk/sal
7479	0	play	sound	255	dev/lepton
7485	2	play	sound	255	dev/pp
7488	0	play	sound	255	dev/lepton
7491	1	play	sound	158	sfx/energy
7497	1	play	sound	159	dev/rplasma
7497	2	play	sound	159	dev/repulser
7497	1	play	sound	255	dev/pp
7497	0	play	sound	255	dev/lepton
7500	2	play	sound	164	dev/magno
7506	0	play	sound	255	dev/lepton
7509	1	play	sound	255	dev/pp
7512	2	play	sound	170	sfx/explosion/gas
7515	0	play	sound	255	dev/lepton
7521	1	play	sound	117	dev/pp
7521	1	play	sound	117	dev/pp
7521	1	play	sound	255	dev/pp
7524	0	play	sound	255	dev/lepton
7533	1	play	sound	165	dev/repulser
7533	1	play	sound	255	dev/pp
7533	0	play	sound	255	dev/lepton
7542	0	play	sound	255	dev/lepton
7545	1	play	sound	255	dev/pp
7548	2	play	sound	130	dev/pp
7548	2	play	sound	130	dev/pp
7551	2	play	sound	166	dev/repulser
7551	0	play	sound	255	dev/lepton
7557	1	play	sound	166	dev/rplasma
7557	1	play	sound	255	dev/pp
7560	0	play	sound	255	dev/lepton
7563	2	play	sound	154	sfx/explosion/energy
7566	2	play	sound	255	dev/pk/sal
7569	1	play	sound	166	dev/repulser
7569	0	play	sound	255	dev/lepton
7578	0	play	sound	255	dev/lepton
7584	1	play	sound	167	dev/rplasma
7584	1	play	sound	213	sfx/explosion/large
7584	0	play	sound	212	sfx/explosion/gas
7587	2	play	sound	167	dev/repulser
7587	0	play	sound	255	dev/pp
7587	1	play	sound	255	dev/lepton
7596	1	play	sound	255	dev/lepton
7599	0	play	sound	255	dev/pp
7602	2	play	sound	255	dev/pk/sal
7605	1	play	sound	255	dev/lepton
7611	0	play	sound	255	dev/pp
7614	1	play	sound	255	dev/lepton
7614	2	play	sound	255	sfx/explosion/energy
7623	0	play	sound	255	dev/pp
7623	1	play	sound	255	dev/lepton
7632	1	play	sound	255	dev/lepton
7635	0	play	sound	255	dev/pp
7641	1	play	sound	255	dev/lepton
7662	2	play	sound	245	dev/pk/sal
7662	0	play	sound	116	dev/pk/sal
7662	0	play	sound	184	sfx/explosion/energy
7701	1	play	sound	139	dev/pk/sal
7704	0	play	sound	223	sfx/explosion/energy
7731	1	play	sound	255	dev/pk/sal
7749	0	play	sound	253	dev/lepton
7749	0	play	sound	255	dev/lepton
7758	0	play	sound	255	dev/lepton
7758	0	play	sound	255	dev/lepton
7758	2	play	sound	128	gui/klaxon
7761	2	play	sound	255	dev/pp
7767	1	play	sound	252	dev/lepton
7767	0	play	sound	255	dev/lepton
7773	2	play	sound	255	dev/pp
7776	1	play	sound	254	dev/lepton
7776	0	play	sound	255	dev/lepton
7785	2	play	sound	255	dev/pp
7785	0	play	sound	255	dev/lepton
7794	0	play	sound	255	dev/lepton
7797	2	play	sound	255	dev/pp
7803	0	play	sound	255	dev/lepton
7809	2	play	sound	255	dev/pp
7812	0	play	sound	255	dev/lepton
7821	2	play	sound	255	dev/pp
7821	0	play	sound	255	dev/lepton
7824	1	play	sound	255	sfx/explosion/energy
7830	0	play	sound	255	dev/lepton
7833	2	play	sound	255	dev/pp
7839	0	play	sound	255	dev/lepton
7845	2	play	sound	255	dev/pp
7848	0	play	sound	255	dev/lepton
7857	1	play	sound	255	dev/pk/sal
7857	0	play	sound	255	dev/lepton
7866	0	play	sound	255	dev/lepton
7866	2	play	sound	255	sfx/explosion/energy
7875	0	play	sound	255	dev/lepton
7878	1	play	sound	51	sfx/explosion/energy
7884	0	play	sound	255	dev/lepton
7884	1	play	sound	128	gui/klaxon
7887	1	play	sound	255	dev/pp
7893	0	play	sound	255	dev/lepton
7899	1	play	sound	255	dev/pp
7899	2	play	sound	255	sfx/explosion/energy
7902	0	play	sound	255	dev/lepton
7908	2	play	sound	255	sfx/explosion/energy
7911	1	play	sound	255	dev/pp
7911	0	play	sound	255	dev/lepton
7914	2	play	sound	255	sfx/explosion/energy
7920	0	play	sound	255	dev/lepton
7923	1	play	sound	255	dev/pp
7929	0	play	sound	255	dev/lepton
7935	1	play	sound	255	dev/pp
7935	2	play	sound	255	sfx/energy
7935	0	play	sound	255	sfx/explosion/large
7947	1	play	sound	255	dev/pp
7947	2	play	sound	255	dev/lepton
7956	2	play	sound	255	dev/lepton
7959	1	play	sound	255	dev/pp
7965	2	play	sound	255	dev/lepton
7971	1	play	sound	222	dev/pp
7971	1	play	sound	222	dev/pp
7977	2	play	sound	195	dev/rplasma
7998	2	play	sound	218	dev/pp
7998	2	play	sound	218	dev/pp
7998	1	play	sound	218	dev/cm
8004	0	play	sound	194	dev/rplasma
8010	2	play	sound	128	gui/klaxon
8025	0	play	sound	215	dev/pp
8025	0	play	sound	215	dev/pp
8028	2	play	sound	208	sfx/warp/out
8031	1	play	sound	197	dev/rplasma
8031	0	play	sound	255	sfx/energy
8049	0	play	sound	191	sfx/explosion/energy
8052	0	play	sound	218	dev/pp
8052	0	play	sound	218	dev/pp
8055	1	play	sound	203	dev/repulser
8058	1	play	sound	204	dev/rplasma
8073	1	play	sound	209	dev/repulser
8079	0	play	sound	226	dev/pp
8079	0	play	sound	226	dev/pp
8082	0	play	sound	227	dev/cm
8091	1	play	sound	216	dev/repulser
8106	0	play	sound	235	dev/pp
8106	0	play	sound	235	dev/pp
8109	1	play	sound	224	dev/repulser
8115	0	play	sound	237	dev/bay
8127	1	play	sound	233	dev/repulser
8133	0	play	sound	242	dev/pp
8133	0	play	sound	242	dev/pp
8133	2	play	sound	128	gui/beep/button
8136	2	play	sound	128	gui/klaxon
8139	1	play	sound	128	gui/beep/button
8145	1	play	sound	239	dev/repulser
8154	1	play	sound	242	dev/rplasma
8154	0	play	sound	245	dev/cm
8160	0	play	sound	246	dev/pp
8160	0	play	sound	246	dev/pp
8163	1	play	sound	245	dev/repulser
8178	0	play	sound	128	gui/beep/zoom
8181	1	play	sound	252	dev/repulser
8187	0	play	sound	248	dev/pp
8187	0	play	sound	248	dev/pp
8199	1	play	sound	255	dev/repulser
8214	2	play	sound	247	dev/pp
8214	2	play	sound	247	dev/pp
8217	1	play	sound	255	dev/repulser
8220	0	play	sound	255	dev/rplasma
8223	2	play	sound	255	dev/pk/sal
8232	1	play	sound	255	dev/lepton
8232	0	play	sound	255	sfx/explosion/energy
8235	2	play	sound	255	dev/repulser
8241	1	play	sound	255	dev/lepton
8247	2	play	sound	255	dev/rplasma
8250	1	play	sound	255	dev/lepton
8253	0	play	sound	255	dev/repulser
8259	1	play	sound	255	dev/lepton
8262	2	play	sound	128	gui/klaxon
8268	1	play	sound	255	dev/lepton
8271	0	play	sound	255	dev/repulser
8274	2	play	sound	255	sfx/explosion/energy
8277	1	play	sound	255	dev/lepton
8286	1	play	sound	255	dev/lepton
8289	0	play	sound	255	dev/repulser
8295	1	play	sound	255	dev/lepton
8304	1	play	sound	255	dev/lepton
8304	2	play	sound	255	dev/rplasma
8307	0	play	sound	255	dev/repulser
8313	1	play	sound	255	dev/lepton
8319	2	play	sound	130	dev/pk/ish
8325	0	play	sound	255	dev/repulser
8343	0	play	sound	255	dev/repulser
8355	2	play	sound	255	dev/rplasma
8361	0	play	sound	255	dev/repulser
8379	0	play	sound	255	dev/repulser
8379	1	play	sound	255	dev/pp
8379	1	play	sound	255	dev/pp
8382	2	play	sound	255	dev/rplasma
8397	0	play	sound	255	dev/repulser
8400	1	play	sound	255	sfx/explosion/energy
8406	2	play	sound	255	dev/pp
8406	2	play	sound	255	dev/pp
8409	0	play	sound	255	dev/rplasma
8433	2	play	sound	255	dev/pp
8433	2	play	sound	255	dev/pp
8436	0	play	sound	255	dev/rplasma
8436	1	play	sound	232	sfx/explosion/small
8436	1	play	sound	233	sfx/explosion/energy
8439	1	play	sound	255	sfx/explosion/energy
8460	2	play	sound	255	dev/pp
8460	2	play	sound	255	dev/pp
8508	0	play	sound	255	dev/pk/ish
8514	1	play	sound	128	gui/klaxon
8532	2	play	sound	100	sfx/explosion/energy
8565	1	play	sound	255	dev/cm
8571	2	play	sound	169	sfx/energy
8580	0	play	sound	128	gui/beep/button
8586	0	play	sound	128	gui/beep/button
8592	0	play	sound	218	dev/pk/ish
8592	0	play	sound	235	dev/pp
8592	0	play	sound	235	dev/pp
8613	2	play	sound	201	dev/pk/ish
8613	1	play	sound	146	dev/rplasma
8616	0	play	sound	128	gui/beep/button
8619	0	play	sound	213	dev/pp
8619	0	play	sound	213	dev/pp
8622	1	play	sound	213	dev/bay
8622	2	play	sound	202	sfx/explosion/gas
8640	1	play	sound	125	dev/rplasma
8640	1	play	sound	128	gui/klaxon
8646	1	play	sound	189	dev/pp
8646	1	play	sound	189	dev/pp
8655	0	play	sound	187	sfx/explosion/energy
8655	0	play	sound	188	sfx/explosion/energy
8667	2	play	sound	103	dev/rplasma
8673	2	play	sound	166	dev/pp
8673	2	play	sound	166	dev/pp
8679	2	play	sound	177	dev/fireball
8679	1	play	sound	177	dev/pk/sal
8679	0	play	sound	171	sfx/explosion/energy
8694	1	play	sound	83	dev/rplasma
8697	0	play	sound	173	dev/pk/sal
8700	1	play	sound	147	dev/pp
8700	1	play	sound	147	dev/pp
8706	1	play	sound	172	dev/fireball
8712	2	play	sound	142	sfx/explosion/energy
8715	2	play	sound	171	dev/pk/sal
8718	0	play	sound	169	sfx/explosion/energy
8724	1	play	sound	143	sfx/explosion/energy
8727	2	play	sound	134	dev/pp
8727	2	play	sound	134	dev/pp
8727	1	play	sound	143	sfx/explosion/energy
8730	1	play	sound	168	sfx/explosion/energy
8733	2	play	sound	137	sfx/explosion/energy
8748	0	play	sound	57	dev/rplasma
8751	1	play	sound	169	sfx/explosion/energy
8754	0	play	sound	165	dev/pk/ish
8754	2	play	sound	127	dev/pp
8754	2	play	sound	127	dev/pp
8754	0	play	sound	167	sfx/explosion/large
8754	2	play	sound	166	sfx/explosion/energy
8763	2	play	sound	168	sfx/explosion/energy
8775	1	play	sound	128	gui/beep/button
8775	1	play	sound	166	sfx/energy
8892	2	play	sound	128	gui/klaxon
8973	1	play	sound	3	sfx/explosion/energy
9003	1	play	sound	102	sfx/explosion/energy
9018	2	play	sound	128	gui/klaxon
9033	0	play	sound	31	sfx/explosion/energy
9135	0	play	sound	128	gui/beep/zoom
9138	0	play	sound	170	dev/cm
9144	0	play	sound	239	dev/rplasma
9144	1	play	sound	239	dev/repulser
9144	2	play	sound	128	gui/klaxon
9162	1	play	sound	253	dev/repulser
9171	0	play	sound	255	dev/rplasma
9171	1	play	sound	255	dev/lepton
9174	2	play	sound	255	dev/pp
9180	1	play	sound	255	dev/lepton
9186	2	play	sound	255	dev/pp
9189	1	play	sound	255	dev/lepton
9198	0	play	sound	255	dev/rplasma
9198	2	play	sound	255	dev/repulser
9198	1	play	sound	255	dev/lepton
9207	1	play	sound	255	dev/lepton
9210	0	play	sound	188	dev/cm
9210	0	play	sound	255	dev/pp
9216	2	play	sound	255	dev/repulser
9216	1	play	sound	255	dev/lepton
9222	0	play	sound	255	dev/pp
9225	1	play	sound	255	dev/lepton
9228	2	play	sound	255	sfx/explosion/energy
9234	0	play	sound	255	dev/repulser
9234	1	play	sound	255	dev/lepton
9243	1	play	sound	255	dev/lepton
9246	0	play	sound	255	dev/pp
9252	2	play	sound	255	dev/repulser
9252	1	play	sound	255	dev/lepton
9258	0	play	sound	255	dev/pp
9261	1	play	sound	255	dev/lepton
9261	0	play	sound	255	sfx/explosion/gas
9270	2	play	sound	255	dev/repulser
9270	1	play	sound	255	dev/lepton
9282	1	play	sound	255	dev/lepton
9288	2	play	sound	255	dev/repulser
9291	1	play	sound	255	dev/lepton
9300	0	play	sound	190	dev/cm
9300	1	play	sound	255	dev/lepton
9306	2	play	sound	255	dev/repulser
9309	1	play	sound	255	dev/lepton
9318	1	play	sound	255	dev/lepton
9324	2	play	sound	255	dev/repulser
9327	1	play	sound	255	dev/lepton
9327	0	play	sound	255	sfx/explosion/energy
9336	1	play	sound	255	dev/lepton
9342	2	play	sound	255	dev/repulser
9345	1	play	sound	255	dev/lepton
9354	1	play	sound	255	dev/lepton
9360	2	play	sound	255	dev/repulser
9363	1	play	sound	255	dev/lepton
9372	1	play	sound	255	dev/lepton
9378	2	play	sound	255	dev/repulser
9378	0	play	sound	94	sfx/explosion/energy
9381	1	play	sound	255	dev/lepton
9384	0	play	sound	206	dev/cm
9387	0	play	sound	254	dev/rplasma
9390	1	play	sound	255	dev/lepton
9393	0	play	sound	255	dev/pk/ish
9396	2	play	sound	128	gui/klaxon
9399	1	play	sound	255	dev/lepton
9408	1	play	sound	255	dev/lepton
9414	2	play	sound	242	dev/rplasma
9417	1	play	sound	255	dev/lepton
9426	1	play	sound	255	dev/lepton
9435	1	play	sound	255	dev/lepton
9441	0	play	sound	227	dev/rplasma
9444	1	play	sound	255	dev/lepton
9453	1	play	sound	255	dev/lepton
9456	2	play	sound	190	dev/cm
9462	1	play	sound	255	dev/lepton
9468	2	play	sound	212	dev/rplasma
9468	0	play	sound	255	sfx/explosion/energy
9471	1	play	sound	255	dev/lepton
9474	0	play	sound	255	sfx/explosion/energy
9477	2	play	sound	255	dev/fireball
9480	1	play	sound	255	dev/lepton
9483	0	play	sound	255	sfx/explosion/energy
9489	1	play	sound	255	dev/lepton
9492	0	play	sound	255	sfx/explosion/energy
9492	0	play	sound	255	sfx/explosion/energy
9495	2	play	sound	198	dev/rplasma
9495	2	play	sound	255	sfx/explosion/small
9495	0	play	sound	255	sfx/explosion/energy
9498	1	play	sound	255	dev/lepton
9507	1	play	sound	255	dev/lepton
9510	0	play	sound	255	sfx/explosion/energy
9510	0	play	sound	255	sfx/explosion/energy
9513	0	play	sound	255	sfx/explosion/energy
9516	1	play	sound	255	dev/lepton
9519	0	play	sound	255	sfx/explosion/energy
9519	0	play	sound	255	sfx/explosion/energy
9522	2	play	sound	255	dev/fireball
9525	1	play	sound	255	dev/lepton
9525	0	play	sound	255	sfx/explosion/energy
9528	0	play	sound	255	sfx/explosion/energy
9528	0	play	sound	255	sfx/explosion/energy
9531	0	play	sound	255	gui/klaxon
9534	1	play	sound	255	dev/lepton
9543	1	play	sound	255	dev/lepton
9549	2	play	sound	179	dev/rplasma
9552	1	play	sound	255	dev/lepton
9561	1	play	sound	255	dev/lepton
9567	1	play	sound	255	dev/lepton
9567	2	play	sound	255	sfx/explosion/energy
9570	1	play	sound	255	dev/lepton
9576	1	play	sound	255	dev/lepton
9579	1	play	sound	255	dev/lepton
9579	2	play	sound	255	sfx/explosion/energy
9588	1	play	sound	255	dev/lepton
9588	2	play	sound	255	sfx/explosion/energy
9597	0	play	sound	255	dev/stealth/on
9597	1	play	sound	255	dev/lepton
9606	1	play	sound	255	dev/lepton
9615	1	play	sound	255	dev/lepton
9618	2	play	sound	255	sfx/explosion/energy
9624	1	play	sound	255	dev/lepton
9627	0	play	sound	191	dev/rplasma
9633	1	play	sound	255	dev/lepton
9642	1	play	sound	255	dev/lepton
9648	0	play	sound	255	dev/pk/ish
9651	1	play	sound	255	dev/lepton
9654	2	play	sound	196	dev/rplasma
9660	1	play	sound	255	dev/lepton
9660	2	play	sound	255	sfx/explosion/large
9660	0	play	sound	255	sfx/explosion/energy
9669	1	play	sound	255	dev/lepton
9678	1	play	sound	255	dev/lepton
9681	0	play	sound	200	dev/rplasma
9684	0	play	sound	255	sfx/explosion/energy
9687	1	play	sound	255	dev/lepton
9708	1	play	sound	207	dev/rplasma
9714	1	play	sound	221	dev/pk/sal
9726	0	play	sound	182	dev/cm
9735	0	play	sound	216	dev/pk/sal
9735	2	play	sound	213	dev/rplasma
9747	0	play	sound	255	tpl/transport/land
9753	1	play	sound	212	sfx/explosion/energy
9771	1	play	sound	212	sfx/explosion/energy
9777	1	play	sound	255	dev/lepton
9783	2	play	sound	128	gui/klaxon
9786	1	play	sound	255	dev/lepton
9789	2	play	sound	212	sfx/explosion/gas
9792	0	play	sound	212	sfx/explosion/small
9795	1	play	sound	255	dev/lepton
9804	1	play	sound	255	dev/lepton
9813	1	play	sound	255	dev/lepton
9822	1	play	sound	255	dev/lepton
9831	1	play	sound	255	dev/lepton
9840	1	play	sound	255	dev/lepton
9849	1	play	sound	255	dev/lepton
9858	1	play	sound	255	dev/lepton
9867	1	play	sound	255	dev/lepton
9876	1	play	sound	255	dev/lepton
9885	1	play	sound	255	dev/lepton
9894	1	play	sound	255	dev/lepton
9903	1	play	sound	255	dev/lepton
9909	0	play	sound	128	gui/klaxon
9918	0	play	sound	255	sfx/energy
9981	2	play	sound	255	sfx/explosion/energy
10035	1	play	sound	128	gui/klaxon
10059	1	play	sound	192	sfx/energy
10161	0	play	sound	128	gui/klaxon
10287	0	play	sound	128	gui/klaxon
10413	0	play	sound	128	gui/klaxon
10507	2	play	sound	128	gui/beep/zoom
10539	0	play	sound	128	gui/klaxon
10572	1	play	sound	128	gui/beep/button
10665	0	play	sound	128	gui/klaxon
10710	0	quiet
10710	1	quiet
10710	2	quiet
10710	3	quiet
